0.99
0.000169291
0.000347417
0.000127286
0.000127286
0.000402562
0.000169291
0.000294465
0.000127286
0.000502806
0.000127286
0.000221166
0.000127286
0.000127286
0.000193375
0.000316306
0.000253299
0.000529444
0.000217702
0.000420897
0.000127286
0.000127286
0.000190293
0.000190293
0.000463901
0.000502193
0.000127286
0.000127286
0.000295304
0.000297418
0.000316306
0.000169291
0.00026321
0.000127286
0.000190293
0.000213213
0.000127286
0.000295304
0.000127286
0.000190293
0.000487561
0.000447023
0.000502812
0.000190293
0.000127286
0.00068003
0.000127286
0.000127286
0.000253299
0.000347074
0.000127286
0.000304136
0.000315676
0.000127286
0.000127286
0.000127286
0.000190293
0.000127286
0.000378683
0.000127286
0.000315669
0.000127286
0.000127286
0.000378053
0.000929464
0.000127286
0.000211085
0.000127286
0.000293735
0.000294884
0.000505439
0.000127286
0.000127286
0.000158789
0.000786972
0.000339226
0.000504066
0.000169291
0.000190293
0.000127286
0.000469401
0.000382211
0.00059251
0.000344979
0.000127286
0.000127286
0.000253089
0.00186493
0.000127286
0.000127286
0.000278024
0.000420897
0.000190293
0.000253299
0.000127286
0.000127286
0.000127286
0.000326649
0.000502815
0.000127286
0.000302704
0.000253299
0.000197128
0.000127286
0.00134469
0.000127286
0.001435
0.000169291
0.000253299
0.000460148
0.000764734
0.000127286
0.000127286
0.000543766
0.000542945
0.000127286
0.000221481
0.000639635
0.000241559
0.000247332
0.000813939
0.000334755
0.000127286
0.000315049
0.000720528
0.000332485
0.000264054
0.000439182
0.000127286
0.000324193
0.000127286
0.000127286
0.000190293
0.000127286
0.000253299
0.000127286
0.0362938
0.000127286
0.000127286
0.00039935
0.000127286
0.00200571
0.000127286
0.000127286
0.000521755
0.000127286
0.00105456
0.00128686
0.000253299
0.000532487
0.00147225
0.000438107
0.000190293
0.000127286
0.000210667
0.000127286
0.000335847
0.000342842
0.000127286
0.00491462
0.000127286
0.000127286
0.000127286
0.000127286
0.000127286
0.000127286
0.000241133
0.000127286
0.000169291
0.000999959
0.000127286
0.000529409
0.000505605
0.000437002
0.000127286
0.000294884
0.000127286
0.000127286
0.000190293
0.000127286
0.000316306
0.000190293
0.000127286
0.000273674
0.000127286
0.000127286
0.000225645
0.000284488
0.000597468
0.000190293
0.000545235
0.000314945
0.000127286
0.000127286
0.000127286
0.000441059
0.000190293
0.000347494
0.000309165
0.000127286
0.000127286
0.000127286
0.000127286
0.000190293
0.000253299
0.000127286
0.000370365
0.000127286
0.000670979
0.000435582
0.000127286
0.000127286
0.000462062
0.000253299
0.000295304
0.000127286
0.000127286
0.000127286
0.000347494
0.000127286
0.000127286
0.000127286
0.000169291
0.000712852
0.000190293
0.000232087
0.000127286
0.000127286
0.000259985
0.000127286
0.000127286
0.000364544
0.000493463
0.000127286
0.000564559
0.00033668
0.000127286
0.000127286
0.000205887
0.000211085
0.000253299
0.000253299
0.000591481
0.000127286
0.000501583
0.000190293
0.000127286
0.000127286
0.000592142
0.00042173
0.000449676
0.000127286
0.000127286
0.000127286
0.000747035
0.000269719
0.000190293
0.000127286
0.000127286
0.000127286
0.000127286
0.000691142
0.00121599
0.000417364
0.000127286
0.000752949
0.000488453
0.000252669
0.000815889
0.000127286
0.00444942
0.000602468
0.000190293
0.000127286
0.000127286
0.000253299
0.000582784
0.000253299
0.00101449
0.000127286
0.000503436
0.000439082
0.000127286
0.000253299
0.000190293
0.000127286
0.000127286
0.000127286
0.000127286
0.000127286
0.000127286
0.000318728
0.000253299
0.000252669
0.000569551
0.000255979
0.000776868
0.000253299
0.000525747
0.000211085
0.000236609
0.000278804
0.000127286
0.000946263
0.00119579
0.000315676
0.000127286
0.000261591
0.000127286
0.000379313
0.000625688
0.000190293
0.000127286
0.000190293
0.000127286
0.000127286
0.000268476
0.000725366
0.000190293
0.000127286
0.000127286
0.000169291
0.000127286
0.000515659
0.000253299
0.000127286
0.000609443
0.00035265
0.000543979
0.000252251
0.000190293
0.00105229
0.000127286
0.000678341
0.000221481
0.00150539
0.00163943
0.000294884
0.000127286
0.000253299
0.000127286
0.00020027
0.00179233
0.000442319
0.000424947
0.000127286
0.00174079
0.000463901
0.000378053
0.000127286
0.000400744
0.000379313
0.000127286
0.000127286
0.000127286
0.000474997
0.000409671
0.000127286
0.000410755
0.000127286
0.000127286
0.000127286
0.000127286
0.000924709
0.000127286
0.000127286
0.000253299
0.000127286
0.000127286
0.000244564
0.000169291
0.000127286
0.000127286
0.000252669
0.000127286
0.000169291
0.000127286
0.000190293
0.000952149
0.000247109
0.000378059
0.000127286
0.000127286
0.000158789
0.000127286
0.000127286
0.00211293
0.000190293
0.000127286
0.000127286
0.000793423
0.000127286
0.000190293
0.000127286
0.000127286
0.000127286
0.000127286
0.000487686
0.000169291
0.000575442
0.000506234
0.000127286
0.000127286
0.000190293
0.000253299
0.000127286
0.000127286
0.000965404
0.000127286
0.000127286
0.00365325
0.000127286
0.000169291
0.000190293
0.000127286
0.000127286
0.000127286
0.000127286
0.000224736
0.000383911
0.000127286
0.000190293
0.000253299
0.000127286
0.000127286
0.000127286
0.000127286
0.000190293
0.000127286
0.000169291
0.000127286
0.000388375
0.000391616
0.00108338
0.000402529
0.000622169
0.000127286
0.000378683
0.000253299
0.000158789
0.000127286
0.000253299
0.000427794
0.000127286
0.000127286
0.000441706
0.000127286
0.00090525
0.000934241
0.000732792
0.000190293
0.000253299
0.000866237
0.000797554
0.000127286
0.000127286
0.000190293
0.000280904
0.000377429
0.000127286
0.000253299
0.000613568
0.000253299
0.001381
0.000294884
0.000615087
0.000355746
0.000190293
0.000127286
0.000169291
0.000414544
0.000856315
0.000246881
0.000127286
0.000190293
0.000359152
0.000210875
0.000221796
0.000532861
0.000158789
0.000127286
0.000127286
0.000342637
0.00045799
0.000782883
0.000357891
0.000127286
0.000127286
0.000626954
0.000169291
0.000439805
0.000274092
0.00042531
0.000410081
0.000636509
0.000282008
0.000468985
0.000786839
0.000601336
0.000127286
0.000127286
0.000127286
0.000378053
0.000127286
0.00483569
0.000197128
0.000252669
0.000416832
0.000127286
0.000190083
0.00067489
0.000127286
0.000304442
0.000127286
0.000850501
0.000379313
0.000190293
0.000223842
0.000127286
0.000127286
0.000127286
0.000568826
0.00136115
0.000971601
0.000357891
0.000252669
0.000390137
0.000268264
0.000342862
0.000127286
0.000127286
0.000910061
0.00033626
0.00411891
0.000221481
0.000730998
0.000127286
0.000127286
0.000127286
0.000127286
0.000127286
0.00251168
0.000210667
0.000884373
0.000417876
0.00096364
0.00171151
0.000253299
0.00107694
0.000534
0.000543563
0.000127286
0.000169291
0.000333659
0.000127286
0.000190293
0.000127286
0.000127286
0.000158789
0.000229387
0.000672819
0.000316306
0.000253299
0.000504776
0.000858503
0.000393965
0.000849373
0.000253299
0.000127286
0.000435915
0.0004461
0.000253299
0.000288434
0.000253299
0.000127286
0.000127286
0.000127286
0.000127286
0.000127286
0.000294674
0.000287743
0.000283546
0.000252669
0.000190293
0.00214737
0.000252669
0.000451663
0.000127286
0.000330276
0.000127286
0.000718811
0.000127286
0.000127286
0.000158789
0.000127286
0.000127286
0.000439185
0.000783009
0.000190083
0.000429626
0.000190293
0.000127286
0.000674297
0.000404041
0.000378053
0.000670404
0.000127286
0.000127286
0.000127286
0.000439344
0.00096152
0.00034499
0.000127286
0.000127286
0.000378053
0.000303431
0.000269372
0.0003554
0.00230247
0.000335739
0.000127286
0.000420687
0.000523506
0.000127286
0.000127286
0.000238462
0.000169291
0.000252669
0.000458612
0.000701215
0.000678402
0.00104393
0.000127286
0.000127286
0.00023739
0.000420552
0.000127286
0.000393962
0.000127286
0.000253299
0.000169291
0.000158789
0.00100642
0.000169291
0.000489053
0.000678352
0.000253299
0.000474576
0.00131112
0.000423033
0.000127286
0.000190293
0.000745563
0.000127286
0.000315676
0.000158789
0.000190293
0.000253299
0.000378053
0.000127286
0.000207992
0.000127286
0.000253299
0.000260626
0.000127286
0.000253299
0.000514986
0.000127286
0.000127286
0.000127286
0.000396451
0.000127286
0.000238531
0.000127286
0.000127286
0.000127286
0.00119796
0.000127286
0.000127286
0.000283861
0.000127286
0.000127286
0.00342169
0.000440567
0.000127286
0.000127286
0.000539417
0.000798844
0.00154172
0.000482846
0.000127286
0.000127286
0.000127286
0.000127286
0.000359152
0.000310338
0.000127286
0.000127286
0.000190083
0.000169291
0.000127286
0.000127286
0.000316306
0.000553744
0.000127286
0.000462482
0.000253299
0.000190293
0.000127286
0.000127286
0.000127286
0.000190293
0.000626336
0.000661975
0.000418752
0.000295304
0.000127286
0.000289686
0.000230854
0.000127286
0.000127286
0.000127286
0.000127286
0.000127286
0.000127286
0.00167439
0.000692609
0.000688277
0.000158789
0.000345897
0.000394121
0.000799677
0.000127286
0.000295304
0.00102825
0.000127286
0.00069128
0.00103692
0.000190293
0.000229387
0.000169291
0.000127286
0.000682922
0.000502188
0.000127286
0.000332239
0.000190083
0.000127286
0.000362622
0.000316306
0.000610543
0.000666349
0.000190293
0.000127286
0.000127286
0.000127286
0.000127286
0.000190293
0.000158789
0.000127286
0.000190293
0.000190293
0.000127286
0.000371699
0.000169291
0.000815735
0.000423033
0.000217599
0.000333014
0.000280395
0.00108325
0.000127286
0.00258739
0.000315676
0.00082545
0.000127286
0.000385475
0.000127286
0.000127286
0.000421156
0.000407231
0.000127286
0.000169291
0.000316306
0.000127286
0.00104275
0.000190293
0.000856702
0.000127286
0.000356917
0.000377741
0.000127286
0.000127286
0.000975421
0.000232297
0.000315676
0.000190293
0.000872119
0.000522643
0.000252669
0.000429408
0.000127286
0.000127286
0.000253299
0.000608447
0.000127286
0.000329456
0.000482846
0.000127286
0.000127286
0.00224524
0.000366384
0.000817609
0.000127286
0.00107433
0.000127286
0.00115378
0.000169291
0.000127286
0.000127286
0.000127286
0.000273882
0.000612793
0.000127286
0.000127286
0.000378053
0.000320719
0.000127286
0.000127286
0.000169291
0.000127286
0.000190293
0.00062507
0.000245325
0.000127286
0.000127286
0.000190293
0.000127286
0.000190293
0.000378583
0.000403156
0.000127286
0.000242066
0.000369876
0.000127286
0.000127286
0.000127286
0.000127286
0.000127286
0.000127286
0.000376175
0.000352433
0.000252358
0.000127286
0.000364115
0.00100213
0.000337098
0.00125872
0.000127286
0.000127286
0.000625064
0.000241559
0.000378053
0.000158789
0.000282772
0.000211085
0.000378053
0.0004874
0.00036241
0.000189978
0.000127286
0.000253299
0.000315676
0.000189978
0.000127286
0.000252046
0.000127286
0.000169291
0.000357681
0.000221166
0.000190293
0.000158789
0.000629953
0.000289476
0.000210875
0.000127286
0.000346552
0.00156238
0.000127286
0.000253299
0.000158789
0.000127286
0.000408425
0.000585357
0.00240169
0.000884798
0.000127286
0.0003437
0.000253299
0.000127286
0.000127286
0.000278502
0.000256382
0.000522714
0.000253299
0.000220854
0.000517578
0.000127286
0.000127286
0.000127286
0.000169291
0.000221481
0.000190293
0.000127286
0.00115038
0.000221481
0.000810806
0.000440436
0.000127286
0.0002575
0.000127286
0.000127286
0.000378053
0.000127286
0.000252669
0.000337098
0.000127286
0.00154242
0.000975038
0.000127286
0.000190293
0.00109736
0.000190293
0.000127286
0.000158789
0.000127286
0.000355746
0.000253299
0.000253299
0.000127286
0.000660573
0.000127286
0.00046517
0.000127286
0.000152489
0.000784648
0.000127286
0.000236919
0.000127286
0.000190293
0.000533896
0.000127286
0.000231878
0.000127286
0.000275463
0.000127286
0.000190293
0.000127286
0.000127286
0.000871155
0.000253299
0.000501779
0.000169291
0.000190293
0.000190293
0.000127286
0.0012126
0.000313961
0.000190293
0.000638596
0.000127286
0.00057479
0.000322443
0.000253299
0.000464285
0.000127286
0.000127286
0.000193375
0.000127286
0.000127286
0.000439113
0.000195924
0.000252669
0.000212193
0.000253299
0.000127286
0.000346552
0.000336687
0.000127286
0.000127286
0.000169291
0.000376967
0.000190293
0.000169291
0.000253299
0.000127286
0.000252669
0.000563935
0.000127286
0.000127286
0.000273882
0.000224598
0.000758549
0.000152489
0.000532364
0.000190293
0.0444742
0.000127286
0.000127286
0.000127286
0.000405218
0.000127286
0.000127286
0.000127286
0.000127286
0.000127286
0.000127286
0.000567073
0.000315676
0.000252669
0.000210875
0.000127286
0.000699428
0.000253299
0.000377429
0.000221691
0.000196215
0.000127286
0.000275463
0.000190293
0.000363774
0.000224864
0.000890785
0.000127286
0.000127286
0.000253299
0.000127286
0.000127286
0.000127286
0.00031228
0.000190293
0.000190293
0.000379313
0.000823626
0.000127286
0.000221481
0.000269372
0.000127286
0.000253299
0.000238116
0.000127286
0.000221481
0.000252669
0.000127286
0.000276648
0.000420057
0.000539507
0.000293769
0.000252183
0.000127286
0.000127286
0.000127286
0.000127286
0.000127286
0.000503436
0.000252669
0.000127286
0.000127286
0.000127286
0.00062721
0.000951976
0.000600021
0.000215502
0.000213213
0.000127286
0.000380858
0.00121146
0.000837612
0.000127286
0.000169291
0.000253299
0.000127286
0.000190293
0.000127286
0.000127286
0.000329189
0.000127286
0.000252358
0.000127286
0.000127286
0.000127286
0.00075743
0.000923326
0.000253299
0.000294884
0.000127286
0.000127286
0.000127286
0.000127286
0.000127286
0.000190293
0.000127286
0.000127286
0.000127286
0.000127286
0.00095666
0.000127286
0.000378053
0.00072938
0.000127286
0.000190293
0.000730842
0.000127286
0.000915964
0.000410583
0.000391013
0.000127286
0.000961816
0.000502806
0.000253299
0.000452368
0.000127286
0.000127286
0.000435052
0.000378053
0.000190293
0.000127286
0.000127286
0.000721291
0.000663561
0.000127286
0.000127286
0.000127286
0.000169291
0.00121635
0.000259985
0.000127286
0.000253299
0.000200794
0.000949862
0.000127286
0.000127286
0.000197128
0.00471353
0.000190293
0.0027726
0.00153037
0.000169291
0.000418198
0.00137342
0.000127286
0.000127286
0.0015462
0.00057513
0.000217702
0.000127286
0.000127286
0.000253299
0.000248443
0.000127286
0.000127286
0.000626009
0.000127286
0.000127286
0.000253299
0.000127286
0.000127286
0.000850975
0.000127286
0.000253299
0.000127286
0.000127286
0.000315676
0.000127286
0.000127286
0.000231773
0.00129408
0.000127286
0.000253299
0.000494326
0.000127286
0.000127286
0.000253299
0.000127286
0.000127286
0.000418198
0.000283546
0.000481993
0.000935016
0.000127286
0.000282189
0.000554229
0.000253299
0.00027622
0.000561012
0.000253299
0.000522714
0.000473564
0.000127286
0.000127286
0.000127286
0.000127286
0.000190293
0.000127286
0.000127286
0.000734718
0.000949564
0.000397012
0.000442319
0.000127286
0.000127286
0.00185411
0.000236919
0.000127286
0.000127286
0.000295304
0.000190293
0.000641573
0.000268894
0.00247608
0.000283858
0.000346864
0.000127286
0.000127286
0.000127286
0.000127286
0.000253299
0.000221481
0.000596114
0.000127286
0.000491133
0.000284488
0.000441059
0.000736509
0.00189298
0.000211085
0.000315468
0.000127286
0.00212746
0.000269719
0.000127286
0.000253299
0.000294884
0.000373956
0.000294884
0.000252669
0.000430642
0.000127286
0.000395231
0.000748576
0.000169291
0.000127286
0.000580283
0.000443387
0.000368312
0.000659941
0.000211085
0.000428961
0.000449375
0.000668319
0.000252669
0.000221481
0.000772467
0.00032063
0.000722702
0.00131612
0.000127286
0.000127286
0.000293836
0.000414544
0.000330456
0.000335847
0.000127286
0.000253299
0.000127286
0.000483948
0.000377429
0.000721049
0.000253299
0.000127286
0.000127286
0.000127286
0.000329189
0.00110007
0.000570723
0.000127286
0.000315676
0.000127286
0.000127286
0.000605156
0.000314422
0.000169291
0.000835679
0.000127286
0.000378053
0.000293008
0.000127286
0.000253299
0.000127286
0.000992236
0.000446449
0.000127286
0.000252669
0.000127286
0.00049634
0.000127286
0.000127286
0.000500318
0.000245325
0.000528147
0.000169291
0.000127286
0.000127286
0.000127286
0.000169291
0.000379313
0.000127286
0.000127286
0.000127286
0.000476195
0.000679183
0.000498549
0.000750937
0.000127286
0.000127286
0.00037712
0.000127286
0.000543632
0.000280708
0.000127286
0.000127286
0.000266602
0.000925101
0.000273987
0.000413867
0.000598653
0.000127286
0.000221481
0.00033668
0.000127286
0.000535734
0.000169291
0.000158789
0.000805479
0.000127286
0.000230762
0.00163203
0.000383307
0.000398849
0.000190083
0.000127286
0.000249715
0.000127286
0.000127286
0.000127286
0.000127286
0.000232297
0.000127286
0.000271323
0.000430564
0.000127286
0.000928424
0.000127286
0.000169291
0.000127286
0.000190293
0.000379313
0.000127286
0.000190293
0.000190293
0.000127286
0.000316306
0.000321539
0.000462272
0.00093884
0.000211085
0.000127286
0.000127286
0.000627729
0.000127286
0.000127286
0.000468853
0.000127286
0.000503215
0.000169291
0.000127286
0.000484206
0.000502806
0.00060697
0.000992991
0.00146978
0.00132941
0.000127286
0.000255582
0.000304445
0.000372975
0.00154235
0.000127286
0.00027825
0.00142872
0.000569743
0.000190293
0.000446634
0.000568272
0.00060487
0.000127286
0.000486921
0.00101587
0.000127286
0.000558165
0.000625713
0.000362201
0.00179014
0.000127286
0.000169291
0.000127286
0.000290984
0.000190293
0.00195755
0.000253299
0.000852493
0.000785822
0.000127286
0.000424554
0.000369876
0.000127286
0.00066132
0.000127286
0.000253299
0.000253299
0.000127286
0.000446732
0.000877749
0.00029838
0.00033668
0.000127286
0.000127286
0.000127286
0.000152489
0.000448229
0.00143994
0.000127286
0.000127286
0.00154476
0.000127286
0.000222126
0.000316306
0.000294884
0.000127286
0.000315676
0.000127286
0.000315676
0.000127286
0.000127286
0.00104108
0.000127286
0.000190293
0.000490197
0.000190293
0.000127286
0.000253299
0.000127286
0.000127286
0.000393078
0.000580273
0.000190293
0.000127286
0.000427405
0.000190293
0.000479132
0.000680806
0.000229387
0.000190293
0.000356215
0.00143325
0.000127286
0.000169291
0.000127286
0.000127286
0.000127286
0.000190293
0.000127286
0.000127286
0.000127286
0.000283546
0.000504072
0.00054558
0.000398429
0.000127286
0.000127286
0.000196215
0.000440429
0.000337308
0.000388776
0.000127286
0.000127286
0.000127286
0.000500957
0.00033626
0.000190293
0.000127286
0.000127286
0.00061135
0.000127286
0.000127286
0.000190293
0.000127286
0.000127286
0.000127286
0.000190293
0.00115217
0.000211085
0.000127286
0.000390593
0.000127286
0.000127286
0.000693589
0.000253299
0.000230762
0.000127286
0.000127286
0.0015117
0.00105337
0.000981202
0.000127286
0.000127286
0.000252669
0.000190293
0.000419235
0.000587868
0.000335224
0.000253299
0.000127286
0.000268079
0.000127286
0.000321539
0.000158789
0.000127286
0.000258003
0.000402754
0.000127286
0.000295304
0.000127286
0.000248722
0.000221796
0.000127286
0.000127286
0.000127286
0.000127286
0.000127286
0.000127286
0.000894146
0.000232297
0.000127286
0.000656274
0.000514008
0.000127286
0.000127286
0.00045015
0.00046227
0.000190083
0.000398435
0.000127286
0.000580451
0.000127286
0.000330456
0.000190293
0.000210667
0.000527503
0.000378053
0.000127286
0.000127286
0.000169291
0.000127286
0.000211085
0.000211085
0.000253299
0.000638264
0.000402051
0.000127286
0.000283546
0.00135362
0.000127286
0.000127286
0.000190293
0.000169291
0.000246159
0.000347179
0.000127286
0.000620493
0.000190293
0.000127286
0.000253299
0.000379313
0.000571033
0.000127286
0.000127286
0.000704243
0.000378683
0.00151994
0.000127286
0.000127286
0.0012193
0.000295304
0.000127286
0.000127286
0.000127286
0.000127286
0.000190293
0.000552422
0.000127286
0.000127286
0.000600004
0.000127286
0.000412988
0.000604288
0.000253299
0.000127286
0.000127286
0.000377429
0.000127286
0.000127286
0.000253299
0.000127286
0.000127286
0.000127286
0.000127286
0.000253299
0.000533064
0.000360237
0.000127286
0.000127286
0.000441848
0.000316306
0.000347599
0.000240833
0.000461014
0.000127286
0.000127286
0.000461332
0.000410583
0.000127286
0.000449049
0.000309646
0.000339951
0.000192338
0.000127286
0.000322111
0.000169291
0.000127286
0.000456995
0.000127286
0.000127286
0.000127286
0.000127286
0.000127286
0.000409871
0.000238391
0.000190293
0.000419637
0.000127286
0.00079592
0.000370397
0.000127286
0.000210875
0.000127286
0.000190293
0.000127286
0.000519681
0.000252669
0.000127286
0.000229387
0.000158789
0.000190293
0.000127286
0.000283546
0.000169291
0.000127286
0.000253299
0.000127286
0.000174384
0.000190083
0.000127286
0.000599761
0.000316306
0.000127286
0.000127286
0.000127286
0.000127286
0.000190293
0.000253299
0.000127286
0.000294884
0.000127286
0.000572664
0.000210875
0.000663561
0.000257346
0.000377429
0.000472566
0.000253299
0.000127286
0.000837612
0.000127286
0.000426608
0.000127286
0.000127286
0.000127286
0.000533933
0.000490411
0.000253299
0.000127286
0.000127286
0.000190293
0.000253299
0.000253299
0.000830237
0.000169291
0.000253299
0.000127286
0.000253299
0.000127286
0.000190293
0.000253299
0.000644773
0.000127286
0.000127286
0.000260797
0.000127286
0.000127286
0.000210667
0.00022096
0.000127286
0.000315676
0.000158789
0.000253299
0.000127286
0.000907034
0.000127286
0.00178719
0.000127286
0.000253299
0.000127286
0.0011713
0.000382637
0.000426027
0.000127286
0.000127286
0.000419129
0.000127286
0.00033626
0.000944482
0.000190293
0.000127286
0.000127286
0.00073512
0.000253299
0.000283858
0.000315676
0.000317182
0.000127286
0.00031521
0.000189822
0.000437323
0.000295304
0.00020027
0.000127286
0.000253299
0.000465436
0.000365787
0.000967878
0.000253299
0.000502806
0.000127286
0.000127286
0.000316306
0.00108566
0.00020027
0.000376799
0.000127286
0.000547817
0.000127286
0.000127286
0.000127286
0.000276299
0.000127286
0.000669994
0.000557757
0.000529774
0.000127286
0.000190293
0.000127286
0.000652426
0.000169291
0.000127286
0.000127286
0.000504066
0.000127286
0.000677374
0.000127286
0.000190293
0.000253299
0.000127286
0.000127286
0.000531311
0.000127286
0.000220854
0.000127286
0.000127286
0.000127286
0.000252669
0.000127286
0.000294884
0.000127286
0.00175798
0.000127286
0.000190293
0.000127286
0.000127286
0.000127286
0.000127286
0.0007332
0.000924767
0.000183152
0.00044471
0.000378475
0.000656445
0.000127286
0.000127286
0.000279835
0.000345645
0.000692302
0.000784592
0.000190293
0.000127286
0.00080982
0.000127286
0.000127286
0.000379313
0.000127286
0.00221882
0.0016298
0.000127286
0.000127286
0.00020027
0.00071141
0.000584733
0.000856048
0.000504696
0.000410444
0.000169291
0.000190293
0.000544508
0.000127286
0.000362933
0.000253299
0.000257294
0.000703746
0.000190293
0.000127286
0.00218535
0.000211085
0.000169291
0.000127286
0.000127286
0.000127286
0.000127286
0.000253299
0.000458586
0.000127286
0.000236763
0.000127286
0.000554096
0.00111511
0.000127286
0.000576289
0.000759191
0.000127286
0.000127286
0.000127286
0.000224736
0.000127286
0.000394343
0.000190293
0.000221481
0.000522976
0.000277985
0.000224736
0.000127286
0.000190293
0.000169291
0.000169291
0.000447023
0.00101286
0.000935437
0.000422759
0.000169291
0.000253299
0.000127286
0.000127286
0.000278024
0.000127286
0.000512055
0.000278086
0.000127286
0.000253299
0.000378265
0.000253299
0.000453538
0.000253299
0.000541302
0.000169291
0.000152489
0.000127286
0.000127286
0.000127286
0.000127286
0.00049634
0.000418198
0.000169291
0.000405644
0.000669983
0.000545818
0.000385475
0.00132092
0.000210875
0.000127286
0.00072938
0.000932834
0.000556632
0.00081028
0.000732489
0.000127286
0.000257294
0.000127286
0.000284488
0.000232297
0.000530445
0.000190293
0.000379313
0.000699404
0.000127286
0.000127286
0.000190293
0.000127286
0.000127286
0.000190293
0.000284803
0.000127286
0.000190293
0.000127286
0.000127286
0.000659081
0.000446
0.000436302
0.000315676
0.000667068
0.000252669
0.000127286
0.00155983
0.00144341
0.000295608
0.000127286
0.000640032
0.000190293
0.000127286
0.000675493
0.000127286
0.00035265
0.000190293
0.000190293
0.000222126
0.000210667
0.00166177
0.000190293
0.000281934
0.000418084
0.000325553
0.000253299
0.000127286
0.000378053
0.000127286
0.000158789
0.000127286
0.000501558
0.000127286
0.000268476
0.000665213
0.000127286
0.000127286
0.000290235
0.000502806
0.000732408
0.000127286
0.000357053
0.000127286
0.000127286
0.000254997
0.000169291
0.000600542
0.000127286
0.000127286
0.000127286
0.000127286
0.000190293
0.000127286
0.000354379
0.000127286
0.000127286
0.000460148
0.000127286
0.000399059
0.000304027
0.000356427
0.000594616
0.000315676
0.000158789
0.000457485
0.000127286
0.000127286
0.00108907
0.000336579
0.000190293
0.000127286
0.000127286
0.000127286
0.000127286
0.000127286
0.000127286
0.000127286
0.000169291
0.000418806
0.000315676
0.000224736
0.000127286
0.000693412
0.000127286
0.000283546
0.000553136
0.000374457
0.000127286
0.000127286
0.000169291
0.000483948
0.000190293
0.0003319
0.000252669
0.000127286
0.000190293
0.000377429
0.000377429
0.000253299
0.000542446
0.000922037
0.000468415
0.000127286
0.000127286
0.0441988
0.000127286
0.000257346
0.000252669
0.000169291
0.000127286
0.000127286
0.000200794
0.000189978
0.000127286
0.000127286
0.000577157
0.000190293
0.000253299
0.000169291
0.000427122
0.000378053
0.000127286
0.000127286
0.000253299
0.000127286
0.000221796
0.000127286
0.00109628
0.000822836
0.000890785
0.000169291
0.000127286
0.000127286
0.000378053
0.000127286
0.000603484
0.000127286
0.000260797
0.000190083
0.000127286
0.000127286
0.000442319
0.000253299
0.000638288
0.000127286
0.00022096
0.00109091
0.00183765
0.000127286
0.000315676
0.000127286
0.000294674
0.000868922
0.000304862
0.00032063
0.000190293
0.0010244
0.00167965
0.000127286
0.000316306
0.000127286
0.000127286
0.000127286
0.000954608
0.000296677
0.000158789
0.000641637
0.000127286
0.000346552
0.000768407
0.00167055
0.000315676
0.000127286
0.000127286
0.000253299
0.000190083
0.000127286
0.00108018
0.000127286
0.000209227
0.000127286
0.000127286
0.000127286
0.000276648
0.000445683
0.000284431
0.000785095
0.000665475
0.000127286
0.000316096
0.000127286
0.000127286
0.000127286
0.000190293
0.000347179
0.000127286
0.000253299
0.000462067
0.000127286
0.000264054
0.000222494
0.000565192
0.000819752
0.000888009
0.00035075
0.000127286
0.00032555
0.000675388
0.000584941
0.00518115
0.000231459
0.000127286
0.000127286
0.000299767
0.000127286
0.000461332
0.000127286
0.000521935
0.000224598
0.000253299
0.000456968
0.000169291
0.000315676
0.000127286
0.000127286
0.000304653
0.00106786
0.000210667
0.00174481
0.000530186
0.00083753
0.000127286
0.000501558
0.000127286
0.000127286
0.000336579
0.000482136
0.000429302
0.00062175
0.000896633
0.000127286
0.00106649
0.000690424
0.000127286
0.000127286
0.000308646
0.000127286
0.000438564
0.000127286
0.000196875
0.000127286
0.000294884
0.000127286
0.000127286
0.000378053
0.000127286
0.000127286
0.000127286
0.000378683
0.000127286
0.000253299
0.000429302
0.000169291
0.000572043
0.000399687
0.000127286
0.000127286
0.000221481
0.000127286
0.000127286
0.000127286
0.000127286
0.000210875
0.000485865
0.000169291
0.000284488
0.000378053
0.000580318
0.000273882
0.000349775
0.000127286
0.000127286
0.000379313
0.000515659
0.000127286
0.000127286
0.000433666
0.000274092
0.000425309
0.000232297
0.000429302
0.000169291
0.000764281
0.000266035
0.000127286
0.000190293
0.000169291
0.000858475
0.000127286
0.000127286
0.00030452
0.000210875
0.000127286
0.000127286
0.000127286
0.000351658
0.00020027
0.000127286
0.000484529
0.000158789
0.000314113
0.000764288
0.000294884
0.000127286
0.000253299
0.000127286
0.000666877
0.00241273
0.000236925
0.00106049
0.000127286
0.000127286
0.000669292
0.000253299
0.000127286
0.000127286
0.000298056
0.000690568
0.000501558
0.000271323
0.000634221
0.000127286
0.000127286
0.00105295
0.000925905
0.000127286
0.000989779
0.000127286
0.000127286
0.000127286
0.000393025
0.000127286
0.000127286
0.000127286
0.000467522
0.000627565
0.000190293
0.000190293
0.000127286
0.000127286
0.000127286
0.000253299
0.000190293
0.000378683
0.000127286
0.000324598
0.000127286
0.000127286
0.000367143
0.000127286
0.00035726
0.000390661
0.000468452
0.000127286
0.000127286
0.000294884
0.000430766
0.000379313
0.000441689
0.000314422
0.000253299
0.000831269
0.000127286
0.000420683
0.000571844
0.000127286
0.000127286
0.000441689
0.000127286
0.000127286
0.000253299
0.000392867
0.000127286
0.000190293
0.000253299
0.000127286
0.000682369
0.000257993
0.000590378
0.000253299
0.000315676
0.000713506
0.000469937
0.000793377
0.000190293
0.000364101
0.0003319
0.000312141
0.000253299
0.000441689
0.000190293
0.00031242
0.000127286
0.000127286
0.000709657
0.000127286
0.000253299
0.000238462
0.000200794
0.000252669
0.000302704
0.000253299
0.000127286
0.000127286
0.000127286
0.000127286
0.00022096
0.000253299
0.000316306
0.000332056
0.00112571
0.000127286
0.00140998
0.00235379
0.000127286
0.000469401
0.000127286
0.000127286
0.000253299
0.000252669
0.000246881
0.000253299
0.00034499
0.000905366
0.000316306
0.000255979
0.000546355
0.000347494
0.000253299
0.000461641
0.000190293
0.000441689
0.000805536
0.000127286
0.000190293
0.000127286
0.00064837
0.000384672
0.000127286
0.000253299
0.00026321
0.000190293
0.000547595
0.00112762
0.00049022
0.000440429
0.000248306
0.000211295
0.000127286
0.000127286
0.000127286
0.000127286
0.000253299
0.000253299
0.000648988
0.000338367
0.000190293
0.000357891
0.000315676
0.000331585
0.000567956
0.000369367
0.000169291
0.000127286
0.000852843
0.000232297
0.000127286
0.000881552
0.000573365
0.000127286
0.000495533
0.000127286
0.000190293
0.000169291
0.000127286
0.000253089
0.000287394
0.00121962
0.000190293
0.000387995
0.000795428
0.000264131
0.000252669
0.000127286
0.000127286
0.000527434
0.000127286
0.000224598
0.000127286
0.000286391
0.000127286
0.000127286
0.000127286
0.000252669
0.000252358
0.000441689
0.000294884
0.000127286
0.000516139
0.000253299
0.00048139
0.000906173
0.000127286
0.000127286
0.000127286
0.000690572
0.000253299
0.000127286
0.000207001
0.000127286
0.000127286
0.000127286
0.000244484
0.000127286
0.000127286
0.000607757
0.000127286
0.000127286
0.000127286
0.000127286
0.000127286
0.00060127
0.000127286
0.000190293
0.000127286
0.000127286
0.000127286
0.000127286
0.000388245
0.000378053
0.000197128
0.000300397
0.000127286
0.000169291
0.000299348
0.000906257
0.000127286
0.000169291
0.000927154
