0.99
7.18056e-05
8.35686e-05
0.000207489
0.00010683
2.9296e-05
5.66247e-05
0.000435692
0.000138784
7.19662e-05
0.000287366
0.000201156
0.000471249
1.46449e-05
0.000115069
0.000149358
5.49196e-05
5.17238e-05
1.82756e-05
0.000425977
0.000126945
7.33745e-05
9.66647e-05
0.000222605
0.000204118
0.000123849
0.000226424
0.000155027
5.2024e-05
6.32856e-05
4.21634e-05
8.10348e-05
0.000160134
1.22245e-05
6.517e-05
4.15839e-05
1.83529e-05
3.48144e-05
2.31572e-05
0.000196859
0.000227645
0.000250335
0.000192858
0.000103436
5.65931e-05
4.71531e-05
0.000151384
8.90358e-05
0.000223379
5.90907e-05
8.53546e-05
0.000218909
8.4773e-05
6.61939e-05
0.000100721
0.000221354
6.73116e-05
2.5967e-05
0.000111507
0.000205314
5.9486e-05
0.000257105
9.22995e-05
0.000208504
0.000290044
0.000204854
8.92888e-05
5.33011e-05
1.22245e-05
0.000210351
0.000382036
0.000142221
0.000110963
2.83956e-05
0.000210751
1.22245e-05
0.000154676
1.22245e-05
0.000136197
2.01771e-05
0.000391654
0.000156717
0.000116012
0.000307682
1.62585e-05
9.80093e-05
0.000242212
2.43267e-05
2.95088e-05
9.23555e-05
9.42081e-05
4.91258e-05
8.46691e-05
9.79928e-05
3.78752e-05
0.000168395
0.000105961
7.34643e-05
0.000249
5.78423e-05
0.000144725
1.22245e-05
0.000216795
2.47967e-05
0.000163156
1.22245e-05
1.22245e-05
0.000355479
0.000344641
0.000236505
7.03408e-05
0.000174848
4.88288e-05
0.000136034
0.000104386
9.19748e-05
0.000278573
1.58491e-05
8.84169e-05
0.000129623
1.22245e-05
0.000289624
0.000296858
7.22293e-05
3.09876e-05
0.000322907
3.77633e-05
0.000155345
0.000135675
0.000206553
6.33532e-05
0.000331448
2.14604e-05
0.000214583
5.71046e-05
3.67741e-05
4.51232e-05
3.7338e-05
0.000101856
0.000444124
0.000124943
0.000220432
3.77151e-05
0.000400831
4.97534e-05
0.000267954
0.000207425
6.45249e-05
0.000275087
1.22245e-05
9.08989e-05
1.22245e-05
1.22245e-05
0.000817466
0.000132096
4.13759e-05
5.38846e-05
2.2607e-05
0.00011896
0.000211115
2.57897e-05
1.22245e-05
0.000143432
0.000124873
0.000336039
0.000324504
0.000226299
0.000146462
0.000241773
0.000164527
0.000542483
1.78534e-05
0.000260297
4.72831e-05
1.22245e-05
0.000377169
1.22245e-05
0.000218827
0.000177755
0.00014268
0.000136603
7.11673e-05
1.22245e-05
7.7794e-05
0.000206754
0.000102814
0.000117155
0.000373713
0.000213787
8.59031e-05
0.000158456
0.000806726
0.00049168
3.74072e-05
0.000227966
0.00025211
7.13624e-05
0.000134891
3.07022e-05
0.000120921
0.00020439
0.00011802
0.000437362
0.000250281
8.19275e-05
0.000194286
9.30032e-05
5.07942e-05
5.46506e-05
0.000148169
7.83988e-05
0.000168495
1.46449e-05
8.30495e-05
0.000301603
0.000176497
0.000533972
0.000111723
3.34349e-05
0.000290588
8.31462e-05
0.000321863
0.000183283
0.000568666
0.000212415
1.70962e-05
5.36773e-05
9.02822e-05
0.000206835
0.000200228
0.000217604
0.000482971
1.22245e-05
0.000104381
0.000151775
9.07202e-05
1.22245e-05
0.000355772
0.00039006
5.02848e-05
0.000255117
4.48505e-05
0.000428268
2.44333e-05
0.000114616
9.78441e-05
0.000172725
0.000295093
0.000337453
6.59499e-05
0.000137997
9.5699e-05
0.000139581
0.000126221
0.000351268
0.000256686
0.000213773
5.11425e-05
8.27426e-05
5.74725e-05
0.000287264
0.000364397
0.000140971
5.01917e-05
0.000392523
6.55677e-05
5.68236e-05
8.44643e-05
0.000146205
7.06585e-05
0.000244256
0.000204619
2.85954e-05
0.000194376
6.90791e-05
6.9662e-05
0.000333799
4.76061e-05
1.525e-05
7.25724e-05
0.00010418
9.43257e-05
0.000117538
4.88255e-05
8.66061e-05
0.00013762
0.000121386
0.000136846
0.000105632
1.82756e-05
3.63968e-05
4.09609e-05
0.000226656
0.000183294
1.22245e-05
0.000103231
0.000167561
1.91445e-05
7.99651e-05
0.000211
0.000164922
9.83515e-05
0.000326406
0.000230133
6.44223e-05
0.000258334
0.000241612
0.00017076
0.000280884
6.22392e-05
1.22245e-05
0.00040159
0.000202723
0.000164965
0.000287634
0.000115366
0.000127771
0.000112816
0.000465787
0.000258668
6.73173e-05
1.22245e-05
8.65277e-05
0.000128244
0.000551343
0.000304491
3.73317e-05
1.59988e-05
0.000138452
0.000133708
6.07957e-05
0.000140762
0.000203799
0.00061664
0.000316973
7.80863e-05
0.000156762
0.000145873
4.07796e-05
0.000210607
0.00017124
2.76476e-05
9.65681e-05
0.000280176
5.9399e-05
0.000155803
3.98117e-05
0.000213503
0.000107602
9.10727e-05
1.22245e-05
0.000356544
7.49084e-05
0.000273771
0.000223269
0.000183866
0.000216559
4.568e-05
1.22245e-05
2.96346e-05
5.50999e-05
0.000180233
0.000676257
7.12965e-05
0.000299934
3.62602e-05
0.000278373
0.000341737
0.000122545
0.000258225
3.42206e-05
4.87393e-05
9.4633e-05
5.31821e-05
8.92292e-05
0.000381442
3.86537e-05
5.50026e-05
0.000226888
0.00012038
4.9368e-05
2.6758e-05
0.000163555
5.83701e-05
8.4769e-05
0.00037524
0.000133316
6.2868e-05
0.000178033
8.76119e-05
0.000183051
7.84907e-05
0.000103461
0.00016408
2.13117e-05
3.47226e-05
0.000154147
0.000458316
0.00010069
9.68597e-05
6.76409e-05
1.22245e-05
0.000114369
0.000135322
0.000117235
1.22245e-05
6.43932e-05
1.22245e-05
1.46449e-05
1.8543e-05
0.000282651
0.00022216
0.00010416
2.83887e-05
0.000433423
4.99974e-05
0.000613401
0.000225963
3.76821e-05
0.000216461
0.000152455
0.000145304
5.14267e-05
0.000261575
0.000128693
0.000390005
0.000214242
1.98485e-05
0.000169876
3.65339e-05
0.000189151
0.000378156
8.82503e-05
1.22245e-05
1.22245e-05
0.000206604
0.000125021
2.03584e-05
0.000188036
0.000331476
0.00011573
0.00028803
0.000195193
0.000105084
4.46892e-05
0.000113713
0.000135552
5.78694e-05
7.49998e-05
4.27868e-05
0.0001494
0.000131858
6.9748e-05
5.17623e-05
2.79003e-05
8.74413e-05
4.69429e-05
0.000248838
1.22245e-05
0.000108166
0.000699091
1.22245e-05
0.00045421
0.00017832
0.000110471
0.000125525
0.00038368
7.05147e-05
1.22245e-05
9.50505e-05
6.79761e-05
1.22245e-05
0.000366621
0.000162814
4.12845e-05
0.000208242
0.000213235
0.000173849
6.60366e-05
6.16617e-05
9.28085e-05
0.000157555
9.23153e-05
4.06192e-05
0.000515473
4.75657e-05
3.6212e-05
0.000127244
0.0001281
0.0001291
4.78229e-05
3.57446e-05
4.89827e-05
0.00020988
7.06264e-05
0.000108764
4.4274e-05
0.000269301
3.08103e-05
0.000143851
0.000263869
0.000128836
0.000265261
3.92828e-05
0.000176617
3.50325e-05
7.07937e-05
9.79602e-05
0.000252266
0.000822388
0.000154446
0.000359254
0.00020994
0.000191454
4.92107e-05
0.000122636
6.95162e-05
0.000168
8.17258e-05
8.65706e-05
7.53202e-05
0.000598582
0.000200338
1.22245e-05
0.000118448
0.000112247
9.49583e-05
0.000449631
0.000221187
9.15828e-05
0.00013653
0.000669225
0.000130488
7.77764e-05
9.32355e-05
0.000105478
4.32583e-05
0.000435236
2.03885e-05
0.000111586
8.29309e-05
7.98207e-05
1.22245e-05
6.60554e-05
5.51302e-05
6.02632e-05
0.000150474
1.22245e-05
3.05105e-05
0.000180037
5.07648e-05
0.000117574
0.000269532
0.000455566
0.000426084
5.28941e-05
0.000275628
0.000169322
0.000120912
0.000282323
0.000234728
0.00015802
0.00017342
1.22245e-05
0.00011953
0.000445648
0.000270134
0.000235156
0.000107553
6.10553e-05
0.000114747
1.22245e-05
0.000140329
5.34555e-05
8.27664e-05
0.000262902
8.51986e-05
0.000164647
0.000280301
0.000284151
0.00018705
0.000102566
1.22245e-05
5.69142e-05
1.22245e-05
0.000355187
3.5047e-05
0.000333285
0.00022762
1.22245e-05
9.16758e-05
0.000567249
3.08155e-05
4.52491e-05
2.54424e-05
0.000785391
3.52275e-05
0.000197796
0.000359901
0.000208205
0.000166729
0.000336801
0.000266033
0.000203091
0.000451673
0.000173753
2.2388e-05
0.000145148
0.000237188
1.22245e-05
6.53174e-05
0.000119219
3.25981e-05
0.000233966
0.000127712
9.92526e-05
1.525e-05
7.89079e-05
0.00020571
3.99697e-05
0.000315685
0.000155069
0.000190217
1.22245e-05
0.000138286
0.000274033
4.53253e-05
7.72161e-05
0.000156342
0.000237164
9.56689e-05
9.02777e-05
0.000551374
0.000143678
0.000236809
0.000131271
3.57695e-05
8.29831e-05
9.15025e-05
6.48444e-05
5.42687e-05
4.6635e-05
0.000167259
0.000197296
0.000260405
0.000158129
0.000265433
0.000166237
0.000242322
0.00027897
0.000610694
0.000120146
8.11351e-05
1.22245e-05
0.000533793
0.00024924
0.000324874
4.99294e-05
0.000230822
0.000382625
0.000217571
0.000176628
0.000270435
0.000275935
0.000141798
1.99723e-05
0.000313255
3.97608e-05
0.00011778
3.46251e-05
0.000144625
8.8342e-05
9.73122e-05
8.77082e-05
0.000189101
5.15513e-05
0.000189174
3.83237e-05
0.000348516
1.22245e-05
8.47091e-05
0.000150234
0.000223416
0.000304778
0.000164389
0.000431081
2.15928e-05
0.000137321
7.17667e-05
1.97659e-05
5.43484e-05
5.01274e-05
0.000173211
7.13535e-05
0.000113198
0.000154197
1.22245e-05
0.000130014
0.000219908
0.00023546
3.7338e-05
7.02313e-05
0.000359346
0.00029351
7.73281e-05
0.000205614
0.000149232
0.000123531
6.87653e-05
0.000207718
0.000186759
0.000221617
7.8561e-05
0.000215748
0.000106295
2.76406e-05
5.17157e-05
0.000326079
0.000131196
0.000151354
6.32959e-05
2.626e-05
0.000142038
0.000246175
0.000253215
0.00010653
0.000418551
8.67598e-05
4.88625e-05
0.000435583
0.000315705
0.000463092
0.000349224
2.43267e-05
6.81238e-05
0.000488676
0.000320368
4.41837e-05
0.000307675
0.000132585
0.000226891
0.000242581
5.18872e-05
0.000267775
0.000178013
0.0002504
0.000198815
0.000110427
0.00018065
2.74946e-05
0.000168136
0.000136324
2.94236e-05
3.08155e-05
8.2941e-05
1.22245e-05
0.000175624
9.6019e-05
0.00089443
0.000135766
0.000129634
6.93725e-05
3.21318e-05
0.000119997
6.89822e-05
7.46346e-05
9.4174e-05
0.000382237
7.54041e-05
0.00013681
0.000217206
1.22245e-05
0.000166412
0.000359271
2.54314e-05
9.31679e-05
0.000151731
3.57761e-05
8.29024e-05
0.000739157
0.00015395
1.22245e-05
1.22245e-05
0.000350994
2.62776e-05
0.000198372
0.000101468
0.000472383
0.000177674
9.00464e-05
0.000286441
0.000206114
0.000108406
0.000190376
1.22245e-05
6.48758e-05
9.64942e-05
0.000352279
7.41705e-05
0.000286301
9.40508e-05
0.000209165
0.000114596
1.22245e-05
0.000477927
0.000106815
0.000473208
0.000114794
7.23799e-05
0.000338211
0.000177873
0.000279548
0.000114773
0.000138253
0.000108554
9.47372e-05
1.22245e-05
0.000126052
0.000403977
0.000191513
7.22877e-05
0.000128124
0.000297782
0.000135515
5.93822e-05
0.000145422
0.000116683
2.7015e-05
4.1147e-05
6.87197e-05
0.000610116
9.05215e-05
1.22245e-05
0.000128539
0.000171074
0.000126396
6.73001e-05
0.000144722
0.000132696
0.000409405
0.000166085
3.64334e-05
0.000129671
1.22245e-05
4.08182e-05
0.00025105
0.000334896
0.000250397
0.000427927
0.000635859
0.000132185
2.93852e-05
0.000209314
7.15206e-05
0.000210365
0.000174289
0.000303918
0.000112277
0.000115144
5.6741e-05
2.14266e-05
5.52072e-05
1.22245e-05
0.000125969
8.15722e-05
0.000271612
0.000130011
2.46596e-05
2.24741e-05
0.000112327
0.000223615
0.000456586
0.000203176
3.60053e-05
7.84166e-05
0.000375072
4.89844e-05
0.000427323
0.000178773
4.22065e-05
5.1411e-05
5.7157e-05
8.21972e-05
6.78729e-05
0.000487292
9.51313e-05
8.01018e-05
9.67818e-05
3.32609e-05
0.000135605
0.000158595
0.000174233
0.000168568
0.000292975
2.9725e-05
2.43267e-05
0.000191176
0.000141924
7.58108e-05
0.000108552
3.03985e-05
1.22245e-05
0.000221875
0.000136056
1.22245e-05
1.22245e-05
0.000250307
0.000153057
8.78193e-05
4.97605e-05
0.000123259
0.000210621
0.000151137
0.000131575
0.000123985
0.000208145
0.000120686
0.000104102
3.26596e-05
2.54314e-05
0.000788181
9.00531e-05
0.000143102
1.22245e-05
1.22245e-05
0.0001611
0.000150957
1.22245e-05
0.000334321
0.000168034
0.000280242
4.35843e-05
0.00043065
3.81778e-05
0.000247225
0.000365807
0.000480989
6.55907e-05
6.72802e-05
0.000789609
0.000130896
0.00013034
4.58394e-05
0.000125994
0.000152885
0.000315268
7.12686e-05
2.61367e-05
1.22245e-05
0.000182211
8.66711e-05
0.000289891
0.000166482
0.000268226
9.18282e-05
4.04677e-05
0.000252422
0.00030951
1.83058e-05
3.96226e-05
6.68054e-05
4.89477e-05
6.81539e-05
8.40177e-05
0.000258834
9.51311e-05
1.22245e-05
0.000125062
5.79138e-05
0.000333399
0.000129743
0.000160007
6.8254e-05
0.000172908
0.000181051
0.00024008
0.000643844
1.82756e-05
0.000159744
0.000104611
0.000122024
0.000113475
8.31738e-05
0.000140936
0.000473356
0.000252889
0.00019573
0.000139324
0.000168236
0.00054598
3.93374e-05
4.31197e-05
0.000268266
8.26133e-05
6.19907e-05
0.000196598
0.000146228
2.24039e-05
8.9511e-05
0.000201828
5.67619e-05
0.000153465
0.000198952
0.000200334
0.000322468
6.31598e-05
4.02948e-05
0.000155421
5.69447e-05
0.000255807
0.00019047
1.77203e-05
0.000133529
4.34076e-05
0.000201932
0.000120545
4.28881e-05
9.3469e-05
0.000181658
0.000101014
0.000206515
1.22245e-05
0.000103058
0.00019719
0.00036334
0.000234184
0.000259036
6.89794e-05
0.000233578
8.91488e-05
1.22245e-05
0.000358622
0.000228877
0.000424299
0.000352752
0.000224562
5.13204e-05
0.00010032
0.000130529
0.000229561
6.15629e-05
6.57002e-05
0.000111677
9.3868e-05
0.00070017
1.22245e-05
0.000136659
0.000158002
5.99571e-05
7.96967e-05
4.16939e-05
0.000466394
7.77989e-05
4.53441e-05
0.000318819
0.000317662
5.90798e-05
9.86277e-05
0.000227989
1.22245e-05
2.73085e-05
0.000117701
8.47341e-05
0.000252256
0.000175094
0.000186143
7.41883e-05
0.000286154
0.000122472
3.50259e-05
6.01301e-05
0.000185267
0.000123696
2.80503e-05
0.00023552
0.000575739
0.000233249
0.00016565
4.25694e-05
4.56675e-05
0.000294374
2.91911e-05
0.000204215
0.000163879
0.000190507
0.000207991
0.000130295
0.000146977
2.63524e-05
0.000146704
0.000228009
0.000120655
0.000533166
1.22245e-05
9.39174e-05
0.000278257
4.91101e-05
7.67908e-05
0.000304134
5.7879e-05
0.000491617
0.000164306
0.000126633
1.22245e-05
0.000305706
0.000117698
0.000104206
0.000570572
0.00016295
2.86195e-05
0.000189033
9.20942e-05
2.16344e-05
0.000217027
4.27844e-05
3.94412e-05
8.1564e-05
8.28858e-05
8.26517e-05
0.000103121
9.36948e-05
0.000138856
6.20739e-05
1.525e-05
0.000225805
8.58819e-05
0.000310287
0.00027065
0.000229346
6.31024e-05
1.46449e-05
6.50269e-05
0.000204038
1.22245e-05
0.000174638
0.000111704
0.00028404
1.82554e-05
0.000688325
1.22245e-05
8.26093e-05
6.12811e-05
0.000139871
9.36184e-05
2.03629e-05
6.43651e-05
8.51598e-05
0.000171262
0.000126756
3.49534e-05
0.000313686
1.22245e-05
3.9045e-05
0.000130571
3.42812e-05
5.76061e-05
0.000186991
3.2506e-05
1.22245e-05
8.89055e-05
0.000198635
8.39403e-05
7.37172e-05
6.90016e-05
0.000227825
0.000116148
0.0001808
5.14976e-05
0.00030848
0.000190856
5.14873e-05
1.22245e-05
0.000277451
4.69035e-05
0.000137243
1.22245e-05
0.000136424
0.000108919
0.000120803
0.000154503
3.85914e-05
0.000174629
5.58989e-05
0.000121016
0.000210088
0.000303709
0.000232456
1.22245e-05
2.82802e-05
0.000264136
0.000118332
0.000757753
0.000481825
3.99927e-05
1.22245e-05
0.000274328
1.22245e-05
0.000280731
0.000196484
7.83055e-05
3.56541e-05
0.000216749
5.29502e-05
0.000131478
1.22245e-05
6.58229e-05
0.000543858
0.000250673
0.000130018
0.00023934
0.000441188
5.0351e-05
0.000172086
0.000379605
8.94432e-05
0.000338659
0.000204963
0.000225088
3.02077e-05
0.000110798
0.000206599
7.81998e-05
4.20865e-05
7.62991e-05
6.90952e-05
7.70792e-05
4.86653e-05
0.000121662
0.000128278
0.000160483
9.39751e-05
6.54154e-05
5.85989e-05
1.22245e-05
0.000341413
2.53034e-05
5.03554e-05
0.000761642
0.000222186
0.000263626
0.000359891
1.22245e-05
3.85616e-05
6.10179e-05
0.000308056
0.000622602
5.4809e-05
0.000101001
0.000258961
0.000326828
0.000205996
0.000102416
7.235e-05
0.000319415
0.000140406
0.000123112
9.10977e-05
0.000288402
3.07959e-05
3.83482e-05
0.000240229
0.000109534
0.000241089
0.000219049
6.74402e-05
0.000191321
0.000170397
0.000325079
3.53121e-05
9.1436e-05
9.43586e-05
7.72164e-05
9.30527e-05
3.59881e-05
0.000230389
0.000397647
0.000159274
2.91908e-05
0.00112408
9.29825e-05
3.24001e-05
0.000379495
0.000118506
0.000176826
9.45169e-05
0.000113778
4.73314e-05
7.89953e-05
5.60464e-05
1.22245e-05
0.000376971
9.65086e-05
0.000127043
1.95049e-05
0.000237063
1.94493e-05
0.000114026
3.1763e-05
0.000220666
0.000131597
7.10046e-05
0.000144537
3.31962e-05
8.04246e-05
1.54437e-05
0.000137702
0.000129708
0.000147392
4.11233e-05
0.000163489
7.75261e-05
0.00023426
0.000328954
0.000107949
0.000503161
0.000208207
0.000308416
6.09162e-05
0.000395543
5.96953e-05
7.92449e-05
1.22245e-05
0.000120026
3.22966e-05
0.000474703
0.000174861
1.88288e-05
0.00014399
0.000143164
0.000257906
9.49175e-05
1.22245e-05
0.000109903
0.000402971
0.000197507
0.000145766
8.17258e-05
2.94722e-05
0.000191698
0.000243191
7.49414e-05
0.000187367
0.000406008
9.98192e-05
0.000451541
3.93231e-05
0.000125966
7.54869e-05
1.66181e-05
0.000314612
0.000276523
0.000247249
0.000123899
0.000295475
7.41653e-05
8.40912e-05
3.89431e-05
0.000110344
1.22245e-05
0.000130834
9.83621e-05
0.000219618
1.70573e-05
0.000131078
0.000507977
0.00010864
0.000107443
1.22245e-05
0.000125597
0.000264151
7.93495e-05
5.1258e-05
3.50686e-05
9.79985e-05
2.85971e-05
0.000500062
0.000358362
0.000133839
0.00024572
0.000203954
0.000296417
0.000176363
1.22245e-05
5.59149e-05
1.22245e-05
0.000120344
8.12112e-05
0.000132703
4.81098e-05
6.4372e-05
0.000155944
0.000298194
0.000219189
4.42874e-05
0.000792237
9.66159e-05
6.30199e-05
0.000109511
0.000105088
0.000354197
1.52399e-05
0.000556164
4.1404e-05
0.000117983
1.22245e-05
7.37523e-05
0.000264884
0.000246106
0.00012276
4.21634e-05
8.82099e-05
0.000143053
0.000116011
0.000166896
6.85273e-05
0.000136525
8.01599e-05
2.49664e-05
0.000385936
0.000276474
0.000105136
0.000184348
6.24512e-05
0.000242019
1.9274e-05
8.09953e-05
0.000110136
1.8105e-05
7.38975e-05
2.8384e-05
0.00030434
3.78207e-05
0.000180508
4.12262e-05
3.58149e-05
0.000289029
8.55592e-05
0.000396751
0.000378432
0.000529444
1.22245e-05
1.22245e-05
0.000252257
8.7563e-05
0.000291519
6.75948e-05
0.000112964
0.000357
0.00011273
0.000252041
4.30542e-05
0.000372497
7.78107e-05
0.000370702
4.60738e-05
0.000652108
0.00022674
0.000462811
4.4065e-05
1.85422e-05
7.43504e-05
5.29457e-05
9.19934e-05
5.63339e-05
2.61186e-05
0.000582458
0.000246072
0.000205149
0.000221053
0.000353042
0.000158394
0.000555003
9.85812e-05
0.000253361
0.000136544
0.000239144
4.37235e-05
4.40151e-05
0.000110784
5.1676e-05
0.000288122
0.000207755
5.96069e-05
1.62585e-05
0.000118012
0.000174658
0.000115101
0.000154368
1.66102e-05
1.82756e-05
0.000300906
8.26079e-05
0.000228242
8.98266e-05
0.000146468
0.000153888
6.76758e-05
0.000153425
3.88426e-05
0.000178037
0.000240651
0.000353781
8.69012e-05
0.000119413
0.000100563
0.000444217
0.000156128
4.32464e-05
0.000200976
0.000470809
5.25419e-05
0.000231881
0.000105416
1.22245e-05
0.000193226
0.000172991
8.37348e-05
0.000102658
0.000180413
9.82339e-05
7.54758e-05
0.000617168
9.88149e-05
4.76044e-05
0.000128153
0.000290965
8.60635e-05
3.44981e-05
0.000601566
0.000103709
0.000314355
0.00040794
0.000173996
0.000260373
0.000215448
0.000101328
5.02451e-05
0.000231269
0.000217472
0.00011223
8.11714e-05
0.000133732
0.000315144
0.000184849
6.1521e-05
0.000211924
1.525e-05
4.89479e-05
2.33031e-05
0.000155915
0.000166353
0.000138106
4.27699e-05
0.000193309
6.09976e-05
0.000127521
0.000337447
0.000126495
0.000336886
3.79452e-05
0.000310841
1.22245e-05
1.73925e-05
0.000156954
1.22245e-05
6.26413e-05
4.38171e-05
9.16254e-05
0.000102851
3.03173e-05
0.000219604
0.000272573
0.000287499
5.77538e-05
0.000240989
7.09753e-05
0.000779799
1.22245e-05
0.000199877
0.000157373
9.43035e-05
0.000478469
1.22245e-05
6.78313e-05
8.77354e-05
0.000283388
6.06987e-05
9.03423e-05
9.82689e-05
0.000492719
4.26259e-05
0.000352216
3.13022e-05
5.45654e-05
0.00011946
1.22245e-05
1.22245e-05
0.000104217
4.24508e-05
1.67391e-05
3.30293e-05
0.000109779
0.000117758
5.77771e-05
3.67734e-05
0.000155708
0.000155316
7.1726e-05
0.000352595
1.22245e-05
2.29129e-05
0.000209881
6.57677e-05
0.000138341
0.000105162
0.000248891
9.59054e-05
1.22245e-05
0.000121826
1.91445e-05
3.26603e-05
7.24234e-05
0.000100222
3.27524e-05
1.22245e-05
1.22245e-05
2.79437e-05
0.000128833
0.000355617
6.60602e-05
0.00031682
0.000177194
1.22245e-05
0.0002025
8.42202e-05
8.1968e-05
3.55182e-05
8.66705e-05
6.30596e-05
1.22245e-05
1.5244e-05
3.91746e-05
0.000339024
6.65183e-05
0.000363541
0.00012757
0.000133463
0.000144738
0.000314147
0.000137953
7.11583e-05
0.000234784
0.000172451
0.000187106
0.000192449
1.22245e-05
5.80839e-05
0.000115563
0.000118251
0.000268766
0.000184067
0.000121667
1.22245e-05
2.22055e-05
0.000373792
8.00772e-05
0.000241684
2.98832e-05
1.22245e-05
0.000227098
0.000109758
0.000116243
0.000101501
7.38064e-05
1.82756e-05
1.95668e-05
0.000288621
4.35126e-05
3.81526e-05
6.49441e-05
0.000208345
4.84534e-05
0.000197325
0.000181831
0.000173381
0.000429616
1.22245e-05
0.000346744
7.28995e-05
3.70581e-05
7.0799e-05
0.000175783
0.00039894
0.0001681
0.000354334
8.89187e-05
3.53223e-05
0.000227096
6.79366e-05
2.43267e-05
3.54907e-05
0.000483142
9.56526e-05
5.18987e-05
8.77175e-05
3.95822e-05
0.000378775
0.000146587
0.000264856
0.00014082
0.000198214
0.000287144
9.97225e-05
0.000306089
0.000258584
0.000186632
0.000151382
5.87216e-05
0.0001287
9.60467e-05
0.00016672
4.68944e-05
8.61884e-05
1.46449e-05
2.74949e-05
8.50282e-05
5.58046e-05
0.000205207
0.000121122
0.000418955
0.000155216
1.22245e-05
9.0525e-05
0.000135609
6.28951e-05
1.22245e-05
1.22245e-05
0.000133271
2.76599e-05
0.000311859
0.000137443
0.000155591
0.000407435
9.09152e-05
0.000205707
0.000162834
0.000170171
0.000240155
0.000234622
0.000124633
4.64404e-05
1.22245e-05
0.000192691
1.22245e-05
0.000125351
0.00056488
7.80345e-05
1.22245e-05
6.57256e-05
0.000166945
0.000105876
1.72838e-05
4.31091e-05
0.000127133
0.000120171
0.000284774
0.00027815
0.000158289
9.03566e-05
0.000529003
6.41979e-05
3.91208e-05
0.000166414
6.50298e-05
0.000399046
0.000114542
0.000116821
0.000143562
5.08216e-05
5.07648e-05
1.22245e-05
2.00971e-05
3.57426e-05
0.000396718
0.000117379
9.51582e-05
1.82756e-05
7.15785e-05
8.8104e-05
9.04015e-05
0.000160925
0.000415175
0.000206844
0.000124091
1.22245e-05
0.000495425
1.46449e-05
7.75871e-05
6.71401e-05
0.000282876
0.000143471
0.000231913
0.000148969
0.000111179
1.22245e-05
5.12062e-05
3.16728e-05
0.000432893
0.000170164
9.06406e-05
2.87772e-05
6.66236e-05
0.00025045
1.22245e-05
5.46696e-05
7.15607e-05
5.1779e-05
0.000128239
0.000231841
0.000219584
6.61052e-05
1.22245e-05
0.000167841
0.000279863
5.10063e-05
0.000443814
0.000153671
7.52325e-05
0.000122589
5.54119e-05
0.000337487
4.20547e-05
3.11225e-05
0.000233338
1.62585e-05
0.000424286
4.33432e-05
2.26651e-05
0.000288834
0.000381401
3.64853e-05
0.000200709
1.22245e-05
7.09767e-05
8.01087e-05
0.000250143
1.22245e-05
0.000300479
8.27589e-05
0.000128287
0.000191434
7.85345e-05
0.000307626
3.1782e-05
0.000162893
0.000102826
0.000139099
9.66954e-05
0.000237321
6.71657e-05
0.000161905
0.000225698
0.00010822
0.000218192
9.66045e-05
9.10226e-05
1.22245e-05
0.000536357
0.000286933
0.000274264
0.00012427
2.84885e-05
3.41076e-05
0.000395482
8.86031e-05
0.000141058
1.22245e-05
8.83253e-05
0.000180511
5.05634e-05
0.000126241
0.00049168
2.98987e-05
2.75372e-05
3.46472e-05
0.000220551
0.000192468
1.22245e-05
5.06854e-05
0.00133464
0.000192072
0.00035568
4.58687e-05
6.89162e-05
5.74515e-05
0.000158681
0.000207762
0.000182251
0.000166306
5.98603e-05
0.000109785
3.58149e-05
0.000515535
7.03285e-05
4.80654e-05
1.22245e-05
1.22245e-05
0.000331656
0.000304336
0.000264245
8.90743e-05
4.66593e-05
2.22527e-05
0.000223659
0.000206618
0.000420889
8.54594e-05
0.000173461
0.000255272
3.598e-05
0.000165459
0.000160347
8.88627e-05
0.000244003
0.000384395
7.96286e-05
1.22245e-05
0.000297651
0.000170181
0.000104268
0.000589971
2.99529e-05
9.08548e-05
0.000131171
9.51539e-05
0.000228438
7.95208e-05
2.44986e-05
0.000159101
0.000311354
6.55552e-05
1.22245e-05
1.22245e-05
0.00013208
0.000253017
6.16977e-05
0.000457433
0.000267742
0.000137223
0.000101425
0.000195594
8.8968e-05
0.000116501
0.000175863
3.67152e-05
1.62585e-05
0.000249893
6.17915e-05
0.000234969
0.000228718
3.49868e-05
0.000337894
8.75947e-05
9.77943e-05
3.50804e-05
0.000159787
7.49425e-05
9.28138e-05
0.00035008
9.19198e-05
0.000154769
0.00023369
0.0001793
6.56863e-05
0.000119667
0.00012626
6.8333e-05
7.14597e-05
1.22245e-05
0.000790754
4.54379e-05
0.000913302
0.000225752
2.29697e-05
9.40781e-05
0.000324961
8.42807e-05
0.000137485
0.000234543
0.000325242
6.05842e-05
4.62758e-05
0.000766908
0.0003097
0.000331316
0.000383214
9.36858e-05
4.10998e-05
0.000149648
2.50545e-05
0.000198558
9.2975e-05
0.000264956
0.000238562
0.00023194
6.63943e-05
0.000127888
0.000264399
4.15562e-05
0.000143891
6.53815e-05
0.000215032
5.40837e-05
3.15417e-05
0.00030682
0.000236028
1.22245e-05
1.94644e-05
8.27186e-05
3.06851e-05
1.22245e-05
1.82756e-05
9.15162e-05
0.000147177
5.28797e-05
0.000146987
0.000138876
0.000325584
8.7681e-05
8.12889e-05
9.4275e-05
0.00047439
0.000104914
0.000171874
1.22245e-05
0.000221121
2.23623e-05
0.000119144
8.55856e-05
0.000123921
0.00026557
0.000180848
0.000152952
0.000231934
0.000232547
7.26024e-05
0.000185451
0.000385063
5.82841e-05
1.22245e-05
0.000313792
9.60918e-05
0.000281365
6.23219e-05
0.000191355
4.14299e-05
0.000120026
1.22245e-05
0.000372432
0.000172223
5.01226e-05
0.000122684
0.000236263
0.000231231
5.35582e-05
0.000160591
5.62183e-05
0.000380952
6.60623e-05
0.000233436
1.525e-05
0.000347721
0.000256239
6.17691e-05
0.000237514
0.000123625
0.000143511
5.95285e-05
5.85371e-05
0.00017671
0.000561678
6.84281e-05
6.80839e-05
1.66181e-05
0.000127932
2.43267e-05
0.000487582
0.000417517
0.000146043
0.000120137
0.000133257
0.000135619
9.15823e-05
0.000475588
9.46882e-05
0.000430162
1.71194e-05
0.000160016
7.15637e-05
1.22245e-05
1.22245e-05
3.50804e-05
9.32042e-05
7.79834e-05
4.26336e-05
0.000165568
3.85408e-05
3.86468e-05
0.00029431
0.000132897
0.000441901
0.000291251
8.88879e-05
0.00011538
9.26918e-05
1.525e-05
1.22245e-05
0.000106136
1.22245e-05
8.50439e-05
0.000166588
1.22245e-05
3.74372e-05
0.000757319
0.000101524
7.81445e-05
0.000306046
8.0789e-05
1.79231e-05
0.000174053
0.000117692
0.000300556
0.000130214
0.00038825
0.00016574
0.000194138
0.000293837
0.000161216
0.000111442
0.000143847
0.000129344
1.22245e-05
0.000104962
0.000161058
5.43063e-05
0.000193868
0.000125823
0.000454864
1.22245e-05
0.000105721
7.09753e-05
0.000131627
0.000135829
0.000208368
0.000105654
0.000132583
0.00030227
0.000173774
0.000228116
5.96069e-05
0.00015827
3.93954e-05
0.000231887
6.09986e-05
0.000151363
0.000132495
0.000227828
0.00040651
0.000331109
0.000115373
0.000144394
0.000177529
0.000455627
0.000191142
4.02991e-05
8.13606e-05
0.000179649
9.92973e-05
1.22245e-05
0.000165989
0.000253388
0.000149775
1.22245e-05
0.000198355
0.000255865
0.000200731
0.000195443
0.000363815
0.000231178
6.4611e-05
0.000366927
8.41912e-05
0.000387642
0.000179006
5.15624e-05
0.000438546
9.34117e-05
3.03345e-05
0.000165626
0.000478293
0.000186901
0.00028113
1.22245e-05
5.14767e-05
0.00038016
0.000266091
0.000141005
0.000102268
0.000419695
0.000316022
0.000215328
0.00027592
2.22355e-05
0.000220412
5.10839e-05
3.31145e-05
0.000434119
0.000139181
2.84525e-05
4.50772e-05
2.4964e-05
0.000141069
6.08459e-05
1.61235e-05
0.000430588
0.000352077
0.0004809
1.82756e-05
0.000128846
0.000148261
8.88283e-05
0.000272107
1.62585e-05
3.12055e-05
0.000515164
0.000398512
3.68412e-05
0.000141781
0.00017908
0.000121774
2.52331e-05
0.00031913
0.000275757
8.81249e-05
0.000315277
0.000103141
0.000136555
0.000313669
3.1081e-05
1.84284e-05
0.000356226
9.09936e-05
0.000145761
9.83676e-05
3.64332e-05
6.99893e-05
0.000233358
7.63021e-05
0.000187944
0.000247852
0.000114883
0.000201412
7.89046e-05
5.17373e-05
5.19331e-05
0.000106785
0.000417863
0.000118086
2.66436e-05
0.0002595
0.000300868
0.000191343
0.000214283
0.000117647
0.0001719
2.73272e-05
9.99184e-05
0.000111788
0.000275393
0.000469027
0.000111179
0.000284192
2.55524e-05
3.17855e-05
0.000261638
0.000115399
0.000303587
0.000258584
3.29494e-05
3.6699e-05
1.72838e-05
0.000291162
0.00012392
0.000102535
0.000302341
2.05674e-05
0.000279671
0.000123055
7.27692e-05
0.000138732
0.000341327
1.22245e-05
7.05107e-05
0.000104837
0.000170025
1.22245e-05
0.000110887
0.000108414
0.000169307
5.72502e-05
0.00010747
6.08825e-05
5.80179e-05
6.87493e-05
1.22245e-05
0.000121785
9.10258e-05
9.16668e-05
6.26172e-05
4.60003e-05
0.000269195
1.96864e-05
0.000101875
0.000238556
8.19421e-05
0.000127287
3.9413e-05
0.000225329
8.69904e-05
9.65632e-05
5.22506e-05
0.000280754
7.41653e-05
0.000215239
0.000175091
0.000427737
0.000195589
0.000239682
0.000150479
0.000254556
0.000186632
4.51287e-05
1.62585e-05
2.87772e-05
4.35233e-05
9.92278e-05
7.44163e-05
2.38349e-05
7.04848e-05
6.43385e-05
4.49741e-05
0.00035656
7.0785e-05
1.62485e-05
0.000310681
0.000171348
0.000113233
7.75353e-05
0.000471302
2.3161e-05
1.63729e-05
4.14108e-05
3.96288e-05
4.25543e-05
0.000131822
4.77847e-05
5.57009e-05
0.000246739
6.75043e-05
0.000203119
6.50667e-05
0.000183628
1.9681e-05
6.90372e-05
0.000126733
0.000296584
0.0002961
0.000274375
6.09613e-05
2.88184e-05
0.000133978
7.2924e-05
0.000110533
9.48398e-05
6.68811e-05
0.000106611
0.000111175
0.000127066
2.87463e-05
0.000147668
0.000435535
0.000335518
0.000440383
7.44867e-05
1.22245e-05
0.000144122
0.000172392
0.00015877
0.000203758
1.22245e-05
0.00025014
1.22245e-05
2.71205e-05
0.000131902
2.42197e-05
0.000190583
0.00012843
2.948e-05
3.76821e-05
0.000440558
0.000236238
0.000275751
8.73476e-05
1.22245e-05
7.61882e-05
0.000264092
9.10958e-05
4.5344e-05
0.000281659
0.000110258
0.000133577
0.000214564
1.22245e-05
6.21459e-05
8.09218e-05
0.000113161
0.000241044
0.000193761
3.13869e-05
2.03669e-05
0.000140049
6.95469e-05
0.000298664
6.64199e-05
1.22245e-05
1.22245e-05
3.55999e-05
0.000312582
0.00011904
0.000245387
0.00058865
0.000416487
0.000183213
0.000152977
0.000176363
1.22245e-05
0.000159231
0.000147936
7.96123e-05
5.07648e-05
0.000141415
0.000129558
0.000138172
0.000195855
0.000307901
0.000199386
0.000159305
0.000273648
0.000114587
2.96662e-05
7.54319e-05
0.000638585
1.42415e-05
0.000159129
0.000110952
7.30179e-05
0.000122153
0.000341806
1.63495e-05
3.27394e-05
6.95527e-05
0.000168889
2.78317e-05
0.000119966
0.000100088
0.000126668
1.22245e-05
0.000104631
6.83511e-05
0.000169797
1.22245e-05
9.59961e-05
0.000184248
0.000138812
0.000192167
0.000580609
6.57111e-05
0.000226103
0.000104962
4.91208e-05
3.03173e-05
1.22245e-05
1.22245e-05
0.000375997
0.000334533
0.000151947
0.000291726
0.000117331
8.83664e-05
5.86737e-05
0.000258759
0.000167709
0.000125412
5.49608e-05
0.000130157
5.50215e-05
0.000143818
0.00042374
9.69172e-05
2.82541e-05
0.000157331
5.37341e-05
0.000296531
6.23562e-05
0.000403963
0.000402666
0.000111211
9.91906e-05
0.000133244
1.22245e-05
7.09786e-05
0.000455018
0.000240721
5.28829e-05
9.68804e-05
4.84925e-05
0.000159995
5.75903e-05
2.50496e-05
0.000990021
0.000335883
0.000135762
0.000493533
0.000160742
7.47088e-05
0.000108031
0.000101522
0.000587977
6.85637e-05
7.63062e-05
0.000133192
0.000192151
0.000218424
6.28676e-05
0.000387343
0.000164952
1.82554e-05
0.000246519
0.000478111
6.51815e-05
0.000304972
4.6813e-05
0.000270831
0.000402436
6.64325e-05
8.04305e-05
0.000131968
0.000112693
8.03304e-05
0.000429401
1.62585e-05
0.000136695
0.000114993
5.63157e-05
0.000330141
8.60377e-05
0.000191408
0.000100779
8.29304e-05
8.14619e-05
0.000167144
6.01304e-05
8.29591e-05
0.000120765
9.80708e-05
0.000134981
0.000291656
6.95591e-05
8.52455e-05
0.000145608
0.000290714
0.000191412
0.000265904
0.000452567
0.000402081
5.73765e-05
0.000317801
0.000101493
1.94124e-05
0.000490976
7.80554e-05
1.22245e-05
0.000273315
4.55366e-05
0.000265113
0.000105275
6.21148e-05
0.000119984
1.22245e-05
0.000136742
0.000502171
1.9487e-05
0.000107569
0.000187163
7.69199e-05
0.000269777
6.75893e-05
1.22245e-05
0.000241261
2.43936e-05
0.000147015
5.50481e-05
8.24767e-05
0.000196944
7.37815e-05
0.000145567
0.000104392
1.22245e-05
0.000516998
0.000204497
0.000102365
9.24556e-05
2.43267e-05
3.50804e-05
0.000150978
0.000166315
4.84855e-05
1.80328e-05
0.000396219
6.67485e-05
0.000280955
0.000149915
3.35588e-05
0.000269126
3.80879e-05
0.000142421
0.000836645
6.21806e-05
0.000451534
0.00014008
5.89833e-05
0.000110198
6.63947e-05
0.000426485
1.22245e-05
0.000118552
1.22245e-05
5.57788e-05
0.00043182
7.83348e-05
0.000112493
0.000215487
5.4574e-05
0.000258261
3.82983e-05
0.000231361
7.27665e-05
8.13154e-05
0.000114896
0.000117225
0.000433082
0.000185652
1.79559e-05
6.22248e-05
0.000308034
0.000136188
8.13984e-05
0.000283046
1.82756e-05
1.22245e-05
0.000161305
0.00011348
0.000103771
0.000333117
0.000166948
1.22245e-05
0.000176628
1.62585e-05
4.58931e-05
0.000150058
5.26937e-05
0.000346824
0.000368971
4.33325e-05
7.2046e-05
1.88731e-05
2.36305e-05
8.30931e-05
0.000138511
0.000139782
6.63386e-05
3.85653e-05
0.000233996
0.000125333
0.000119102
6.76807e-05
8.97995e-05
0.00056653
7.76535e-05
0.000165574
0.000222028
0.000253979
0.000172601
0.00030637
0.000479942
0.000185324
0.000142549
9.95239e-05
7.84206e-05
0.000236102
0.000160176
0.000472661
0.000326208
0.000151846
0.000238178
0.000232803
0.000309207
0.000557462
0.000206702
1.22245e-05
1.22245e-05
0.000193471
7.40561e-05
0.000223601
1.22245e-05
0.000215133
0.000140639
0.000325405
0.000376338
1.22245e-05
0.000139854
0.000151675
7.31238e-05
0.000468194
0.000155763
6.63623e-05
0.000212895
2.00971e-05
0.000187972
0.000112921
0.000154046
3.21158e-05
5.33613e-05
0.000183697
1.82756e-05
7.52216e-05
9.41925e-05
6.28418e-05
6.28795e-05
0.000206127
0.000197833
0.000243515
6.23086e-05
4.69365e-05
0.000106344
0.000618578
0.000417601
0.000151204
0.000287507
8.26804e-05
0.00014045
0.000205493
3.52358e-05
0.00011606
7.5357e-05
0.000152449
8.22032e-05
9.11026e-05
7.84117e-05
0.000111871
0.000236145
0.000467601
0.000105983
0.00010557
5.37387e-05
0.000212057
7.23313e-05
0.00044131
0.000118474
8.92999e-05
0.000210955
7.60936e-05
0.000367726
0.00015153
0.000386762
0.000277625
1.22245e-05
0.000501923
0.000120733
0.00046161
9.32925e-05
0.000452488
0.000250033
0.000167982
7.06768e-05
7.73405e-05
9.57121e-05
6.57828e-05
5.09555e-05
0.000236706
0.000173296
7.98569e-05
0.000329871
0.000135695
4.95922e-05
2.89897e-05
1.22245e-05
0.0004139
7.43648e-05
4.38085e-05
2.4377e-05
2.95088e-05
0.000125422
1.22245e-05
0.000142883
0.000338489
9.80424e-05
1.22245e-05
0.000108901
0.00010555
0.000196704
0.000417546
9.04313e-05
0.000218923
0.000109493
0.000203064
0.000206257
0.000177082
0.000191824
8.07604e-05
0.000205676
4.76369e-05
0.000109995
6.84313e-05
0.000178603
4.51914e-05
4.0467e-05
6.68288e-05
0.000133728
1.22245e-05
0.000106548
4.74637e-05
0.000257885
0.000206663
0.000173406
3.88052e-05
0.000269447
0.000333061
5.37969e-05
8.79549e-05
0.000171508
0.000102273
0.00011697
4.39889e-05
0.000164635
1.22245e-05
1.83249e-05
0.00011863
0.000304574
0.000262753
3.05817e-05
1.67612e-05
0.000169076
7.15893e-05
4.13697e-05
1.62585e-05
6.71374e-05
0.000177088
0.000129369
0.000115082
0.00026689
9.02331e-05
2.9416e-05
6.92757e-05
0.000197168
0.000237938
0.000445961
0.000768384
1.22245e-05
0.000383415
0.000493426
0.000118769
0.000223061
0.000243248
0.000488138
8.05205e-05
8.97995e-05
0.00010239
8.72077e-05
4.96857e-05
8.1001e-05
0.000271698
1.22245e-05
3.22138e-05
3.98123e-05
5.71507e-05
0.000750813
0.000122005
5.51797e-05
8.88171e-05
8.58809e-05
3.11508e-05
8.78333e-05
7.50041e-05
4.75249e-05
5.70948e-05
4.46419e-05
0.000133621
0.000139672
0.000120725
0.000150963
0.000210755
3.34004e-05
0.000258841
6.64294e-05
0.000316612
1.22245e-05
0.000133172
0.0005491
6.3337e-05
0.000312421
0.000106785
9.17392e-05
1.22245e-05
8.68261e-05
0.000171507
0.00039689
0.000170123
2.4202e-05
0.000119836
6.98758e-05
0.000214769
2.54806e-05
0.000354628
1.22245e-05
0.000145745
0.000302739
7.97191e-05
1.22245e-05
3.31963e-05
0.000553768
0.000187029
0.000128862
0.000307206
0.000288977
0.000261452
1.22245e-05
7.06986e-05
0.000131296
0.000312973
0.000412115
0.000704627
1.22245e-05
5.63774e-05
5.27424e-05
7.4029e-05
0.000257517
0.000118729
0.000171394
0.000278977
5.78255e-05
9.37261e-05
1.42415e-05
0.000114425
4.17973e-05
1.22245e-05
0.000111688
0.000148771
0.000222602
0.000285988
0.000246148
0.00030913
0.000243131
8.33044e-05
1.22245e-05
0.000462455
1.22245e-05
1.83967e-05
0.000191921
0.000175662
0.000131539
6.28137e-05
0.000142852
8.76062e-05
5.00256e-05
4.1931e-05
0.000299589
0.000238719
2.86277e-05
1.22245e-05
0.000431356
0.000584427
9.95502e-05
9.31506e-05
0.00012716
0.00015048
4.22883e-05
0.00014765
0.000140413
7.15275e-05
0.000150962
5.04447e-05
2.42521e-05
0.000279757
0.000347208
6.50848e-05
3.56894e-05
0.000344295
0.000103922
0.000306317
5.53297e-05
0.000233069
0.000208739
8.27164e-05
0.000410381
0.000241536
9.88315e-05
0.000169835
0.000179499
2.31853e-05
0.00037283
0.000124858
0.000385439
0.000338597
0.000206371
0.000214723
7.45564e-05
7.98852e-05
0.000131196
3.30839e-05
0.000230064
1.22245e-05
0.000173705
1.22245e-05
7.79521e-05
1.39534e-05
2.30852e-05
0.000190951
1.66111e-05
0.000169105
2.42618e-05
0.000150152
1.22245e-05
6.42286e-05
0.000100807
0.000128984
0.00040281
0.000486046
0.000359249
1.22245e-05
0.000507268
0.000847848
0.000331049
1.62585e-05
0.000235701
9.30747e-05
0.000126634
4.03272e-05
0.000396794
1.22245e-05
5.55729e-05
2.30575e-05
1.22245e-05
0.000313853
9.63493e-05
0.000132401
0.000276067
0.000335817
4.06161e-05
1.22245e-05
0.000127546
0.000162315
4.91164e-05
0.000268056
0.000110792
0.000404746
0.000123241
3.00721e-05
2.71605e-05
0.00017759
0.000614655
4.77336e-05
0.00031537
0.000476875
0.000378297
0.000428808
3.61247e-05
0.000187444
0.000155929
1.525e-05
4.54834e-05
0.000198339
8.84295e-05
0.000268049
1.22245e-05
0.000145891
5.77538e-05
0.000187844
1.22245e-05
5.35478e-05
9.37114e-05
0.000503552
0.000238952
1.22245e-05
0.000190915
0.000123969
0.000217788
0.000253752
1.22245e-05
0.000178856
0.000113183
0.000505399
0.000103533
9.39431e-05
2.57505e-05
2.08338e-05
0.000240642
0.000509912
2.2531e-05
1.48643e-05
3.08093e-05
0.000101852
8.71663e-05
0.00023705
0.000292909
0.000190759
0.00016557
1.22245e-05
0.000114364
0.000497638
0.000494501
2.93349e-05
0.000733601
0.000397895
5.25502e-05
3.23036e-05
2.74631e-05
6.6536e-05
7.92412e-05
0.000125402
4.34426e-05
0.000220739
9.76104e-05
0.000189001
0.000143519
0.000247631
3.60675e-05
0.000540835
0.000105877
0.000233084
0.000215776
0.000833604
7.85587e-05
1.22245e-05
2.44056e-05
7.6022e-05
0.000379866
0.000194923
0.000156818
0.000356234
1.22245e-05
0.00018886
1.22245e-05
7.85084e-05
0.000130849
0.000265961
0.000140633
0.000434798
0.000340825
1.22245e-05
4.80531e-05
0.000113851
4.95342e-05
6.70427e-05
0.00011575
0.000626612
0.000407612
0.000101441
0.000110704
0.000183816
8.13732e-05
8.92536e-05
6.91854e-05
7.22634e-05
0.000226667
0.0001424
7.26051e-05
0.000143981
0.000163145
9.2981e-05
0.000177384
4.55148e-05
0.000182423
0.000235076
0.000243373
2.26811e-05
0.000215283
0.000171941
8.26529e-05
1.22245e-05
0.000245791
0.000224066
0.000126865
6.81761e-05
6.3858e-05
4.6161e-05
5.67091e-05
0.000108004
5.11588e-05
6.27825e-05
4.8062e-05
7.48093e-05
0.000292478
8.65496e-05
0.000147841
1.22245e-05
0.000269351
4.29083e-05
0.000134757
7.76345e-05
6.77848e-05
6.02769e-05
3.10658e-05
0.00031865
0.000131231
0.000280595
0.000220665
0.000126991
0.000382476
0.000212413
0.000228539
1.22245e-05
0.000315805
0.000241487
4.10112e-05
0.000212594
6.83733e-05
0.000116177
9.17024e-05
0.000141165
0.000162599
0.000191706
7.13073e-05
3.19182e-05
4.17023e-05
0.000134511
3.58487e-05
0.000129958
6.25328e-05
0.000249816
0.000396544
0.000326115
0.000560911
0.000125254
9.48784e-05
0.000549171
0.000438388
6.98463e-05
1.22245e-05
0.00010419
0.000159114
0.000157834
4.89549e-05
8.60936e-05
1.62585e-05
1.46449e-05
8.81462e-05
9.54693e-05
3.71498e-05
1.22245e-05
0.000230517
0.000331824
0.000140802
0.000168968
0.000207539
0.000583063
0.000282224
9.0046e-05
5.4421e-05
0.000312973
8.08016e-05
4.60036e-05
0.000110776
5.25904e-05
0.00013231
5.21496e-05
8.88173e-05
0.000274252
0.000144044
4.22489e-05
0.000183848
0.000119691
0.000125813
0.000282946
6.42741e-05
5.33613e-05
1.22245e-05
0.000156112
9.558e-05
1.22245e-05
0.000280923
0.000243683
4.73736e-05
5.35759e-05
0.000172148
0.000139519
0.000816941
1.22245e-05
4.34157e-05
0.000199401
0.000522154
0.000139264
0.000393641
0.000291914
6.03177e-05
0.000203822
1.22245e-05
9.28796e-05
0.000177451
0.000138864
5.4266e-05
0.000185359
0.000160135
0.000160061
1.22245e-05
4.05295e-05
5.11179e-05
0.000207875
0.000150908
4.62064e-05
1.22245e-05
0.000277033
2.42197e-05
0.000468721
0.000201892
0.000205875
0.000465803
0.000117795
1.525e-05
3.08868e-05
0.000183223
0.000393103
9.07708e-05
0.000293542
0.000186126
0.000245793
6.78807e-05
0.000153267
0.000724046
7.98561e-05
5.37969e-05
0.000108031
0.000105655
0.000216671
0.000148986
0.000373493
1.22245e-05
0.000141661
7.25345e-05
2.19529e-05
3.2592e-05
4.35747e-05
6.14662e-05
2.37319e-05
0.000243859
1.22245e-05
0.000615732
0.00010653
0.000230859
1.46449e-05
0.00076238
0.000116099
0.000146738
4.88243e-05
1.96345e-05
9.12104e-05
0.000205663
3.39278e-05
2.2022e-05
0.000362925
0.000159616
0.000109666
0.000154047
3.60047e-05
4.63857e-05
1.22245e-05
6.0188e-05
0.000121698
0.000179826
0.000193774
2.2853e-05
0.000136499
0.000191976
3.79959e-05
1.22245e-05
1.62585e-05
6.42496e-05
4.3162e-05
2.31664e-05
0.000182359
0.000217321
0.000102653
0.000121306
3.17855e-05
0.000208218
4.44074e-05
0.00010512
4.41882e-05
0.000255606
0.000141426
4.70907e-05
8.19054e-05
0.000109781
0.000216588
0.000135994
0.000131988
0.000285376
0.00017744
4.22021e-05
1.22245e-05
9.71197e-05
9.61632e-05
1.22245e-05
1.22245e-05
0.000219983
7.17988e-05
6.79252e-05
0.000413031
2.90421e-05
7.21639e-05
6.89345e-05
0.000114593
0.000114792
0.000257182
2.44019e-05
4.10807e-05
3.4238e-05
0.000211221
0.00010986
0.000280616
0.00109424
0.000465013
0.000126672
0.000570642
0.00017848
1.22245e-05
0.00015334
0.000255144
1.22245e-05
0.000268116
0.000200988
6.63146e-05
0.000155484
0.000164299
1.72206e-05
0.000113346
2.57505e-05
7.58691e-05
1.22245e-05
0.000195561
0.000147426
9.61329e-05
0.000119521
6.24982e-05
3.831e-05
0.000161326
0.000486382
0.00020086
0.000195393
4.60832e-05
0.000107062
9.4739e-05
2.39838e-05
0.000192255
1.22245e-05
1.22245e-05
0.00020272
1.22245e-05
0.000135372
0.000248599
2.83893e-05
3.80088e-05
3.64769e-05
0.000119178
0.000188965
5.97582e-05
0.000505728
0.000109644
4.1995e-05
8.21415e-05
0.00010869
0.000125338
8.81691e-05
4.6035e-05
0.000537724
3.38285e-05
0.000167236
1.22245e-05
0.000168935
0.000172522
0.000154867
8.34028e-05
8.24074e-05
0.000170488
1.22245e-05
0.000143439
0.000169876
0.000131151
0.000410788
0.00012746
0.000110157
0.00022061
4.00605e-05
1.22245e-05
6.53874e-05
0.000408368
9.34813e-05
0.000332215
0.000252222
1.22245e-05
0.000354984
0.00022211
0.000117463
0.000114353
8.65584e-05
0.000136711
6.78348e-05
0.000118023
6.22689e-05
0.000233537
1.22245e-05
0.000252897
0.000216039
2.56952e-05
0.000169012
0.000282253
1.22245e-05
0.00010153
0.000438019
6.61756e-05
2.466e-05
4.49939e-05
0.000120765
3.29627e-05
0.000293125
9.40425e-05
6.83825e-05
0.000419612
4.79241e-05
8.22032e-05
6.81347e-05
0.000333046
1.22245e-05
0.000153206
0.000548341
0.000168045
0.000480599
1.78118e-05
7.1998e-05
2.80243e-05
0.000231709
3.89955e-05
0.000137794
5.69226e-05
8.91999e-05
6.24724e-05
0.000246984
7.10306e-05
9.14437e-05
0.000211085
0.000211387
5.8003e-05
0.000360583
0.000147204
0.000173281
1.22245e-05
4.89068e-05
0.000255376
9.80072e-05
0.000144251
9.85575e-05
7.91698e-05
0.000283131
0.000183133
1.22245e-05
1.93709e-05
0.00026723
8.47693e-05
3.37019e-05
1.82756e-05
0.0002101
4.71042e-05
1.22245e-05
0.000375902
7.60144e-05
0.000306745
9.19375e-05
3.9601e-05
0.0002376
4.2895e-05
0.000121285
0.000456651
0.000217514
2.72135e-05
0.000137275
0.000597806
7.99173e-05
0.000314182
8.19757e-05
0.000136389
0.000188459
0.000365673
0.000178587
1.22245e-05
5.60664e-05
1.62585e-05
5.42823e-05
6.97826e-05
1.97702e-05
0.000119002
0.000104562
0.000213216
5.76964e-05
6.07239e-05
7.62591e-05
3.01503e-05
0.000180772
0.000222216
5.50693e-05
0.000136729
0.000310332
6.5244e-05
1.22245e-05
1.22245e-05
4.11034e-05
0.000102369
0.00029461
0.000148731
0.000144896
0.000175389
1.93658e-05
0.000220257
1.78197e-05
0.000125328
0.000191591
5.04152e-05
2.04924e-05
4.21187e-05
1.22245e-05
0.000143124
3.4124e-05
2.79437e-05
5.23755e-05
0.000137691
2.84115e-05
0.000198645
0.000239087
0.000488341
0.000233596
0.000253362
0.000330683
7.52106e-05
0.000129153
0.000170946
5.17887e-05
3.93613e-05
1.22245e-05
1.82756e-05
4.9967e-05
7.90622e-05
0.000117101
0.000303942
0.000244382
0.000410866
0.000156574
4.46886e-05
0.000284189
1.22245e-05
0.000486871
0.00018204
7.56793e-05
0.000323927
0.000145053
7.53426e-05
8.69241e-05
7.26816e-05
0.000110447
0.000338565
4.31584e-05
0.000370555
8.26492e-05
0.00041825
1.22245e-05
9.67243e-05
3.98726e-05
8.17758e-05
9.93354e-05
0.000301229
0.000764635
1.22245e-05
0.000212209
0.00017026
0.000154913
1.82756e-05
0.000218388
9.74417e-05
1.22245e-05
8.18545e-05
5.96941e-05
1.5244e-05
4.96986e-05
4.8302e-05
1.62585e-05
8.99716e-05
0.000135689
1.22245e-05
0.000148298
1.22245e-05
4.02937e-05
0.000271504
0.000192078
6.71898e-05
2.33224e-05
0.000186836
0.000151649
0.000359124
0.000441153
0.000202393
5.24699e-05
4.35937e-05
0.000235446
0.000152618
0.000181461
0.000293529
0.000119174
0.000119335
0.000101708
0.000914897
0.000207374
0.000116656
0.000166902
0.000258319
0.000124241
8.56818e-05
9.39049e-05
0.000121585
5.55202e-05
1.22245e-05
0.000198335
0.00013614
0.000243566
5.59529e-05
0.000213961
0.000287199
0.000151261
0.000342437
0.000142244
0.000187553
7.2288e-05
9.41835e-05
0.000117364
0.000230696
0.000377403
6.2284e-05
8.19304e-05
1.22245e-05
0.000326636
0.000166536
0.000285442
0.000107119
0.000276399
0.000286655
2.17224e-05
3.31801e-05
0.000178687
8.89516e-05
0.000202507
2.61671e-05
0.000139333
0.000112627
1.62585e-05
2.03629e-05
0.000213734
1.22245e-05
2.02013e-05
0.000149049
1.22245e-05
0.00016252
0.000165107
0.000146809
3.98577e-05
1.67612e-05
0.00014768
0.000166775
0.000322574
0.000258202
2.50665e-05
2.73016e-05
0.000145315
0.00025028
4.64715e-05
0.000129522
2.41416e-05
0.000305222
4.43181e-05
0.000135243
0.00021785
7.75644e-05
3.67439e-05
0.000214197
0.000115418
0.000104579
9.17349e-05
0.000365505
0.000351743
0.000205826
6.29746e-05
0.000153571
0.000117968
7.46905e-05
0.000189862
2.75741e-05
9.9734e-05
7.34126e-05
0.000262651
0.000428609
0.000307856
4.84964e-05
9.95059e-05
3.90518e-05
0.000103073
9.33236e-05
1.22245e-05
1.4696e-05
5.07971e-05
0.000233596
5.36976e-05
0.000341702
0.000264716
6.32468e-05
0.000156671
3.80611e-05
1.525e-05
2.42521e-05
0.000146287
4.86603e-05
5.40194e-05
8.16601e-05
0.000188517
9.03438e-05
7.77575e-05
0.000170851
8.23102e-05
0.000139747
4.96648e-05
7.79187e-05
0.00016037
6.18584e-05
0.000233985
0.000138835
1.22245e-05
0.000164418
1.22245e-05
4.32996e-05
3.38241e-05
0.000308824
0.000162743
5.32688e-05
0.000151303
5.83066e-05
0.0007045
0.000146638
0.000269797
0.000281596
0.000331477
1.22245e-05
0.00015833
0.00011016
0.000199614
0.000199418
0.000173651
0.000259856
0.000307936
1.22245e-05
0.000194104
2.82802e-05
0.000243814
0.000125676
0.00022994
0.000195353
0.000299571
8.80272e-05
0.000142541
5.95606e-05
8.78797e-05
1.22245e-05
0.000149443
0.000339042
5.34661e-05
0.000123085
0.000192651
0.000198044
2.8539e-05
3.10129e-05
1.22245e-05
0.000363502
6.48414e-05
5.2266e-05
0.000107954
0.000162362
0.000248554
6.41432e-05
0.000113998
0.000115566
3.52373e-05
0.00031877
5.58141e-05
0.000219193
9.71573e-05
5.54265e-05
8.28034e-05
0.000168123
0.000183794
8.17175e-05
0.000263549
0.000319816
0.000184562
2.23562e-05
1.62585e-05
0.000120841
0.000183828
0.000154521
3.77158e-05
3.21725e-05
2.53122e-05
6.96051e-05
0.00062322
0.000218352
0.000121311
0.000191031
0.000122009
0.000141148
0.000112525
0.000187764
0.000237288
0.000184016
0.000272043
0.000143945
0.000129534
0.000139835
0.000131337
4.86782e-05
9.59363e-05
0.000215498
0.000362481
7.05836e-05
0.000114851
5.06759e-05
9.33703e-05
9.31257e-05
0.00044198
0.000245393
0.000370046
0.000353511
0.000312889
1.22245e-05
0.000362657
0.000148092
0.000287282
0.00010547
7.47327e-05
0.000319187
0.000132466
3.2404e-05
0.000225108
0.000187348
0.000137359
0.000368485
4.35907e-05
0.000305418
1.22245e-05
0.000410007
1.22245e-05
0.000107749
4.16248e-05
1.22245e-05
3.7309e-05
0.000103443
1.22245e-05
0.000325085
0.000224225
0.000241081
0.000125282
3.18376e-05
1.75041e-05
0.000191405
0.00022967
0.000146636
0.00021
0.000249427
0.000155078
7.84629e-05
5.44139e-05
0.000144885
2.73323e-05
0.000173239
1.22245e-05
0.000197607
0.000219912
0.000187699
1.64719e-05
0.000115876
2.82491e-05
0.000103222
0.000287314
4.89531e-05
0.000130449
0.000281425
5.44381e-05
0.00022669
0.000114726
0.000233664
0.000285428
1.525e-05
0.000581529
0.000356043
0.000173354
2.33224e-05
9.88944e-05
0.000141964
0.000480509
3.81838e-05
4.33293e-05
0.000110533
0.000129591
0.000180826
8.9118e-05
6.07507e-05
0.000336614
6.78265e-05
4.33293e-05
0.00033057
0.000222566
0.000126211
0.000268347
4.0518e-05
0.000276515
5.80835e-05
0.000287775
0.000142752
4.36271e-05
5.95062e-05
1.86427e-05
6.88468e-05
0.000218209
0.00122524
2.72536e-05
1.22245e-05
0.000493012
0.000252119
4.03929e-05
0.000336733
1.22245e-05
1.22245e-05
1.22245e-05
0.000248704
8.73036e-05
0.000144752
0.000184687
0.000129578
0.000165844
8.73577e-05
0.000192568
7.69679e-05
0.000160627
7.45485e-05
0.000118104
0.000185384
0.000164252
6.53289e-05
0.000306835
1.22245e-05
5.93811e-05
7.15876e-05
6.94636e-05
0.000141704
1.22245e-05
8.97569e-05
0.00027216
0.000155754
1.22245e-05
7.83748e-05
0.00018702
3.03271e-05
7.82997e-05
0.000153094
0.000390848
0.000283527
0.000636811
3.05105e-05
4.0426e-05
0.000127609
1.22245e-05
2.13677e-05
0.000136205
0.000281171
0.000240498
9.28378e-05
5.61437e-05
0.000194697
0.000184587
3.63115e-05
8.84584e-05
9.24331e-05
0.000383171
1.22245e-05
0.000115008
4.23025e-05
8.20533e-05
4.80284e-05
0.000178698
0.000119305
1.62585e-05
0.000441805
7.3293e-05
5.81211e-05
0.000120825
0.000232407
7.57317e-05
1.22245e-05
0.000109675
0.000222189
3.64696e-05
2.53625e-05
4.46076e-05
0.00010815
1.22245e-05
8.66675e-05
0.000158976
1.22245e-05
1.22245e-05
0.000890174
5.18627e-05
0.000188066
0.000160656
0.000101469
6.75692e-05
0.000279829
2.43267e-05
1.22245e-05
0.000234832
0.000420371
9.30349e-05
0.000171336
9.54039e-05
0.000351596
9.16231e-05
0.000131845
5.01541e-05
0.000132917
2.82981e-05
0.00024154
0.000155254
0.000141331
6.39427e-05
1.70955e-05
4.70301e-05
0.000180794
5.88673e-05
0.000127957
5.12125e-05
0.000290204
7.86058e-05
0.000109191
0.000147077
6.59721e-05
0.000119778
0.000229937
6.17277e-05
6.6591e-05
7.72155e-05
0.000108974
0.000392424
9.57283e-05
6.06288e-05
1.22245e-05
0.000125948
0.000526746
0.000168142
3.25015e-05
5.82348e-05
7.32767e-05
3.42896e-05
1.22245e-05
1.22245e-05
0.000277935
0.000179307
0.000287327
3.80422e-05
5.57128e-05
0.0003687
0.000443042
0.000109074
0.00044072
8.20021e-05
3.16694e-05
0.000326764
7.78658e-05
0.000300569
2.50803e-05
9.98264e-05
0.000198572
0.000138804
8.65869e-05
1.22245e-05
0.000101413
0.000283169
0.000314824
0.000235944
9.44362e-05
0.000110448
7.7785e-05
0.000328759
0.00015843
0.000124468
0.000452397
0.000380492
0.000210726
0.000500084
0.00010381
5.85046e-05
6.39493e-05
6.76937e-05
0.000286489
7.82693e-05
1.62585e-05
0.000229818
3.83421e-05
0.000190086
0.000116961
4.08324e-05
0.000239741
0.000452779
1.82756e-05
8.15785e-05
0.000142881
6.80665e-05
3.05573e-05
3.0844e-05
0.000173263
2.40435e-05
0.0003001
1.22245e-05
2.24667e-05
1.22245e-05
2.88053e-05
1.82453e-05
0.000294253
4.21632e-05
5.16437e-05
0.000259832
9.54124e-05
0.000111911
5.84428e-05
0.000143485
0.000239546
0.000164027
0.000183461
0.000213942
0.00023898
0.000304503
0.000136446
0.000129543
2.26492e-05
1.22245e-05
0.000344188
1.22245e-05
0.0001264
9.81226e-05
0.000146695
4.85685e-05
7.21389e-05
0.000116019
0.000149007
1.525e-05
9.01901e-05
2.31853e-05
0.000462568
0.000406749
1.96322e-05
0.000139826
0.00034627
0.000308497
0.000348999
3.70378e-05
3.79789e-05
0.000233996
5.54265e-05
0.000305007
9.76965e-05
0.000107758
1.22245e-05
0.000122832
0.000251049
0.000161149
1.22245e-05
0.000103461
0.000386339
0.000245318
6.94636e-05
0.000103467
0.000315788
5.3597e-05
0.000182989
0.000177916
8.92057e-05
1.22245e-05
0.000263397
1.22245e-05
9.72163e-05
1.46449e-05
0.000187466
0.0001029
0.000208724
0.000221424
0.00060889
0.000321481
1.22245e-05
4.33519e-05
5.4809e-05
0.00020023
4.31587e-05
0.000207825
8.23226e-05
0.000710874
0.000436917
1.93658e-05
9.8801e-05
2.31664e-05
0.000159384
1.22245e-05
7.09247e-05
0.00031533
0.000119021
5.54615e-05
0.000363037
0.000104581
0.000343623
8.92846e-05
0.000225254
4.17909e-05
0.000208333
2.04157e-05
0.000455421
0.000313088
9.02822e-05
1.22245e-05
0.000270784
0.00011708
6.31176e-05
0.00011089
0.000466762
0.000104099
7.84085e-05
0.000157038
3.01492e-05
9.49604e-05
1.22245e-05
0.000123907
0.000122212
0.000196658
3.67142e-05
0.000165287
0.000321918
0.000222311
7.69523e-05
4.29436e-05
0.000267087
2.04365e-05
1.22245e-05
6.38056e-05
0.00013321
8.44093e-05
0.000566321
0.00021562
1.22245e-05
5.34834e-05
0.000161088
0.000161094
0.000394781
0.000340187
0.000180781
0.000390169
0.000130656
7.92456e-05
6.91495e-05
0.000165988
4.62466e-05
0.000113351
0.000125422
0.0001535
0.000234824
0.000128676
7.24251e-05
0.000482084
0.000393298
2.22292e-05
1.22245e-05
0.000104475
7.08347e-05
4.94285e-05
5.29121e-05
1.22245e-05
0.000166108
6.14803e-05
8.85328e-05
5.42687e-05
0.000203504
0.000265213
0.000231591
2.19377e-05
0.000404927
9.0087e-05
7.52157e-05
0.000145835
0.000206685
1.22245e-05
0.000303846
0.000202261
1.42415e-05
9.35198e-05
0.000200835
0.000217932
2.17053e-05
7.43079e-05
0.000181165
0.000630045
0.000120708
0.00010453
0.000105472
0.0009689
0.000183813
0.000115011
2.32879e-05
0.000307036
0.000395701
6.63103e-05
1.22245e-05
0.0002875
0.000207667
0.000161181
0.000364915
2.24083e-05
0.000206081
4.03685e-05
0.000308486
3.80377e-05
0.000182964
0.000156038
4.12167e-05
0.000123907
0.00012049
0.000183532
0.000139212
0.000279789
0.000275975
1.22245e-05
0.000258672
7.38649e-05
8.26804e-05
1.22245e-05
0.000101075
0.000193005
0.000336255
0.000114108
5.95282e-05
0.000304989
0.000152248
4.98079e-05
8.74847e-05
0.000243283
0.000271165
0.000504169
7.79346e-05
6.89508e-05
0.00015242
0.000203868
0.000149685
0.000199734
1.22245e-05
0.000284664
1.22245e-05
1.525e-05
0.000113691
3.5143e-05
0.000442872
1.22245e-05
0.000101384
1.22245e-05
9.17392e-05
0.000202892
1.22245e-05
0.000121877
0.00022583
0.000209567
1.22245e-05
1.22245e-05
0.000649475
0.000499234
9.94632e-05
3.56293e-05
0.000336165
0.000112429
0.000118874
2.24055e-05
1.22245e-05
0.000205381
1.22245e-05
3.11225e-05
0.000259489
0.000182665
0.00013846
0.000122019
0.000168533
5.82484e-05
8.58347e-05
2.99569e-05
0.000114617
0.000108649
0.000108262
0.000106762
0.000276973
8.24007e-05
0.000123267
0.000165923
0.000401612
1.22245e-05
0.00017515
0.000459967
7.08206e-05
9.19661e-05
7.76771e-05
0.000311472
0.000136788
0.000102712
0.000121471
4.4473e-05
2.79672e-05
0.000311266
1.22245e-05
6.63879e-05
6.74055e-05
4.47161e-05
4.27319e-05
1.22245e-05
0.000126134
0.000107339
0.000167137
6.89416e-05
1.22245e-05
1.22245e-05
0.000110784
0.000283826
0.000177333
0.000211496
8.42623e-05
5.13308e-05
6.52147e-05
6.90372e-05
1.22245e-05
0.000409471
1.22245e-05
0.000114726
0.000575406
0.000173289
5.95512e-05
9.72506e-05
1.82756e-05
0.00019954
0.000342918
8.2965e-05
8.39479e-05
2.70215e-05
8.70146e-05
8.23319e-05
0.000191088
0.00089564
0.000226135
0.000124309
4.83182e-05
0.000307815
0.000249879
0.00022793
0.000397386
0.000138183
9.91949e-05
0.000119371
0.000219764
0.000130401
2.25189e-05
6.72724e-05
0.00027637
0.000203981
8.95532e-05
0.000213035
0.000235808
0.000139986
0.00020341
0.000304693
3.72543e-05
0.000234873
2.43267e-05
7.729e-05
4.2894e-05
6.48414e-05
0.000144787
3.73055e-05
2.37852e-05
4.2188e-05
6.46424e-05
1.22245e-05
8.40566e-05
0.000306002
0.000166489
0.000112794
9.95538e-05
0.000134546
0.000324742
7.00825e-05
0.000250832
3.73171e-05
7.53731e-05
0.000145739
0.000571442
0.000232111
0.000410636
4.67072e-05
4.87845e-05
8.81734e-05
0.000227466
1.22245e-05
1.22245e-05
0.000359557
0.000378358
0.000120101
0.000230012
0.000150465
2.04365e-05
0.000104472
0.000101343
0.000130596
7.56602e-05
0.000117966
0.000140856
5.38787e-05
0.000124418
0.000182695
0.00017612
5.71046e-05
2.49284e-05
0.000374528
0.000128986
4.4696e-05
0.000146538
2.53623e-05
0.000204635
0.000338777
1.22245e-05
8.65768e-05
0.000110456
0.000201486
5.39532e-05
0.000295621
1.82756e-05
0.000155349
9.09688e-05
4.55066e-05
3.21453e-05
7.3442e-05
2.47217e-05
8.22247e-05
0.000286745
0.00015819
8.08435e-05
0.000109152
0.000270158
8.42441e-05
0.000140481
3.17208e-05
0.000134397
0.000150959
8.75725e-05
0.000170891
0.00015274
0.000104031
0.000193085
0.000332563
2.31853e-05
7.60824e-05
5.6587e-05
0.000482593
9.954e-05
8.21415e-05
9.12864e-05
0.000245211
0.000308262
2.81933e-05
9.48126e-05
0.00013336
3.11578e-05
0.000119008
5.1938e-05
0.000208933
0.000284198
0.000119894
8.10134e-05
0.000228897
1.72621e-05
5.37282e-05
0.000190588
9.08417e-05
0.000128291
0.000205203
0.000218691
0.000112066
4.95103e-05
1.22245e-05
5.24625e-05
0.000196162
4.84534e-05
0.000136784
9.89154e-05
8.22471e-05
0.000331247
0.000226615
0.000148734
2.15961e-05
0.000112446
6.51027e-05
0.00010125
0.000199892
3.10586e-05
0.000145175
0.000305584
0.000138926
7.8913e-05
6.74206e-05
0.00023872
0.00020331
0.000238076
0.00024783
0.00019653
9.9764e-05
0.000336082
0.000180608
7.67134e-05
3.98673e-05
0.000119134
2.49284e-05
0.000137812
7.50447e-05
1.22245e-05
0.000198221
2.88992e-05
0.000209014
0.000120324
9.34208e-05
0.000317327
1.22245e-05
9.67524e-05
0.000376834
0.000142911
1.22245e-05
0.000156798
5.90487e-05
9.77352e-05
1.62585e-05
0.000154425
0.000177431
0.000138017
2.84006e-05
7.02129e-05
1.22245e-05
2.00133e-05
4.91722e-05
0.000302411
7.48495e-05
0.000269548
0.000229347
0.000144042
0.000181262
7.65537e-05
0.00021952
1.22245e-05
0.000137301
0.000366388
0.000281175
0.000325644
4.92343e-05
0.000183167
0.000513468
2.44019e-05
0.000269789
4.58335e-05
1.22245e-05
4.48403e-05
0.000208686
0.000126977
0.000191485
0.00035477
0.000206897
0.000101866
0.000133248
0.000165455
0.000434591
0.000371382
0.000273418
0.000125738
5.38247e-05
0.000315177
1.22245e-05
0.000187913
8.0461e-05
8.70426e-05
0.000149134
5.26937e-05
0.000240317
0.000176983
7.00402e-05
0.000390684
0.000216312
0.000106805
0.000112545
0.00018145
4.094e-05
0.000156625
5.72671e-05
1.22245e-05
7.24274e-05
1.22245e-05
0.000189189
0.000297718
0.00018486
0.000126911
0.000129971
0.000317626
0.000140908
3.91129e-05
0.000217902
0.000280787
0.000288691
0.000154178
0.000106342
0.000260139
0.00033128
0.00010187
5.64914e-05
0.000158945
4.47798e-05
8.13038e-05
8.56598e-05
0.000300867
8.29179e-05
1.22245e-05
0.000179745
7.28561e-05
0.000155772
0.000173285
0.00013313
0.000166403
4.82624e-05
0.000203651
1.22245e-05
3.85421e-05
1.22245e-05
6.16169e-05
0.000184126
0.000191998
0.000282251
0.000152498
4.66718e-05
8.98618e-05
0.000221172
1.525e-05
3.89874e-05
0.000430179
1.22245e-05
0.000131957
6.45304e-05
5.25961e-05
0.000100834
7.16879e-05
0.000219208
0.000100139
0.000207809
1.22245e-05
2.49676e-05
0.000144491
0.000162099
0.000175732
0.000200847
0.000107132
0.000144968
1.22245e-05
0.000170467
5.02249e-05
0.000242236
0.000590083
9.79996e-05
5.19304e-05
0.000194788
0.00017206
3.75255e-05
0.000189865
2.09189e-05
7.31274e-05
0.000304758
0.000191973
0.00056491
1.22245e-05
0.000124617
9.00969e-05
2.91602e-05
7.99623e-05
6.90517e-05
6.22875e-05
8.11801e-05
0.000519527
0.000135177
0.000176741
6.19169e-05
7.98976e-05
2.77439e-05
0.000182379
0.000117273
1.87069e-05
8.17528e-05
7.3059e-05
0.000133427
0.000192737
0.000154106
0.000392785
0.000110753
7.27108e-05
0.000238016
0.000113456
0.000240478
7.42592e-05
0.000245836
0.000109706
1.22245e-05
0.000320864
0.000156386
5.60114e-05
0.000113451
9.27622e-05
0.000238975
0.000360631
0.000310342
0.000686488
0.000230104
0.000150406
6.33945e-05
0.000113204
0.000235209
0.000324434
0.000134246
7.45481e-05
0.000160708
0.000109672
0.000135532
5.42411e-05
0.000164174
0.000107943
0.000403857
8.58338e-05
9.55522e-05
8.94332e-05
0.000152607
5.82687e-05
0.000213504
0.000258302
8.77381e-05
9.57764e-05
0.000283224
0.000109222
0.00026043
0.000138052
8.84167e-05
9.91866e-05
2.54424e-05
2.2022e-05
0.000361873
0.000276602
0.000108178
7.53782e-05
0.000305627
0.000163511
4.08324e-05
0.000134755
0.000122242
5.77816e-05
7.21129e-05
0.000103208
4.02948e-05
0.000157571
0.000359775
0.000220274
0.000291434
4.0592e-05
0.000285458
0.000505606
0.000138121
0.000139322
0.000313644
4.27339e-05
1.22245e-05
0.000285276
0.000304318
0.000173641
3.66148e-05
0.00013787
7.13162e-05
0.000228149
4.63743e-05
0.00027255
1.22245e-05
8.15177e-05
3.38784e-05
0.0005858
0.000232899
0.000491296
2.5967e-05
0.000130995
0.000340201
9.47898e-05
2.01731e-05
0.000168715
0.000210572
7.15528e-05
5.73741e-05
0.000118674
0.000153082
1.95814e-05
0.000354424
8.49541e-05
7.80819e-05
7.12435e-05
0.000302913
1.22245e-05
0.00010476
1.22245e-05
0.000635128
7.14754e-05
0.000156817
0.000137332
0.000275087
0.000134085
1.59988e-05
5.59398e-05
0.000103779
0.000592167
8.37397e-05
6.84001e-05
0.000132829
0.000103291
0.000157491
0.000151458
0.000196756
5.87595e-05
5.58995e-05
3.36266e-05
0.000274627
5.14729e-05
0.000264558
8.24394e-05
1.22245e-05
0.000219552
3.81778e-05
2.50665e-05
0.000119736
9.92289e-05
3.11417e-05
1.22245e-05
1.22245e-05
0.000148101
1.22245e-05
8.56841e-05
0.000301167
1.22245e-05
0.000282597
0.000331698
5.68369e-05
0.000118782
6.84103e-05
0.000258548
4.43062e-05
4.05066e-05
0.000141759
0.000290323
0.000100978
6.66049e-05
8.27635e-05
0.000250998
1.72838e-05
0.000170371
3.11578e-05
4.20865e-05
0.000709132
0.000278171
7.06619e-05
0.000306674
4.53454e-05
0.000107259
0.00040677
0.000347308
8.65124e-05
0.000121172
7.28241e-05
0.00019048
2.2277e-05
0.000127061
0.000453706
5.24253e-05
0.000120419
0.000125005
7.66909e-05
0.000151919
0.000348405
4.93264e-05
0.000102955
8.51894e-05
8.73269e-05
4.37083e-05
0.000165229
0.000312366
9.40814e-05
7.44944e-05
1.22245e-05
0.000139507
2.60634e-05
8.91262e-05
0.00024499
0.000249142
5.69223e-05
4.83326e-05
0.000128962
0.000208161
0.000241641
0.000108742
0.000176872
9.20029e-05
8.65535e-05
9.92677e-05
4.94497e-05
6.33531e-05
4.65589e-05
0.000103175
0.000237246
1.22245e-05
0.000170044
8.45576e-05
0.000175963
2.99338e-05
0.000264593
7.24939e-05
0.000122907
0.000142396
0.000154274
0.000163018
7.29792e-05
6.95695e-05
1.22245e-05
0.00018977
8.37203e-05
0.000265068
0.000149828
0.000167143
4.50051e-05
0.000439812
4.65801e-05
0.000243719
6.56931e-05
7.35713e-05
6.18584e-05
0.00011665
6.22464e-05
2.21026e-05
6.14159e-05
0.000142482
1.22245e-05
8.55182e-05
0.000158816
7.57494e-05
0.000104499
0.000183669
0.000285818
0.000530549
0.000280019
0.000110335
0.000193016
7.03439e-05
1.525e-05
8.46581e-05
7.86204e-05
6.00735e-05
4.48228e-05
8.67178e-05
0.000387018
9.09763e-05
0.00012263
3.18202e-05
0.000100196
2.78518e-05
2.8169e-05
0.000129171
0.000162373
3.47669e-05
0.000119724
9.09936e-05
5.42737e-05
0.000149217
0.000393109
0.000180291
0.000325337
0.000572402
0.000622979
0.000498854
7.12671e-05
3.8612e-05
3.74084e-05
0.00016059
8.35037e-05
0.000144634
9.9476e-05
0.000341618
5.46725e-05
0.000148516
0.000108258
6.18725e-05
1.22245e-05
0.000137937
1.22245e-05
0.000182787
0.000100197
7.09753e-05
1.22245e-05
5.67842e-05
0.000103307
7.61439e-05
0.000331179
0.000139081
4.58241e-05
6.59271e-05
5.66504e-05
0.000103458
0.000117492
0.000121726
8.66013e-05
0.000157298
0.000305303
0.000100708
0.000220801
0.000115851
1.22245e-05
0.00022135
7.60897e-05
6.20012e-05
9.49498e-05
3.95917e-05
0.000189364
3.51471e-05
0.000464669
2.87298e-05
0.000298832
0.000357741
6.95686e-05
1.22245e-05
5.09658e-05
0.000231185
0.000198946
0.000103924
0.000304147
0.000183804
0.000308455
0.000128624
0.00023738
0.000295038
0.000129493
0.000163324
2.24738e-05
5.12026e-05
0.000102553
0.000180187
0.000170769
0.000391311
0.000192505
4.60648e-05
0.000123963
6.0582e-05
0.000366267
0.000227099
6.58229e-05
0.000511394
5.37598e-05
0.000274103
0.000586177
8.15855e-05
0.000160841
9.94138e-05
0.000112952
0.000165565
0.0003613
8.87321e-05
0.000355239
0.000277249
1.22245e-05
0.000193206
0.000117717
0.000212195
8.13241e-05
6.70522e-05
0.000113869
0.000290249
2.73085e-05
0.000165217
2.97186e-05
4.94714e-05
0.000158359
0.000272686
0.00021207
0.000137532
2.29724e-05
0.000119255
2.07627e-05
3.84378e-05
1.22245e-05
0.000345253
4.25713e-05
0.000174922
0.000122384
4.6106e-05
0.000354919
0.000136701
7.71444e-05
6.7274e-05
0.000121835
8.3088e-05
0.000305262
0.000231631
0.000248692
1.22245e-05
0.000176488
0.000584921
0.000126565
9.57712e-05
7.53088e-05
0.000113236
0.000340326
0.000133827
0.000387062
0.000176071
0.000225865
0.000179373
0.000109054
3.51831e-05
1.22245e-05
6.92093e-05
0.000111801
0.000261687
8.50171e-05
0.000119324
0.000187923
0.000207086
0.000138995
0.000221964
0.000298763
0.000618476
0.000223032
0.000211748
0.000105886
9.54518e-05
4.61779e-05
0.000236423
0.000199208
9.15553e-05
0.000227896
2.47575e-05
0.000104631
0.000100591
1.82756e-05
0.000175533
6.49282e-05
0.000146628
0.000248299
1.22245e-05
0.000351017
4.06192e-05
0.000150462
0.000527069
1.22245e-05
0.000355016
0.00010163
8.44281e-05
0.000125908
0.000300533
0.00010275
0.000131781
0.000283225
2.18182e-05
0.000178731
0.000417872
0.000252027
0.000114967
8.90562e-05
6.45204e-05
1.99717e-05
0.000597349
0.000174464
0.00011286
0.000204443
0.00017148
9.82801e-05
0.000165223
4.50309e-05
0.000120596
4.57779e-05
5.35193e-05
0.000116524
1.92174e-05
0.000195089
0.000210019
0.000235746
0.000117531
0.000125606
8.83801e-05
0.000863079
1.62585e-05
8.98576e-05
0.000319224
3.4506e-05
3.43955e-05
9.44477e-05
3.90827e-05
0.000129688
2.86277e-05
0.000309699
0.000126836
8.28887e-05
1.22245e-05
2.80098e-05
1.22245e-05
0.000147015
0.000532763
8.23226e-05
0.000391609
4.62739e-05
0.000353742
4.16425e-05
7.39702e-05
0.00026772
0.000138521
3.03878e-05
0.000154757
0.000238448
0.00016495
0.000218382
0.00041557
0.000141293
6.72465e-05
0.000305252
3.31294e-05
5.83385e-05
0.000271919
0.000233393
0.000101484
0.000154372
3.23915e-05
2.0639e-05
5.6888e-05
0.000118916
0.000151292
0.000117402
0.000357618
0.000607574
8.23398e-05
0.000126276
4.57092e-05
3.66294e-05
8.96497e-05
5.26806e-05
0.000108343
0.000254614
1.22245e-05
0.000278674
0.000111822
1.22245e-05
0.000268654
5.9765e-05
0.000195719
0.000152968
6.48525e-05
3.72805e-05
0.000289243
4.21201e-05
1.22245e-05
0.000330655
0.000173269
5.28336e-05
0.000106498
0.000105989
2.57505e-05
0.000199968
0.000373324
0.000306681
0.000121428
0.000323501
0.000258892
2.9591e-05
0.000161346
6.84564e-05
0.000307912
5.67529e-05
0.000269869
1.84284e-05
0.000112347
0.000144566
0.000363886
0.000420398
3.79959e-05
0.000149732
4.21033e-05
8.59605e-05
0.00026133
0.0003491
5.97128e-05
0.000381822
1.22245e-05
3.16683e-05
0.000142003
0.000123229
5.16639e-05
0.000170495
0.000166945
0.000223173
0.000255364
0.00013349
0.000166204
0.000211539
6.65215e-05
6.83407e-05
1.22245e-05
0.000164342
0.000405395
6.29098e-05
0.000114066
1.61381e-05
7.51155e-05
6.29197e-05
7.12671e-05
6.14884e-05
0.000153291
0.000168145
0.000136256
9.17392e-05
0.000125646
0.000397699
5.80534e-05
0.000192617
0.000113481
0.000164636
0.000318873
1.22245e-05
5.73703e-05
8.44093e-05
0.000167675
0.000369912
0.000283972
9.82426e-05
2.24547e-05
0.000119334
8.98664e-05
0.000148087
0.000110792
0.000824093
9.71678e-05
1.22245e-05
2.28011e-05
0.000164379
0.000178906
1.22245e-05
7.72325e-05
0.000109125
0.000156383
1.57666e-05
6.72399e-05
4.39261e-05
0.000130984
0.000103859
5.26126e-05
0.00027423
2.36997e-05
0.000123917
0.000102737
0.000163386
7.09875e-05
0.000213009
7.64702e-05
6.21281e-05
0.000173704
0.000385948
6.46981e-05
5.30927e-05
3.58941e-05
1.22245e-05
0.000859878
7.66223e-05
3.47543e-05
0.0001011
0.000344992
6.75928e-05
0.000111864
0.00011196
0.000282049
0.000108908
0.000179775
5.88952e-05
0.000370891
1.22245e-05
0.000296607
9.42793e-05
0.000181448
0.000275069
0.000394768
0.000250352
9.32355e-05
0.000396893
0.000438227
8.58662e-05
0.000127908
0.00041122
1.22245e-05
0.000343268
3.57761e-05
0.000166609
0.000167662
0.000165844
5.29672e-05
0.000234797
0.000102603
0.000624617
0.000133996
0.000198292
0.000158842
1.22245e-05
0.000221458
1.22245e-05
5.99063e-05
6.97451e-05
0.000268497
0.000238511
3.7338e-05
6.27881e-05
3.83755e-05
0.000364531
2.96819e-05
0.000242288
9.326e-05
0.000336079
1.91445e-05
5.55579e-05
1.22245e-05
1.78009e-05
9.38368e-05
0.000135995
1.22245e-05
0.000129377
5.03884e-05
9.79358e-05
8.20899e-05
1.22245e-05
0.000185409
0.000179272
0.000114819
0.000997019
1.22245e-05
8.59572e-05
4.41882e-05
0.000447599
0.000445613
0.000113391
0.000269219
0.000290006
7.30144e-05
0.00024077
2.44627e-05
0.000156189
5.70898e-05
0.000125297
2.90579e-05
0.000306496
0.000114715
0.000217737
1.9487e-05
0.000242176
1.22245e-05
3.97019e-05
0.00038082
0.000283564
0.000235148
0.000132228
6.51318e-05
0.000354155
0.000134169
0.000124786
0.000449918
0.000312558
1.22245e-05
0.000863398
1.22245e-05
7.28781e-05
0.0001204
0.000108919
0.000107252
0.000201867
8.56311e-05
7.43301e-05
0.000459303
7.50809e-05
2.22664e-05
1.22245e-05
0.000465185
8.37099e-05
0.000129771
0.000205132
0.000306956
0.000132395
0.000211508
2.39455e-05
5.92562e-05
5.27419e-05
0.000175971
1.22245e-05
2.66089e-05
4.41587e-05
0.000288555
0.000217487
0.000189178
0.000447734
0.000136567
1.22245e-05
8.1926e-05
0.000351091
4.95592e-05
0.000269909
0.000155261
0.000103084
9.20309e-05
0.000157812
0.000114646
0.000531696
5.51249e-05
0.00011615
9.61647e-05
0.000113877
2.06205e-05
0.000244254
0.000271929
1.22245e-05
0.000259819
0.000180043
0.000211153
3.67726e-05
0.000297968
0.000663428
0.000243444
3.35195e-05
0.000402469
0.000471765
0.000183332
0.000220368
0.000131073
0.00015619
0.000139038
4.41345e-05
9.66277e-05
0.000158399
6.94624e-05
0.000139694
0.000434162
0.00026365
4.34405e-05
0.00011812
0.000134612
0.000127225
1.22245e-05
4.20013e-05
4.71051e-05
0.000102088
0.000420914
6.37979e-05
0.000169786
7.40975e-05
0.00035306
5.58568e-05
7.77847e-05
6.90671e-05
0.000312113
0.000110825
0.000177659
9.79777e-05
0.00022535
0.000243565
4.26781e-05
0.000149859
0.000125295
1.525e-05
6.89004e-05
6.30063e-05
0.000278288
5.53353e-05
0.000148469
0.000155625
0.000227807
5.25906e-05
0.000342882
3.78108e-05
7.34783e-05
1.22245e-05
0.000439714
1.22245e-05
0.000241272
4.56675e-05
3.6165e-05
6.54143e-05
0.000174609
0.000218131
1.82756e-05
3.78439e-05
6.81787e-05
5.19498e-05
0.000174308
0.000292671
0.000405333
0.000389583
1.525e-05
2.75943e-05
2.54424e-05
0.000228256
7.08347e-05
1.22245e-05
4.28987e-05
2.57422e-05
0.000339576
0.000368971
0.000167094
7.57769e-05
3.9638e-05
0.000212085
6.57694e-05
0.000134643
7.76559e-05
0.000140164
0.000178367
0.000261442
2.12709e-05
0.000194373
3.0675e-05
9.64984e-05
0.000637982
1.22245e-05
0.000150947
8.01431e-05
0.000160991
1.22245e-05
0.000239964
0.000378807
0.000133639
0.000102884
1.22245e-05
0.000256977
8.60521e-05
0.000322511
0.000144367
3.42041e-05
3.55293e-05
0.00046968
3.37027e-05
0.000249259
1.525e-05
1.77239e-05
0.000270429
1.62585e-05
3.24895e-05
0.000253727
1.57949e-05
4.02537e-05
0.000179372
0.000130171
4.07842e-05
0.000262048
4.20521e-05
2.62078e-05
0.000163846
6.85109e-05
4.21844e-05
0.000159467
4.67447e-05
0.000240877
0.000325906
7.41996e-05
3.13215e-05
0.000129014
0.000179816
0.000112779
4.93354e-05
0.000325045
0.00015891
0.000362624
0.000135956
1.22245e-05
5.18186e-05
0.000177843
0.000191861
6.05983e-05
3.81526e-05
0.000394867
0.000188232
4.94038e-05
0.000237052
0.000161948
6.94636e-05
0.000263167
0.00045607
0.000179773
0.000314838
0.000356524
3.76519e-05
0.000168365
0.000216814
7.27401e-05
0.000315385
5.54529e-05
3.42073e-05
7.51219e-05
0.000210301
0.000312963
1.22245e-05
9.79972e-05
7.54814e-05
1.86888e-05
0.00046319
0.000221872
1.22245e-05
6.50019e-05
0.000100351
0.000168935
6.13766e-05
0.000227479
1.22245e-05
0.00017076
0.000504004
0.000105188
3.41764e-05
0.000103519
0.000267677
0.000195845
1.22245e-05
1.22245e-05
2.32473e-05
0.000113803
0.000113724
0.000292874
0.000122606
0.000123257
0.000176465
0.000176118
0.000283973
4.91667e-05
1.91445e-05
0.000108665
0.000354383
0.000462974
3.18006e-05
0.000110554
0.000263434
0.000111209
0.000183595
0.000314911
0.000112243
0.000264422
0.000117495
6.73194e-05
8.39307e-05
0.000150135
9.52926e-05
0.000157189
0.000145028
6.24827e-05
0.000635767
0.000119796
7.32669e-05
0.000296974
9.12948e-05
0.000151814
0.000125101
7.8715e-05
4.34668e-05
0.000275323
5.58568e-05
8.8621e-05
0.000267377
1.22245e-05
1.22245e-05
2.84144e-05
4.05736e-05
0.000174814
1.22245e-05
1.22245e-05
0.000119688
3.93477e-05
0.000519182
1.22245e-05
0.000159189
0.00020326
0.000169074
5.79221e-05
0.000225503
0.000116781
0.000108432
3.66936e-05
0.000177571
0.000135
0.000247455
8.67222e-05
0.000137108
1.22245e-05
1.22245e-05
1.22245e-05
0.000167473
2.70215e-05
6.8331e-05
7.05157e-05
9.99659e-05
0.000230576
0.000200404
5.50772e-05
0.00014766
4.04826e-05
0.000113768
0.000240768
6.7027e-05
1.22245e-05
0.000444157
0.000227207
3.20948e-05
0.000248907
0.000138397
0.000133757
0.000117219
1.22245e-05
1.22245e-05
2.99304e-05
1.82756e-05
0.000349514
0.000151065
1.87622e-05
0.000209229
1.82756e-05
1.22245e-05
0.000149825
0.000165362
0.000289849
5.39734e-05
0.00022589
1.59988e-05
0.000136505
0.000173614
0.000182102
0.000103477
0.000126984
7.94299e-05
0.000136895
1.22245e-05
7.54237e-05
1.9559e-05
6.89895e-05
0.000535385
0.00028292
0.000312821
0.000435311
9.31186e-05
0.000974567
0.000309874
0.000117861
0.000220327
7.75345e-05
0.000249124
0.000185126
0.000229429
2.27571e-05
4.29844e-05
7.41522e-05
2.48303e-05
0.000244929
2.98732e-05
5.38445e-05
3.30165e-05
0.00031051
2.66094e-05
6.445e-05
0.000139131
1.22245e-05
0.000140341
0.000143819
1.22245e-05
0.000224489
2.7016e-05
4.59272e-05
0.000277401
0.000550528
0.000457352
0.000114616
8.34443e-05
8.70073e-05
2.60696e-05
0.000149535
0.000110458
0.000150266
6.77594e-05
0.000126541
8.07875e-05
0.000190933
4.56793e-05
2.60696e-05
0.000212668
0.000215337
0.000114846
7.20047e-05
0.000376327
4.48403e-05
1.22245e-05
6.40257e-05
0.000126121
0.000332409
0.000147216
1.22245e-05
0.00015743
1.86777e-05
1.77239e-05
8.67775e-05
0.000313146
0.00013019
5.38599e-05
0.000324304
0.000222107
1.525e-05
0.00025002
6.21175e-05
0.000257404
4.65082e-05
0.000165232
6.1684e-05
0.000364129
0.000127858
4.61692e-05
0.00020365
0.000313036
3.71456e-05
5.89047e-05
8.18564e-05
7.95473e-05
2.43936e-05
9.82201e-05
0.000177377
0.000183722
0.0002688
4.6988e-05
8.21627e-05
0.000148521
0.000134084
2.59869e-05
0.000173915
0.000199996
2.46565e-05
0.000276718
0.000130859
0.000188939
1.22245e-05
1.22245e-05
0.000299221
6.56364e-05
0.000200101
0.000142392
5.60664e-05
1.22245e-05
0.000124336
0.000403188
0.000173959
7.52304e-05
3.80318e-05
2.88744e-05
0.000274217
1.22245e-05
6.26379e-05
9.40406e-05
0.000276076
0.000270083
0.000200017
1.82756e-05
0.000174083
0.000274986
0.000134374
0.000118146
9.8223e-05
0.000103316
8.35456e-05
4.13697e-05
0.000575768
9.60147e-05
0.000395253
9.64855e-05
3.93515e-05
0.000277227
0.000114834
0.000254364
9.33122e-05
6.92619e-05
0.000163305
7.54327e-05
1.22245e-05
1.22245e-05
0.000117444
0.000217647
0.000120344
0.000110082
0.000201012
1.22245e-05
5.89405e-05
0.000125436
2.37049e-05
1.22245e-05
7.01909e-05
1.22245e-05
0.000123838
0.000150644
0.000126415
4.6653e-05
4.49381e-05
0.00016981
0.000115179
0.000321473
7.89437e-05
7.17533e-05
0.000175968
0.000265018
1.83969e-05
0.000439001
0.000345178
7.53742e-05
0.000393639
0.000111388
0.000144432
2.50545e-05
0.000177462
0.00073261
0.000287242
0.000197862
0.00017498
0.000215998
7.64058e-05
7.68093e-05
0.000130579
1.22245e-05
3.2052e-05
0.000391434
0.0002432
0.00014814
2.65744e-05
0.000191317
9.93013e-05
0.000210427
7.72403e-05
5.6161e-05
0.000209181
3.73726e-05
0.000261014
0.000389298
0.000294845
0.000229605
0.000258594
7.46581e-05
8.84876e-05
1.22245e-05
0.00023714
7.98882e-05
0.000247298
0.000528499
6.53332e-05
3.974e-05
0.000216948
0.000170973
0.00017417
5.37502e-05
0.000360839
0.000480412
0.000229613
0.000124171
1.22245e-05
0.000184729
0.000337708
0.000332991
1.22245e-05
0.000181844
0.000121526
0.000291812
0.00016581
0.000100362
0.000109089
0.000327292
6.47979e-05
0.000119115
0.000127264
9.97121e-05
0.000103927
8.16418e-05
9.62607e-05
0.000181714
0.000113164
3.5541e-05
5.30887e-05
0.000141404
0.000174754
0.000103967
0.000140509
1.22245e-05
0.000309361
0.000172059
3.86537e-05
0.000179408
0.000361038
0.000243176
7.16477e-05
3.63612e-05
0.000425907
1.87069e-05
0.000180341
4.76095e-05
0.000192446
0.000128238
2.80928e-05
0.000190581
0.000190956
4.2462e-05
1.22245e-05
0.000253515
7.02161e-05
0.000276093
5.60664e-05
4.19718e-05
2.87839e-05
0.000132157
0.000319358
0.00019802
0.000368322
0.000122032
3.61846e-05
5.23098e-05
3.7648e-05
0.000480644
0.000164701
0.000243521
4.01175e-05
8.11745e-05
2.49857e-05
0.000180252
0.00023751
1.37372e-05
0.000131444
0.000200372
0.000116287
0.000125486
7.25359e-05
0.000128233
0.000173397
7.83812e-05
0.000170724
0.000441051
0.00016254
8.01556e-05
4.09609e-05
6.91151e-05
0.000126522
3.33296e-05
0.000195573
0.000407312
9.84543e-05
0.000194394
8.81574e-05
4.20054e-05
8.07752e-05
0.000193124
0.000176207
9.6369e-05
0.000129019
8.04212e-05
0.000229302
0.000162306
0.000684363
7.12194e-05
0.000375646
1.73925e-05
0.000160806
1.82756e-05
8.77108e-05
9.84692e-05
3.62709e-05
0.000130474
4.14343e-05
2.94341e-05
0.000289184
7.72407e-05
0.000291578
0.000206083
3.04374e-05
7.87298e-05
0.000108764
9.19979e-05
0.000167084
0.000153084
0.000148647
7.5325e-05
9.88495e-05
0.000128121
2.46045e-05
3.05152e-05
0.000113212
0.000104871
8.31876e-05
0.000128402
7.63011e-05
0.000150644
0.000160235
0.00014491
6.62945e-05
0.000400944
3.3156e-05
0.000133691
0.000322045
0.000274773
0.000157385
3.24839e-05
0.000146672
0.000544932
1.62585e-05
0.000606347
5.48913e-05
0.000220069
1.22245e-05
0.00011841
8.65191e-05
2.14677e-05
0.000229202
3.10372e-05
0.000169515
0.000128554
3.35361e-05
7.75148e-05
9.39514e-05
9.71691e-05
4.46892e-05
0.000176976
2.34782e-05
1.22245e-05
0.000368539
0.000118422
0.000112812
6.38595e-05
1.22245e-05
0.000126822
6.64574e-05
1.525e-05
6.50051e-05
0.000134158
0.000146428
0.000211602
8.16142e-05
8.1018e-05
0.000286308
0.000242132
0.000145261
1.22245e-05
0.000389031
0.000168428
2.74955e-05
6.61393e-05
5.99493e-05
1.22245e-05
0.000157644
3.3588e-05
1.82654e-05
1.22245e-05
