0.99
7.6434e-05
3.90371e-05
0.000240097
8.43282e-05
0.000229978
3.90371e-05
0.00141152
0.000118657
0.000439788
0.000545588
0.000137498
0.000267343
0.000201549
0.000184287
0.000631275
0.000777001
3.90371e-05
0.000323523
8.87351e-05
3.90371e-05
0.000240387
0.000109774
0.000413936
5.09697e-05
0.000214703
0.000217681
3.90371e-05
8.93092e-05
0.000215303
4.67664e-05
0.000180747
4.67664e-05
0.000390405
0.000194137
3.90371e-05
0.000170525
0.000124685
3.90371e-05
3.90371e-05
0.000507214
0.000141856
0.000212259
6.33828e-05
0.0001458
0.000128891
0.000406498
3.90371e-05
3.90371e-05
0.000943872
0.000134366
0.000335388
0.000860192
3.90371e-05
0.000205746
5.19193e-05
0.000351197
0.000209435
0.000629534
0.000117991
0.00031268
0.000158578
7.02036e-05
9.10802e-05
5.50595e-05
0.000247955
3.90371e-05
0.000159393
0.000293973
0.000130485
3.90371e-05
0.000390606
8.76768e-05
3.90371e-05
3.90371e-05
0.00070685
0.000155402
0.00035488
0.000131422
0.000135639
6.51372e-05
9.66647e-05
0.000176117
3.90371e-05
0.000178269
3.90371e-05
0.000166655
3.90371e-05
3.90371e-05
5.83605e-05
0.000343934
6.46728e-05
0.000284995
0.00012413
8.66361e-05
3.90371e-05
0.000288392
0.000219519
8.70492e-05
7.51871e-05
0.000415022
0.000409843
9.21605e-05
0.000157354
0.000283165
0.000137498
3.90371e-05
7.53199e-05
0.000122231
9.59571e-05
0.000162661
0.000211663
0.000101906
9.02298e-05
3.90371e-05
0.000358135
0.000114582
0.000144851
0.000396426
0.000113947
0.000130697
0.00125355
0.000401853
0.000670191
5.70221e-05
0.000569421
0.000270295
0.00025373
0.000171159
3.90371e-05
0.000263534
0.000253321
0.000415516
3.90371e-05
0.00013894
3.90371e-05
0.000104947
0.000121092
0.000124847
0.000506684
0.000299619
0.000205163
0.000235864
0.000326546
5.83605e-05
0.000154498
0.000294046
0.000313634
0.000122913
0.000159613
0.000121673
0.000401464
7.82357e-05
3.90371e-05
0.000239643
5.71034e-05
0.000308725
0.000285925
8.66507e-05
0.00041268
7.49545e-05
3.90371e-05
0.000182784
8.74967e-05
0.000259226
5.69507e-05
0.000135507
0.000151069
8.18839e-05
8.70238e-05
0.000178012
5.96487e-05
3.90371e-05
9.62085e-05
3.90371e-05
0.000397623
0.000246662
0.000132514
3.90371e-05
0.000422797
0.000212309
0.000233965
0.000361503
9.02298e-05
5.366e-05
0.000643032
0.000377046
0.000102066
0.000113822
0.000304362
8.69099e-05
0.000260277
0.000134041
0.000569467
6.95035e-05
0.000196399
0.000283958
3.90371e-05
0.00056937
3.90371e-05
3.90371e-05
0.000113163
0.000225369
4.86988e-05
0.000217773
0.000221519
0.000144239
0.000726856
0.000276939
0.000404221
9.80892e-05
0.000195592
0.000249727
0.00011554
8.95284e-05
3.90371e-05
0.000232541
0.000348477
3.90371e-05
9.98873e-05
0.000394207
0.000118809
3.90371e-05
0.000197013
0.000510822
0.000716014
5.96487e-05
0.00010719
0.000476388
7.39292e-05
3.90371e-05
0.000485513
0.000327183
0.000270809
0.00020892
0.000355036
0.000107239
0.000276384
0.000258098
0.000107329
0.000300339
6.89464e-05
3.90371e-05
0.000148338
3.90371e-05
0.000137135
0.000374084
0.000477224
0.00017998
0.000169747
0.000678955
0.000460734
4.54782e-05
3.90371e-05
0.00018295
0.00012716
0.000291541
5.64281e-05
0.00043051
0.000635478
9.66186e-05
0.000201015
0.000112803
0.000373938
0.000174876
0.00020172
0.00025214
0.000242386
0.000519489
0.000610831
0.000113117
0.000649317
4.54782e-05
0.000365615
3.90371e-05
0.000360987
8.85411e-05
6.11907e-05
8.53026e-05
0.000276733
3.90371e-05
9.20462e-05
3.90371e-05
0.000141628
0.000255878
0.000193089
0.000169571
0.000511744
9.68139e-05
0.000121862
0.0007166
0.000133427
3.90371e-05
0.000175603
0.000123399
0.000187066
0.000401882
3.90371e-05
0.000221374
0.000101403
0.000441861
3.90371e-05
0.000207148
7.43211e-05
7.76838e-05
3.90371e-05
3.90371e-05
0.000536668
0.000117766
0.000218631
0.000332473
8.17516e-05
7.8096e-05
0.000128919
0.000367096
3.90371e-05
6.57389e-05
3.90371e-05
0.000138506
3.90371e-05
3.90371e-05
0.000316708
3.90371e-05
0.000741867
0.00033588
9.43081e-05
0.000325704
5.83605e-05
3.90371e-05
0.00167925
0.000376937
0.000160943
3.90371e-05
0.000130519
9.70072e-05
6.38729e-05
3.90371e-05
0.000367641
0.000393677
3.90371e-05
0.000156973
5.83605e-05
8.3025e-05
3.90371e-05
7.68353e-05
7.76194e-05
0.000168487
5.19193e-05
0.000362558
6.39582e-05
0.000444565
0.00023617
5.19193e-05
0.000276804
0.00018494
0.000130052
7.51871e-05
5.19193e-05
6.45127e-05
0.000359464
0.000423659
0.000277943
3.90371e-05
3.90371e-05
0.00051387
0.0001748
0.000146121
5.48652e-05
0.000230996
0.00124659
0.000198906
5.83605e-05
0.000122584
0.0010587
0.000236585
0.000718495
0.000150086
0.000133329
9.1246e-05
3.90371e-05
0.00027465
0.000205245
0.000303771
0.000243293
0.000401188
0.000122724
0.000413532
8.7101e-05
3.90371e-05
0.000995483
0.000427889
0.000138666
0.000224233
0.000174284
3.90371e-05
0.000316333
0.00015338
9.01938e-05
0.000298436
0.000299033
0.000233195
6.3494e-05
0.000304378
0.000298535
9.94425e-05
0.00017947
8.92392e-05
0.000463318
0.000225188
3.90371e-05
0.000298204
3.90371e-05
0.000255606
0.000154498
0.000195418
0.000216252
5.83605e-05
3.90371e-05
0.000311427
0.000411894
0.000148426
0.000610268
0.000103853
3.90371e-05
0.000343612
3.90371e-05
0.000119149
0.000201261
0.000390405
0.000109948
5.61705e-05
0.000115447
0.000215149
3.90371e-05
0.000168782
0.000311671
0.000185624
0.000245058
0.000373228
5.19193e-05
3.90371e-05
0.000241037
0.000192492
9.16458e-05
0.000119026
0.000396043
3.90371e-05
3.90371e-05
0.000469444
0.000394138
0.000135737
0.00020042
3.90371e-05
0.000119116
5.19193e-05
7.76838e-05
0.000259034
0.000192751
0.00010067
0.0014518
0.000504328
0.000101556
3.90371e-05
6.80221e-05
0.000405999
3.90371e-05
0.000169486
0.000372344
0.000235281
5.366e-05
0.000367304
0.000104963
0.000201527
8.5222e-05
9.94828e-05
0.000104819
3.90371e-05
9.2626e-05
0.000115447
0.000371071
0.000151599
0.00014704
0.00060285
0.000221133
6.14176e-05
0.000211122
0.00034515
0.000197013
7.90913e-05
8.90195e-05
3.90371e-05
0.001123
0.000149183
0.000191856
0.000331856
5.82748e-05
0.000166797
0.000214564
0.000376416
5.84004e-05
0.000239181
3.90371e-05
3.90371e-05
0.000251269
0.000320231
4.67664e-05
0.000106492
0.0001506
0.000422662
0.000171937
8.30171e-05
0.000143916
0.000141538
0.000450784
3.90371e-05
0.000423751
0.000201642
0.000122869
5.19193e-05
0.000257883
0.000502317
0.000407341
0.000886637
0.000120314
5.43562e-05
0.000483907
0.000307669
0.000391191
0.000194198
3.90371e-05
0.000179266
0.000161657
0.000973935
0.000295071
5.19193e-05
0.000105734
0.000145745
3.90371e-05
0.000182308
0.000114787
0.000796892
0.000241351
0.000122372
0.000185376
0.000787793
3.90371e-05
0.000223164
0.000392644
0.000293416
0.000550673
3.90371e-05
0.000197015
0.000149371
0.00027237
4.86988e-05
4.67664e-05
0.000411853
3.90371e-05
0.00011157
0.000130942
0.000190022
0.000630765
3.90371e-05
3.90371e-05
0.000613957
0.000252762
0.00012947
0.000107025
8.76392e-05
3.90371e-05
9.39511e-05
0.000104676
0.000123947
0.000267645
0.000410364
0.000176406
0.000984481
0.000251112
3.90371e-05
7.63079e-05
0.000183982
0.000131794
0.000161105
3.90371e-05
0.000278231
0.000113965
0.000120051
0.000630084
0.000680685
0.000104318
0.000340228
3.90371e-05
0.000240338
0.00014509
0.000762246
4.86988e-05
0.00013714
0.000600522
6.75359e-05
0.0003938
0.000911267
0.000144655
0.000312844
0.000455399
0.000137978
0.000233253
8.46142e-05
0.000529067
6.44226e-05
6.25472e-05
6.21865e-05
3.90371e-05
0.000100244
0.000102605
7.67499e-05
5.83605e-05
0.000206341
0.000456678
0.000706312
0.000443728
3.90371e-05
0.000943006
0.00031994
0.000556377
9.36474e-05
6.7239e-05
3.90371e-05
0.000119276
0.000256252
3.90371e-05
3.90371e-05
0.000316859
0.000202624
3.90371e-05
0.000583134
7.27403e-05
5.83605e-05
8.46884e-05
0.000121009
0.000286223
0.000558054
0.000112238
0.000116368
3.90371e-05
3.90371e-05
8.32086e-05
0.000147135
0.000282125
0.000131988
0.000129782
6.1581e-05
0.000473429
0.000122604
3.90371e-05
0.000433685
3.90371e-05
3.90371e-05
0.000234662
0.000337375
0.00040188
0.000327139
6.97824e-05
0.000104715
8.95095e-05
3.90371e-05
0.000139235
0.000387888
7.22187e-05
5.51399e-05
9.84611e-05
5.8296e-05
0.000222518
9.82621e-05
0.000168899
6.74613e-05
3.90371e-05
0.000785095
3.90371e-05
0.000152886
0.000403246
0.000176312
0.00035317
9.84673e-05
3.90371e-05
9.33849e-05
0.000409333
0.000306859
0.000189846
0.000321013
0.000223094
0.000147811
3.90371e-05
0.000723311
0.000119026
0.000147834
0.000384412
0.000749838
0.000103753
0.000493655
0.000200228
8.03796e-05
0.000776582
3.90371e-05
0.000221371
7.23783e-05
3.90371e-05
0.00047923
0.000142417
0.00027625
0.00023081
6.78292e-05
6.93459e-05
0.000424208
0.000218977
9.64934e-05
0.000154267
0.00033958
3.90371e-05
0.000126301
3.90371e-05
0.000112667
0.000216804
0.000261321
0.00014299
5.83605e-05
3.90371e-05
0.000286381
3.90371e-05
0.000130737
0.000457114
8.02777e-05
7.43348e-05
6.81903e-05
0.00027495
0.000185417
0.000115485
0.000452096
3.90371e-05
0.000100649
0.000337136
6.6914e-05
0.000357619
0.000765165
0.000710303
5.83605e-05
0.000352139
0.000124205
9.66647e-05
0.000122525
0.000999376
0.000190449
0.000166913
0.000194852
0.000158323
8.80805e-05
0.000129329
0.000212721
0.000233858
5.19193e-05
3.90371e-05
0.0002939
0.000242136
0.000389363
6.92413e-05
0.000170092
4.45581e-05
9.15914e-05
0.00032718
0.000292131
3.90371e-05
7.4221e-05
0.000313285
6.21559e-05
0.000122092
0.000706709
0.000106834
0.000287051
0.000376229
7.76838e-05
0.000273641
0.000100903
9.03272e-05
0.000252994
3.90371e-05
9.00197e-05
0.000183869
0.000154044
0.000151349
3.90371e-05
3.90371e-05
0.000234911
3.90371e-05
0.000208654
0.000435515
0.000173616
0.000114142
0.000170455
3.90371e-05
0.000703925
0.000173853
7.08849e-05
0.000288224
0.000183472
0.000214525
0.000115099
3.90371e-05
0.000197395
9.41137e-05
0.000421537
0.000242128
0.000470295
0.000287196
0.000226765
0.000159107
0.0004367
3.90371e-05
0.000861192
0.000122259
3.90371e-05
8.61732e-05
0.000187359
0.000124977
0.000329299
0.000245242
0.000183322
0.000440853
0.000269688
0.000132277
0.000173106
0.000534168
6.3143e-05
0.000105266
0.000205988
0.00021562
0.000129348
0.000134734
0.000110391
0.000175635
6.15484e-05
3.90371e-05
0.000101709
5.83605e-05
0.000213121
0.000206657
0.000103952
0.000198127
9.87865e-05
0.00012668
0.000193617
5.19193e-05
0.000280743
0.000819476
3.90371e-05
5.19193e-05
0.000327571
0.00011711
0.000223175
0.000199155
0.000333506
0.000243144
0.000230397
0.000390916
3.90371e-05
0.000155557
0.000260074
0.000110179
3.90371e-05
7.76838e-05
0.00015615
0.000286131
5.34682e-05
0.000286846
0.000278859
0.000327495
0.000654844
3.90371e-05
0.000109579
0.000200703
3.90371e-05
3.90371e-05
3.90371e-05
0.000406438
3.90371e-05
0.000115973
3.90371e-05
3.90371e-05
0.000138794
8.09211e-05
0.00242046
0.000740973
9.70072e-05
0.000289843
9.8508e-05
0.000255756
0.000102568
3.90371e-05
0.000500188
0.000240689
0.00018075
0.00031331
0.000496449
3.90371e-05
3.90371e-05
5.83605e-05
9.17088e-05
0.000318836
5.47463e-05
0.0003965
0.000465578
0.00103446
5.50758e-05
3.90371e-05
0.000130052
0.00051517
0.000186456
0.000393504
0.000182784
0.000104028
3.90371e-05
3.90371e-05
0.000222897
5.83605e-05
0.000116322
3.90371e-05
0.000449109
5.19193e-05
0.000108468
3.90371e-05
0.000215523
0.000160798
0.000224391
0.00130051
3.90371e-05
0.000182892
0.000242358
0.000179154
0.000189238
3.90371e-05
0.000349672
0.000223234
0.000185531
0.000133594
0.000247073
0.000324426
0.000237762
0.000214355
0.000246921
0.000108563
8.54132e-05
0.000588067
4.67664e-05
0.000258653
3.90371e-05
0.000345019
4.86988e-05
0.000224959
5.18871e-05
0.000531096
0.000190155
0.000279202
0.000291218
9.92031e-05
0.000525286
0.000131774
0.000159026
7.76194e-05
9.56081e-05
0.000232756
0.00111696
0.000137235
3.90371e-05
0.000524065
0.000212922
0.000126921
8.4692e-05
6.19635e-05
3.90371e-05
3.90371e-05
0.000560602
3.90371e-05
0.000217656
0.000594368
0.000449259
0.000189234
0.000181376
3.90371e-05
0.000170384
7.60252e-05
0.000106618
0.000160138
0.000123756
0.000267396
3.90371e-05
5.19193e-05
0.00044462
0.00026744
0.000130878
5.83605e-05
0.0001114
6.46206e-05
0.000305341
8.29144e-05
0.000361385
0.000226999
0.000121014
0.000387504
3.90371e-05
0.000157765
7.72616e-05
0.000152091
8.4702e-05
0.000260073
0.000177266
0.000210537
0.000271507
0.000154251
9.45346e-05
0.00100136
0.000443327
6.8354e-05
0.00113124
0.000611637
0.000183638
5.19193e-05
0.000282539
3.90371e-05
0.000369487
3.90371e-05
0.000291791
5.83605e-05
3.90371e-05
0.000898846
0.000141753
0.000247468
0.000261463
0.000115559
0.000380547
3.90371e-05
0.000345317
3.90371e-05
7.99402e-05
0.000257937
0.000317345
0.000305171
0.000102568
0.000453115
3.90371e-05
3.90371e-05
0.000122372
0.00035469
3.90371e-05
0.000207608
3.90371e-05
0.000182021
0.000746236
0.000314468
0.000138498
0.000382703
0.000297869
0.000105266
0.00112519
0.000340999
3.90371e-05
0.000214373
4.86988e-05
0.000185172
0.000686031
7.70706e-05
0.000517114
0.000132674
0.000508823
8.25224e-05
0.000227375
0.000183787
0.000222036
8.88581e-05
3.90371e-05
0.000882758
0.000171658
7.76838e-05
3.90371e-05
0.000421022
7.02929e-05
0.000246731
0.000401102
0.00048725
6.53699e-05
0.000137326
0.000308696
0.000532052
8.40157e-05
3.90371e-05
0.000178724
0.000178005
8.68777e-05
9.35362e-05
0.000216443
0.00020068
3.90371e-05
4.86988e-05
0.000464773
9.19836e-05
6.80221e-05
3.90371e-05
0.000248344
0.000778556
0.000448578
3.90371e-05
0.000360663
0.000187124
0.000107936
0.000268961
0.000259248
0.00024601
0.000146121
3.90371e-05
0.000638286
3.90371e-05
0.000131957
0.000387442
3.90371e-05
8.53359e-05
3.90371e-05
0.0004858
0.000603341
0.000186029
3.90371e-05
9.90808e-05
0.000184518
0.000204848
0.000209361
0.000203983
0.000439085
5.83605e-05
3.90371e-05
0.000112758
0.000106492
0.000120748
0.000117795
0.000158161
3.90371e-05
5.83605e-05
0.000272896
7.28146e-05
0.0012296
0.000106884
5.78308e-05
0.000343303
0.000160921
0.000765341
3.90371e-05
0.000446064
3.90371e-05
0.000183378
0.000202988
8.40055e-05
7.66696e-05
6.4339e-05
3.90371e-05
0.000469991
0.000135055
6.22337e-05
0.000143648
0.000204099
0.000207891
3.90371e-05
0.000157415
3.90371e-05
0.000152443
0.000512492
7.72616e-05
0.000298174
0.000160291
0.000218365
0.000284878
0.000170679
0.000430406
9.22328e-05
0.000346913
3.90371e-05
0.000119026
0.000154281
3.90371e-05
0.000190863
0.000226578
3.90371e-05
9.30128e-05
0.000605399
3.90371e-05
3.90371e-05
0.000274175
0.000117783
8.76774e-05
0.000274421
0.000194956
7.23188e-05
0.000169093
0.000136089
4.86988e-05
0.000267498
6.81538e-05
5.83605e-05
3.90371e-05
0.00033585
0.000527374
0.000145168
0.000556993
3.90371e-05
6.3143e-05
0.000177657
0.00150266
0.000116661
3.90371e-05
0.000100225
0.000206839
0.000183674
3.90371e-05
0.000245206
0.000246243
0.000500764
0.000168929
0.000188046
0.000641562
0.000164806
9.02057e-05
0.000166624
0.000591057
7.04116e-05
0.00102457
0.000393233
0.000652657
0.00071609
5.83605e-05
0.000518055
0.000112685
0.000210944
0.000125142
5.8296e-05
0.000208051
8.4502e-05
0.000216668
0.000138661
3.90371e-05
0.000118784
5.67866e-05
0.000337435
8.29466e-05
0.000255157
0.00031301
3.90371e-05
3.90371e-05
0.00028024
0.000761831
0.000381022
0.000159537
0.000103627
0.000265726
0.000183113
5.34912e-05
9.81015e-05
0.000130097
0.000170103
0.000156242
0.000294975
5.83605e-05
3.90371e-05
3.90371e-05
0.000826604
0.000118305
0.000302168
0.000118043
6.47372e-05
0.00042807
0.000349628
0.000598478
0.000461054
3.90371e-05
0.00135925
3.90371e-05
0.000311215
3.90371e-05
0.000204457
7.526e-05
0.00041902
7.76838e-05
0.000188558
0.000394204
0.000151055
0.0004658
6.63636e-05
0.000176199
0.000316319
0.00040738
0.000120464
0.00018185
0.000363163
0.00124776
6.48016e-05
3.90371e-05
3.90371e-05
0.000217054
0.00172135
0.000323172
0.000319243
0.000143811
0.000239241
0.000192762
0.000176316
0.00018863
0.000593481
0.000103632
9.92747e-05
0.000101737
0.000251918
0.000334396
0.000442958
3.90371e-05
3.90371e-05
0.000105601
3.90371e-05
0.000339664
3.90371e-05
0.000184744
0.000118707
0.000153046
0.000244114
0.000264713
0.000465737
0.000728865
3.90371e-05
0.000117996
0.000722148
0.00107123
0.000367549
0.00039634
5.64281e-05
3.90371e-05
0.000235225
5.19193e-05
3.90371e-05
7.91892e-05
0.000486388
0.000296428
0.000131209
0.000186003
5.83605e-05
0.000122768
0.000168753
3.90371e-05
0.000325239
0.000105131
0.000541171
0.000379466
9.04372e-05
0.000238426
0.00019506
0.000211897
0.000371327
0.000795883
3.90371e-05
0.000198803
0.000407331
3.90371e-05
0.000268106
0.00107654
0.000111933
0.000445331
0.00031575
0.000158373
0.000416594
0.00049176
0.000475012
3.90371e-05
0.000560193
0.0002698
3.90371e-05
3.90371e-05
0.000290964
0.000205972
7.97059e-05
0.000732949
3.90371e-05
0.000441788
0.000210129
0.000292817
7.09263e-05
0.000116691
5.83605e-05
0.000212867
0.000357804
0.000300725
0.000113242
0.000351719
0.000485918
0.000417318
0.0002929
0.00016655
0.000223296
0.000165041
3.90371e-05
0.000450249
0.000168827
9.48721e-05
3.90371e-05
0.000142708
0.000207176
0.000402823
0.000184655
0.000173504
0.000175095
0.000386788
5.43562e-05
0.000304031
0.000128665
0.000804057
0.000459834
7.12427e-05
0.00011263
0.000563617
0.000431317
4.91267e-05
0.000265364
6.25472e-05
0.000248607
0.000369487
4.67664e-05
6.48028e-05
0.00041855
0.000204174
0.000136782
5.70587e-05
4.54782e-05
0.000146422
6.54751e-05
0.000312179
0.000155997
0.000159391
0.000193018
0.000300924
8.93422e-05
0.000215101
0.000422666
3.90371e-05
0.0004357
4.86988e-05
3.90371e-05
0.000493815
0.000780305
0.000293785
3.90371e-05
0.000269447
0.000221896
0.000357745
7.32021e-05
0.000219584
0.000627594
0.000283702
0.000103053
0.000100959
5.29309e-05
0.000162098
0.000975316
4.86988e-05
0.000351176
3.90371e-05
0.000204706
0.00013521
0.000143591
0.000157407
0.000361306
0.000266381
0.000120391
0.000241714
3.90371e-05
0.000630626
0.000113082
3.90371e-05
0.000137263
7.72212e-05
0.000213626
0.000424298
3.90371e-05
7.17153e-05
0.000220935
3.90371e-05
0.000179674
0.000110661
3.90371e-05
3.90371e-05
9.34095e-05
0.000262226
0.000102932
0.000126975
0.000223398
0.000100756
0.000454667
0.000173695
0.000446582
0.000113808
3.90371e-05
8.14327e-05
0.000109343
0.000335888
0.000201949
4.54782e-05
0.000228056
0.000181269
0.000463834
9.91953e-05
0.000441825
0.00034573
0.000287899
0.000225363
0.000146847
0.000740115
9.46678e-05
0.00010353
5.8296e-05
3.90371e-05
0.00066722
0.000194171
3.90371e-05
0.000275141
8.85654e-05
0.000543301
0.000492211
0.000196555
0.00126166
0.00070418
8.02448e-05
0.00029994
3.90371e-05
0.000380246
0.000359342
0.000168125
0.000194391
3.90371e-05
3.90371e-05
0.000429509
0.000159945
0.000160798
3.90371e-05
0.000358995
0.00032006
0.000759843
0.000118904
0.000355684
0.000229997
0.00017731
0.000352014
0.000211468
5.6856e-05
0.000424807
0.000282291
0.000463827
0.00010223
6.9059e-05
6.3143e-05
0.000381831
0.000495481
0.000395054
0.000218449
0.000556287
0.000517032
3.90371e-05
3.90371e-05
3.90371e-05
4.67664e-05
0.000193157
0.000195297
0.00065823
3.90371e-05
5.75178e-05
0.000355792
5.61705e-05
7.76838e-05
8.83688e-05
0.00024276
0.000157883
3.90371e-05
4.67664e-05
0.000459596
3.90371e-05
0.000295474
0.000140881
0.000381146
0.000888693
0.000213416
3.90371e-05
0.000186983
0.00049814
3.90371e-05
3.90371e-05
0.000442819
0.000127332
3.90371e-05
3.90371e-05
5.19193e-05
0.000803922
0.000148961
0.000129839
8.76296e-05
5.83605e-05
0.000108899
0.000334731
0.000727433
3.90371e-05
5.19193e-05
4.54782e-05
9.8186e-05
3.90371e-05
0.000145004
0.000561463
8.15098e-05
8.82324e-05
0.000407452
0.000222114
0.00014579
0.000846213
0.000105384
0.000207317
3.90371e-05
0.000113782
3.90371e-05
3.90371e-05
3.90371e-05
0.000122672
0.00039153
3.90371e-05
0.000805237
0.000117115
0.000139742
3.90371e-05
8.92882e-05
0.000750592
7.30146e-05
3.90371e-05
0.000157889
0.000465327
3.90371e-05
5.19193e-05
3.90371e-05
3.90371e-05
0.000358478
3.90371e-05
0.000151508
0.000150837
0.000123388
0.000521162
5.13592e-05
0.000149964
9.70067e-05
4.86988e-05
0.000354623
0.0003334
0.000163798
0.000396809
0.00055167
0.00021255
9.42715e-05
0.000234195
0.000602181
0.000485779
0.000439389
3.90371e-05
0.000676568
0.000434089
3.90371e-05
7.49924e-05
0.000810511
8.49888e-05
0.000251003
0.000162095
0.000611052
0.000355743
0.000117531
0.000182408
7.4221e-05
3.90371e-05
3.90371e-05
0.000798698
0.000108273
0.000281995
0.000141332
0.000236601
0.000200498
0.000250556
7.596e-05
3.90371e-05
0.000113397
0.000255793
0.000103853
3.90371e-05
0.000152327
0.000197559
5.83605e-05
0.000371546
0.000396563
0.000255987
5.19193e-05
3.90371e-05
8.38107e-05
0.00015762
0.000773318
0.000105925
8.93092e-05
0.000221974
0.000228279
0.000243105
0.000303567
0.000122372
0.000580781
3.90371e-05
0.000331818
0.000129466
4.86988e-05
0.000134327
0.000685868
0.000330919
3.90371e-05
0.000381646
0.000251231
7.78128e-05
3.90371e-05
0.000141042
0.000101337
0.000246305
0.000328263
0.000311386
3.90371e-05
3.90371e-05
5.83605e-05
0.000210406
3.90371e-05
5.19193e-05
0.000155427
3.90371e-05
0.000138601
0.000199729
8.76768e-05
0.000319722
0.000173576
0.000516257
0.000290265
0.000194486
0.000178529
3.90371e-05
0.000157672
3.90371e-05
3.90371e-05
0.000168239
0.000659546
0.000956322
0.000105185
0.000371833
0.000276407
0.000332572
0.000276943
0.000389275
0.000391174
0.000457957
3.90371e-05
0.000162033
0.0001258
3.90371e-05
3.90371e-05
0.000189314
3.90371e-05
8.10495e-05
0.000359647
0.000276832
0.000260579
0.000168774
3.90371e-05
3.90371e-05
6.7911e-05
3.90371e-05
0.000124224
9.80162e-05
3.90371e-05
8.95518e-05
4.86988e-05
0.00019891
0.00017835
0.000425957
0.000152921
0.000242294
3.90371e-05
0.000316205
3.90371e-05
0.000194389
3.90371e-05
0.000228568
6.48016e-05
0.000227704
4.638e-05
0.000165382
0.000117186
0.000365512
0.000160798
9.52559e-05
0.000572913
3.90371e-05
0.000324195
3.90371e-05
0.000280574
0.000152456
0.000494117
0.000625805
3.90371e-05
0.000339202
0.000145521
0.000397969
4.67664e-05
5.19193e-05
8.56149e-05
0.00019733
8.0115e-05
0.000612374
8.40962e-05
0.000126326
3.90371e-05
0.000177124
7.97963e-05
0.000981205
3.90371e-05
8.83761e-05
5.66816e-05
0.000132776
9.96976e-05
3.90371e-05
3.90371e-05
0.000182511
3.90371e-05
0.000182491
3.90371e-05
5.34813e-05
0.000131174
3.90371e-05
0.000241379
0.00013239
0.000125955
0.000123531
0.000293472
0.000190037
4.67664e-05
0.0002483
7.18871e-05
3.90371e-05
0.000263706
5.19193e-05
0.000129168
3.90371e-05
0.000829718
0.000513647
6.54751e-05
0.000275476
0.000114221
0.000285712
0.000164347
0.000164253
0.000108796
3.90371e-05
0.000226873
7.12427e-05
0.00085898
3.90371e-05
0.000216941
0.000148446
3.90371e-05
3.90371e-05
3.90371e-05
8.81449e-05
0.000548579
3.90371e-05
7.76838e-05
0.000393579
0.000217248
3.90371e-05
3.90371e-05
0.000122621
3.90371e-05
0.000420658
0.000195526
0.000166796
0.000384685
0.000297845
0.000268844
9.22943e-05
3.90371e-05
0.000202459
0.000252531
0.000295981
0.00101441
0.000422235
0.000182662
3.90371e-05
0.000325526
8.58969e-05
0.000339278
3.90371e-05
3.90371e-05
3.90371e-05
5.16521e-05
0.000404662
0.000134566
7.2719e-05
3.90371e-05
0.000496837
0.000526716
0.000204721
0.00017268
8.02777e-05
0.000155459
3.90371e-05
6.18955e-05
0.000732176
9.4586e-05
0.000116026
6.81903e-05
0.000327431
0.000739137
0.000995768
0.000119236
0.000156885
9.10413e-05
3.90371e-05
0.000287359
0.000103616
0.000130276
3.90371e-05
0.000937266
9.81015e-05
3.90371e-05
0.00015482
0.000174489
0.000269442
0.000167952
9.49844e-05
0.000100741
0.000365722
9.90092e-05
3.90371e-05
0.000136593
5.19193e-05
3.90371e-05
7.90913e-05
0.000840758
0.000847942
0.000146919
0.000181059
8.59936e-05
3.90371e-05
3.90371e-05
0.000707148
3.90371e-05
0.000138265
0.000387102
6.70579e-05
0.000256516
6.67347e-05
0.00044819
0.000159586
0.000213163
0.00027942
0.000577906
0.000391335
3.90371e-05
3.90371e-05
0.000184839
3.90371e-05
0.000179308
0.000281695
6.54386e-05
4.76038e-05
8.47228e-05
0.000373006
0.000249719
0.000299172
7.68353e-05
9.95829e-05
9.79416e-05
0.000358478
0.000337692
6.94739e-05
9.55529e-05
0.000240614
0.000323995
3.90371e-05
7.46694e-05
0.000126326
0.000346555
4.67664e-05
3.90371e-05
0.000156782
0.000161385
0.000140996
0.000185164
0.000104172
0.000603318
7.71542e-05
0.000316961
3.90371e-05
0.000859305
0.000178812
0.000240473
0.00033361
0.000366876
0.000246594
0.000392611
0.000401073
6.06439e-05
0.000289043
5.83605e-05
0.00049852
8.09982e-05
0.000149105
3.90371e-05
0.000248651
5.19193e-05
0.000422662
4.67664e-05
0.000257857
3.90371e-05
0.000157643
3.90371e-05
3.90371e-05
3.90371e-05
9.44816e-05
4.86988e-05
5.48224e-05
0.000131356
0.000205054
0.000173381
7.76838e-05
3.90371e-05
0.000329538
0.000633813
5.75178e-05
0.0002929
0.000345511
3.90371e-05
7.76838e-05
0.000124872
0.00048725
0.000509829
0.000784023
0.000342918
0.00020441
3.90371e-05
8.51851e-05
8.24664e-05
3.90371e-05
0.00044901
0.000907593
0.000962777
6.454e-05
0.000636599
0.000288656
0.000114497
5.98743e-05
0.000121682
0.000285681
0.000449628
0.000126324
0.000176641
0.0012461
3.90371e-05
0.00017883
3.90371e-05
3.90371e-05
0.000399023
0.000104519
9.14347e-05
0.000310685
0.000368831
3.90371e-05
0.000317917
5.45001e-05
0.000145156
0.000275901
0.000132961
0.000155197
8.3333e-05
0.00116657
3.90371e-05
8.3761e-05
5.83605e-05
3.90371e-05
6.94362e-05
0.000145004
3.90371e-05
0.000142524
0.000419443
0.000259407
3.90371e-05
6.79577e-05
9.31068e-05
8.42661e-05
3.90371e-05
0.000227649
0.000568848
0.000133338
0.000321516
0.000388507
0.000332332
0.000315187
9.20462e-05
0.000102083
0.000140698
0.000443451
5.34912e-05
0.000167488
0.000668851
3.90371e-05
0.000264234
3.90371e-05
9.64863e-05
0.00017806
0.000539445
0.00112581
0.000418115
0.0008838
0.000133519
0.000163216
0.000717774
0.000331627
0.000242363
0.000154046
0.000132732
3.90371e-05
0.000415964
0.000128943
9.22943e-05
0.000131373
0.000116961
0.000135527
0.000184237
3.90371e-05
0.000726924
0.00013815
0.000174489
0.000168471
0.000129748
0.000417612
7.03989e-05
0.000571925
3.90371e-05
0.000612206
0.000319976
3.90371e-05
0.000117297
0.000146098
5.19193e-05
9.4307e-05
0.000214075
7.76838e-05
9.07787e-05
0.00018011
0.000294349
0.000153533
0.000332026
0.00012343
0.000588224
0.000242552
0.000284156
0.000785535
0.000124977
0.000191807
7.81873e-05
0.000163733
3.90371e-05
0.000282197
0.000242926
0.000290131
0.000199361
0.000234287
0.000550331
0.000219961
0.000305771
0.000345646
3.90371e-05
0.000128345
0.00010005
6.47372e-05
8.03264e-05
7.10598e-05
7.72816e-05
0.000130758
0.000110427
0.000267772
7.97237e-05
0.000159722
0.000181692
0.000196898
0.000215362
0.000476556
0.000576905
9.48617e-05
0.000194967
0.000120242
0.000160328
0.000121563
0.000269279
3.90371e-05
7.7081e-05
0.000434114
5.16839e-05
0.000255717
0.000284971
0.000697061
0.000155236
0.000352675
0.000770952
0.000453256
0.00076251
0.000129746
3.90371e-05
3.90371e-05
9.41557e-05
0.000283307
3.90371e-05
8.3328e-05
0.000207342
0.000211662
0.000123447
0.000281854
6.70336e-05
5.83605e-05
0.000384826
3.90371e-05
3.90371e-05
8.69649e-05
0.000404105
3.90371e-05
0.00061632
3.90371e-05
0.00012217
0.000212815
0.000100369
7.76838e-05
0.00018188
7.84414e-05
0.000717347
7.76838e-05
7.12427e-05
0.000437891
0.000488372
0.000423396
0.000201339
9.46377e-05
7.38395e-05
0.000106016
8.04896e-05
7.76838e-05
0.000195485
0.000200296
3.90371e-05
3.90371e-05
0.000620987
0.000296503
0.000236737
0.000636487
0.000131957
0.000100316
0.00022897
0.000120991
0.000533426
0.000387942
0.000211858
3.90371e-05
0.000392727
0.000115399
5.64281e-05
0.000162905
0.000182538
7.33407e-05
0.000274421
3.90371e-05
0.00027024
0.000196689
0.000179204
9.97717e-05
3.90371e-05
9.9518e-05
0.000173423
4.86988e-05
3.90371e-05
0.000286329
3.90371e-05
5.83605e-05
3.90371e-05
0.000294678
5.83605e-05
3.90371e-05
5.19193e-05
3.90371e-05
3.90371e-05
0.000152818
0.000159397
0.000414698
0.000217236
7.68719e-05
0.00041058
0.000706309
8.6961e-05
7.5466e-05
0.0002827
3.90371e-05
0.000387414
3.90371e-05
8.88872e-05
0.000221097
0.000112942
0.000219587
0.000156049
0.00012771
0.000253487
0.000294358
3.90371e-05
3.90371e-05
4.67664e-05
3.90371e-05
0.000249845
6.70336e-05
3.90371e-05
5.96487e-05
0.000281882
0.0001332
0.000199154
0.000467383
0.00022282
3.90371e-05
5.8296e-05
0.000568833
0.000205567
0.000149754
0.000217815
3.90371e-05
0.000222074
3.90371e-05
9.0395e-05
0.000245109
0.000368336
0.00149926
0.000196127
0.000258933
9.22328e-05
0.000836642
9.36474e-05
3.90371e-05
0.000368927
7.5466e-05
0.000525116
0.000141241
0.000610831
0.000186931
0.000315068
3.90371e-05
0.000100458
3.90371e-05
0.000360183
0.000236815
3.90371e-05
3.90371e-05
0.000131781
0.000117012
5.19193e-05
0.000234016
0.000195114
4.96284e-05
0.000864262
0.00015502
0.000154469
0.000233446
0.000245777
4.86988e-05
0.000418166
0.000431033
0.000214543
3.90371e-05
0.000280781
0.000101333
0.00090548
9.46915e-05
0.000376889
0.000199176
3.90371e-05
5.90496e-05
3.90371e-05
0.000220759
0.000336785
0.000621142
3.90371e-05
0.000449588
0.000168782
0.000349628
3.90371e-05
4.86988e-05
0.000244193
5.66378e-05
0.00022735
0.000688648
0.000377298
0.000187752
0.000331659
8.06932e-05
0.000215101
0.000316193
6.60898e-05
0.00021174
0.000864302
4.86988e-05
3.90371e-05
0.000154469
0.000235901
7.03028e-05
0.000421104
0.000193484
0.000125992
3.90371e-05
0.000127858
3.90371e-05
0.000184655
0.000115442
8.77882e-05
0.000599177
0.00015006
0.000345572
0.000270529
0.000233522
3.90371e-05
0.000464032
0.000181026
3.90371e-05
9.82621e-05
0.000397586
8.08772e-05
6.79255e-05
5.71034e-05
5.19193e-05
0.000159082
8.58976e-05
5.50595e-05
7.61197e-05
3.90371e-05
0.00029928
0.000266765
0.000149147
0.000737663
0.000111345
6.55971e-05
0.000299313
0.000140793
0.00060936
6.79255e-05
0.000351159
0.000216829
0.000774669
0.000360449
0.000839855
0.00013951
0.000318506
8.11065e-05
0.000109567
4.67664e-05
0.000215603
6.65557e-05
3.90371e-05
0.000861587
6.82666e-05
0.000792264
0.000179208
0.000139269
0.000154145
0.000229771
8.17572e-05
0.000190254
4.54782e-05
0.000245412
0.000597018
0.000201506
0.000108092
0.00027298
0.000261678
3.90371e-05
3.90371e-05
3.90371e-05
0.000191206
0.000204724
0.000155991
0.000216594
0.000135428
0.000235834
3.90371e-05
0.00018635
0.000344986
6.79255e-05
5.05925e-05
0.00010682
0.000360449
0.000826554
5.83605e-05
0.000137189
5.83605e-05
3.90371e-05
9.0911e-05
0.00035794
0.000101403
0.000184813
0.000168637
0.000109889
9.49102e-05
0.000129465
3.90371e-05
3.90371e-05
0.000151536
0.000101964
0.000204735
3.90371e-05
0.000590096
0.000167747
0.000160677
9.8186e-05
0.000457794
0.000228276
0.000248607
0.000107703
0.000347863
9.65097e-05
0.000487627
5.19193e-05
3.90371e-05
3.90371e-05
0.000584274
0.000554799
3.90371e-05
0.000414216
0.000111431
0.000175137
9.70072e-05
0.000371093
0.000275898
0.000739608
0.000418187
0.000656457
0.000140855
7.17619e-05
0.000683888
0.000224866
0.00023
0.000154267
0.000124525
0.00025889
6.50905e-05
0.00018096
0.00060668
0.000190836
0.000271853
0.000269743
0.000141896
0.000160065
0.0011772
0.000270673
0.000609892
5.48224e-05
3.90371e-05
3.90371e-05
0.000305887
0.000367203
0.000401074
0.000382493
0.000185548
0.000192076
0.000236594
3.90371e-05
0.000272667
3.90371e-05
0.000233768
0.000368651
3.90371e-05
5.19193e-05
0.000198161
0.000165637
3.90371e-05
0.000393589
0.00041807
0.000100568
0.000496383
0.000149536
5.19193e-05
0.000441268
3.90371e-05
3.90371e-05
0.000153648
0.000117867
6.3143e-05
3.90371e-05
0.000476166
0.000631676
0.000217351
0.000146825
0.000217511
0.000635791
8.53359e-05
0.000574027
7.92516e-05
0.000128341
5.78308e-05
0.00018461
0.000175433
3.90371e-05
6.56473e-05
0.000291597
3.90371e-05
0.000636082
0.000135404
8.97754e-05
5.13592e-05
5.75734e-05
0.000142052
0.000228734
0.000308863
5.83605e-05
0.000183697
3.90371e-05
3.90371e-05
0.000178233
0.000376083
0.000377369
0.000179695
0.00104467
0.000581895
3.90371e-05
0.000394492
7.46153e-05
0.000217322
0.000226604
3.90371e-05
0.000234595
0.000163569
0.000156543
0.000159861
0.00034863
0.000602824
0.000105208
3.90371e-05
7.73257e-05
0.000163881
0.000170485
8.11816e-05
0.000103134
0.000229448
3.90371e-05
7.17197e-05
0.000289436
0.000103759
0.000160291
0.000336827
0.000579953
3.90371e-05
0.00036909
3.90371e-05
0.000186606
7.76838e-05
0.000608611
0.000188054
0.000318749
0.000240097
0.000120189
3.90371e-05
3.90371e-05
0.000175586
0.000195777
0.000456467
0.000234016
0.000309179
0.000493407
0.000175847
0.000184887
3.90371e-05
6.1581e-05
4.86988e-05
9.77787e-05
0.000265655
3.90371e-05
0.000389143
0.00024561
6.61388e-05
6.71979e-05
3.90371e-05
0.000589217
3.90371e-05
0.000282303
0.000235842
0.000437688
3.90371e-05
3.90371e-05
3.90371e-05
0.000130485
0.000949692
0.000326158
3.90371e-05
0.000195072
3.90371e-05
0.000296209
7.88343e-05
0.00019142
0.000105616
3.90371e-05
0.000258819
0.00025201
0.000605526
0.000335143
3.90371e-05
0.000205408
0.000415453
5.61364e-05
0.000186057
0.000180465
3.90371e-05
5.50755e-05
0.000249205
0.000496567
0.000540237
3.90371e-05
3.90371e-05
0.000594462
3.90371e-05
0.000102733
5.19193e-05
0.000144972
0.000151339
0.000511564
0.000165269
0.000328438
0.00010654
0.000141241
5.83605e-05
0.000209507
0.000156669
0.000148047
0.000117985
8.26886e-05
3.90371e-05
3.90371e-05
0.00067503
0.00032568
5.19193e-05
3.90371e-05
0.000200321
3.90371e-05
3.90371e-05
6.47372e-05
8.97056e-05
0.000209718
5.447e-05
0.000544811
0.000305161
0.000511364
0.000156525
0.000129441
0.000274181
0.000111829
0.000160946
9.46678e-05
0.000134071
7.28047e-05
9.68139e-05
3.90371e-05
0.000387369
0.000166796
0.000117791
0.000263892
0.000177746
7.15479e-05
0.000288642
0.000236032
0.000168384
3.90371e-05
0.000202488
0.00018855
0.000245293
7.4221e-05
3.90371e-05
0.000113082
0.000144473
0.000565301
0.000150606
9.27151e-05
0.000194211
9.16458e-05
5.83605e-05
6.62695e-05
3.90371e-05
5.83605e-05
0.000160634
0.000171086
6.44048e-05
9.74899e-05
0.000295777
9.8186e-05
0.000151453
3.90371e-05
0.000160513
0.000102716
3.90371e-05
0.000125248
0.000342865
5.19193e-05
3.90371e-05
4.67664e-05
9.35565e-05
0.000181127
3.90371e-05
3.90371e-05
5.34813e-05
0.000334157
0.000186097
0.000260924
0.000388334
8.74029e-05
0.000201964
0.00031518
0.000644981
0.00022477
9.56553e-05
5.78543e-05
3.90371e-05
0.000208816
0.000192506
0.000140616
3.90371e-05
3.90371e-05
0.000249759
0.000149663
8.31621e-05
0.000113024
0.000233907
0.000355889
0.000386024
0.00038043
0.000370252
0.000167953
0.000247892
0.000384448
0.000107977
0.00071418
3.90371e-05
0.000205054
0.000138908
3.90371e-05
3.90371e-05
0.000140378
0.000747226
0.000274739
0.00023715
0.000105657
0.000108948
0.000176478
0.000216331
0.000165954
0.000253335
0.000336912
9.53263e-05
0.000571441
0.000319148
5.51077e-05
0.000459425
0.00041843
0.000360432
0.000200501
0.000187706
4.86988e-05
0.000162565
0.000268356
0.00017113
3.90371e-05
3.90371e-05
6.80221e-05
0.000560502
0.000154095
0.000153026
3.90371e-05
0.000233946
0.000625635
0.00010189
5.18871e-05
0.000364144
3.90371e-05
3.90371e-05
3.90371e-05
8.96012e-05
8.10495e-05
8.07135e-05
0.000180003
8.91601e-05
3.90371e-05
0.000149059
0.000748776
0.000285343
0.000296954
5.83605e-05
0.000175793
0.000243981
3.90371e-05
0.000607216
9.97787e-05
3.90371e-05
3.90371e-05
5.19193e-05
3.90371e-05
0.00024586
0.000629139
8.03984e-05
0.000645239
0.000584145
0.000337566
0.000490816
0.000110453
0.000916981
3.90371e-05
0.000311359
0.000543953
0.000163191
0.000166905
0.000298231
0.000281189
0.000270435
0.000167922
5.19193e-05
4.78596e-05
3.90371e-05
0.000279772
0.000794828
0.000662746
9.66366e-05
0.000553168
3.90371e-05
3.90371e-05
3.90371e-05
0.000303207
8.86599e-05
3.90371e-05
0.000185167
0.000139259
0.000170265
0.000120473
3.90371e-05
7.95522e-05
0.00035324
0.000389076
0.000106897
7.76838e-05
0.000478203
0.000198011
0.000118626
0.000276247
0.00010353
0.000142211
0.000111553
0.000293243
0.000352958
0.000260083
0.000375912
3.90371e-05
0.000150999
0.000201412
0.000544073
5.19193e-05
0.000402923
3.90371e-05
0.000165971
0.000136558
0.00014155
0.000128111
0.000100999
0.000435401
0.000220302
0.000136543
3.90371e-05
4.86988e-05
9.01271e-05
0.00122857
0.000305782
3.90371e-05
6.95035e-05
3.90371e-05
7.12427e-05
0.000189082
0.000205309
8.84559e-05
0.00011711
9.52244e-05
3.90371e-05
0.000365255
0.00064283
3.90371e-05
0.00020331
0.000265101
0.000278974
3.90371e-05
0.000149469
0.000254616
3.90371e-05
0.000142622
9.28911e-05
0.000185167
0.000177184
0.00024139
3.90371e-05
0.00156316
0.000100927
0.000393899
0.000131289
0.000133621
0.000434285
0.000277513
0.000152676
0.000140009
0.000446712
0.000130427
0.000163697
0.000495077
0.000147731
5.83605e-05
0.00022246
0.000178914
5.83605e-05
0.000145185
0.000609057
7.46212e-05
8.24664e-05
3.90371e-05
0.000374063
0.000146848
5.14529e-05
8.86104e-05
0.00102692
0.000610965
0.000193898
0.000103923
3.90371e-05
7.76838e-05
9.68946e-05
0.000513773
8.981e-05
7.51982e-05
5.83605e-05
0.000993614
0.000260522
0.000100542
8.72352e-05
0.000107466
0.000106204
0.000214529
0.000182321
3.90371e-05
5.19193e-05
0.00023908
0.000273251
0.000381222
6.21865e-05
0.000135507
5.82638e-05
0.000396507
9.8833e-05
0.000148737
8.60473e-05
5.61705e-05
0.000308689
3.90371e-05
7.60252e-05
5.75178e-05
0.000222907
7.76838e-05
0.000552469
3.90371e-05
6.88195e-05
0.000146529
0.000152424
0.000294987
0.000472482
3.90371e-05
5.83605e-05
0.000349674
0.000655278
4.67664e-05
3.90371e-05
0.000443634
8.81781e-05
3.90371e-05
0.000264097
0.000306445
0.000112067
3.90371e-05
0.000425262
0.000144512
0.000358851
3.90371e-05
0.000243577
0.000219779
0.000331038
0.000120749
0.000256709
0.000488739
5.83605e-05
0.000122037
3.90371e-05
0.000109278
0.000112844
0.000353882
0.00037673
0.000109819
0.000874758
5.83605e-05
0.000487137
0.000280926
6.21117e-05
7.27913e-05
0.000506949
0.00148395
0.000722873
8.26464e-05
0.000603598
8.84279e-05
0.000812155
0.000284327
3.90371e-05
0.000136142
6.79255e-05
0.000423374
0.00137119
0.000106201
3.90371e-05
0.000271394
5.09697e-05
0.000164317
4.86988e-05
3.90371e-05
0.000439326
6.1581e-05
7.26662e-05
0.000122768
0.000152034
0.000125265
0.00018909
0.00020422
0.000127409
0.000144422
3.90371e-05
0.000289901
8.48651e-05
0.000287723
0.000744893
6.80221e-05
7.88844e-05
3.90371e-05
9.69428e-05
0.000375304
0.000143302
0.000136083
8.67733e-05
0.000123239
0.000483106
0.000404764
0.000476263
6.21117e-05
0.000118491
0.000856779
0.000787127
6.80221e-05
6.01817e-05
6.3143e-05
0.000319116
0.00026821
3.90371e-05
0.000683395
3.90371e-05
0.000567656
0.000196895
0.000236555
0.000672256
3.90371e-05
0.000270196
9.04372e-05
0.000100999
3.90371e-05
0.000139846
0.000694655
3.90371e-05
0.000141615
9.36939e-05
0.000165041
3.90371e-05
0.000499831
5.19193e-05
0.000243933
0.000114063
0.000184655
3.90371e-05
0.000620419
0.00102888
5.83605e-05
0.00060263
0.000316333
0.000449148
0.000227141
5.83605e-05
0.000142953
0.00069522
0.00030412
0.000190559
5.83605e-05
0.000233688
0.000404978
8.12435e-05
5.69507e-05
0.000127972
3.90371e-05
8.9437e-05
0.000119407
8.93422e-05
0.000149812
0.000203306
0.000260968
3.90371e-05
6.72872e-05
0.000423559
9.93916e-05
0.000214157
3.90371e-05
0.000202497
0.000395085
0.000140099
3.90371e-05
8.43732e-05
3.90371e-05
0.000105744
5.83605e-05
0.000293293
0.000100635
0.000289186
5.7022e-05
3.90371e-05
3.90371e-05
0.000196744
0.000512854
0.000188023
0.000209149
0.00019941
3.90371e-05
3.90371e-05
3.90371e-05
0.000151764
0.000103616
0.000941185
0.000377685
0.00018229
0.000117185
0.000306665
0.000219522
0.000198187
3.90371e-05
3.90371e-05
0.00101234
0.0003417
0.000473536
0.000143897
4.86988e-05
9.50209e-05
0.00135744
7.77975e-05
5.19193e-05
0.000149323
0.000367641
0.000250842
0.000291058
0.000889156
0.000268519
3.90371e-05
0.000203745
9.93559e-05
0.00011711
0.000384714
3.90371e-05
7.108e-05
0.000158685
0.000110463
0.000103537
0.000187242
4.86988e-05
8.64181e-05
4.67664e-05
0.000127846
0.000678651
0.000259537
0.000111322
9.03385e-05
3.90371e-05
0.000271019
0.000239241
0.000907747
0.000318505
5.19193e-05
0.00038105
0.000102838
5.29954e-05
0.000256398
0.00019838
0.000188873
0.000103802
0.000510684
0.000567051
7.53466e-05
0.000140264
3.90371e-05
3.90371e-05
0.000246143
9.91613e-05
6.79704e-05
0.000419329
3.90371e-05
7.71629e-05
6.21865e-05
0.000156877
0.000108133
7.88794e-05
0.000332341
0.00017621
0.000447147
0.000216665
0.000100659
0.000161231
0.000656503
4.86988e-05
0.00023986
6.25472e-05
4.86988e-05
0.000472675
0.000162018
0.000137262
0.000188108
7.526e-05
6.18955e-05
0.000312524
8.34127e-05
0.00015911
0.000232387
0.000359372
0.000430109
7.80779e-05
0.000787483
7.108e-05
9.1942e-05
0.000309391
0.000120144
3.90371e-05
3.90371e-05
0.000442391
3.90371e-05
6.60254e-05
0.000212291
0.000736321
7.98228e-05
5.59547e-05
0.000474241
8.12739e-05
0.000103384
9.79416e-05
0.000129722
0.000226486
3.90371e-05
6.11976e-05
0.000783916
9.45448e-05
0.000710016
5.83605e-05
3.90371e-05
9.75077e-05
0.000159608
0.000264757
0.000112215
3.90371e-05
0.000205138
3.90371e-05
0.000256798
8.09044e-05
0.000218129
0.000101089
0.000104632
3.90371e-05
0.0003855
0.00076012
0.000198633
0.000772051
7.76838e-05
0.000330953
3.90371e-05
0.000254066
0.000175645
0.000121281
0.000177854
5.14529e-05
0.000531579
0.000385966
0.000243896
3.90371e-05
6.88195e-05
0.00025214
3.90371e-05
0.000455243
0.000290398
0.000109843
0.00109862
0.000141332
5.5147e-05
0.000178498
0.000340521
0.000487117
0.000319752
0.000128371
0.000272251
9.05661e-05
0.000304688
0.000114733
3.90371e-05
0.000164031
0.000160951
0.00053142
9.04445e-05
0.000699656
0.000241733
0.000174816
0.000114715
0.00120614
0.000189199
0.000451402
0.000107867
0.000379997
0.000369853
0.000423653
0.000350368
4.67664e-05
0.000182683
0.000124622
5.83605e-05
0.000351284
0.000245819
0.00035661
5.19193e-05
7.35285e-05
9.51007e-05
3.90371e-05
0.000302488
0.000300925
0.00107872
0.00016954
0.000106921
0.000291063
7.108e-05
0.000395705
3.90371e-05
0.00017793
3.90371e-05
5.83605e-05
0.000377687
0.000199504
0.000502238
0.000155536
0.000718274
7.6434e-05
6.95197e-05
0.000424122
3.90371e-05
0.00087217
0.00015787
3.90371e-05
0.000453599
0.000130752
0.000147701
0.000132866
0.000889279
0.000250571
3.90371e-05
0.000234171
0.000138661
0.000123796
0.000134794
0.000180722
0.000661612
0.000200963
0.00065205
0.000213049
3.90371e-05
0.000286858
0.000169958
3.90371e-05
0.000218087
0.000139846
0.000479535
0.000223398
0.000145742
0.000158011
0.000311534
3.90371e-05
0.000431221
0.000166165
9.09754e-05
6.69544e-05
5.19193e-05
0.000444233
7.76838e-05
9.67127e-05
3.90371e-05
6.7239e-05
9.83831e-05
0.000167689
0.000193209
5.39429e-05
0.000254089
0.000360099
4.86988e-05
3.90371e-05
0.00029568
0.000197236
3.90371e-05
7.8427e-05
0.000410067
0.000255452
0.000178724
0.000100788
3.90371e-05
3.90371e-05
0.000318414
6.87113e-05
0.000139595
0.000949305
0.000172795
0.000534251
0.000143348
0.000251515
0.000126231
0.000248776
5.83605e-05
0.000727336
0.000250916
0.00015172
3.90371e-05
0.000144923
0.000331995
0.000192832
3.90371e-05
7.65757e-05
6.52354e-05
0.000236642
0.000128741
0.000256344
9.96115e-05
0.000111517
0.000249115
6.1581e-05
0.000178538
0.000175621
0.000132124
0.000396218
3.90371e-05
3.90371e-05
0.000279684
0.000222454
3.90371e-05
5.61705e-05
0.000903044
0.000618388
6.48016e-05
5.8296e-05
0.000280326
5.19193e-05
0.00031001
0.000952271
3.90371e-05
0.000254674
0.000374791
3.90371e-05
8.73455e-05
0.000102706
0.000687333
0.00022692
0.000174164
7.13406e-05
0.00126821
3.90371e-05
0.000504629
0.000158099
0.000164438
0.000374959
7.11139e-05
3.90371e-05
4.638e-05
0.000127198
0.000141503
0.000469286
0.000512427
0.000243077
9.05661e-05
9.01727e-05
0.000480291
0.000179779
0.000267593
0.00030735
0.000157739
0.000242391
0.000334684
0.00014091
0.000164779
3.90371e-05
0.000480617
0.000400369
4.67664e-05
3.90371e-05
5.83605e-05
3.90371e-05
0.00015995
3.90371e-05
0.00010353
0.000587606
0.000370532
7.4377e-05
0.00030589
3.90371e-05
0.00012606
0.000286198
0.000146355
5.78543e-05
0.000116262
6.84658e-05
0.000140188
0.000115944
0.000139499
0.000359392
8.33897e-05
0.000121398
0.000148279
0.000160145
0.000100729
0.000142652
0.000422987
0.000130156
3.90371e-05
0.000256041
0.000167057
3.90371e-05
3.90371e-05
7.48323e-05
0.000353775
9.0984e-05
0.000230398
0.000150922
0.000100833
0.000194158
0.000358667
0.000439973
3.90371e-05
0.000312416
0.000350929
7.76838e-05
7.82357e-05
0.000299821
3.90371e-05
0.000200948
0.00084233
3.90371e-05
0.000226892
6.48016e-05
3.90371e-05
0.000326987
0.000177072
3.90371e-05
9.13357e-05
5.19193e-05
0.000129138
5.50307e-05
0.00110465
3.90371e-05
0.000337988
0.000540146
3.90371e-05
7.2409e-05
0.000122037
8.0637e-05
3.90371e-05
0.00024697
7.76838e-05
0.00017883
0.000134215
3.90371e-05
0.000267264
3.90371e-05
0.000390637
0.000125226
0.00018888
0.000178974
3.90371e-05
9.16568e-05
0.000357467
9.81666e-05
0.000182824
0.000112929
9.79994e-05
0.000265994
8.53925e-05
0.000515965
8.696e-05
0.00028865
0.000276696
0.000173287
0.000113261
0.000197195
0.00018631
0.000262477
5.19193e-05
8.72489e-05
0.000125366
0.00101922
3.90371e-05
0.000773218
0.000264475
0.000188023
0.000183473
0.000136619
0.000114487
0.000451472
0.000230785
0.000298569
9.06555e-05
3.90371e-05
0.000379348
0.000890376
0.000210736
7.72752e-05
0.000241424
0.0001213
0.000474427
0.000111567
0.000151149
0.000378542
9.09547e-05
0.000140925
0.000314399
3.90371e-05
0.000227952
0.000408513
0.000167303
0.000133059
0.000302988
3.90371e-05
3.90371e-05
0.000173433
5.19193e-05
0.000183982
0.000353204
0.000369421
0.000623349
3.90371e-05
0.00039493
3.90371e-05
9.04372e-05
0.000319511
3.90371e-05
0.000493458
0.000262479
3.90371e-05
0.000881869
0.000269688
6.76723e-05
0.000319593
0.00058519
3.90371e-05
0.00013616
0.000131142
0.000169648
0.000105185
0.000313994
0.000492743
0.000264945
5.5147e-05
0.000238644
0.000240198
0.000101259
3.90371e-05
3.90371e-05
0.00049431
0.000177661
3.90371e-05
7.7081e-05
6.93299e-05
0.000248602
0.000292849
0.000261392
0.000102908
0.0001387
8.68964e-05
0.000154952
4.67664e-05
3.90371e-05
0.000165486
3.90371e-05
0.000347137
0.000146251
0.000454517
0.000220611
0.000146705
0.000193089
0.000134616
0.000299811
0.000169051
3.90371e-05
9.48721e-05
4.67664e-05
3.90371e-05
0.000560129
7.5951e-05
0.000125606
0.000276889
3.90371e-05
3.90371e-05
9.17077e-05
3.90371e-05
0.000253972
3.90371e-05
0.0002965
0.000179436
0.00013451
0.000571999
0.000581972
3.90371e-05
9.68139e-05
0.000301721
0.000157985
3.90371e-05
0.00017761
0.000339732
8.97056e-05
0.000135692
0.000102367
3.90371e-05
3.90371e-05
0.000587828
0.000370383
3.90371e-05
0.000465432
4.67664e-05
5.19193e-05
0.000173397
0.000309954
3.90371e-05
3.90371e-05
3.90371e-05
6.68415e-05
0.000124972
0.000207281
3.90371e-05
0.000248713
0.000125026
0.00054804
0.00092748
0.00041427
0.000156873
0.000105266
0.000284357
0.000518091
0.000150744
6.40804e-05
0.000347625
0.000191407
0.000237762
3.90371e-05
0.000425777
0.000134053
8.72011e-05
0.000246601
0.000527478
0.000135855
5.83605e-05
8.72489e-05
7.39292e-05
3.90371e-05
3.90371e-05
0.000133782
3.90371e-05
0.000149789
0.000153225
8.11349e-05
5.19193e-05
0.000148914
3.90371e-05
0.000178843
5.83605e-05
0.000103255
0.000148065
0.000407723
8.58658e-05
5.33364e-05
0.00011805
0.000224149
0.000496717
0.000636699
0.000368108
7.04035e-05
0.000232746
0.00013306
3.90371e-05
0.000149964
0.000459509
8.40605e-05
7.89903e-05
0.00048527
0.00113641
0.000222596
9.67627e-05
8.21641e-05
0.000235397
3.90371e-05
0.000240933
3.90371e-05
0.000367393
0.000430998
9.01046e-05
0.000534414
0.000139482
0.000118165
0.000198379
3.90371e-05
0.00025529
3.90371e-05
0.000145224
7.3775e-05
0.00036397
0.0013862
0.000123665
0.000332234
0.000151873
3.90371e-05
0.000489916
6.22337e-05
9.89942e-05
8.71258e-05
6.85632e-05
0.000316961
0.000110938
0.000408734
0.000791229
0.000499407
0.000180584
0.000338403
0.000128472
0.000217387
3.90371e-05
0.000358757
7.28845e-05
3.90371e-05
0.000479531
0.000340997
3.90371e-05
0.000261719
3.90371e-05
0.000673842
6.19635e-05
3.90371e-05
9.14132e-05
0.000143722
5.19193e-05
5.84004e-05
0.000272967
0.000408207
0.000171969
0.000206024
0.000223954
3.90371e-05
0.000261392
0.000447278
0.000587183
0.000791703
3.90371e-05
0.000464079
3.90371e-05
0.000240431
0.000266137
5.9485e-05
0.000118133
3.90371e-05
0.000194888
3.90371e-05
0.000466988
0.000160614
0.000436634
5.83605e-05
0.000174301
3.90371e-05
3.90371e-05
6.57355e-05
0.000729497
0.000644541
0.000541054
0.000614953
0.000126231
3.90371e-05
0.000145236
0.000400368
0.000169762
3.90371e-05
7.41251e-05
0.000250353
0.000459722
0.000623257
5.19193e-05
0.000259692
3.90371e-05
0.000111821
3.90371e-05
6.46923e-05
0.000100225
0.000506331
0.000566889
0.000256824
0.000126573
0.000669837
3.90371e-05
5.83605e-05
0.000110418
0.000269365
0.000480394
9.93845e-05
0.000172974
0.00037511
0.000181969
0.000472522
0.000857557
0.000291647
0.000637894
3.90371e-05
0.000191411
0.000246441
0.000748462
0.000416203
0.00048527
8.55429e-05
0.000147801
0.00056617
0.000413537
7.12427e-05
9.52441e-05
3.90371e-05
7.32021e-05
3.90371e-05
0.000164686
0.000215269
0.000202004
0.000269067
0.000421929
0.000289875
0.000242872
0.00011648
3.90371e-05
0.000249797
7.5085e-05
0.000297154
0.000260696
3.90371e-05
0.000310037
4.67664e-05
3.90371e-05
0.000277227
0.000103616
4.86988e-05
7.11722e-05
0.000502495
0.000395003
0.000216605
3.90371e-05
0.00115514
0.000775001
0.000165076
0.000124139
0.00031592
5.27362e-05
0.000189861
0.000405461
0.000105266
0.000242021
0.000233879
7.63079e-05
0.000236909
3.90371e-05
0.000192678
0.000292687
0.000137781
3.90371e-05
0.000231448
3.90371e-05
3.90371e-05
0.000220897
5.19193e-05
0.000282818
0.000646517
0.000159608
5.447e-05
3.90371e-05
0.000339822
3.90371e-05
0.000143716
0.000479871
8.03896e-05
0.000461728
0.000255684
0.000300087
0.00045182
0.000245421
0.000484301
0.000111208
0.000151971
8.09906e-05
0.000186945
6.48197e-05
0.00020455
0.000158519
0.000199067
0.000298776
5.83605e-05
0.00018625
3.90371e-05
9.57551e-05
9.17088e-05
3.90371e-05
0.000113716
8.58368e-05
0.000389452
0.000245251
0.000309706
8.74029e-05
7.58328e-05
0.000184275
5.43425e-05
5.48224e-05
0.000258186
3.90371e-05
9.88091e-05
0.000516874
0.000289463
3.90371e-05
3.90371e-05
0.000225038
8.40605e-05
0.000352821
3.90371e-05
0.000329631
0.000502241
0.000196556
0.000157456
0.000148672
0.000246856
0.000248909
0.000498024
0.000157009
6.11907e-05
0.000180851
0.000177141
0.00034112
0.000161945
0.000146255
0.000508943
3.90371e-05
5.19193e-05
3.90371e-05
3.90371e-05
6.04004e-05
0.00022222
0.000354393
3.90371e-05
0.000243936
0.000257722
3.90371e-05
7.45758e-05
8.09044e-05
0.000493242
0.000208771
0.000503749
8.0637e-05
0.000223413
0.000177748
0.000984931
9.55122e-05
0.000198374
0.000309161
0.000170092
0.0018388
9.02497e-05
5.61705e-05
0.000102796
0.00026108
0.000773674
7.17197e-05
3.90371e-05
3.90371e-05
0.00039673
0.00012799
0.000184184
0.00011811
4.86988e-05
5.19193e-05
0.000116661
6.10563e-05
7.99451e-05
6.68449e-05
0.000302136
0.000209442
3.90371e-05
8.1599e-05
0.000756006
7.08849e-05
0.000111231
0.000113743
0.000185023
0.000465577
0.000124813
5.83605e-05
3.90371e-05
0.000121532
3.90371e-05
0.0005134
0.000120264
0.00180923
0.000359792
0.000150372
4.86988e-05
8.66964e-05
0.00115313
0.000609273
0.000160186
9.84673e-05
0.00126542
0.00025294
0.000377631
0.000420082
0.000105824
0.000209805
6.11662e-05
3.90371e-05
3.90371e-05
0.000410398
0.000107783
3.90371e-05
0.000127506
0.00010628
4.86988e-05
0.00113492
3.90371e-05
9.98873e-05
0.00010206
0.000337505
0.000122738
3.90371e-05
0.000478397
0.000472586
0.000103657
0.000444415
0.000243726
3.90371e-05
3.90371e-05
0.00033183
0.00038642
0.00130731
0.000836435
0.0004361
8.54363e-05
0.000179112
0.000573641
0.000137524
0.000286981
8.86409e-05
5.34813e-05
3.90371e-05
3.90371e-05
0.000118028
0.000587058
0.00015969
6.47372e-05
0.000194888
0.000284779
3.90371e-05
8.85143e-05
0.000183942
0.000511677
3.90371e-05
0.000103616
8.4866e-05
0.000300493
3.90371e-05
0.00012169
3.90371e-05
4.67664e-05
0.0010475
3.90371e-05
0.000192141
0.000449202
0.000174251
0.000181093
0.000160058
0.000127022
0.000253494
5.8296e-05
0.000261719
0.000196878
0.000290057
0.000151963
5.83605e-05
9.04372e-05
3.90371e-05
0.00018379
3.90371e-05
0.000192218
0.000392106
0.000139214
3.90371e-05
0.000526805
0.00027737
0.000103491
0.000118788
3.90371e-05
3.90371e-05
0.000513475
0.000217565
3.90371e-05
0.000484722
0.000403763
9.52244e-05
0.000167209
8.6112e-05
3.90371e-05
0.000277638
0.000720507
0.00020046
3.90371e-05
0.000381036
8.88581e-05
0.000164517
0.000216118
8.09314e-05
5.75734e-05
3.90371e-05
0.000160162
0.000129839
3.90371e-05
0.000177389
0.000440372
0.000254744
0.000110665
5.39429e-05
0.000252102
3.90371e-05
3.90371e-05
3.90371e-05
3.90371e-05
3.90371e-05
3.90371e-05
0.000171219
0.001004
3.90371e-05
0.000410348
0.000165205
3.90371e-05
0.000832191
0.000156556
0.000235989
0.000121601
0.000612232
0.000239935
0.000613156
0.000338308
0.000512165
3.90371e-05
3.90371e-05
0.000660095
0.000108796
6.63988e-05
6.44048e-05
5.83605e-05
0.000157068
0.000162652
3.90371e-05
0.000616786
6.28451e-05
6.92413e-05
3.90371e-05
0.000130485
0.000208396
0.000377142
4.86988e-05
0.000567946
3.90371e-05
0.000375239
8.40962e-05
0.00022813
7.76838e-05
3.90371e-05
0.000262438
0.000111743
0.0002318
5.19193e-05
0.000267279
0.000242167
0.000118693
0.000192597
0.000124642
6.78801e-05
0.000157814
3.90371e-05
8.02448e-05
6.28451e-05
3.90371e-05
0.000148434
6.47372e-05
0.000102962
0.000972916
0.000197407
0.000171658
5.63972e-05
0.000139029
0.00013139
0.000261095
0.000120004
0.000138506
0.00024983
0.00024125
3.90371e-05
0.000198177
0.000342071
0.000156307
0.000240907
0.000147169
0.000363385
6.69228e-05
0.000152931
5.83605e-05
3.90371e-05
0.000170162
0.000168102
0.000107813
0.000236997
0.000458531
0.000190727
0.000202577
0.000109948
0.000233484
9.35759e-05
0.000408
0.000269661
0.00049237
0.000127711
5.83605e-05
0.000306089
0.000101158
0.000210877
0.00104806
3.90371e-05
0.000146376
0.000357145
9.17177e-05
0.00165588
5.83605e-05
6.59932e-05
0.000394261
3.90371e-05
3.90371e-05
0.000286347
0.000281577
0.000148764
0.000467268
3.90371e-05
3.90371e-05
0.000116331
0.000111933
0.000520867
6.38729e-05
0.000384253
5.04876e-05
0.000258933
0.000304462
3.90371e-05
3.90371e-05
0.00025176
5.83605e-05
0.000325851
0.000163848
4.67664e-05
0.000311375
0.00013178
0.000133386
0.000112372
0.000481234
0.000125976
0.000420727
