0.99
0.00020949
0.00032978
0.00153362
0.00020949
0.00110691
0.000313188
0.00020949
0.000416886
0.000619651
0.000416886
0.000832669
0.000416886
0.000988643
0.000416886
0.000519547
0.00020949
0.00020949
0.00139323
0.00020949
0.000504004
0.000416886
0.000381286
0.00020949
0.001037
0.000416886
0.000519547
0.00020949
0.00121104
0.00020949
0.000313188
0.00020949
0.000723842
0.000286746
0.00020949
0.00020949
0.00020949
0.00020949
0.00020949
0.00020949
0.000261339
0.00020949
0.00136506
0.00103951
0.00020949
0.00020949
0.000313188
0.00020949
0.000313188
0.0004944
0.00020949
0.00020949
0.00020949
0.00020949
0.000416886
0.00020949
0.00020949
0.00020949
0.000624281
0.00020949
0.00020949
0.0005683
0.00020949
0.000415849
0.000724049
0.00020949
0.000723503
0.000261339
0.00054423
0.000777759
0.00020949
0.00107858
0.000476169
0.00020949
0.00118172
0.00020949
0.00020949
0.00020949
0.00020949
0.000657465
0.000519547
0.00020949
0.00020949
0.000416886
0.00020949
0.00020949
0.00020949
0.00020949
0.000792282
0.000313188
0.00020949
0.00196766
0.000416886
0.00045409
0.000347754
0.000416886
0.00020949
0.00100174
0.00020949
0.00020949
0.00020949
0.000553082
0.000450073
0.000731338
0.000416886
0.0015546
0.00020949
0.000278622
0.00020949
0.00020949
0.00020949
0.00020949
0.00020949
0.00020949
0.000622207
0.000364519
0.000364519
0.00020949
0.000416886
0.000891203
0.00020949
0.00020949
0.00020949
0.000677629
0.00020949
0.00020949
0.00324547
0.00020949
0.000622207
0.000601247
0.00020949
0.00020949
0.000416886
0.0018059
0.000724868
0.000278622
0.000485326
0.000313188
0.000416886
0.000313188
0.00020949
0.00020949
0.00020949
0.000904312
0.000465645
0.00020949
0.00020949
0.00020949
0.000779309
0.0017576
0.000416886
0.000586964
0.00020949
0.00020949
0.00020949
0.00020949
0.00020949
0.00020949
0.00020949
0.000313188
0.000466666
0.00020949
0.000658156
0.00020949
0.00020949
0.00020949
0.00020949
0.000313188
0.00020949
0.00020949
0.000723842
0.000313188
0.000999678
0.000872031
0.000624281
0.00020949
0.000896671
0.00020949
0.00020949
0.00020949
0.00020949
0.00020949
0.000416886
0.00020949
0.00020949
0.00020949
0.000416886
0.00020949
0.00138531
0.00020949
0.000519547
0.000466666
0.000364519
0.000588678
0.000347063
0.000570364
0.000553079
0.000278622
0.00100658
0.00020949
0.000415849
0.00020949
0.00020949
0.000416886
0.00020949
0.00020949
0.000519547
0.00020949
0.00020949
0.000622207
0.000313188
0.00020949
0.000261339
0.00020949
0.00020949
0.00020949
0.00105284
0.00020949
0.00020949
0.00020949
0.00020949
0.00202356
0.000519547
0.000572432
0.000416886
0.00020949
0.00020949
0.000992647
0.00020949
0.000931234
0.000720431
0.000724879
0.000261339
0.000568813
0.000517483
0.00020949
0.00020949
0.000416886
0.00020949
0.000624281
0.00020949
0.00020949
0.000313188
0.00020949
0.00020949
0.000419014
0.000416886
0.00020949
0.00020949
0.000312842
0.00020949
0.000312842
0.000347063
0.00020949
0.000381286
0.00020949
0.00020949
0.000358701
0.000526219
0.000952924
0.000278622
0.000590822
0.000692722
0.000261339
0.000485326
0.00020949
0.000278622
0.00020949
0.00020949
0.000416886
0.00020949
0.00189016
0.00020949
0.000722043
0.00020949
0.00020949
0.000313188
0.00020949
0.00020949
0.000416886
0.00020949
0.000908045
0.00020949
0.00020949
0.00038026
0.00020949
0.000415849
0.00020949
0.000612529
0.000423721
0.00132317
0.000519547
0.00020949
0.00020949
0.00020949
0.000622207
0.000866935
0.000364519
0.00020949
0.00020949
0.000381286
0.000406866
0.000416886
0.00020949
0.000553767
0.000416886
0.000677629
0.00100685
0.00020949
0.000926591
0.00020949
0.00020949
0.000567624
0.00020949
0.00020949
0.00020949
0.00020949
0.000278622
0.00020949
0.00020949
0.000416886
0.000313188
0.000278622
0.000792973
0.00020949
0.00020949
0.000313188
0.000459314
0.000520584
0.000313188
0.000484639
0.00020949
0.00020949
0.00170812
0.000466666
0.000278622
0.000278622
0.00020949
0.00020949
0.000602178
0.000817695
0.00020949
0.000696353
0.000278622
0.000416886
0.000904537
0.00028046
0.00192235
0.00120911
0.00020949
0.00028046
0.00020949
0.000838406
0.00020949
0.00020949
0.000313188
0.00044049
0.00020949
0.00020949
0.000416886
0.000313188
0.00020949
0.000278622
0.00020949
0.00288601
0.000416886
0.000466666
0.00020949
0.00020949
0.00020949
0.00020949
0.00020949
0.000416886
0.00090648
0.00020949
0.000645028
0.00020949
0.00020949
0.00020949
0.000520584
0.000622207
0.000313188
0.000324021
0.00020949
0.000507569
0.00117534
0.000622207
0.000624281
0.000261339
0.000622207
0.00020949
0.000520584
0.00020949
0.000827529
0.00020949
0.00020949
0.00108966
0.00020949
0.00183534
0.00020949
0.000872597
0.000416886
0.00020949
0.00020949
0.000274172
0.000499534
0.000347754
0.00020949
0.00020949
0.00020949
0.00020949
0.00020949
0.00020949
0.000313188
0.00020949
0.00020949
0.000415849
0.0007266
0.00167841
0.0017815
0.000675612
0.00020949
0.00173016
0.00020949
0.000244056
0.000416886
0.00020949
0.00020949
0.000519547
0.000520584
0.00020949
0.00020949
0.000895994
0.000313188
0.00020949
0.000313188
0.00020949
0.00020949
0.000824935
0.00020949
0.00149081
0.00020949
0.000313188
0.000399257
0.00151943
0.000566648
0.00102979
0.00210028
0.000313188
0.00020949
0.000721531
0.000961676
0.000926094
0.00020949
0.000313188
0.00020949
0.00020949
0.000364519
0.000932264
0.00020949
0.00020949
0.000312842
0.00020949
0.000833507
0.00020949
0.00020949
0.00020949
0.00020949
0.00020949
0.00020949
0.000313188
0.000724608
0.00020949
0.00020949
0.000794688
0.00020949
0.000994188
0.000364519
0.000313188
0.00020949
0.00020949
0.00020949
0.00020949
0.000466666
0.00020949
0.00189806
0.00020949
0.000416886
0.000313188
0.000556879
0.00020949
0.00143964
0.00020949
0.00020949
0.000313188
0.000825476
0.00020949
0.00020949
0.000313188
0.00020949
0.000961005
0.00020949
0.000929173
0.00020949
0.00020949
0.000624281
0.000485326
0.00020949
0.00020949
0.00020949
0.000301436
0.00119917
0.00020949
0.00020949
0.00020949
0.00020949
0.000278622
0.000278622
0.00109925
0.000829603
0.000313188
0.00020949
0.00020949
0.000278622
0.00020949
0.000365037
0.000449386
0.000338853
0.00145287
0.00038232
0.00020949
0.00020949
0.000941814
0.00020949
0.000313188
0.000642746
0.000313188
0.00020949
0.000507317
0.00020949
0.000261339
0.000416886
0.000416886
0.00020949
0.000824192
0.000313188
0.00123485
0.00020949
0.00020949
0.000520584
0.00020949
0.000313188
0.000261339
0.00020949
0.00020949
0.00020949
0.00020949
0.00020949
0.000520584
0.000722043
0.00020949
0.000740969
0.000763633
0.00020949
0.000415849
0.00020949
0.00020949
0.000472542
0.000520584
0.00020949
0.00096068
0.00020949
0.000622207
0.00020949
0.00020949
0.00020949
0.000774659
0.000313188
0.000444943
0.00119221
0.000278622
0.00020949
0.00020949
0.00020949
0.00306665
0.00020949
0.000416886
0.000301436
0.00020949
0.00020949
0.000244056
0.00020949
0.00108103
0.00020949
0.00020949
0.000777004
0.000776722
0.00020949
0.000278622
0.00020949
0.00020949
0.000278622
0.000313188
0.00020949
0.000416886
0.00020949
0.00108163
0.000313188
0.00020949
0.000792624
0.00020949
0.000711983
0.00020949
0.000416886
0.000759783
0.000604755
0.00020949
0.00020949
0.000416886
0.000825496
0.000519547
0.000278622
0.000313188
0.000416886
0.00145125
0.0011749
0.000416886
0.000483947
0.00020949
0.00020949
0.000519547
0.00020949
0.00020949
0.000416886
0.000759783
0.000517213
0.000862617
0.000736175
0.00020949
0.000313188
0.00020949
0.00020949
0.00020949
0.000416886
0.00020949
0.00020949
0.00020949
0.00020949
0.00020949
0.00020949
0.000624281
0.000754997
0.00020949
0.000313188
0.000485326
0.000541452
0.000313188
0.000411554
0.00020949
0.00020949
0.000980011
0.00020949
0.000710523
0.00038232
0.00020949
0.000880933
0.00020949
0.000416195
0.000313188
0.00038026
0.000791067
0.000335315
0.000416886
0.0025086
0.000244056
0.00020949
0.00020949
0.00020949
0.000484639
0.000364519
0.00082345
0.000313188
0.00152414
0.00150193
0.000622207
0.000894258
0.00020949
0.00020949
0.00116354
0.000278622
0.00020949
0.000301436
0.00038232
0.00020949
0.000978209
0.00020949
0.00020949
0.00020949
0.000586964
0.000547598
0.000363487
0.000937312
0.000313188
0.000416886
0.00020949
0.00020949
0.000347063
0.00020949
0.000416886
0.00020949
0.000804725
0.00020949
0.00020949
0.00020949
0.00190053
0.00020949
0.00020949
0.000312842
0.000858692
0.000313188
0.000313188
0.000845809
0.000416886
0.00020949
0.00020949
0.00020949
0.00020949
0.000261339
0.00020949
0.000416886
0.00140902
0.000312842
0.000278622
0.000286746
0.000347408
0.000827529
0.000556833
0.000364519
0.000888812
0.0012869
0.000594108
0.000831677
0.000278622
0.00020949
0.00020949
0.00020949
0.00020949
0.00020949
0.00020949
0.000278622
0.00020949
0.00020949
0.00129912
0.00020949
0.000520584
0.00118841
0.00020949
0.00020949
0.00020949
0.00020949
0.000468735
0.000351039
0.00020949
0.000415849
0.00131585
0.000415849
0.000585948
0.00020949
0.00177796
0.00020949
0.00020949
0.00020949
0.00020949
0.00020949
0.000623244
0.00020949
0.00020949
0.00020949
0.000313188
0.000673538
0.000278622
0.000688598
0.00020949
0.00020949
0.000692722
0.000313188
0.00020949
0.00020949
0.00108008
0.00020949
0.00020949
0.00020949
0.000614348
0.000351039
0.00020949
0.00020949
0.00020949
0.000313188
0.00124025
0.000520584
0.000416886
0.00020949
0.000278622
0.00020949
0.00020949
0.000471975
0.000526219
0.00020949
0.000619117
0.000898043
0.000415849
0.000519547
0.000620161
0.00151218
0.00170563
0.00120843
0.00020949
0.00020949
0.00020949
0.00020949
0.000415849
0.00020949
0.00020949
0.00020949
0.000416886
0.00020949
0.00100113
0.000416886
0.00020949
0.000313188
0.000313188
0.00020949
0.00020949
0.000313188
0.00256064
0.00020949
0.000875785
0.00194482
0.000587816
0.000313188
0.000313188
0.00020949
0.000816021
0.000570364
0.00118995
0.00020949
0.00020949
0.000423281
0.00140584
0.00020949
0.00020949
0.00103546
0.000416886
0.00020949
0.00020949
0.000622207
0.000406866
0.00020949
0.00044049
0.00020949
0.00020949
0.00067149
0.000624281
0.000595772
0.000351039
0.00020949
0.00020949
0.000416886
0.000278622
0.00020949
0.00103081
0.00020949
0.000496951
0.00020949
0.00020949
0.00020949
0.00020949
0.000915439
0.000313188
0.00020949
0.00020949
0.00157377
0.00020949
0.00020949
0.00020949
0.00020949
0.000338853
0.00020949
0.000313188
0.00020949
0.00020949
0.000416886
0.00020949
0.00020949
0.00020949
0.000621181
0.00020949
0.000416886
0.000313188
0.00020949
0.000507912
0.000347063
0.00183677
0.000774659
0.000313188
0.000416886
0.00020949
0.000261339
0.000416886
0.000880343
0.000807082
0.00020949
0.000938936
0.00020949
0.00137924
0.00020949
0.00020949
0.000828576
0.000624281
0.0012577
0.000416886
0.00020949
0.000540812
0.00020949
0.000278622
0.000570364
0.00158878
0.000313188
0.000278622
0.000286746
0.000380941
0.00163919
0.0016208
0.000416886
0.00020949
0.000416886
0.000250969
0.000793309
0.00020949
0.000723842
0.00020949
0.000468216
0.00020949
0.000278622
0.00020949
0.00020949
0.000347063
0.00020949
0.00020949
0.00020949
0.00020949
0.000520584
0.00028046
0.00020949
0.00020949
0.000416886
0.00020949
0.00020949
0.00020949
0.000624281
0.00020949
0.00020949
0.00020949
0.000364519
0.000491203
0.00020949
0.00020949
0.00020949
0.00020949
0.00020949
0.000304202
0.00031267
0.00020949
0.000416886
0.000416886
0.00046796
0.000520584
0.00020949
0.00020949
0.000526219
0.0519547
0.000622207
0.00020949
0.000244056
0.0014425
0.00020949
0.00020949
0.000580729
0.000791428
0.000546249
0.000415849
0.00020949
0.000519547
0.00020949
0.000363487
0.00020949
0.00108764
0.00020949
0.00020949
0.000313188
0.000701795
0.00020949
0.00020949
0.000313188
0.00051851
0.000520584
0.000261339
0.00020949
0.00174283
0.000636414
0.00060167
0.00020949
0.000808957
0.00020949
0.000915468
0.000408209
0.00020949
0.00020949
0.00270356
0.000261339
0.00054271
0.00020949
0.00020949
0.000756715
0.00020949
0.000416886
0.000416886
0.00063032
0.00020949
0.00020949
0.000416886
0.00173267
0.000519547
0.000621694
0.000390444
0.000622207
0.00020949
0.000278622
0.00020949
0.000416886
0.00020949
0.000519547
0.000313188
0.00020949
0.00108958
0.000726942
0.000622207
0.00020949
0.000416886
0.00020949
0.00020949
0.000338853
0.000471975
0.000922108
0.00020949
0.000535972
0.000352311
0.00020949
0.00020949
0.000800067
0.000416886
0.00020949
0.00020949
0.00020949
0.00020949
0.00020949
0.000313188
0.000519204
0.000313188
0.00020949
0.00020949
0.000502094
0.00020949
0.00020949
0.000486018
0.000416886
0.00020949
0.000416886
0.00020949
0.000278622
0.00020949
0.00020949
0.000313188
0.000416886
0.000313188
0.00020949
0.00020949
0.00020949
0.000542512
0.000519547
0.00020949
0.000347408
0.000570364
0.000313188
0.00020949
0.00229597
0.000624281
0.00020949
0.000968522
0.000698194
0.00020949
0.000437632
0.00020949
0.00020949
0.00020949
0.00020949
0.00020949
0.00066671
0.00020949
0.00020949
0.00020949
0.00020949
0.000485326
0.00159495
0.00020949
0.000484981
0.000313188
0.00116288
0.000416886
0.00020949
0.000347408
0.00116829
0.00020949
0.000698179
0.00020949
0.000537175
0.00123147
0.000313188
0.000799635
0.00133751
0.000568813
0.00020949
0.00194879
0.00106537
0.00134085
0.000931227
0.000313188
0.00020949
0.00020949
0.00020949
0.000416886
0.00113135
0.00020949
0.00020949
0.00020949
0.000416886
0.000726942
0.000278622
0.00020949
0.00044049
0.000519204
0.000364519
0.000313188
0.00020949
0.000690648
0.00020949
0.00020949
0.000689276
0.00020949
0.000313188
0.00020949
0.000278622
0.000826502
0.000808957
0.00020949
0.00020949
0.000443118
0.000486018
0.000261339
0.000278622
0.00020949
0.00020949
0.00020949
0.00020949
0.00020949
0.000313188
0.00020949
0.00020949
0.000793651
0.000485326
0.00020949
0.00075978
0.00020949
0.000364519
0.000945734
0.00020949
0.00020949
0.00020949
0.00020949
0.00113308
0.00020949
0.000877078
0.00020949
0.00020949
0.000566648
0.000416886
0.000313188
0.000313188
0.000682528
0.000799635
0.000622207
0.000510564
0.000621661
0.000621181
0.000725905
0.000416886
0.000313188
0.00020949
0.00020949
0.000519547
0.000414819
0.000517483
0.00237603
0.000416886
0.00199657
0.000870043
0.00202378
0.000623244
0.000519547
0.000313188
0.00020949
0.000313188
0.000416886
0.00020949
0.00020949
0.000313188
0.000556833
0.000416886
0.00020949
0.00020949
0.000570877
0.00020949
0.00181025
0.000589024
0.00137431
0.000278622
0.000416886
0.000765674
0.00020949
0.000868112
0.00020949
0.00020949
0.000724868
0.00020949
0.000416886
0.00020949
0.000416886
0.00020949
0.000933301
0.00020949
0.000519547
0.000313188
0.000415849
0.00020949
0.00020949
0.000827529
0.00020949
0.000416886
0.00020949
0.00020949
0.00020949
0.000364519
0.00020949
0.00118055
0.00020949
0.00020949
0.00020949
0.00266264
0.00020949
0.00020949
0.000416886
0.000911304
0.000850471
0.000278622
0.000621181
0.00020949
0.00020949
0.00192483
0.000416886
0.000313188
0.00020949
0.00020949
0.00020949
0.00020949
0.00020949
0.000313188
0.000416886
0.000313188
0.001816
0.00020949
0.000707882
0.000313188
0.000313188
0.000261339
0.00067277
0.00020949
0.00020949
0.000278622
0.00020949
0.00020949
0.00020949
0.000507912
0.00050123
0.00020949
0.000416886
0.00020949
0.000622207
0.000416886
0.00020949
0.000723842
0.00020949
0.000313188
0.00020949
0.00158789
0.000313188
0.000466666
0.00020949
0.00020949
0.00020949
0.00020949
0.00020949
0.00020949
0.000416886
0.000261339
0.000519547
0.000878362
0.000691339
0.00020949
0.000354852
0.00020949
0.000759783
0.000416886
0.00020949
0.000468216
0.00118584
0.00020949
0.000624281
0.00020949
0.00020949
0.000313188
0.000261339
0.000313188
0.00020949
0.00020949
0.00020949
0.00020949
0.000723842
0.000313188
0.000364519
0.00120726
0.000313188
0.00116155
0.00020949
0.000624315
0.00020949
0.00020949
0.00020949
0.000416886
0.000519547
0.000760125
0.00020949
0.00020949
0.000347408
0.000486018
0.000728761
0.00243918
0.000415849
0.000466666
0.000602178
0.00020949
0.000411554
0.00179475
0.000691685
0.000622207
0.000261339
0.00020949
0.00020949
0.00020949
0.000416886
0.000313188
0.000589715
0.00020949
0.000483947
0.00020949
0.000704029
0.00020949
0.00020949
0.000484631
0.00038232
0.000623244
0.000519892
0.000531417
0.00020949
0.000416886
0.00020949
0.00141244
0.000416886
0.00020949
0.000416886
0.000995205
0.00020949
0.00020949
0.00020949
0.00020949
0.000312842
0.00020949
0.00020949
0.00020949
0.00020949
0.00020949
0.00103287
0.000828566
0.000704347
0.00020949
0.000757042
0.000313188
0.00020949
0.00020949
0.00020949
0.00020949
0.00246919
0.00020949
0.000416886
0.00020949
0.000416886
0.000416886
0.000895285
0.000722815
0.00117114
0.00020949
0.000589715
0.000416886
0.000825476
0.000624281
0.000519547
0.00020949
0.00020949
0.00020949
0.00020949
0.000416886
0.00020949
0.00020949
0.00020949
0.00020949
0.000416886
0.00043279
0.00020949
0.000852448
0.00020949
0.00102792
0.00020949
0.000419014
0.00020949
0.000313188
0.00020949
0.000622207
0.000416886
0.00020949
0.00020949
0.000621661
0.00103492
0.000458365
0.00020949
0.000517483
0.000727979
0.000520584
0.000313188
0.000278622
0.00109049
0.000416886
0.00182823
0.00020949
0.00020949
0.000567624
0.00101735
0.000364519
0.000313188
0.00031267
0.00020949
0.000725905
0.000874265
0.00020949
0.00136609
0.00020949
0.000416886
0.00199592
0.00020949
0.0012358
0.00020949
0.000622207
0.00020949
0.00020949
0.00020949
0.000466666
0.00163288
0.000416886
0.00020949
0.000554804
0.000416886
0.00020949
0.000723842
0.000520584
0.00020949
0.00020949
0.00020949
0.00020949
0.000741465
0.000346721
0.00020949
0.000673538
0.00020949
0.00020949
0.00020949
0.00020949
0.00020949
0.00020949
0.000408209
0.00020949
0.00020949
0.00020949
0.00020949
0.000416886
0.000416886
0.00044049
0.00145072
0.000347063
0.00225949
0.000278622
0.000313188
0.00020949
0.00020949
0.000385142
0.000689964
0.00020949
0.00020949
0.00020949
0.00020949
0.00020949
0.000347063
0.00020949
0.00020949
0.000520584
0.00020949
0.00020949
0.00128121
0.000570364
0.000313188
0.000674575
0.00020949
0.000777759
0.000324021
0.000364519
0.000592446
0.00020949
0.00020949
0.000347063
0.000416886
0.00020949
0.00127754
0.000798217
0.000347063
0.000313188
0.00020949
0.000991797
0.000358701
0.00020949
0.00020949
0.000466666
0.00020949
0.000313188
0.00067131
0.00020949
0.000776209
0.000485326
0.00020949
0.000759783
0.000416886
0.00111168
0.000380941
0.000926094
0.00020949
0.000313188
0.00020949
0.00020949
0.00020949
0.000507912
0.000537348
0.000385142
0.00020949
0.00020949
0.000278622
0.00105255
0.00020949
0.000287004
0.000777236
0.000570877
0.000312842
0.000313188
0.000354667
0.000278622
0.000313188
0.000416886
0.00020949
0.00020949
0.00061
0.000278622
0.00020949
0.00020949
0.000250969
0.00020949
0.000278622
0.000347063
0.000416886
0.000770367
0.000542648
0.00147505
0.000313188
0.000508831
0.00020949
0.00020949
0.000828573
0.000517483
0.000472542
0.000313188
0.00020949
0.00020949
0.000313188
0.000313188
0.000622214
0.00020949
0.00020949
0.000622207
0.00020949
0.00020949
0.000527419
0.00020949
0.000313188
0.00020949
0.00020949
0.000365037
0.000416886
0.00020949
0.00020949
0.000301436
0.000313188
0.000301436
0.00020949
0.000906924
0.00164371
0.000832175
0.000484631
0.00020949
0.00020949
0.000416886
0.00221369
0.000416886
0.000520584
0.000622207
0.000499534
0.00020949
0.00020949
0.00020949
0.00020949
0.00020949
0.00020949
0.000760755
0.00201944
0.000486018
0.00020949
0.00020949
0.00020949
0.000670961
0.000485326
0.000562248
0.00020949
0.000313188
0.00020949
0.00174152
0.00020949
0.00020949
0.00020949
0.00020949
0.000553084
0.00020949
0.00054271
0.00020949
0.00020949
0.00020949
0.000381286
0.000416886
0.00146424
0.00020949
0.00020949
0.00020949
0.00127971
0.00199733
0.00020949
0.00020949
0.000313188
0.00020949
0.00020949
0.000416886
0.00020949
0.00020949
0.00020949
0.00020949
0.00105341
0.00120015
0.000520584
0.000278622
0.000713079
0.0023001
0.000673024
0.000519547
0.000468216
0.000313188
0.000416886
0.00020949
0.000519204
0.000416886
0.00020949
0.000416886
0.000416886
0.000313188
0.000398739
0.00020949
0.00020949
0.00020949
0.000416886
0.000524515
0.00020949
0.00020949
0.000724879
0.000873742
0.00020949
0.00113578
0.000724868
0.000416886
0.000597839
0.00020949
0.00020949
0.000313188
0.000416886
0.000504004
0.00020949
0.00020949
0.00020949
0.000805144
0.00020949
0.000554458
0.000624281
0.000716456
0.000494142
0.00020949
0.000588678
0.000278622
0.000485326
0.000468735
0.00133302
0.000313188
0.00020949
0.000454782
0.000313188
0.00126565
0.00020949
0.00020949
0.00102559
0.000313188
0.00020949
0.000983594
0.00020949
0.00020949
0.000416886
0.00020949
0.000766116
0.00020949
0.000825476
0.000676745
0.000879383
0.00020949
0.00020949
0.000624281
0.00020949
0.00020949
0.00020949
0.00020949
0.000486018
0.00256176
0.000278622
0.00128827
0.00020949
0.00020949
0.00020949
0.000313188
0.000313188
0.000416886
0.00020949
0.00020949
0.000416886
0.00020949
0.00020949
0.000408209
0.000519547
0.000313188
0.000313188
0.000416886
0.00020949
0.00020949
0.000313188
0.000261339
0.00020949
0.000468735
0.00020949
0.000416886
0.000622207
0.00020949
0.00020949
0.000486018
0.000519547
0.000727979
0.000389416
0.000416886
0.00020949
0.00161253
0.00102417
0.000347408
0.000861065
0.00160127
0.00115694
0.000354852
0.00020949
0.000824271
0.000519547
0.000313188
0.00020949
0.000659724
0.000622207
0.00020949
0.00020949
0.000624281
0.000416886
0.000301436
0.000278622
0.000507569
0.00020949
0.000278622
0.00020949
0.000313188
0.000313188
0.000729917
0.00020949
0.00038232
0.0416886
0.000519547
0.00020949
0.000416886
0.00020949
0.000749284
0.000790585
0.00020949
0.000398739
0.00020949
0.00020949
0.000808198
0.000416886
0.000628974
0.000313188
0.00020949
0.00020949
0.000828576
0.00020949
0.000485326
0.000313188
0.00020949
0.000624281
0.000616929
0.00020949
0.00038232
0.00020949
0.00020949
0.000278622
0.000622207
0.00020949
0.000753957
0.00020949
0.000365037
0.00020949
0.00043279
0.000793309
0.00020949
0.00060167
0.000244056
0.00020949
0.00020949
0.000278622
0.00020949
0.000416886
0.00020949
0.00020949
0.000623244
0.00051851
0.000278622
0.00020949
0.00020949
0.000621181
0.00020949
0.00020949
0.000553425
0.00020949
0.000416886
0.000261339
0.00020949
0.00020949
0.00020949
0.00020949
0.00020949
0.00020949
0.00020949
0.000622207
0.000571914
0.000416886
0.000416886
0.000313188
0.00020949
0.00020949
0.000313188
0.000312842
0.00157705
0.000892544
0.000758777
0.00110775
0.00020949
0.00020949
0.00020949
0.000843801
0.00020949
0.000313188
0.000520584
0.000415849
0.000977797
0.00020949
0.000313188
0.000313188
0.000313188
0.000725905
0.00020949
0.000624281
0.00020949
0.000416886
0.000313188
0.00020949
0.000415849
0.000416886
0.00238924
0.000416886
0.00020949
0.000826701
0.00020949
0.00020949
0.000654713
0.00020949
0.000313188
0.00020949
0.000520584
0.00020949
0.00020949
0.00020949
0.00020949
0.00020949
0.00020949
0.000416886
0.00020949
0.000313188
0.00020949
0.00020949
0.00020949
0.00020949
0.000380941
0.00020949
0.00020949
0.00020949
0.00260844
0.00020949
0.00020949
0.00020949
0.000922939
0.00020949
0.00119548
0.00020949
0.00108941
0.00117275
0.000416886
0.00020949
0.00020949
0.000530271
0.00020949
0.000416195
0.00020949
0.000416886
0.00092711
0.000757039
0.00020949
