0.99
0.000617755
9.91977e-05
9.91977e-05
0.000197404
9.91977e-05
0.000197404
0.000309781
0.000643421
9.91977e-05
0.000233119
0.000359446
0.000196912
0.00064659
0.000148301
0.000295877
9.91977e-05
0.000315285
0.000375443
0.000131933
0.000682179
0.000267567
9.91977e-05
0.000246506
0.000202021
0.000414724
0.00186338
0.000278914
0.000197404
0.000148301
0.000382311
9.91977e-05
9.91977e-05
0.000131933
9.91977e-05
9.91977e-05
0.000768048
0.000184638
0.000319912
0.00034373
0.000574373
0.000244875
0.000499899
0.000247898
0.000950372
0.00117178
9.91977e-05
0.000252277
9.91977e-05
0.000118839
0.000368726
9.91977e-05
9.91977e-05
0.000629511
9.91977e-05
0.000148301
0.000487145
0.000311951
9.91977e-05
9.91977e-05
9.91977e-05
0.000417387
0.000353569
0.000513795
0.000499527
0.000395569
0.000148301
0.00160707
0.000779961
0.000593723
9.91977e-05
9.91977e-05
9.91977e-05
0.000224676
9.91977e-05
9.91977e-05
0.00159721
0.000547765
0.00100823
0.000298037
9.91977e-05
0.000131933
0.000326711
0.00125014
0.000486168
0.00126794
0.000823164
0.000148301
9.91977e-05
9.91977e-05
0.000197404
0.000148301
9.91977e-05
9.91977e-05
9.91977e-05
9.91977e-05
0.000197404
0.000164505
0.000671673
9.91977e-05
0.000806614
0.000338369
9.91977e-05
9.91977e-05
0.000545604
9.91977e-05
0.000432727
0.000562942
0.000578258
0.000213417
0.00186705
0.000197404
9.91977e-05
0.000441446
0.000726547
0.000537467
0.000346114
0.000241762
0.000169505
9.91977e-05
9.91977e-05
0.000221873
0.000337075
9.91977e-05
9.91977e-05
9.91977e-05
9.91977e-05
0.000382623
0.000911179
0.000197404
0.000455863
0.000197404
0.000148301
0.000283549
9.91977e-05
0.000297542
0.000225158
9.91977e-05
0.000199419
0.000246015
0.000416157
0.000148301
0.00103712
0.000286699
0.000172852
0.000631104
9.91977e-05
0.000167578
0.00122322
0.000213444
0.000312414
9.91977e-05
9.91977e-05
9.91977e-05
0.000860379
0.000270078
0.000226931
0.000949429
0.000745737
9.91977e-05
0.000163951
9.91977e-05
0.000889347
0.000258296
0.000533093
0.000197404
0.000164341
0.000230139
9.91977e-05
0.000759773
0.000169926
9.91977e-05
0.000725409
0.000328137
9.91977e-05
0.000250756
0.000224148
0.000633278
0.000909502
0.000880554
0.000717271
9.91977e-05
0.00015894
9.91977e-05
0.000327035
0.000306055
0.00109243
9.91977e-05
0.000197404
0.000148137
0.000334805
0.000420605
9.91977e-05
0.000549689
0.000148301
0.000511945
0.00117614
0.00027892
0.00129822
0.000329458
0.000148301
0.00047189
0.000320755
0.000221709
9.91977e-05
9.91977e-05
0.000626987
9.91977e-05
0.000157767
0.000131933
9.91977e-05
9.91977e-05
9.91977e-05
0.000214902
0.000318852
0.000230139
0.000544903
0.000229811
0.000497448
0.000925724
0.00107046
0.000197404
0.00151829
0.000148301
0.000436764
0.000197404
0.000138877
9.91977e-05
0.000311527
0.000197404
0.000326635
9.91977e-05
0.000138877
0.000288455
0.000186138
0.00197247
9.91977e-05
9.91977e-05
0.000372112
0.000450918
0.000366345
0.000169521
0.000343286
0.000202806
9.91977e-05
9.91977e-05
0.00101521
9.91977e-05
9.91977e-05
0.000718307
0.00120202
9.91977e-05
9.91977e-05
9.91977e-05
0.000282298
9.91977e-05
0.000387311
9.91977e-05
0.000226279
0.000396146
0.000649267
0.000276962
9.91977e-05
0.000148301
0.00041349
0.000147811
9.91977e-05
0.000131933
0.000481416
0.000970791
0.00162345
9.91977e-05
0.000259008
9.91977e-05
0.00131062
0.000473781
0.000694775
0.000153484
0.000299568
0.000318134
0.000373647
0.000472785
9.91977e-05
9.91977e-05
0.000392116
0.000297405
0.000459305
9.91977e-05
0.000123749
0.00125994
0.000221304
0.000268999
9.91977e-05
0.00029526
9.91977e-05
0.000247993
9.91977e-05
0.000244376
0.000267351
0.000180383
0.000197404
0.000345585
0.00048484
0.000164341
0.000657942
0.000148301
0.000148137
0.00139293
0.000433247
0.000429067
0.000884031
9.91977e-05
0.000294627
0.000321333
0.000131933
0.000196912
0.000496224
0.000295609
0.000378498
0.000787057
0.00186042
9.91977e-05
0.000601593
9.91977e-05
9.91977e-05
0.000253242
9.91977e-05
0.000263154
0.000645921
9.91977e-05
9.91977e-05
0.000197404
0.00100067
9.91977e-05
0.00016187
9.91977e-05
9.91977e-05
9.91977e-05
0.000608604
9.91977e-05
0.000450038
0.000391615
9.91977e-05
9.91977e-05
0.000221709
0.000515597
0.000673084
9.91977e-05
0.000327362
0.000137928
0.000131933
9.91977e-05
9.91977e-05
9.91977e-05
0.000254364
0.000970459
0.000197404
9.91977e-05
0.000553548
9.91977e-05
0.000807259
9.91977e-05
0.000148137
9.91977e-05
0.000462794
0.000468517
0.000636623
9.91977e-05
0.000380006
0.000291136
0.000719879
0.000148301
0.000753027
9.91977e-05
9.91977e-05
0.000366565
9.91977e-05
0.000531896
0.000663868
9.91977e-05
0.000230139
0.000494287
9.91977e-05
0.0014783
0.000288455
0.000666217
0.000197404
0.000683506
0.000325835
9.91977e-05
0.000131933
0.000635437
0.000184638
0.000342753
9.91977e-05
9.91977e-05
0.000295877
0.000381387
0.000328345
0.000196912
0.000404687
0.000197404
0.000310834
0.000182452
0.000294627
0.000220071
0.000196914
0.000321411
0.000380006
0.00105233
0.00182409
0.00103561
0.000197404
9.91977e-05
9.91977e-05
0.000148301
0.000197404
0.000168781
0.000246343
0.000443104
9.91977e-05
0.000270812
0.000131933
0.000429067
0.00044071
0.000240434
0.000467534
9.91977e-05
0.000261509
0.000352656
0.00040791
0.000277666
9.91977e-05
0.000379322
0.000479883
9.91977e-05
9.91977e-05
0.000131933
0.00026605
0.0002131
9.91977e-05
9.91977e-05
0.000360071
0.0005781
0.000374785
9.91977e-05
0.000148301
9.91977e-05
0.000184638
9.91977e-05
9.91977e-05
0.000391365
0.000197404
0.000118839
0.000172607
9.91977e-05
0.000393764
0.000452864
0.00041635
0.00111289
9.91977e-05
0.000164505
0.00036665
0.000173645
0.000172607
9.91977e-05
0.000233195
0.000196634
9.91977e-05
0.000381391
9.91977e-05
0.000485897
0.000191119
9.91977e-05
0.000196831
0.000773766
0.000265707
0.000391851
9.91977e-05
9.91977e-05
0.000368972
9.91977e-05
9.91977e-05
0.000236935
9.91977e-05
9.91977e-05
0.000148301
0.000197404
0.000303317
0.00016187
0.000246506
0.000164464
0.000613222
9.91977e-05
9.91977e-05
0.000549018
0.000367302
9.91977e-05
0.000131933
0.000475756
0.000470841
9.91977e-05
0.000323737
9.91977e-05
0.000135902
0.00047282
0.000301417
0.000123667
0.000265784
0.000918646
9.91977e-05
9.91977e-05
9.91977e-05
0.000333469
9.91977e-05
0.00022268
9.91977e-05
9.91977e-05
0.000148301
9.91977e-05
0.00122791
0.000148301
0.000685275
0.00041926
0.00032016
0.000464623
0.000771782
0.00138678
0.000131933
0.000492044
0.000188566
0.00062224
0.00030954
0.000195724
0.00186651
9.91977e-05
0.000123749
0.000581175
0.000509381
0.000344829
9.91977e-05
0.000512646
9.91977e-05
0.000148301
0.000293861
0.000160454
0.000207213
9.91977e-05
0.000131933
0.0005274
0.000148301
0.000229301
9.91977e-05
0.00257285
0.000399889
0.000148301
9.91977e-05
0.000131933
0.000543238
9.91977e-05
0.000343244
0.000188493
0.000322461
0.000123667
0.000448707
0.000289482
9.91977e-05
0.000852582
0.000511748
9.91977e-05
0.000131933
0.000343286
0.000221709
0.000491528
9.91977e-05
0.000148083
0.00197417
9.91977e-05
9.91977e-05
0.000148301
0.00107269
0.000197404
0.000172607
0.000148301
9.91977e-05
9.91977e-05
0.000197404
0.000205098
0.000278107
0.000490594
9.91977e-05
9.91977e-05
9.91977e-05
0.000250318
0.000485945
0.000147811
0.000294627
9.91977e-05
9.91977e-05
0.000396845
0.0012021
0.000240434
9.91977e-05
0.000483744
0.000963032
0.000131933
0.000246506
0.00039713
9.91977e-05
9.91977e-05
0.000348208
0.000156484
9.91977e-05
0.000190598
9.91977e-05
0.000359934
9.91977e-05
0.000418801
0.000197404
9.91977e-05
0.000371512
0.00026271
0.000601043
0.000202567
9.91977e-05
9.91977e-05
0.000295609
0.000896444
9.91977e-05
0.000148301
0.000208905
0.000185699
0.000221464
9.91977e-05
0.0005885
0.000188811
0.000197404
0.000578281
0.000930703
0.000427627
0.000293221
0.000359515
0.00100548
0.000159645
0.000468646
9.91977e-05
9.91977e-05
0.000604391
9.91977e-05
0.000291379
0.000197404
9.91977e-05
9.91977e-05
0.000280474
0.00103904
0.000218955
0.000131933
0.000457052
0.000251525
9.91977e-05
0.000806479
0.000343239
0.000172607
0.000552278
0.000246015
0.000180383
0.000415187
0.000158023
9.91977e-05
9.91977e-05
0.000175144
0.000401696
0.000490548
9.91977e-05
0.000169926
0.000155135
0.000148301
0.000221709
9.91977e-05
0.000463742
9.91977e-05
9.91977e-05
0.000131933
9.91977e-05
0.000197404
9.91977e-05
9.91977e-05
0.000514799
9.91977e-05
0.000577916
9.91977e-05
0.000284515
9.91977e-05
0.000932007
0.000488867
9.91977e-05
0.000384768
0.000131933
0.000295609
9.91977e-05
0.000197404
0.000233741
0.000966698
0.000391652
0.000472718
9.91977e-05
0.000338585
9.91977e-05
0.000204445
0.00036498
9.91977e-05
0.000197404
0.000498919
0.000416369
0.000910988
0.000343077
0.000832796
0.000708032
0.000184638
0.000934469
0.000491633
0.000197404
9.91977e-05
0.000607456
0.000683386
0.000506682
0.000123749
0.000246506
0.000158023
0.000553941
0.00028632
0.000164505
0.000148301
0.000172364
9.91977e-05
9.91977e-05
0.000181537
0.000600809
0.000655696
0.000148301
9.91977e-05
0.000466339
0.000559399
9.91977e-05
0.000513908
0.000368527
0.000182268
9.91977e-05
9.91977e-05
0.000340949
0.000246506
0.000196912
0.000314452
9.91977e-05
9.91977e-05
9.91977e-05
0.000131933
0.000230139
0.000768675
0.000240941
0.000313241
9.91977e-05
0.000193193
0.00178513
9.91977e-05
9.91977e-05
0.000131933
0.000295609
9.91977e-05
0.000477817
9.91977e-05
9.91977e-05
0.000294956
0.000514698
0.000229811
9.91977e-05
9.91977e-05
0.000123749
0.000826405
0.000540486
9.91977e-05
9.91977e-05
0.000230139
0.000207213
0.000735274
0.000197404
0.000184388
0.000180126
9.91977e-05
0.000271106
0.000294627
0.000131851
0.000374999
0.000194828
9.91977e-05
0.000334734
0.000197404
0.000182268
0.000148301
9.91977e-05
0.000434323
9.91977e-05
0.000355206
0.000636076
9.91977e-05
9.91977e-05
9.91977e-05
0.000226568
0.00141182
0.000148301
9.91977e-05
0.000131933
0.00157914
0.000362685
0.000148301
0.000263394
0.000294267
9.91977e-05
0.000246261
0.000474632
0.000123749
0.000379338
0.00137888
0.000164341
0.000265236
9.91977e-05
9.91977e-05
0.000148301
9.91977e-05
0.000222401
0.000770023
0.000262057
9.91977e-05
0.000305269
0.000246506
0.000190598
0.000528937
0.000246015
0.000131933
9.91977e-05
9.91977e-05
0.000131933
0.000123749
0.000148301
0.00192005
9.91977e-05
0.000901831
0.000274823
0.000131933
9.91977e-05
0.000255387
0.000248269
0.00026271
0.000123749
9.91977e-05
0.000213054
9.91977e-05
9.91977e-05
9.91977e-05
0.00050659
0.000318274
0.000270321
0.000289523
0.000507807
0.00140716
9.91977e-05
0.000239412
0.000683984
0.000554227
9.91977e-05
0.000131933
0.000343032
9.91977e-05
0.000148301
9.91977e-05
9.91977e-05
0.000352513
0.000391652
0.000148301
0.000257797
9.91977e-05
0.000246015
0.000645696
0.000123749
0.000164341
9.91977e-05
0.000747289
0.000197404
0.000811751
9.91977e-05
0.00108342
9.91977e-05
9.91977e-05
0.000406169
0.000176977
0.000175649
0.000131933
0.000473223
0.000360019
0.000391203
0.00124515
9.91977e-05
0.00121272
9.91977e-05
9.91977e-05
9.91977e-05
9.91977e-05
9.91977e-05
0.00040676
0.00115321
9.91977e-05
9.91977e-05
0.000188487
9.91977e-05
0.000294627
0.000190598
0.000202288
9.91977e-05
0.000123749
9.91977e-05
9.91977e-05
0.00223997
0.000181036
0.00112589
0.000272238
0.000483075
9.91977e-05
0.000245201
0.000172607
0.000251581
0.000516127
0.000377396
0.000148301
0.000148301
9.91977e-05
0.00166255
9.91977e-05
0.000453181
9.91977e-05
0.00133959
0.000256548
0.000586362
0.000324128
0.000220975
0.000193801
9.91977e-05
0.000247699
0.000640712
0.000148301
9.91977e-05
0.000148301
0.000293978
0.000897037
0.000743769
9.91977e-05
9.91977e-05
0.000151006
0.000142736
0.000387755
0.000200398
0.000118839
0.000513392
9.91977e-05
0.000365778
0.00143694
0.00141892
0.00103561
0.00069423
9.91977e-05
0.000563311
0.000485279
9.91977e-05
0.00113194
0.000315963
0.000225928
0.000724761
9.91977e-05
0.000419547
0.000148137
9.91977e-05
0.000464014
0.000168781
0.000554227
9.91977e-05
0.000181036
0.000353687
0.000278019
0.000246015
0.000824537
9.91977e-05
0.0010666
9.91977e-05
0.000251244
0.000207699
9.91977e-05
0.000191119
0.000131933
9.91977e-05
0.000257256
0.0001927
9.91977e-05
0.000319355
0.000197404
0.000206441
0.000131933
0.000148137
9.91977e-05
0.00015102
0.000688142
0.000309153
9.91977e-05
9.91977e-05
0.000827152
0.000202021
9.91977e-05
9.91977e-05
0.000148301
9.91977e-05
0.0015231
0.000197322
0.00111404
0.000768019
0.00056176
9.91977e-05
9.91977e-05
0.000148301
0.000421141
9.91977e-05
0.000197404
9.91977e-05
0.000131933
0.000164341
0.000197404
9.91977e-05
0.000544512
0.000626987
0.000131933
0.00037067
0.00117127
9.91977e-05
9.91977e-05
0.00034373
0.000245255
0.000336802
0.000148301
0.000215187
9.91977e-05
9.91977e-05
9.91977e-05
0.00138257
9.91977e-05
0.000275025
0.000681382
9.91977e-05
0.000148301
9.91977e-05
0.000189889
9.91977e-05
0.000261728
0.000332848
0.000714921
0.000163951
0.000365336
9.91977e-05
0.000223564
0.000483286
0.000210973
9.91977e-05
0.000197404
0.000996309
0.000246015
9.91977e-05
0.000422024
9.91977e-05
9.91977e-05
0.000655866
0.000666394
9.91977e-05
9.91977e-05
0.000148301
0.000148301
9.91977e-05
0.000197404
9.91977e-05
0.000261895
0.000541656
0.00108782
0.000163411
0.000192248
0.000440954
9.91977e-05
9.91977e-05
0.000269124
0.000131933
9.91977e-05
0.00049663
0.000163974
0.000993435
0.000245524
9.91977e-05
9.91977e-05
9.91977e-05
0.000451644
0.000340852
9.91977e-05
0.000208743
0.000221519
0.000145027
0.000246179
9.91977e-05
0.000221218
0.000270321
0.000765942
0.000289069
0.000160454
0.000368259
0.000559896
0.000216279
0.000131933
9.91977e-05
9.91977e-05
0.00124973
9.91977e-05
0.000642132
9.91977e-05
0.000123749
0.000954016
0.000164668
0.00033143
0.000734563
0.000123667
9.91977e-05
0.000148301
0.00160937
0.000306731
0.000123667
0.00115285
0.000806235
9.91977e-05
0.000310144
0.000629435
0.000197404
0.000431575
0.000419697
0.000179015
0.000379533
0.000643838
9.91977e-05
9.91977e-05
0.000148301
9.91977e-05
9.91977e-05
9.91977e-05
0.001357
0.000148301
9.91977e-05
0.000434928
0.000671387
0.000131933
0.000212467
0.000297405
9.91977e-05
9.91977e-05
0.000312614
0.000620181
0.000504452
9.91977e-05
0.000279825
0.000364701
9.91977e-05
0.00030584
0.000635488
0.000729903
0.00212332
9.91977e-05
9.91977e-05
0.000557172
0.000148301
9.91977e-05
0.000219583
0.00051201
0.000449768
9.91977e-05
0.000471535
0.000765048
0.00294762
9.91977e-05
9.91977e-05
0.000546666
0.000142736
0.00030584
9.91977e-05
0.000194584
0.000630448
0.000357471
0.000213415
9.91977e-05
0.000467835
0.00254995
0.00111192
0.0012926
0.000172607
9.91977e-05
0.000180545
0.000208743
0.000113227
0.000495145
0.000757269
0.000163491
0.000148301
0.000197404
0.000148301
0.00112445
0.000547231
9.91977e-05
0.000625206
0.000262156
0.000172526
0.000172852
0.000283167
0.000231252
0.000686653
9.91977e-05
0.000819795
9.91977e-05
0.000148301
0.000131418
9.91977e-05
0.000233741
0.000227018
9.91977e-05
0.000484935
9.91977e-05
0.000379134
9.91977e-05
9.91977e-05
0.000285866
9.91977e-05
0.00019724
0.000601883
0.000491939
0.000131933
9.91977e-05
0.000196912
0.000365425
0.000208153
0.000138877
0.000148301
9.91977e-05
0.000353286
9.91977e-05
0.000228531
0.000547355
0.000172607
0.000148301
0.000188493
0.000148301
0.000717251
9.91977e-05
0.000677366
0.000433939
0.000590817
0.00138272
0.000229811
0.000399889
9.91977e-05
9.91977e-05
0.000353886
0.00106655
0.000600041
9.91977e-05
9.91977e-05
9.91977e-05
0.000443344
0.000489741
0.000246506
0.000342593
0.000148301
0.000370077
0.000573682
0.000421141
9.91977e-05
0.000148301
0.000148301
0.000197404
0.000161424
0.000192538
0.000369062
9.91977e-05
0.000148301
0.000578211
9.91977e-05
0.000160413
0.000209017
0.000172607
9.91977e-05
9.91977e-05
0.000535072
0.000257022
0.000612176
9.91977e-05
0.000148301
0.000221519
9.91977e-05
0.000279247
0.000197404
0.000148301
0.000148301
0.000172852
0.000229811
0.000197404
0.000293172
0.0013865
0.000505815
9.91977e-05
9.91977e-05
9.91977e-05
9.91977e-05
9.91977e-05
0.000658578
0.000199911
9.91977e-05
0.000667649
0.00065039
0.000270078
0.000466306
0.00037339
9.91977e-05
0.000148301
9.91977e-05
0.0009582
0.000197404
0.000225597
9.91977e-05
0.000197404
0.000383352
0.000148301
9.91977e-05
0.000246015
0.00060333
0.000175649
0.000607654
0.000417458
0.000192659
0.000148301
0.000414326
9.91977e-05
0.000230139
9.91977e-05
0.000594098
0.000148137
0.000229811
0.00117774
0.000338165
9.91977e-05
0.000197404
0.000292335
0.000669061
0.000342867
9.91977e-05
0.000123749
9.91977e-05
9.91977e-05
0.000180383
0.00026271
0.000305302
9.91977e-05
0.000595886
0.000485635
0.000131933
9.91977e-05
0.000166343
0.000414326
0.000137928
0.000636417
0.000158778
9.91977e-05
0.000233169
0.00029549
0.000246506
0.000300462
9.91977e-05
0.000151574
0.000118839
0.00073028
0.000372112
0.00102312
0.000267423
0.000940035
9.91977e-05
0.000806902
9.91977e-05
0.000148301
0.000217976
0.00145538
0.000148301
9.91977e-05
0.000322867
9.91977e-05
9.91977e-05
0.000282045
0.000438952
0.000392752
9.91977e-05
0.000197404
0.000357213
0.000308892
0.00122676
9.91977e-05
0.000579683
0.000131933
0.000687252
0.000131933
9.91977e-05
0.000385376
0.000148301
9.91977e-05
9.91977e-05
0.000193193
0.000732919
0.000295118
0.00115112
0.000843923
0.000618735
0.000123749
0.000675362
0.00019724
0.000818489
9.91977e-05
9.91977e-05
0.000142736
0.000551721
0.000409409
9.91977e-05
0.000397597
0.000197404
9.91977e-05
0.00086329
0.000157767
0.000167578
0.000229648
9.91977e-05
0.00109703
0.000131933
9.91977e-05
9.91977e-05
0.000148301
0.000286699
9.91977e-05
9.91977e-05
0.000208153
0.000166343
0.00100212
0.000445887
9.91977e-05
0.00287719
0.000253222
0.000148301
0.000197404
0.000300158
0.000253221
9.91977e-05
0.000181036
0.000305163
0.000311159
0.000925923
0.000438388
0.000197404
0.000214565
0.000444015
0.000131933
9.91977e-05
0.000230139
0.000452181
0.00151532
0.000537753
0.000208296
0.000210651
0.000470672
0.000294627
9.91977e-05
0.000268917
0.000148137
0.000314957
0.000148301
0.000131933
9.91977e-05
0.000202606
9.91977e-05
0.000134188
0.000274214
0.000761322
9.91977e-05
9.91977e-05
0.000536793
0.000442847
0.000163974
0.000330601
9.91977e-05
0.000340189
9.91977e-05
0.000381969
0.000164341
0.000492356
9.91977e-05
0.00031367
0.000261722
9.91977e-05
0.00232089
0.000456087
9.91977e-05
0.000923666
9.91977e-05
9.91977e-05
0.000148301
0.000213172
9.91977e-05
0.000131933
0.0011888
0.00044813
0.000169505
9.91977e-05
0.000429549
9.91977e-05
9.91977e-05
0.000246506
0.000948157
0.00039756
9.91977e-05
9.91977e-05
0.000937826
9.91977e-05
9.91977e-05
0.000220723
0.000440223
0.000197404
9.91977e-05
9.91977e-05
0.000148301
0.00017115
0.000230139
9.91977e-05
0.000309589
9.91977e-05
0.00159798
0.000159645
0.000254465
9.91977e-05
9.91977e-05
9.91977e-05
0.000131933
0.000306104
0.000113227
9.91977e-05
0.000294141
9.91977e-05
0.000288799
0.000422405
0.000148301
0.000449621
9.91977e-05
9.91977e-05
9.91977e-05
0.000188487
9.91977e-05
0.000702377
0.000152444
9.91977e-05
0.000192538
0.000197404
0.000302344
0.000999042
0.000258047
9.91977e-05
9.91977e-05
0.000200721
0.000261242
9.91977e-05
0.000246015
9.91977e-05
0.000821547
0.00125227
9.91977e-05
0.000246015
0.000148301
0.000294564
0.000555921
0.000274214
9.91977e-05
9.91977e-05
0.000326549
9.91977e-05
0.000246015
0.000180546
0.000246017
0.000763707
0.00101554
0.000300004
0.000304644
9.91977e-05
9.91977e-05
0.000611107
0.000183111
0.000269174
0.000743396
0.000262547
0.000279816
0.00169146
9.91977e-05
0.000221856
0.000148301
9.91977e-05
9.91977e-05
9.91977e-05
9.91977e-05
0.000138877
0.000558622
0.000278228
9.91977e-05
9.91977e-05
0.000885295
0.000347996
9.91977e-05
9.91977e-05
0.000334122
9.91977e-05
0.000551995
0.000245524
0.00123369
0.000463477
0.000537165
0.000458256
0.000355616
0.000330019
9.91977e-05
9.91977e-05
0.000252208
0.000197404
9.91977e-05
9.91977e-05
0.000494244
9.91977e-05
9.91977e-05
9.91977e-05
0.00021301
0.000324756
0.000148301
9.91977e-05
9.91977e-05
9.91977e-05
0.00069546
0.000131933
0.00155803
9.91977e-05
0.000423612
9.91977e-05
0.000302005
0.00343413
0.000256654
0.00069645
0.00083628
0.000362773
9.91977e-05
0.00036733
0.000725767
0.000344642
0.00130708
9.91977e-05
9.91977e-05
0.000197404
9.91977e-05
9.91977e-05
0.000594624
0.000189837
0.000660434
0.000704913
0.000505902
9.91977e-05
9.91977e-05
0.000197404
0.000282164
0.000645673
0.000131933
0.000752914
9.91977e-05
0.000197404
0.000352004
0.000331226
0.000197404
0.00125095
0.000374379
0.000205342
0.000679697
9.91977e-05
0.000458275
9.91977e-05
0.000169926
9.91977e-05
0.00110216
0.00080121
0.000373555
0.000343239
0.000131933
0.000211206
0.000674104
0.000197404
0.000251099
0.000794899
0.000403114
0.000519574
9.91977e-05
9.91977e-05
9.91977e-05
0.000270078
9.91977e-05
0.000313241
0.000204419
9.91977e-05
0.000874415
0.000815189
0.000270812
9.91977e-05
0.000495241
0.000623385
9.91977e-05
0.000220723
0.000398182
0.000148301
0.00103698
0.000113227
9.91977e-05
0.000290865
0.000408951
0.000247993
9.91977e-05
0.000526785
0.000294141
0.000245038
0.000419579
0.000148301
0.000144004
9.91977e-05
9.91977e-05
0.000326027
0.000196831
9.91977e-05
0.000181036
9.91977e-05
0.000442265
0.00112447
0.000237082
9.91977e-05
9.91977e-05
0.000236437
9.91977e-05
0.000642951
9.91977e-05
0.000488022
0.00033087
9.91977e-05
9.91977e-05
0.000477053
0.000415187
0.000205261
0.00117491
0.000375979
0.000271987
0.00167989
9.91977e-05
9.91977e-05
9.91977e-05
0.000306124
9.91977e-05
0.000153545
0.000131933
0.000497752
0.000999605
9.91977e-05
9.91977e-05
0.000246506
0.00056729
0.000197404
9.91977e-05
0.00027259
0.000357213
9.91977e-05
9.91977e-05
0.000460697
9.91977e-05
0.000327035
0.000148301
0.000148137
9.91977e-05
9.91977e-05
9.91977e-05
0.000386072
0.00039012
9.91977e-05
0.000347833
0.000191839
9.91977e-05
0.000131933
0.000910795
0.000180546
0.00124389
0.000514265
9.91977e-05
0.000997503
0.000229811
9.91977e-05
0.000897257
0.000311396
9.91977e-05
0.000327362
9.91977e-05
9.91977e-05
0.000642826
0.000246506
0.000480081
9.91977e-05
9.91977e-05
9.91977e-05
9.91977e-05
0.000230139
0.000244855
0.000525915
9.91977e-05
0.00061512
0.000131933
9.91977e-05
0.00080516
9.91977e-05
0.000131933
0.000383753
0.000341055
9.91977e-05
0.000148301
9.91977e-05
9.91977e-05
0.000374379
0.000131933
0.000164341
0.00123881
0.000880062
0.000281517
0.00140523
0.000993648
0.000586606
9.91977e-05
0.000209384
0.000224312
0.000206441
0.000366006
9.91977e-05
0.000658269
0.000218303
9.91977e-05
0.000573507
0.000221709
0.00019973
9.91977e-05
0.00105206
0.000138415
0.000417625
0.000253222
0.000492356
0.000186881
0.00023958
0.000148301
0.000164668
0.000197404
0.000655957
0.000229811
0.000196531
9.91977e-05
0.000198665
0.000246506
9.91977e-05
0.00185053
9.91977e-05
9.91977e-05
9.91977e-05
0.000197404
9.91977e-05
0.000236643
0.000957108
0.000309111
0.000172607
0.000174867
9.91977e-05
9.91977e-05
0.00132017
0.000148137
9.91977e-05
9.91977e-05
0.000377803
0.000197404
0.000148301
9.91977e-05
0.000383916
0.000489024
9.91977e-05
0.000196912
0.000498312
0.000230139
0.000372556
0.000389285
9.91977e-05
0.000764154
0.00023325
0.000229784
0.00058663
9.91977e-05
0.000615029
9.91977e-05
0.000855132
0.000229378
0.000365911
0.000328345
0.00040735
0.000148301
9.91977e-05
0.000246343
0.000924843
9.91977e-05
0.000648615
0.000196634
9.91977e-05
0.00030895
0.000704903
0.000148301
0.000492876
0.000394161
9.91977e-05
0.000427452
0.0010543
0.00031737
0.000196912
9.91977e-05
0.00035977
9.91977e-05
0.000163491
0.000197404
0.000202967
9.91977e-05
0.000142709
0.000753317
9.91977e-05
0.000131933
9.91977e-05
9.91977e-05
0.000222758
0.000197404
0.000809296
0.00102393
0.000628395
0.000204851
0.000145962
0.000314186
9.91977e-05
0.000671222
9.91977e-05
0.000349576
9.91977e-05
9.91977e-05
9.91977e-05
9.91977e-05
0.000497752
0.000444587
0.00023325
9.91977e-05
0.000332591
0.00139432
0.000131933
0.000294955
0.000817713
9.91977e-05
0.000229486
9.91977e-05
9.91977e-05
9.91977e-05
0.000254445
0.000557172
9.91977e-05
0.00126978
9.91977e-05
0.000131933
9.91977e-05
0.000195002
0.000197404
0.000230139
0.000131933
0.00128578
9.91977e-05
9.91977e-05
0.000384412
0.000350078
0.000725341
0.000246506
9.91977e-05
9.91977e-05
9.91977e-05
0.00054334
0.00131019
0.000123749
0.000751493
9.91977e-05
0.000436877
0.000580429
9.91977e-05
0.000649001
0.000221709
0.000514279
0.000190758
9.91977e-05
0.000439387
0.000342755
0.00041926
0.000649599
0.000253491
0.000118839
9.91977e-05
0.000288455
9.91977e-05
9.91977e-05
0.000552565
9.91977e-05
9.91977e-05
0.000401696
0.000181035
0.00069165
9.91977e-05
9.91977e-05
0.000357756
9.91977e-05
0.000148301
9.91977e-05
9.91977e-05
0.000236643
0.000612787
9.91977e-05
0.000260543
0.0013878
9.91977e-05
9.91977e-05
9.91977e-05
9.91977e-05
0.000148301
0.000421156
9.91977e-05
0.000200385
9.91977e-05
0.00038105
0.000414683
0.000809071
0.000211572
0.000567446
0.000216652
0.000213607
0.000148301
0.000338564
9.91977e-05
0.000338369
0.000148137
0.000148301
9.91977e-05
0.000184092
0.000335529
0.000148301
0.000179015
0.000500431
0.000721613
9.91977e-05
0.000235746
0.00119599
0.000148301
9.91977e-05
9.91977e-05
9.91977e-05
0.000259527
0.00046448
9.91977e-05
0.00100686
0.000937928
0.000213444
0.000651096
0.000197404
0.000150972
0.000141374
0.000197404
0.000197404
0.000429067
0.00102281
0.000148301
9.91977e-05
0.000396549
0.000199072
0.000213444
9.91977e-05
0.000156158
0.000735307
0.000327035
0.000425927
0.000368036
0.000172607
9.91977e-05
0.000246015
0.000197404
0.000190023
0.00174512
0.000229811
0.000318902
9.91977e-05
0.000131933
9.91977e-05
0.000197404
0.000366283
0.00281957
9.91977e-05
9.91977e-05
0.00129648
9.91977e-05
0.000910083
9.91977e-05
9.91977e-05
9.91977e-05
9.91977e-05
0.000308659
0.000197404
9.91977e-05
0.000196912
0.000188566
0.000248708
9.91977e-05
0.000250756
9.91977e-05
0.000196912
0.000595731
0.000671386
0.0003554
0.000344132
0.000467101
9.91977e-05
0.000382784
0.000188893
0.000321028
0.000325567
0.000194122
9.91977e-05
0.000229784
9.91977e-05
0.000607143
0.00054739
0.000607314
9.91977e-05
0.000135902
9.91977e-05
0.000557225
9.91977e-05
9.91977e-05
0.000595234
0.000172607
9.91977e-05
9.91977e-05
0.000637076
0.000148301
0.000537617
0.000455699
0.00183642
9.91977e-05
0.000907555
0.00022122
0.00138143
9.91977e-05
0.000266953
9.91977e-05
0.000359617
0.000172607
9.91977e-05
0.000131933
0.000438377
0.000295118
0.000487693
9.91977e-05
0.000198665
9.91977e-05
9.91977e-05
9.91977e-05
9.91977e-05
9.91977e-05
9.91977e-05
9.91977e-05
0.000197404
0.000187788
0.000270812
0.000795309
0.00130162
0.000732666
0.000551342
0.000402743
9.91977e-05
0.000281989
0.00151705
9.91977e-05
0.000638127
0.000246506
0.0016942
0.00033745
9.91977e-05
0.000828733
0.000699496
0.000825473
0.000280697
0.000295609
9.91977e-05
0.000148301
0.000341771
0.000961633
0.000197404
0.00104091
0.000148301
9.91977e-05
0.000306351
0.000320161
9.91977e-05
0.000405891
9.91977e-05
0.000148055
9.91977e-05
0.000197404
0.000390478
9.91977e-05
9.91977e-05
9.91977e-05
9.91977e-05
0.000572427
9.91977e-05
0.000142736
0.000131933
0.00020347
0.000369629
9.91977e-05
0.000220572
9.91977e-05
0.000651286
9.91977e-05
0.000174269
0.000305464
0.00133872
0.000278236
0.000254364
9.91977e-05
0.000359822
0.000776841
9.91977e-05
9.91977e-05
0.000172102
0.000563157
0.000247795
0.000507517
0.000201362
0.000349097
0.000224379
0.000279665
0.000270389
9.91977e-05
9.91977e-05
0.00039713
0.00163659
0.000417387
0.00024577
0.000208748
0.000902614
9.91977e-05
0.000401446
0.000118839
0.00033638
0.00038555
0.000246015
0.000312882
9.91977e-05
0.000246506
0.000181036
0.0009604
0.000263498
9.91977e-05
0.000667142
9.91977e-05
9.91977e-05
0.000528994
0.000219583
0.000160454
9.91977e-05
0.000278587
0.000230139
9.91977e-05
0.000164341
0.000410806
9.91977e-05
9.91977e-05
0.000200802
0.000728696
9.91977e-05
0.000226807
0.000586838
0.000197404
0.00108488
0.00023759
0.00015343
0.000246015
0.000306179
0.000190598
9.91977e-05
0.000197404
0.000131933
0.000275228
0.000148301
0.000294627
0.000123749
0.00034373
0.000584416
0.000466799
0.000706969
0.000371838
0.000649307
0.00109604
0.000270649
9.91977e-05
0.000650783
9.91977e-05
0.00046485
0.00112701
9.91977e-05
0.000148301
0.00055753
0.00043854
0.000628555
0.000210859
9.91977e-05
0.000196912
9.91977e-05
0.00065738
0.000135902
0.00140979
0.000123749
0.000197158
0.000148301
0.00101479
9.91977e-05
0.000520775
9.91977e-05
0.00127672
9.91977e-05
9.91977e-05
9.91977e-05
0.000196912
0.000197404
0.000774837
9.91977e-05
0.000327673
0.000152147
9.91977e-05
0.000330019
0.000372303
0.000896132
0.000719879
0.000556548
0.000148301
9.91977e-05
9.91977e-05
0.000442391
0.000310018
0.00086561
9.91977e-05
0.000131933
0.000197404
9.91977e-05
0.000169852
0.000293977
0.00069912
9.91977e-05
9.91977e-05
9.91977e-05
0.000420084
0.000197404
9.91977e-05
0.000384768
0.000892678
0.000197404
0.000738233
9.91977e-05
0.000131933
0.000164341
0.00053658
9.91977e-05
0.000148301
9.91977e-05
0.000197404
9.91977e-05
0.000421509
0.000156484
0.00031116
0.000650798
9.91977e-05
0.000195752
0.000246015
0.000252657
0.000131933
9.91977e-05
0.000209189
0.000131851
0.000494816
0.000131933
0.000207258
0.000148301
0.000234078
0.000144004
0.000186881
9.91977e-05
0.000148301
0.000172607
9.91977e-05
0.000224071
0.000766885
0.000623408
0.00038861
9.91977e-05
9.91977e-05
0.000197404
0.000172607
0.000253711
0.000170209
9.91977e-05
0.00122861
9.91977e-05
0.000338369
9.91977e-05
0.00149229
0.000261728
0.000422566
0.000546326
9.91977e-05
0.000445301
9.91977e-05
0.000148083
0.000195273
0.000226807
0.000462184
0.000113227
9.91977e-05
9.91977e-05
0.000263456
0.00055034
0.000320113
0.000351018
0.000362805
0.000251147
9.91977e-05
9.91977e-05
9.91977e-05
0.000197404
0.000342267
9.91977e-05
0.000410333
9.91977e-05
0.000421233
0.00104999
0.000639867
0.00259601
0.000246015
9.91977e-05
0.000148301
0.000123749
9.91977e-05
0.000726557
9.91977e-05
0.000285806
9.91977e-05
0.000760725
9.91977e-05
0.000454364
9.91977e-05
9.91977e-05
0.000395715
0.00102509
0.000912914
0.000685881
9.91977e-05
0.000169926
9.91977e-05
0.000354736
0.000272486
9.91977e-05
9.91977e-05
9.91977e-05
0.000148301
0.000197404
0.000276828
0.000190654
9.91977e-05
0.000204419
0.000349328
0.000365797
0.000668382
9.91977e-05
9.91977e-05
0.000131933
9.91977e-05
9.91977e-05
0.000267904
0.000278751
0.000371957
0.000230139
0.000148301
0.000180546
9.91977e-05
9.91977e-05
9.91977e-05
9.91977e-05
0.000148301
0.00189174
9.91977e-05
0.00203278
0.00111859
9.91977e-05
9.91977e-05
9.91977e-05
0.000966411
0.000164505
0.000283096
0.00040748
0.000131933
9.91977e-05
0.000608334
0.000360867
0.000580663
9.91977e-05
0.000300114
0.000382784
0.000131933
9.91977e-05
0.00026807
0.000855976
9.91977e-05
0.000148301
0.00042913
9.91977e-05
9.91977e-05
0.000148301
9.91977e-05
0.00051708
9.91977e-05
0.000501589
0.000148301
0.000197404
9.91977e-05
0.000197404
0.00031116
0.000387334
0.000384731
0.000665421
0.000197404
0.000550548
0.000391856
0.000374998
0.000272251
0.000197404
9.91977e-05
9.91977e-05
9.91977e-05
0.000200842
0.00055753
0.000208702
0.000167942
9.91977e-05
0.000164505
0.000197404
9.91977e-05
0.000850136
0.000148301
0.000817707
9.91977e-05
0.00055163
9.91977e-05
0.000395789
0.000459079
0.000302651
9.91977e-05
0.00126182
0.000197404
0.000148301
0.000197404
0.000269287
0.000343533
0.000393091
9.91977e-05
9.91977e-05
9.91977e-05
0.000131933
0.000212467
0.00120233
0.000504513
9.91977e-05
0.00105901
9.91977e-05
9.91977e-05
0.000458241
0.000459336
9.91977e-05
0.000148301
0.000294627
0.00040224
0.000189889
0.000570197
0.000457919
0.000362616
0.000459517
0.000295118
0.000197404
0.000230139
0.000353886
9.91977e-05
0.000195752
9.91977e-05
9.91977e-05
0.000956018
0.000577568
9.91977e-05
9.91977e-05
0.000670951
0.000394598
0.000148301
9.91977e-05
9.91977e-05
0.000263456
0.00028765
9.91977e-05
9.91977e-05
9.91977e-05
9.91977e-05
9.91977e-05
0.00135125
0.00171942
9.91977e-05
0.000148301
0.000641935
9.91977e-05
9.91977e-05
0.00163774
0.00040042
0.000269104
0.000409409
0.0012539
9.91977e-05
0.00116153
0.000827517
0.000135902
9.91977e-05
9.91977e-05
9.91977e-05
0.000131933
0.000393009
9.91977e-05
9.91977e-05
0.000576334
0.000346464
0.000197404
0.000249579
0.000169852
0.000185496
0.000148301
0.000294627
0.000619006
0.000131933
0.000469156
9.91977e-05
0.000501549
9.91977e-05
0.000485852
0.000520839
0.000598729
0.000197404
9.91977e-05
9.91977e-05
0.000523796
0.000318274
0.000309145
9.91977e-05
0.000713136
9.91977e-05
9.91977e-05
0.000461337
0.000288095
0.000289155
0.000902808
0.000672693
9.91977e-05
9.91977e-05
0.000392025
9.91977e-05
9.91977e-05
0.000473853
0.000488601
0.000229811
0.000123749
0.000197404
0.000336382
0.00025752
0.000246015
0.000412443
0.00031635
0.000490549
9.91977e-05
0.000197404
0.000834875
0.000262479
0.000213077
0.000540087
0.000364805
0.000319424
0.000436539
9.91977e-05
9.91977e-05
9.91977e-05
9.91977e-05
0.000277773
0.0002749
0.000148301
0.000145027
9.91977e-05
9.91977e-05
0.000440959
9.91977e-05
0.000190598
0.000207881
9.91977e-05
0.000644445
0.000828733
0.000476152
0.000156995
9.91977e-05
0.000836982
0.000575619
9.91977e-05
0.000476437
0.00102312
9.91977e-05
0.000279078
0.000424135
0.000193544
0.000344221
0.000197404
0.000197404
0.000148301
0.000253491
9.91977e-05
9.91977e-05
0.000148301
0.000196431
9.91977e-05
0.00206424
9.91977e-05
0.000414289
9.91977e-05
0.000638371
9.91977e-05
0.000252424
9.91977e-05
9.91977e-05
0.000577268
0.000148301
9.91977e-05
0.000327691
9.91977e-05
9.91977e-05
0.000277221
9.91977e-05
9.91977e-05
0.000732125
0.000270812
9.91977e-05
0.000515597
0.000180628
0.000172102
0.000246506
9.91977e-05
9.91977e-05
0.000190023
9.91977e-05
0.000353355
0.000643446
0.000197404
0.00115431
9.91977e-05
0.000375175
0.000236709
0.000532068
9.91977e-05
9.91977e-05
0.00128328
0.000378612
0.000572746
0.000245853
0.00055676
0.000731027
9.91977e-05
0.000194122
0.000427475
0.000294141
0.000311586
0.000564016
0.000160087
0.000178622
0.000281717
9.91977e-05
0.000253242
9.91977e-05
0.000307845
0.000223049
0.000188426
9.91977e-05
0.000205342
0.000313655
0.000520385
0.00110061
0.000197404
0.000218213
0.000202528
9.91977e-05
0.000164505
9.91977e-05
9.91977e-05
0.00148086
9.91977e-05
0.000160087
0.00015102
0.000148301
0.000897418
0.000275864
0.00036079
0.000164505
9.91977e-05
0.000317714
0.00158391
9.91977e-05
0.000148301
0.000123749
9.91977e-05
0.00034163
0.000359284
0.000420605
0.000648365
0.000247993
9.91977e-05
0.000148301
0.000327331
9.91977e-05
0.000247754
0.000227493
0.000375616
0.000148301
0.000148301
0.00031869
0.000148301
9.91977e-05
0.000561931
0.000473666
0.000480632
0.000554619
9.91977e-05
0.000254465
9.91977e-05
0.000540429
0.000424392
0.000765783
0.00073966
0.000552019
9.91977e-05
9.91977e-05
9.91977e-05
9.91977e-05
9.91977e-05
0.000273221
0.000148083
9.91977e-05
0.000221709
0.000197404
0.000442296
0.000148301
9.91977e-05
9.91977e-05
0.000192822
0.000916831
0.000246506
0.000355607
9.91977e-05
0.000348901
0.000348516
0.000270812
0.0003615
0.000220975
0.000413989
0.000990473
0.000210859
9.91977e-05
0.000582863
0.000553686
0.00121457
0.000586035
0.000555124
9.91977e-05
0.000153545
9.91977e-05
9.91977e-05
0.000148301
0.000364805
0.000789927
0.0004742
9.91977e-05
9.91977e-05
0.000196629
0.000334893
9.91977e-05
0.000177664
9.91977e-05
0.000493927
9.91977e-05
0.000230139
0.000342708
0.000148301
9.91977e-05
9.91977e-05
9.91977e-05
0.000292438
0.000175144
0.000197404
0.000313998
0.000246015
0.000941103
0.000390879
0.000156484
0.000379134
0.000148301
0.000946614
9.91977e-05
9.91977e-05
0.000557172
0.000197404
0.000589285
9.91977e-05
9.91977e-05
0.000415043
0.000425241
0.000277937
0.00136109
0.000319179
0.00137682
0.000197404
9.91977e-05
9.91977e-05
9.91977e-05
0.000346151
9.91977e-05
0.000869902
0.000164505
0.000314989
0.000294627
0.00042149
0.000164505
9.91977e-05
0.000492782
0.000226549
0.000729644
0.000160454
0.000294627
0.000432694
0.000417632
0.000197404
0.000328336
0.000247993
9.91977e-05
0.000131933
0.000601193
9.91977e-05
0.000270154
0.000148301
0.000181036
9.91977e-05
9.91977e-05
0.000712014
0.000164505
0.000113227
0.000493311
0.00055864
9.91977e-05
0.00159936
0.000572236
0.000484811
0.000222947
0.000428684
9.91977e-05
0.000489493
