0.99
7.08375e-05
0.000325663
6.87574e-05
0.000359446
0.00036844
0.00011388
0.000157311
0.000199354
0.000164467
0.000165446
0.000256093
4.59589e-05
0.000134771
0.000136125
0.00012192
1.07155e-05
4.02454e-05
3.2999e-05
0.000261986
8.86206e-05
1.94614e-05
1.07155e-05
0.000218475
0.00012857
8.22315e-05
6.7925e-05
0.000189649
3.11814e-05
0.000536472
0.000174881
0.000185662
8.2438e-05
0.00012957
0.000126479
8.66007e-05
1.07155e-05
0.000247886
0.000121371
0.000134609
2.38213e-05
0.000101181
0.00020734
0.000445609
0.000212559
0.000188875
0.000458799
1.07155e-05
1.07155e-05
0.000377103
0.000146801
0.000157608
0.000507393
0.000121104
9.44803e-05
0.000291435
0.000322563
0.000111509
0.000261254
9.90144e-05
0.000153607
0.000193733
0.000173544
3.48706e-05
0.000146525
0.000118939
6.91946e-05
0.000161388
0.000148702
0.000250672
0.000149201
0.000420171
1.42516e-05
1.93214e-05
1.6529e-05
0.000112725
0.000312268
0.000112524
0.000611217
6.06059e-05
6.49535e-05
0.000510097
9.77262e-05
1.07155e-05
0.000289131
3.33374e-05
0.000115019
4.00448e-05
1.92961e-05
8.086e-05
8.51592e-05
0.000356294
4.71988e-05
1.81117e-05
0.000192907
5.04212e-05
1.07155e-05
0.000156712
5.81744e-05
5.31702e-05
0.000213358
0.000131465
0.000261588
0.000104394
4.72801e-05
0.000253157
0.000119815
1.87532e-05
1.07155e-05
0.000333733
0.000134797
9.55813e-05
0.000375398
1.07155e-05
0.000126986
3.69921e-05
1.07155e-05
0.00026738
0.000248248
2.88022e-05
0.000111486
9.60382e-05
0.000175375
7.65711e-05
0.000124756
5.52565e-05
0.000117096
0.00037885
1.07155e-05
8.48565e-05
6.19271e-05
1.07155e-05
0.000106399
7.15799e-05
5.59217e-05
1.07155e-05
0.000181106
0.000286499
4.01857e-05
7.0654e-05
8.2564e-05
0.00026495
0.000173773
0.000455254
0.00022731
4.25476e-05
0.000165382
4.25969e-05
0.000107326
0.000324191
0.000123244
2.76146e-05
3.44367e-05
0.000327351
0.000106917
0.000145064
0.000138912
4.34438e-05
0.000231546
8.8279e-05
0.00015643
9.99686e-05
0.000171838
0.000185366
0.000144673
6.53929e-05
0.000359285
2.85406e-05
1.97439e-05
0.000212754
7.61852e-05
0.0001846
1.07155e-05
0.000222965
8.96062e-05
0.000182391
9.01158e-05
1.07155e-05
7.47079e-05
0.000139343
0.000282409
0.000860278
2.55313e-05
0.000336439
1.07155e-05
0.00010867
0.000144211
0.000469541
5.74614e-05
0.000148148
6.73909e-05
0.00010224
0.000115612
0.000161517
0.000116168
1.07155e-05
1.07155e-05
0.000225609
8.88668e-05
0.000174823
0.000137502
0.000222188
0.0004101
0.000253505
0.000206163
1.07155e-05
0.000124137
8.28405e-05
7.50226e-05
0.000125181
7.95191e-05
8.54325e-05
0.000143893
1.60196e-05
0.000518261
0.000155996
0.000229941
0.000642947
1.07155e-05
0.000600466
1.68947e-05
4.69741e-05
9.64094e-05
3.46117e-05
0.000166749
8.72584e-05
0.00019024
0.000173845
2.84243e-05
0.000145713
0.000125038
0.000117341
0.000145668
2.92025e-05
0.000220529
4.86167e-05
8.934e-05
0.000160337
1.07155e-05
0.000720255
0.000139233
0.000156081
9.83347e-05
5.7593e-05
1.07155e-05
8.66928e-05
2.1341e-05
0.000167617
0.000337859
3.39635e-05
0.000103785
9.55385e-05
0.000175645
7.89069e-05
0.000303403
0.000126527
3.18518e-05
0.000108276
0.000157243
5.55164e-05
6.07293e-05
0.0001162
0.000200303
2.84871e-05
6.74976e-05
5.76408e-05
0.000323917
0.000108382
0.000212591
0.000266429
0.000208196
1.42516e-05
6.09748e-05
0.000381973
3.04895e-05
1.73383e-05
0.000288213
0.000115676
3.80415e-05
4.68376e-05
0.000174514
0.00024865
0.000213493
0.000131606
3.53249e-05
9.72819e-05
0.000179634
0.00017627
6.60361e-05
3.81444e-05
4.62276e-05
9.37371e-05
1.49588e-05
1.07155e-05
0.000136278
0.000353754
0.000139704
0.000179244
8.04559e-05
0.000129659
5.93912e-05
3.21491e-05
0.000161374
4.46146e-05
0.0002763
0.00019754
0.000260933
7.46207e-05
0.000157769
5.04592e-05
4.88509e-05
5.05568e-05
1.65724e-05
0.000341394
0.000108072
0.000201219
1.07155e-05
0.000249633
9.08641e-05
3.96224e-05
0.000303806
0.000174098
0.000205392
0.000208009
0.000278026
0.000281861
0.000214855
5.97996e-05
0.000124285
0.000138348
0.000220752
3.23112e-05
0.00029159
8.28799e-05
0.000105108
3.83592e-05
0.00014064
9.14149e-05
3.16317e-05
0.000713356
0.000171922
0.00011528
5.48832e-05
1.73312e-05
0.000283967
0.000101092
0.000204189
0.000284267
5.01482e-05
0.000102994
6.45381e-05
1.07155e-05
0.000168112
3.50812e-05
7.56044e-05
6.62736e-05
0.000150102
9.4318e-05
0.000133391
1.07155e-05
0.000153132
0.000183489
0.000299988
0.000121068
0.000168056
1.07155e-05
0.000106084
5.10024e-05
1.88779e-05
0.000116227
0.000182095
0.000187033
0.000160022
3.9782e-05
0.000124796
0.000208554
1.07155e-05
0.000214479
0.000108866
4.7177e-05
4.97967e-05
8.47845e-05
8.49103e-05
0.000176794
0.000159695
0.000124359
7.7855e-05
4.35923e-05
1.07155e-05
1.86903e-05
1.07155e-05
4.24761e-05
0.000166815
0.000180691
7.03873e-05
2.8368e-05
1.42516e-05
0.000260803
6.84937e-05
0.000323469
6.7422e-05
0.000129738
5.81675e-05
0.000198484
7.77124e-05
0.000184438
0.000297144
7.24142e-05
0.000139297
0.000311772
0.000105724
0.000366516
0.000213294
6.83701e-05
0.000220705
8.4323e-05
0.000112124
1.07155e-05
0.000169126
4.60461e-05
4.56307e-05
9.67102e-05
0.000190713
0.000269699
0.000112461
0.000112306
0.000107518
0.000123141
0.00013252
6.43214e-05
6.94042e-05
5.66747e-05
0.000520481
0.000131615
0.000221875
5.29402e-05
3.12574e-05
0.000247495
9.29378e-05
8.1265e-05
0.000115446
4.03628e-05
0.00026818
0.000223793
0.000203464
6.57863e-05
0.000161802
6.46966e-05
0.000108759
8.51722e-05
7.10158e-05
1.07155e-05
3.30661e-05
0.000340677
0.000263864
5.16004e-05
0.000274292
8.00757e-05
0.000191482
0.000261124
5.79506e-05
0.000262417
2.62911e-05
5.21144e-05
0.000181896
1.78435e-05
0.000315946
0.000167396
0.000213488
0.00023083
0.000128474
7.65279e-05
0.000105416
8.4415e-05
3.83967e-05
0.000325448
0.000143548
4.52137e-05
2.59226e-05
1.07155e-05
2.62646e-05
8.90324e-05
0.000240916
0.000121118
1.07155e-05
0.000121986
0.000138551
0.000175912
3.43072e-05
1.07155e-05
0.000125794
0.000198312
0.000324705
4.21919e-05
0.000176237
0.000112503
0.000366137
0.000129906
0.000199324
6.80138e-05
0.000651345
1.07155e-05
0.000120928
6.05127e-05
1.60196e-05
0.000144714
2.49836e-05
0.000141923
0.000148707
0.000194708
0.000455667
2.42731e-05
0.00025916
3.11309e-05
4.27294e-05
6.42557e-05
0.000125386
1.42516e-05
0.000171549
4.49729e-05
9.96979e-05
1.07155e-05
1.07155e-05
6.35666e-05
2.64484e-05
1.28371e-05
0.000125655
9.27352e-05
0.000217279
0.000181227
0.000231692
0.000111992
0.000120254
0.000121036
0.000212239
0.000170455
1.24835e-05
0.000248997
8.42022e-05
7.03141e-05
8.54791e-05
7.24578e-05
0.000121689
0.000364516
7.71962e-05
0.00026619
0.000131702
0.000459224
9.1707e-05
0.000120553
0.000151813
0.00035181
5.53899e-05
0.000124505
3.48255e-05
1.07155e-05
0.000196321
0.00010112
0.000267109
8.22552e-05
0.000273355
1.07155e-05
3.57516e-05
0.000220905
8.66566e-05
0.000147343
0.000254991
0.000476099
4.4277e-05
0.000136097
0.000109155
5.02982e-05
1.07155e-05
0.000138663
2.91998e-05
0.000104663
7.37761e-05
0.000464477
0.00016547
0.000249031
6.65957e-05
0.000262182
0.000262474
0.000201441
0.0001524
0.00018222
0.000305273
7.8279e-05
3.03707e-05
8.41743e-05
1.07155e-05
0.000224487
0.000323852
4.37867e-05
0.000236348
1.07155e-05
9.2192e-05
6.62275e-05
0.00016272
0.000304294
0.000192212
0.000119868
8.8353e-05
0.000149054
4.26666e-05
0.000158683
0.000111691
0.000180894
9.12693e-05
0.00021075
8.89276e-05
1.82258e-05
0.00010965
0.000322876
5.04073e-05
0.000391311
0.000501616
1.07155e-05
0.000102645
4.25077e-05
2.1835e-05
5.60582e-05
2.9884e-05
5.87603e-05
0.00037043
0.000263686
1.07155e-05
0.000252724
1.07155e-05
7.80824e-05
0.000293834
6.22169e-05
0.000185483
0.000239502
0.000161043
9.98295e-05
0.000159315
0.000509766
1.6668e-05
0.000135916
0.000330809
0.000188571
0.000201002
0.000133168
0.000140469
0.000136697
0.000143029
0.000280138
1.07155e-05
0.000156897
6.50657e-05
4.34914e-05
3.424e-05
9.90988e-05
4.41116e-05
0.000400951
0.000124996
2.84153e-05
2.19176e-05
8.54819e-05
3.95205e-05
6.58598e-05
0.000295754
7.68813e-05
0.000422116
1.07155e-05
0.000168937
7.81894e-05
8.11586e-05
5.35155e-05
6.78018e-05
3.60639e-05
0.000220981
0.000142406
0.000141357
4.33794e-05
0.000259654
0.000112404
4.56442e-05
0.000136937
8.94814e-05
9.0984e-05
5.8213e-05
2.5839e-05
4.62757e-05
0.000158165
9.71581e-05
0.000233081
1.92358e-05
7.03745e-05
2.03872e-05
0.000203582
7.90998e-05
0.000133733
3.45478e-05
4.06149e-05
0.000126587
0.000236275
4.27497e-05
3.84107e-05
1.07155e-05
5.49397e-05
8.40602e-05
0.000458152
0.00010744
0.00017402
0.000112993
0.000302561
0.000183657
6.6862e-05
6.17275e-05
0.000124426
7.9077e-05
0.000429694
8.48096e-05
5.31846e-05
6.52211e-05
0.000183641
0.000311052
6.62561e-05
0.000131922
0.000156812
0.000436166
0.000209404
4.43371e-05
0.000193439
0.000192124
0.000126833
0.00010654
0.000545284
5.75433e-05
1.07155e-05
0.000133651
0.000309195
3.85361e-05
0.000162822
1.07155e-05
0.000104341
0.000301942
0.000176358
4.94807e-05
0.000151588
0.00036185
0.00027301
0.000207649
0.00024338
4.59418e-05
6.40334e-05
0.000128743
0.00012435
7.90478e-05
0.000244088
9.18858e-05
0.000127984
0.00030915
0.00034182
0.00012002
5.24498e-05
0.000226862
9.39944e-05
0.000188669
0.00015534
0.000303537
0.000185349
0.00024654
7.67594e-05
0.00040706
1.07155e-05
0.000239735
9.47978e-05
0.000112817
0.000124511
0.000104981
5.96067e-05
2.34889e-05
0.000192516
0.000294825
9.29676e-05
6.30963e-05
7.25753e-05
0.000390295
2.15088e-05
0.000274981
0.000360266
4.74241e-05
5.31454e-05
0.000423312
0.000223923
0.000110184
2.48535e-05
6.39059e-05
0.000172429
0.000347695
0.000175423
2.51655e-05
5.69699e-05
0.00015051
6.81856e-05
0.000152164
0.000292509
0.000288875
0.00021672
0.000307796
9.32449e-05
0.000190889
2.83781e-05
9.11994e-05
3.18406e-05
0.000206654
6.75723e-05
0.000117064
0.000140972
0.000234999
0.000232413
6.73383e-05
0.00011547
1.07155e-05
1.07155e-05
5.32051e-05
8.96517e-05
4.95354e-05
0.000461776
0.000147829
0.00015542
0.000164979
0.000146727
0.000162108
0.000445288
3.72604e-05
0.000128854
0.000616999
9.21229e-05
5.70057e-05
0.000381498
0.000112396
0.00036786
0.000397288
0.000211816
0.000120335
0.000266734
0.000190595
0.000171858
2.23603e-05
0.00011292
5.87878e-05
0.000145221
0.000218106
9.79257e-05
0.000238069
0.000106092
0.000452071
6.99772e-05
0.000125851
0.000145594
0.000144248
5.26852e-05
0.000390238
1.42516e-05
9.11913e-05
1.07155e-05
0.000101574
5.1915e-05
0.000145638
0.000148391
4.6379e-05
1.07155e-05
0.000323535
8.21325e-05
0.000107275
7.68137e-05
6.50873e-05
0.000159099
0.000122506
0.00023115
0.000115434
7.77769e-05
1.33675e-05
0.000626193
4.18237e-05
0.000160442
0.000122297
0.000247281
0.000199442
0.000338682
8.54207e-05
0.000355019
3.53519e-05
0.000187841
0.000146023
0.000157877
0.000228492
1.07155e-05
0.000113663
3.51119e-05
1.28371e-05
2.96306e-05
4.46728e-05
0.000250607
0.000103805
0.000263601
0.00011828
0.000327061
0.000129562
3.04939e-05
5.78005e-05
6.07017e-05
1.94435e-05
0.000185865
0.00014834
0.000396443
8.74087e-05
0.00030457
0.000191874
7.09737e-05
0.000172321
1.66694e-05
9.51899e-05
5.70909e-05
0.000141726
2.48599e-05
0.000272539
3.63521e-05
0.000215495
4.46766e-05
7.2023e-05
0.000175082
0.000118968
1.07155e-05
0.000197922
0.00038314
0.000171107
6.66495e-05
9.21332e-05
0.000143389
0.000139766
0.000144345
0.000150669
5.16994e-05
1.63482e-05
0.00012831
5.31978e-05
0.000100012
4.7544e-05
0.000106476
0.000210183
0.000141154
2.77868e-05
0.000142285
0.000181986
0.000365984
6.76672e-05
1.07155e-05
7.71176e-05
1.70832e-05
8.12635e-05
0.000177719
8.15891e-05
7.1174e-05
0.000236444
0.000165546
0.000124648
1.07155e-05
0.000182437
1.07155e-05
0.000170925
1.42516e-05
0.000160406
2.6577e-05
7.83085e-05
1.07155e-05
0.000480379
0.000420009
1.62173e-05
3.85158e-05
0.000113844
0.000100222
0.000156207
1.07155e-05
0.000123767
1.60196e-05
0.000127352
1.07155e-05
0.000152532
5.19642e-05
6.7207e-05
3.00897e-05
2.40562e-05
5.46317e-05
0.000142407
2.2617e-05
0.000212229
0.000248858
0.00024815
6.10036e-05
0.000127178
1.07155e-05
4.02811e-05
1.07155e-05
0.000331015
0.00016826
0.000219485
0.000133806
0.000169187
4.32153e-05
1.07155e-05
0.000334019
0.000231771
6.1639e-05
0.000228022
0.000147947
0.00025729
5.45086e-05
0.000228966
9.8434e-05
9.73731e-05
0.000141904
0.000104314
6.64057e-05
0.000112101
1.07155e-05
7.32388e-05
0.000139942
0.000206189
2.82998e-05
9.54966e-05
3.14842e-05
6.69495e-05
6.45947e-05
5.77762e-05
0.000220326
0.00028193
1.33675e-05
0.000158767
9.8023e-05
2.71803e-05
0.00010634
0.000111724
0.000214048
1.60196e-05
2.67086e-05
0.000190813
7.18499e-05
8.92949e-05
0.000154141
0.000117868
0.000100693
0.000142081
0.000112679
0.000106749
0.000154177
0.000127272
0.000299258
8.76535e-05
8.62432e-05
5.67656e-05
9.14017e-05
0.000135524
0.000334362
0.000104912
0.000327666
5.68828e-05
4.34993e-05
7.94595e-05
0.000357468
0.00045113
0.000462196
1.87544e-05
0.000117243
8.40879e-05
0.000101642
0.000226209
0.000133816
0.000198574
0.000452375
0.00030893
1.07155e-05
0.000145319
2.64383e-05
0.000208146
1.07155e-05
0.000219336
2.81815e-05
0.000219484
0.000178804
0.000293862
0.000350584
8.1267e-05
6.50187e-05
9.79437e-05
0.0001397
0.000181533
6.98317e-05
9.62292e-05
9.18085e-05
0.000319508
7.91759e-05
1.77483e-05
0.000284702
6.22615e-05
0.000629396
0.000252581
3.21345e-05
0.00022534
1.07155e-05
3.57646e-05
8.73201e-05
0.000241616
7.91443e-05
0.000417173
2.51445e-05
0.000138269
3.77319e-05
0.00030631
0.000108203
7.39713e-05
0.000170241
5.57634e-05
0.000132624
6.30411e-05
0.000213137
0.000153932
1.83947e-05
0.000294859
0.000218363
0.000186296
1.33675e-05
2.22077e-05
0.000151829
2.67776e-05
0.000177697
0.000223906
0.000185407
0.000202759
2.88022e-05
0.000679396
1.07155e-05
5.41002e-05
1.07155e-05
4.49842e-05
0.000260486
0.000180781
7.24653e-05
6.6553e-05
0.000354843
3.52814e-05
6.05426e-05
2.06941e-05
2.52647e-05
0.000281193
0.000141898
5.4866e-05
8.16682e-05
1.37426e-05
3.26594e-05
0.000153231
7.76714e-05
9.54573e-05
0.000356754
0.000174628
0.000162846
0.000247293
0.000194436
0.000559449
0.000107676
0.000197917
9.16538e-05
2.84495e-05
1.07155e-05
0.000156943
0.000100892
7.49857e-05
0.000237233
0.000184645
0.000162615
0.000139007
0.000584485
0.000166222
1.82616e-05
0.000283292
0.000108595
1.28371e-05
0.000225326
0.000201098
5.01643e-05
4.73348e-05
0.000176414
5.18458e-05
6.74078e-05
5.0266e-05
0.000240933
0.000219534
0.000139271
4.27517e-05
0.000203559
0.000122962
3.22892e-05
0.000240086
0.000100711
0.000327378
4.72251e-05
0.000137127
4.0931e-05
0.000240816
0.000350373
8.14e-05
0.000274738
6.44243e-05
0.000164098
1.33675e-05
7.74586e-05
0.00011546
9.25842e-05
0.000302989
0.000260708
0.000228321
0.000986676
6.22993e-05
0.000119286
1.07155e-05
0.000118608
0.00024843
5.50329e-05
9.15991e-05
0.000270187
0.000115307
6.42516e-05
0.000291191
9.81203e-05
0.000129767
0.000102957
0.000267535
1.07155e-05
5.48399e-05
0.000242446
0.000230646
0.000109325
2.84914e-05
9.78706e-05
0.000103682
0.000116318
0.000106065
5.16999e-05
0.000283713
0.000293677
0.000235533
0.000162493
0.000350212
0.000203215
3.4454e-05
4.03155e-05
0.000281198
0.000141282
0.000517998
6.15228e-05
2.24572e-05
0.000114539
0.000220781
0.000123687
0.000189057
7.03221e-05
0.000156641
3.88124e-05
0.000105822
0.000246505
0.000183328
0.000265593
7.0582e-05
0.000153868
1.07155e-05
0.000250482
0.000200126
0.000214788
0.000164289
0.000494646
6.71494e-05
8.25981e-05
0.000354025
2.84914e-05
7.45411e-05
3.64785e-05
5.53477e-05
0.000310297
0.000100198
1.60196e-05
0.000227305
0.000164142
7.61745e-05
0.000213003
8.14484e-05
0.000212659
2.10652e-05
0.000152296
0.000312535
0.000157722
5.06287e-05
4.59316e-05
3.75536e-05
3.09106e-05
0.000168982
5.26827e-05
0.000151279
0.000273882
0.00041957
4.82242e-05
6.92535e-05
0.000141131
8.1622e-05
0.000353472
2.06873e-05
6.82652e-05
0.000301308
2.88278e-05
0.000216059
9.72005e-05
5.81266e-05
3.55811e-05
0.000263847
1.07155e-05
0.000187444
1.07155e-05
0.000251467
1.07155e-05
0.000184052
0.000129006
1.07155e-05
0.00033275
3.63814e-05
0.00028282
0.000187575
0.000101335
4.42354e-05
0.000278069
4.61152e-05
0.000243219
1.07155e-05
4.06339e-05
7.53423e-05
0.000164875
6.54142e-05
0.000200391
0.000120063
6.47699e-05
5.58497e-05
4.94825e-05
2.3018e-05
0.000167705
4.6952e-05
0.000175909
0.000368174
5.27578e-05
7.84018e-05
1.07155e-05
4.78468e-05
0.000113671
5.5355e-05
1.07155e-05
7.59961e-05
0.000363433
0.000205371
1.59477e-05
0.000662746
0.00016792
0.000164186
1.07155e-05
0.000159462
2.31376e-05
8.49015e-05
0.000145832
5.62855e-05
6.735e-05
1.07155e-05
4.70228e-05
0.000233191
0.000132258
0.000222309
0.000121981
8.58835e-05
8.30238e-05
0.000339185
8.18653e-05
0.000396272
7.3764e-05
0.000147058
8.85845e-05
1.07155e-05
3.62285e-05
9.92215e-05
4.76147e-05
9.20184e-05
6.76499e-05
0.000190235
0.000166509
0.000288805
9.53309e-05
0.000116276
0.000109233
0.000572825
0.000164472
0.000276066
8.08198e-05
9.26034e-05
8.78554e-05
0.000153391
0.000106298
0.000211725
0.000105755
0.00023129
0.000598128
1.07155e-05
0.000190186
0.000123882
0.000129932
0.000223824
0.000245707
5.10851e-05
0.000120314
0.000157606
0.000304232
0.000184576
4.02604e-05
0.000119943
0.000214636
9.44688e-05
0.00046349
0.000202635
0.000118814
0.000162608
0.000139757
0.000152397
1.07155e-05
0.000127819
4.80525e-05
1.07155e-05
1.07155e-05
5.22528e-05
4.88146e-05
4.83623e-05
0.000112698
3.75252e-05
7.61282e-05
1.07155e-05
0.000127748
0.000146338
0.000154874
1.07155e-05
0.000208954
8.75431e-05
0.000148528
0.000171594
5.03336e-05
0.000118215
0.000128175
9.76545e-05
6.38738e-05
1.07155e-05
0.00013605
0.000374292
0.000225055
6.5391e-05
6.85632e-05
0.000128005
1.07155e-05
1.07155e-05
6.87324e-05
3.54138e-05
0.000108825
3.89029e-05
5.21362e-05
0.000113696
5.62527e-05
0.000198135
5.12645e-05
0.000136694
2.91696e-05
0.000121083
8.65576e-05
7.4738e-05
0.000110681
0.000121025
6.79543e-05
0.000316007
0.000140574
0.000380869
2.94588e-05
7.77195e-05
0.00020049
0.000214479
6.30093e-05
8.15066e-05
1.07155e-05
1.07155e-05
0.000138016
0.000187706
7.87975e-05
0.000155181
0.000168776
2.52684e-05
0.000152159
5.5846e-05
1.07155e-05
0.000224585
3.45245e-05
6.51445e-05
0.000119606
0.00049044
5.06898e-05
6.93384e-05
5.08982e-05
0.000185861
0.000857142
1.36528e-05
3.0874e-05
6.75288e-05
0.000435923
8.63244e-05
7.59217e-05
0.000200373
0.000120418
3.26504e-05
0.000113871
4.0782e-05
0.000201861
0.000168347
0.000271062
6.15886e-05
0.000122136
2.8153e-05
0.000107411
7.61114e-05
0.000552035
9.14783e-05
6.16735e-05
1.22309e-05
8.11538e-05
0.000128152
8.8254e-05
6.3392e-05
0.000314816
0.000146286
3.21985e-05
8.10509e-05
0.000114612
7.13627e-05
6.08683e-05
5.68366e-05
6.26567e-05
0.000122904
0.000157972
8.82609e-05
0.000161686
0.000226721
0.000237166
0.000189643
0.000147736
0.000147776
0.000405521
0.00011514
0.000103675
4.00519e-05
0.000236299
0.000115558
0.000455171
0.000166704
0.000315303
7.35101e-05
0.000122037
8.28304e-05
0.000234204
4.71335e-05
0.000194057
0.000123496
0.000172929
0.000100998
0.000187842
3.22216e-05
0.000216463
0.000299772
8.6246e-05
0.000196633
2.42981e-05
0.000271092
4.42643e-05
9.62498e-05
0.000257522
3.67357e-05
0.000378025
0.000159087
4.90602e-05
1.07155e-05
0.000145215
4.17786e-05
0.000372932
0.000232795
7.18221e-05
0.000189
0.000223733
1.42516e-05
0.000218942
0.000118178
5.43585e-05
3.91996e-05
0.000594567
0.00049436
3.96505e-05
3.40893e-05
0.000239135
0.000107773
0.000238178
0.000388904
6.22514e-05
0.000240624
3.59935e-05
0.000515999
0.000150934
0.000334933
8.94295e-05
0.000264967
3.60433e-05
1.07155e-05
0.000214507
0.000120686
6.21943e-05
0.000120828
0.000108706
6.83206e-05
7.15231e-05
0.000168837
0.000257063
2.13238e-05
8.43891e-05
0.000171888
0.000155547
0.000215705
3.08553e-05
8.51679e-05
0.000266296
0.000146669
0.000112804
0.000180296
4.48481e-05
0.000125711
6.73155e-05
0.000103544
0.000181632
0.000229961
3.91513e-05
7.09122e-05
0.000178931
2.11663e-05
0.000128747
0.000288568
0.000253593
0.000196751
1.07155e-05
0.000193677
5.96044e-05
0.000230444
2.76654e-05
6.06889e-05
8.7287e-05
0.000409951
0.00010974
0.000155472
3.00002e-05
0.000192922
0.000175184
0.00013262
2.0548e-05
0.000333001
0.000211524
0.000134977
1.07155e-05
0.000128848
0.000130513
0.000125676
4.36237e-05
0.000235756
0.000210334
0.000163159
0.000182425
0.00036726
0.000150378
7.12954e-05
5.20333e-05
0.000318511
2.87983e-05
7.83097e-05
0.000119393
5.1775e-05
2.05383e-05
0.000242193
6.61637e-05
1.28371e-05
1.07155e-05
0.000242035
0.000128569
0.000107181
0.000159725
0.000126462
6.17728e-05
0.000146983
0.000106855
0.000125982
0.000109187
0.000184502
0.00055283
0.000102675
5.64215e-05
9.39119e-05
8.82005e-05
0.000286028
2.03589e-05
0.00021647
0.000229481
0.00045449
0.000143483
1.07155e-05
0.00022759
0.000111234
2.14624e-05
0.000182998
8.52294e-05
0.000183567
6.45727e-05
9.29378e-05
0.00010948
3.9023e-05
5.64124e-05
0.000139442
4.53638e-05
0.000178698
5.6329e-05
0.000136298
5.96113e-05
8.03854e-05
7.41691e-05
1.07155e-05
1.07155e-05
8.35724e-05
0.000105485
0.000132988
0.00017759
0.000353347
7.93364e-05
0.000123204
0.000260653
2.23273e-05
3.8936e-05
5.63004e-05
0.000135143
2.46995e-05
0.000261458
1.07155e-05
6.57223e-05
1.20415e-05
0.000174074
0.000132862
0.000347431
4.15323e-05
1.63732e-05
0.00022581
1.07155e-05
0.000216903
9.71651e-05
0.000183812
0.000130682
0.000176141
0.000339727
1.07155e-05
0.000109258
5.03772e-05
0.000386808
6.79015e-05
0.000177139
0.000392758
1.07155e-05
0.000111561
3.28775e-05
8.0454e-05
0.000144044
5.07359e-05
0.000304033
0.000145716
0.000134271
1.07155e-05
7.87927e-05
1.07155e-05
8.64469e-05
0.000105314
6.62406e-05
9.93186e-05
5.5898e-05
6.7063e-05
7.71442e-05
0.000139513
8.34395e-05
0.000363179
2.95273e-05
4.70496e-05
0.000111856
4.82156e-05
1.07155e-05
0.000216997
8.45472e-05
0.000352395
1.07155e-05
1.07155e-05
0.000130823
0.000248952
0.000144293
1.60196e-05
0.000190131
0.000168492
1.07155e-05
4.92125e-05
0.000364311
0.000279816
7.80635e-05
0.000236815
0.000223539
4.00895e-05
0.000227974
0.000112039
4.09227e-05
0.000358915
4.14169e-05
3.21476e-05
1.59477e-05
5.32504e-05
0.000356716
0.000128602
0.000171892
0.00036761
0.000118441
4.35142e-05
0.000177438
1.07155e-05
3.56938e-05
0.000208393
9.38549e-05
1.07155e-05
2.90479e-05
1.60196e-05
0.000147317
4.72206e-05
6.05236e-05
0.000199265
0.000127306
8.32649e-05
0.000406201
4.8011e-05
2.51998e-05
0.000275434
0.000308048
0.00013177
0.000141774
7.14985e-05
9.70587e-05
0.000210505
4.48071e-05
0.000108437
0.000274365
0.000209693
0.000207695
4.85451e-05
0.000129238
3.96648e-05
7.05399e-05
1.07155e-05
6.65365e-05
0.0004039
1.07155e-05
3.58518e-05
5.0821e-05
9.75087e-05
1.07155e-05
0.000117529
0.00028735
0.000201368
0.000136644
0.000102253
1.07155e-05
9.4864e-05
0.000103808
1.33675e-05
3.51784e-05
0.000114578
0.000192584
1.07155e-05
7.29248e-05
0.000153646
4.71878e-05
0.000549309
0.000163378
0.000104887
3.90883e-05
1.07155e-05
7.8517e-05
0.00017075
0.000327643
0.000182516
0.000106823
0.000114797
9.68009e-05
8.4843e-05
0.000159354
5.58293e-05
0.000161495
8.27291e-05
1.07155e-05
1.07155e-05
0.000607094
0.000323492
0.000163117
6.72898e-05
0.000138586
0.000932199
0.000146828
0.000120262
2.4633e-05
7.61984e-05
0.000161985
5.73905e-05
0.000120541
0.000186756
3.19295e-05
1.07155e-05
9.714e-05
7.32012e-05
3.52908e-05
0.000185028
8.24594e-05
1.92358e-05
0.000336698
0.000444303
0.000161887
7.42466e-05
9.55311e-05
4.6071e-05
0.000203273
6.15061e-05
0.000101814
5.75877e-05
0.000235017
0.000370138
0.000169819
0.000459923
9.57289e-05
5.0991e-05
0.000100414
1.07155e-05
7.28762e-05
0.000208656
1.07155e-05
0.000122611
0.000217685
6.25018e-05
0.000133027
0.0002204
7.90694e-05
2.56617e-05
0.000244005
0.000106547
5.69394e-05
7.33974e-05
1.85405e-05
0.000127497
0.000387287
8.24868e-05
0.000186162
0.000192367
0.000240293
3.62799e-05
0.00022559
1.07155e-05
8.88785e-05
9.17004e-05
0.000368131
1.07155e-05
0.000103072
0.000259488
0.000148625
0.000241324
0.000359436
0.00051927
6.94113e-05
0.000104954
4.29415e-05
0.000356788
5.48083e-05
0.000546609
3.96648e-05
0.000110086
7.33848e-05
6.23424e-05
0.000153066
0.000157606
8.84487e-05
1.07155e-05
3.24321e-05
0.000161882
4.1921e-05
0.000125411
1.07155e-05
0.000105878
4.15165e-05
8.27836e-05
0.000336306
3.91099e-05
0.000334739
0.000172188
0.000383046
0.000242489
0.000110952
0.000301291
2.47413e-05
0.000274062
0.000194628
8.12465e-05
0.000217789
4.10442e-05
6.61133e-05
6.59248e-05
7.45532e-05
4.16971e-05
6.28193e-05
0.000268225
0.00017388
8.93929e-05
2.4181e-05
6.2272e-05
0.000170669
0.000159317
0.000232818
0.000126665
9.1202e-05
4.37243e-05
2.70785e-05
0.000279092
3.22576e-05
5.142e-05
9.69203e-05
0.000174473
0.00030993
0.000110095
0.000148903
0.000103406
0.000242185
1.07155e-05
8.21129e-05
6.98351e-05
0.000170129
5.7575e-05
7.10991e-05
0.000259985
0.000269887
0.000217422
0.000117242
2.59046e-05
4.18642e-05
5.37555e-05
9.23252e-05
4.30322e-05
0.000220005
0.000269522
1.07155e-05
0.000165223
0.000187653
8.05427e-05
9.70033e-05
0.000148616
5.83704e-05
9.76789e-05
0.000113154
1.07155e-05
6.62767e-05
0.000377644
2.98459e-05
0.000172491
0.00010957
1.07155e-05
7.1619e-05
4.2806e-05
1.07155e-05
2.70423e-05
0.00012289
0.000109577
0.00023195
0.000318104
6.24561e-05
0.000177084
2.3541e-05
0.00032923
0.00051136
0.000286884
1.07155e-05
0.000292591
3.424e-05
0.000250364
6.56902e-05
8.91923e-05
0.000220313
0.000101634
1.07155e-05
0.000137005
9.08091e-05
0.000334832
0.000172886
0.000449447
2.71732e-05
0.00014938
3.77428e-05
0.000279067
0.000387674
5.93177e-05
0.000116658
0.000198547
5.72956e-05
0.000230066
2.07797e-05
1.07155e-05
0.000274987
0.000176969
0.000221381
0.000193264
0.000368061
9.02687e-05
8.06031e-05
3.80734e-05
0.000246199
6.20923e-05
0.000144957
0.000200758
0.000131967
0.000414636
0.00013164
1.07155e-05
0.000230296
9.72501e-05
6.71112e-05
4.78485e-05
0.000100597
0.000297593
0.000157785
0.000193472
0.000167049
0.000161665
9.67331e-05
0.000177094
0.000382541
6.66138e-05
3.18518e-05
0.000163431
2.42263e-05
1.07155e-05
0.000100923
2.17227e-05
0.000202148
6.4452e-05
0.000261736
0.000247826
0.000149391
0.000101013
0.000209715
5.69179e-05
2.15916e-05
5.65011e-05
3.67119e-05
0.000133452
0.000112168
1.77656e-05
0.000233945
8.50268e-05
8.44624e-05
0.000188142
0.000150183
1.07155e-05
0.000380273
9.08835e-05
0.000107781
2.41251e-05
2.13238e-05
0.000361205
0.000178589
1.33675e-05
0.000105048
6.19243e-05
5.30569e-05
5.92011e-05
0.00041022
0.000259473
3.68232e-05
0.000105399
3.73489e-05
0.000200404
9.05728e-05
0.000201308
0.000274535
0.00016805
1.07155e-05
0.000258222
1.07155e-05
0.000326022
7.08895e-05
0.000102584
0.00020886
1.07155e-05
0.000185958
3.15765e-05
0.000429145
6.85901e-05
5.2782e-05
3.36636e-05
0.000109302
5.17873e-05
5.54917e-05
4.41882e-05
0.000114496
0.000131565
0.00023256
1.07155e-05
0.000225909
8.59397e-05
5.12836e-05
0.000326717
8.74758e-05
0.000464462
0.000399685
7.04999e-05
6.83142e-05
0.000148835
0.000133121
0.000170685
1.07155e-05
0.000112997
5.76574e-05
6.88422e-05
0.000164897
9.94159e-05
6.82548e-05
0.000171103
0.000331522
0.000135743
0.000320976
0.000304386
6.54378e-05
0.000227404
0.000215008
0.00023354
2.25981e-05
0.00031603
0.000106586
9.53618e-05
0.00014661
0.000144337
0.00015409
0.000107437
6.18925e-05
3.23281e-05
5.80864e-05
0.000265956
0.000149892
5.08962e-05
0.000171403
0.000101593
0.000302196
0.000110838
0.000334535
0.000153644
1.07155e-05
0.000153596
5.96067e-05
0.000123384
1.33675e-05
2.36883e-05
0.000597592
8.24134e-05
3.60422e-05
3.50391e-05
0.000174049
7.63415e-05
2.83055e-05
0.000110712
7.59667e-05
7.75696e-05
0.000225873
0.000289119
0.000289391
1.07155e-05
4.24909e-05
7.89348e-05
0.000141568
8.87316e-05
0.000132327
1.07155e-05
5.31945e-05
0.000130354
0.000163379
0.00010842
0.000122138
4.01683e-05
0.000111133
2.42654e-05
5.09934e-05
5.02925e-05
0.000267572
0.000129103
0.000550462
0.000222589
7.34041e-05
1.07155e-05
0.000104151
0.000475924
1.41076e-05
0.000104759
7.99445e-05
0.000168617
1.07155e-05
1.07155e-05
2.93082e-05
7.43095e-05
0.000140431
8.25402e-05
0.000291973
9.79911e-05
1.80442e-05
0.00012296
0.000283766
0.00015993
9.89092e-05
1.07155e-05
0.000110248
0.000101001
0.000476156
1.07155e-05
4.64348e-05
7.45801e-05
5.66872e-05
0.000249886
0.000118673
0.000317867
0.000163619
0.000155276
1.07155e-05
8.92095e-05
0.000229035
0.000339555
2.60502e-05
0.000189615
0.000282772
0.000387803
5.03323e-05
0.0001988
3.6815e-05
1.07155e-05
8.55943e-05
0.000461945
0.000200522
1.32982e-05
0.000151861
0.000198119
0.000307705
7.33512e-05
0.000110169
1.42516e-05
6.27374e-05
0.000237913
7.26059e-05
9.87956e-05
7.34961e-05
4.10825e-05
4.22233e-05
1.07155e-05
1.07155e-05
0.000191872
1.07155e-05
0.000302694
0.000191671
0.000166335
0.0002479
3.09591e-05
0.000167652
9.3674e-05
0.00013394
7.24897e-05
9.8186e-05
0.000115939
0.000369086
0.000293907
0.000321269
1.07155e-05
9.83532e-05
3.87516e-05
5.67171e-05
7.005e-05
0.000170909
0.000123144
6.99369e-05
0.000112706
0.000141953
0.000348413
6.61747e-05
0.000166617
8.19433e-05
7.8736e-05
0.000196711
0.000240253
0.000307102
0.000117333
5.38178e-05
0.000122581
5.96543e-05
0.00027965
3.8684e-05
0.000280508
0.000160542
5.23084e-05
0.000263527
0.000258167
0.000191984
3.73938e-05
0.000167792
7.44505e-05
0.000253855
0.000247535
0.000196523
0.000106955
0.000146652
1.07155e-05
0.000111547
3.95942e-05
9.10982e-05
9.48634e-05
6.54573e-05
0.000193682
1.28371e-05
2.65561e-05
9.68404e-05
0.000108655
7.47054e-05
5.86235e-05
0.00016709
0.000202783
0.000129959
0.000304614
0.000540719
2.04936e-05
1.07155e-05
0.000283056
6.09755e-05
7.72222e-05
0.000113934
8.18423e-05
0.00013712
2.59519e-05
4.43447e-05
0.000101631
1.07155e-05
0.000113402
2.4972e-05
0.000106268
3.44433e-05
0.000146372
0.000188082
0.000283582
0.000140218
6.22193e-05
3.06983e-05
8.71597e-05
0.000297817
0.000222055
9.05277e-05
0.000192806
0.000339019
8.5754e-05
0.000207018
0.000106602
8.2636e-05
0.000254135
8.56775e-05
0.000123257
0.000769877
0.000290362
0.000108447
5.48992e-05
0.000250146
7.64582e-05
0.000254349
0.000174655
2.11491e-05
0.000256209
8.43713e-05
4.92534e-05
0.000333977
0.000183532
1.07155e-05
4.06007e-05
1.07155e-05
0.000234539
0.000273229
0.000297599
0.000104281
0.000269399
0.00026072
0.000113118
1.07155e-05
0.000101459
5.39318e-05
1.07155e-05
0.000372686
3.86943e-05
0.00048493
5.39039e-05
0.000397247
2.51783e-05
0.000427926
5.476e-05
0.000219415
0.000175299
0.000474639
8.0349e-05
0.000109698
0.000182278
0.000128471
1.38873e-05
7.88723e-05
0.000317251
0.000175209
8.36343e-05
5.78153e-05
0.000282175
0.000242636
0.000484166
7.7762e-05
7.68044e-05
7.45619e-05
4.36924e-05
1.51428e-05
0.000124132
0.000151735
4.90132e-05
7.30732e-05
6.61289e-05
0.000154632
0.000164187
0.000194716
0.000708375
7.97413e-05
0.000148288
0.000307182
1.07155e-05
1.07155e-05
0.000182543
6.90493e-05
8.34157e-05
0.000101283
0.00025939
9.75144e-05
0.000201196
0.000170736
0.000131195
1.07155e-05
0.000175476
0.000250368
0.000346891
5.90976e-05
7.83702e-05
0.000203728
0.000118061
0.000105387
0.000123244
7.81817e-05
0.000351997
0.000405054
3.53372e-05
0.000118811
8.25358e-05
0.000141949
7.61363e-05
0.000110163
0.000118037
6.99034e-05
0.000159416
0.000186004
0.000100152
0.00023422
0.00020694
2.86487e-05
5.06292e-05
8.77772e-05
4.2769e-05
1.07155e-05
0.000164361
0.000184373
0.000128308
8.21572e-05
0.000162463
0.000108655
1.28371e-05
2.49677e-05
4.22806e-05
1.98554e-05
0.000114782
0.000190479
0.000195705
3.47176e-05
0.000132836
1.70698e-05
0.000187081
9.85884e-05
3.3533e-05
0.000279843
7.91575e-05
0.0011581
0.000339822
7.52559e-05
6.06176e-05
0.000173622
0.000206016
6.627e-05
4.75756e-05
1.07155e-05
8.07548e-05
0.000113386
0.000126262
3.17997e-05
1.07155e-05
6.29276e-05
0.000292683
2.07003e-05
7.99928e-05
7.96204e-05
4.52772e-05
0.000142258
2.38776e-05
3.37008e-05
0.000239025
0.000301108
0.000275101
0.000275121
0.000149575
0.000180932
0.000129702
9.77062e-05
0.000104162
8.135e-05
0.000165124
0.000251282
0.000257648
8.33928e-05
1.60196e-05
3.30258e-05
6.82775e-05
0.000108538
0.000174421
0.000208576
0.00011426
3.73505e-05
0.000357386
0.000142087
0.000151952
8.80782e-05
8.80619e-05
0.000234899
9.9846e-05
0.000254957
1.07155e-05
0.000214184
0.00013214
4.59198e-05
0.000111268
0.000106105
0.000113567
0.000102894
0.000268746
0.000234321
7.72605e-05
6.02197e-05
0.000280366
4.146e-05
0.000316236
0.000208453
7.23366e-05
9.10521e-05
0.000394765
8.28456e-05
0.000575014
0.000229792
8.06923e-05
4.48267e-05
3.23281e-05
0.000136259
0.000241552
8.09916e-05
5.04051e-05
6.66021e-05
0.000141515
0.000168145
0.000144999
0.000101035
3.46829e-05
0.000194107
4.52917e-05
0.000380986
0.000313043
0.000206911
5.32001e-05
0.000273429
1.07155e-05
6.79586e-05
0.00029312
1.07155e-05
1.07155e-05
0.000174521
0.000142289
0.000304956
0.000205786
5.69533e-05
0.000129382
2.23892e-05
7.76519e-05
6.78002e-05
0.000219199
0.000189725
5.8412e-05
0.000389807
0.000165226
1.07155e-05
1.07155e-05
0.000190571
2.23361e-05
0.000132331
0.000138997
0.000127604
0.000214866
0.000127254
0.000103564
8.08537e-05
3.60232e-05
8.30171e-05
0.000101625
3.61123e-05
0.000307782
2.53492e-05
0.000233123
4.82786e-05
3.5417e-05
0.00019966
0.000135555
1.07155e-05
0.000353658
0.000161042
0.000202982
0.000158683
0.000123913
0.000235725
0.000118177
0.000212321
1.07155e-05
5.8391e-05
0.000229054
0.000142373
4.37797e-05
0.000240424
4.76628e-05
0.000121934
1.07155e-05
9.61249e-05
2.13115e-05
0.000330088
7.41388e-05
4.90902e-05
0.000281786
1.07155e-05
0.000535533
0.000144484
0.000146523
0.00037288
6.89836e-05
5.31461e-05
2.26046e-05
4.59989e-05
9.03441e-05
0.000153384
0.00013364
3.65868e-05
0.000117166
7.62684e-05
5.70919e-05
0.000251706
6.24561e-05
4.91293e-05
0.000314796
1.33675e-05
0.000416257
3.89728e-05
1.22309e-05
0.000159912
2.02202e-05
0.000139739
1.07155e-05
5.40883e-05
0.000407164
0.000199294
0.000370387
3.59736e-05
6.96233e-05
6.86006e-05
0.000208106
3.23617e-05
6.29263e-05
0.000561808
0.000270428
5.62143e-05
0.00014919
0.000172608
0.000202329
0.000214775
9.96342e-05
0.000465465
6.07902e-05
0.000260238
0.000108231
4.55116e-05
0.000144441
0.000148266
0.000234686
1.74766e-05
0.00042343
0.000182553
0.000208562
0.000355196
3.30756e-05
0.000230788
0.000150463
0.000209564
0.000379213
9.71159e-05
0.000114631
0.000127619
0.000160483
0.000171513
1.07155e-05
0.000375192
6.9054e-05
0.000193223
3.1672e-05
0.000278798
0.000114176
2.0231e-05
9.73146e-05
7.07883e-05
2.38638e-05
6.47531e-05
7.10728e-05
0.000133346
0.000143579
0.000541532
2.01715e-05
0.000103822
4.17217e-05
0.000153603
0.000183989
0.000626763
0.000110019
0.000121866
0.000236643
0.000137465
0.000246385
8.40692e-05
6.58214e-05
0.000355988
9.16581e-05
0.00015683
0.000365717
0.00024578
0.00011815
0.00013307
0.000314871
7.63848e-05
6.70326e-05
0.000144198
0.0001302
3.05975e-05
0.000315302
0.000139056
0.000107113
9.5971e-05
7.72099e-05
1.07155e-05
8.4083e-05
9.3944e-05
5.77814e-05
7.1113e-05
0.00031788
0.000133512
5.49299e-05
0.000321961
1.65724e-05
4.09719e-05
0.000305434
0.000132827
8.19588e-05
0.000287814
9.12976e-05
0.000309289
1.28371e-05
8.21931e-05
5.09226e-05
8.9158e-05
8.37405e-05
8.02788e-05
0.000198713
0.000736326
1.07155e-05
1.07155e-05
0.00017155
9.22587e-05
5.10713e-05
0.000217864
5.89827e-05
0.000226931
0.000142004
0.000142263
0.000455047
2.75443e-05
4.80786e-05
0.000133158
9.05236e-05
0.00040544
0.000151791
0.000195539
0.00013162
0.000203242
1.07155e-05
0.000293063
0.00023012
0.000130984
1.07155e-05
0.000421456
1.69036e-05
3.914e-05
6.27379e-05
3.67449e-05
4.28952e-05
3.22762e-05
0.000134334
0.000447537
3.9903e-05
0.000119425
0.000178795
0.000142878
0.000178752
0.000256608
1.07155e-05
0.000244364
6.70337e-05
0.000452337
4.95861e-05
1.07155e-05
0.000355644
1.07155e-05
6.44222e-05
0.000273905
6.55665e-05
0.000300134
0.000166646
0.000450163
9.42534e-05
0.000244528
0.0001851
5.6418e-05
9.09859e-05
1.28371e-05
0.0001609
7.99445e-05
0.000188291
6.62949e-05
9.15371e-05
0.000212843
0.000174393
3.84395e-05
0.000162776
0.000195748
3.9309e-05
6.29837e-05
1.07155e-05
0.000196639
1.07155e-05
4.12641e-05
0.000234938
0.000263112
5.40796e-05
5.85652e-05
9.42837e-05
3.21846e-05
7.48084e-05
1.07155e-05
0.000300423
0.000155966
6.19983e-05
0.00019609
4.77419e-05
0.000265116
0.000624259
0.000316019
6.04252e-05
3.41168e-05
4.915e-05
0.000124028
4.68448e-05
9.01803e-05
8.62154e-05
5.87595e-05
0.000207116
0.000321235
0.000415625
6.68225e-05
0.000184182
0.000211785
1.07155e-05
4.23458e-05
8.14268e-05
0.000100956
0.000205184
2.15595e-05
3.69521e-05
2.66143e-05
0.000104575
3.59118e-05
0.00030872
0.000168528
1.07155e-05
0.000149884
0.000116087
0.000140555
2.51783e-05
0.000165176
7.19826e-05
0.000110912
0.000223936
3.88829e-05
0.000203837
0.000144911
0.000436207
0.0001712
0.000101609
1.07155e-05
0.000131683
8.97762e-05
4.60607e-05
7.19248e-05
1.07155e-05
3.41192e-05
2.52723e-05
0.000232441
0.000143953
0.000382758
0.000173756
0.000144032
8.46487e-05
0.0001339
3.0277e-05
0.000405398
0.000318029
4.94753e-05
5.0133e-05
0.000222503
6.36521e-05
0.000290695
0.000129079
0.000162391
0.000158229
3.39054e-05
2.76373e-05
0.000243238
0.00039569
0.000114329
0.000117808
0.000101403
1.07155e-05
7.39306e-05
0.000131058
9.0028e-05
0.000111814
0.000152761
7.98068e-05
2.0231e-05
1.07155e-05
0.000105426
3.59416e-05
0.000641531
0.000111177
0.000224866
1.07155e-05
8.68379e-05
8.46666e-05
0.000161855
0.000233799
0.000239846
3.9417e-05
0.000126422
4.0468e-05
0.000210202
0.000281125
1.07155e-05
0.000113623
0.000190525
0.000229443
0.000113104
0.000131146
5.38914e-05
0.000139158
6.21565e-05
0.000255283
0.000269761
0.000631778
9.95348e-05
0.000197438
0.00011535
0.00012177
6.7537e-05
0.000109556
5.62186e-05
1.07155e-05
0.000105271
0.00014073
0.000269046
4.04099e-05
0.000190297
8.12583e-05
0.000520855
4.42704e-05
3.11442e-05
0.00012217
8.26893e-05
0.000224825
8.31604e-05
0.00012546
0.000190569
8.79675e-05
0.00023532
0.000115688
0.000167238
0.000139876
0.000110222
4.27916e-05
0.000149575
0.000110942
1.35373e-05
0.0001247
0.000187018
1.07155e-05
0.000301813
0.000152189
0.000225643
0.00020719
1.07155e-05
0.000210398
7.36219e-05
9.61154e-05
3.89755e-05
0.000120324
0.000112224
0.00049912
0.000117444
1.07155e-05
3.20931e-05
0.000129715
0.000164515
0.000261492
0.000105962
0.00036119
4.57128e-05
4.27963e-05
0.000132789
0.000138866
0.000111467
0.00013558
2.94595e-05
1.07155e-05
5.664e-05
0.000194917
0.000154076
1.83468e-05
0.000258751
0.000457655
4.50178e-05
1.07155e-05
0.000165535
5.85026e-05
1.07155e-05
0.00016505
0.000317216
0.000439488
8.3828e-05
0.000109979
0.00025436
0.000177022
2.25762e-05
4.72801e-05
0.000171625
0.000110456
1.07155e-05
0.000129027
6.98361e-05
4.48481e-05
1.60196e-05
8.08042e-05
0.000158611
0.000253093
4.08086e-05
1.07155e-05
0.000570226
1.07155e-05
2.04472e-05
0.00014482
0.000174586
0.000176673
0.000107278
1.33675e-05
3.68339e-05
1.07155e-05
0.000135434
0.000117714
7.3062e-05
0.000282854
1.60196e-05
6.69978e-05
0.000115914
0.000418969
0.000421718
3.06666e-05
3.56153e-05
9.48432e-05
3.10272e-05
7.34998e-05
0.000108482
0.000155162
0.000232889
0.000108829
0.000164476
0.000370497
8.49078e-05
0.000111133
0.000118405
0.000100681
0.00012754
0.000291227
0.000216143
0.000136
9.7564e-05
0.000172559
0.000254502
1.60196e-05
0.000216154
0.000158267
0.000533456
6.88569e-05
0.000101009
2.03295e-05
0.000181112
7.23433e-05
1.07155e-05
0.000220506
8.72696e-05
9.71835e-05
5.00827e-05
4.97882e-05
0.000165828
0.00019495
0.000111245
0.000191973
0.000176442
4.49567e-05
0.000152465
0.000213167
0.000111025
0.000163989
3.61123e-05
4.0477e-05
4.08427e-05
3.69491e-05
7.80698e-05
0.00010829
0.00015891
0.000451493
0.000147918
3.66234e-05
8.34827e-05
3.81349e-05
0.000224328
0.00021294
0.000115347
0.000189153
1.07155e-05
0.000132047
1.07155e-05
0.000442501
0.000194262
0.000229092
7.23726e-05
0.000116948
0.00047849
0.000286094
4.37185e-05
0.000221548
0.000105639
0.000271954
0.000125786
6.97198e-05
7.14971e-05
0.000227164
0.000122247
0.000222882
7.79743e-05
0.000127156
0.000601795
0.000121552
4.99748e-05
0.000154275
0.0002284
3.92758e-05
5.26699e-05
8.0602e-05
0.000430778
7.62079e-05
0.000223176
3.89245e-05
0.000521959
1.07155e-05
1.07155e-05
2.92043e-05
0.000377357
0.000509987
5.23903e-05
0.000113966
0.000119511
8.44277e-05
0.000145302
0.00020374
2.67477e-05
0.000172897
1.94295e-05
0.000284267
9.13258e-05
0.000289158
0.000104905
0.000598004
0.000117762
6.86577e-05
1.07155e-05
3.63883e-05
8.21003e-05
4.53996e-05
2.44245e-05
8.85492e-05
1.24835e-05
6.75817e-05
4.69528e-05
2.94664e-05
4.46132e-05
0.000100764
0.000569473
0.000517987
0.000102555
5.70468e-05
9.66104e-05
7.41072e-05
0.000199299
0.000162052
0.000345284
9.80249e-05
0.000185391
0.000106996
8.62026e-05
1.07155e-05
0.000133175
0.000207042
5.03934e-05
6.14059e-05
0.000222302
0.000194074
0.000122743
1.07155e-05
0.000348402
0.000110961
0.00017674
0.000150828
0.00013307
0.000366191
0.000133492
0.000234536
5.19157e-05
0.000122863
0.000529529
7.69603e-05
9.68999e-05
2.92897e-05
0.000360913
0.000116499
7.78972e-05
0.000233657
8.75567e-05
0.000193726
0.000591437
0.000116797
6.02627e-05
7.92377e-05
0.000193346
0.000156442
0.00017218
1.07155e-05
0.000162616
0.000166463
6.4554e-05
3.46829e-05
7.5865e-05
0.000402088
0.000128686
0.000211902
0.000214471
1.07155e-05
1.92572e-05
0.000167269
0.000217722
1.07155e-05
0.000482094
0.000450306
0.000243699
0.000177993
2.75585e-05
0.000433453
6.10913e-05
0.000130836
0.00060034
4.08554e-05
0.000190761
8.07481e-05
8.33147e-05
0.000228455
0.000118656
1.07155e-05
7.25188e-05
0.000137188
0.000243132
1.07155e-05
9.99602e-05
0.000103947
1.07155e-05
0.000172537
1.07155e-05
6.82313e-05
8.43756e-05
1.07155e-05
0.000270721
9.81003e-05
0.000109526
0.00012826
2.45733e-05
1.07155e-05
5.40796e-05
6.83712e-05
0.000125941
3.852e-05
0.000152191
2.2396e-05
6.2947e-05
3.92897e-05
0.000140978
3.15241e-05
0.000112123
0.000215484
0.000111438
1.07155e-05
6.73413e-05
0.000547986
0.00012254
4.59378e-05
0.00040358
0.000120543
0.00030106
6.21576e-05
9.69284e-05
6.60413e-05
0.00021373
5.32661e-05
0.000154295
5.32269e-05
0.000135004
0.000248618
0.000142578
8.53975e-05
1.07155e-05
0.000436184
2.74017e-05
0.000148713
3.92192e-05
0.000263712
0.000324795
0.000138421
4.22542e-05
0.000364967
3.88251e-05
1.28371e-05
4.02811e-05
4.60003e-05
5.61877e-05
7.91004e-05
0.000108131
0.000123259
0.000108977
1.07155e-05
0.000110665
0.000163384
9.7795e-05
0.000285953
2.82616e-05
0.000420383
0.00014784
2.03439e-05
0.000129137
0.00031352
0.000103367
7.1348e-05
0.00022733
6.10788e-05
0.000175575
4.6428e-05
0.00050045
0.000169619
0.000263633
8.39348e-05
0.000179681
0.000169911
0.000179975
0.000143003
7.49753e-05
1.07155e-05
0.000139006
5.23818e-05
1.07155e-05
0.000157613
0.000193467
5.48912e-05
3.4966e-05
1.84328e-05
2.9637e-05
5.1487e-05
5.30023e-05
8.73886e-05
0.000331311
0.00017387
0.000266716
0.000160084
0.000156727
4.72921e-05
0.000347325
0.000136469
0.000305163
4.26857e-05
0.00033778
0.000134948
2.69285e-05
8.56293e-05
3.0657e-05
6.50429e-05
0.00024393
1.84773e-05
0.000184777
0.00018741
5.29987e-05
1.07155e-05
0.000134101
0.00025965
0.000246108
0.00010152
0.000435712
0.00017094
1.73461e-05
0.000291706
5.03587e-05
2.80612e-05
0.000720512
0.000223861
1.07155e-05
0.000280035
0.000308862
0.000394685
4.76498e-05
5.77509e-05
0.000146798
6.20292e-05
6.58782e-05
5.80315e-05
9.58664e-05
4.05945e-05
1.87582e-05
0.000139515
0.000123168
0.000177521
0.000173017
3.94508e-05
7.88092e-05
5.11832e-05
0.000273876
9.27786e-05
1.07155e-05
1.7196e-05
0.000318814
8.88747e-05
6.38587e-05
0.000333725
9.35389e-05
8.35406e-05
6.52792e-05
0.000150957
0.00011185
0.000132642
0.000100304
2.13115e-05
5.45648e-05
0.000156074
9.71023e-05
4.96493e-05
1.07155e-05
0.000153382
0.000285866
7.21257e-05
0.000180236
0.000189861
6.72417e-05
4.07273e-05
3.78866e-05
6.89783e-05
0.000250251
0.000151499
0.000286786
7.60831e-05
1.69036e-05
0.000135313
3.28922e-05
0.000516633
0.000164932
0.00019822
1.07155e-05
0.000176206
0.000156935
8.47516e-05
0.000123231
7.61699e-05
0.000131841
0.000413895
8.50462e-05
6.96226e-05
1.36528e-05
1.07155e-05
0.000564991
2.28462e-05
8.27638e-05
1.07155e-05
8.96595e-05
0.000395378
9.54664e-05
0.000190882
4.05632e-05
8.73472e-05
0.000158932
6.57727e-05
0.000171938
5.16994e-05
0.00035429
0.000128922
5.6776e-05
0.000133978
0.000135444
0.00025259
0.000246076
0.000145376
0.000240784
0.000248653
0.000126277
2.9622e-05
1.07155e-05
0.000279419
9.16247e-05
5.7749e-05
0.000293492
0.000154987
0.000108361
1.42516e-05
0.000268634
0.00023891
7.2656e-05
0.000115346
4.14989e-05
0.000168058
0.000144082
3.10397e-05
0.000275459
0.000188703
5.46211e-05
0.000100674
0.000216092
1.07155e-05
0.000190415
1.86452e-05
0.00010673
0.000171096
1.07155e-05
0.000271779
0.000343401
3.12285e-05
2.18776e-05
4.34235e-05
0.000104647
0.000236241
8.43778e-05
7.27968e-05
0.000197687
7.64539e-05
0.000115007
2.5e-05
0.000163929
3.55354e-05
0.000326251
3.96137e-05
6.8617e-05
0.000352336
5.96352e-05
7.6684e-05
0.000176112
0.000283481
0.000309039
4.73313e-05
0.000103293
7.10038e-05
0.000284075
0.000189558
0.000750069
3.27298e-05
3.19487e-05
0.000134269
0.00020446
0.000606993
0.000105736
6.50972e-05
0.000135366
6.49786e-05
9.60149e-05
3.1503e-05
7.08033e-05
3.49546e-05
4.72404e-05
0.000386466
0.000350649
3.99006e-05
6.2363e-05
7.29885e-05
1.07155e-05
6.91679e-05
0.000275788
0.000122818
6.32133e-05
0.000102202
2.2011e-05
0.000157406
0.000576057
5.1162e-05
0.000135191
6.78472e-05
0.000217694
0.000118552
0.000107741
1.5701e-05
6.19879e-05
0.000143768
4.05402e-05
0.000105199
2.71221e-05
0.000135249
1.33675e-05
0.000107488
1.42516e-05
5.99345e-05
8.76983e-05
0.000187857
0.000143115
0.000182384
4.06733e-05
8.18787e-05
5.89523e-05
0.000135276
0.000355216
8.63258e-05
0.00010528
0.00033266
6.49063e-05
0.000103779
2.682e-05
4.23965e-05
6.9843e-05
0.000181615
6.00036e-05
1.72695e-05
0.000160369
2.88e-05
6.16054e-05
1.07155e-05
0.000555613
8.44869e-05
0.000103571
4.60003e-05
2.32181e-05
3.67677e-05
0.000168746
0.00024418
0.000504443
0.0001126
0.000189508
0.000168882
1.07155e-05
0.000137164
9.34774e-05
0.000155403
0.00013887
0.000165234
0.000245786
1.33675e-05
0.000310143
5.07248e-05
2.34675e-05
9.273e-05
0.000159395
1.07155e-05
0.000162064
0.000121294
3.73261e-05
9.39079e-05
0.000299698
0.000127157
0.000113307
1.51356e-05
0.00021424
0.000200599
0.000318589
1.07155e-05
0.000170871
1.33675e-05
2.75489e-05
0.000464853
0.000144922
2.29534e-05
0.000177235
0.000654576
0.000209339
0.000183282
8.3436e-05
0.000212136
1.07155e-05
6.15995e-05
0.000172152
2.91444e-05
6.88316e-05
1.07155e-05
0.000204275
8.48658e-05
0.000104605
7.51836e-05
0.00047708
0.000231253
0.00023805
1.07155e-05
7.67477e-05
0.000198304
4.45087e-05
9.5691e-05
1.07155e-05
2.57893e-05
4.96119e-05
9.65663e-05
1.07155e-05
2.83936e-05
8.34573e-05
0.000129875
7.05749e-05
0.000171059
6.87309e-05
1.07155e-05
0.000126416
0.000136953
0.00013834
0.000142114
0.000118578
8.36141e-05
0.000156209
0.0001182
5.84555e-05
3.96552e-05
2.83218e-05
7.57096e-05
5.62493e-05
0.000102627
0.00016311
8.12295e-05
0.000189643
0.000378662
0.00016899
0.000438784
0.000187541
0.000117888
6.19768e-05
0.000133047
3.57017e-05
0.000138744
1.07155e-05
9.07337e-05
4.22209e-05
0.000257967
0.000259988
0.000208605
5.66975e-05
5.36308e-05
0.000271782
2.87924e-05
3.66261e-05
0.000163752
9.12233e-05
0.000357651
0.000255689
3.24204e-05
6.32282e-05
0.000166923
0.000219443
0.000123872
0.000395205
6.68329e-05
5.47679e-05
6.12849e-05
1.07155e-05
9.64485e-05
0.00031888
6.19525e-05
0.000187977
6.61289e-05
0.000192305
0.00043464
0.000162181
0.000239443
5.35386e-05
0.000233515
0.00015531
9.47199e-05
1.07155e-05
0.000161768
5.12907e-05
0.000114172
0.000169616
0.000116496
0.000196668
0.000199883
3.00867e-05
8.13402e-05
7.90448e-05
6.3282e-05
0.000144627
8.18252e-05
0.000141822
0.000186069
0.000135962
7.46267e-05
0.000115158
0.000145084
1.28371e-05
0.000157355
0.00023932
0.000145358
3.74454e-05
0.000182108
0.000519621
0.000149093
0.000131348
0.000119536
2.20219e-05
0.000259552
0.000104977
1.07155e-05
4.99611e-05
1.98633e-05
0.000113137
0.000123436
3.29819e-05
6.18015e-05
1.07155e-05
0.000151757
5.59658e-05
6.14431e-05
1.07155e-05
0.000124639
0.000306533
8.2159e-05
1.07155e-05
3.09723e-05
4.08079e-05
1.07155e-05
0.00040299
1.07155e-05
5.63105e-05
4.9903e-05
0.000173612
0.000225805
3.61519e-05
0.000185008
0.000224307
3.2672e-05
0.000162693
2.83542e-05
4.85105e-05
0.000104962
1.07155e-05
0.000277394
0.000154725
7.32298e-05
0.000130698
0.000701499
5.0408e-05
3.1519e-05
0.000152638
8.73598e-05
0.000136083
1.85376e-05
0.000320452
2.55425e-05
8.16005e-05
5.7773e-05
0.000107408
0.000173478
7.17288e-05
3.32233e-05
5.48209e-05
4.65152e-05
0.000468609
3.64072e-05
0.00014548
9.52061e-05
0.000209157
3.03791e-05
0.000206089
0.000154949
0.000301164
1.89526e-05
0.000313725
9.62752e-05
0.000171229
0.000161237
6.58541e-05
7.0084e-05
0.000199415
0.000413093
0.000146401
0.00016581
0.000102687
6.83163e-05
0.000268503
8.89009e-05
0.000167274
8.02309e-05
7.93221e-05
7.56785e-05
6.92222e-05
0.000107335
0.000214704
0.000303801
0.000194804
0.000108447
2.96504e-05
0.000138641
8.03644e-05
0.000225278
3.31678e-05
1.07155e-05
0.000528959
8.64229e-05
5.81793e-05
4.65366e-05
7.33116e-05
7.00671e-05
0.000246953
0.000123817
0.000324922
0.000256793
7.64717e-05
2.006e-05
3.76213e-05
1.07155e-05
3.43085e-05
0.00019724
0.000104357
3.77568e-05
0.000208496
1.07155e-05
0.000161597
0.000261358
0.00014029
1.07155e-05
0.000184018
8.63157e-05
9.35793e-05
9.43788e-05
0.000212353
2.338e-05
4.83749e-05
2.556e-05
0.000202304
3.13674e-05
9.27672e-05
0.000273675
0.000107202
0.000504091
0.000224077
9.3553e-05
1.07155e-05
0.000187964
0.0001028
2.84481e-05
0.000226809
9.19875e-05
0.000150828
0.000165647
1.28371e-05
0.000163198
0.000160591
0.000191005
1.07155e-05
5.03963e-05
9.09907e-05
0.000212602
8.95588e-05
0.000323837
2.5748e-05
0.000175373
0.000120882
0.000145482
3.65366e-05
3.36421e-05
0.000501736
0.000252528
3.26361e-05
0.000329788
0.000126789
0.000463464
0.000136752
9.04477e-05
4.02349e-05
1.42516e-05
0.000244798
4.98298e-05
4.8419e-05
2.58069e-05
0.000558092
0.000111618
1.07155e-05
0.000196976
0.0001495
1.72695e-05
4.4059e-05
0.000277662
1.07155e-05
0.000233481
0.000158901
0.000217241
8.50898e-05
0.000113559
0.00010711
7.99637e-05
8.65464e-05
6.5934e-05
0.000232089
3.24227e-05
1.07155e-05
2.70824e-05
4.76418e-05
5.79709e-05
0.000132259
0.000180574
6.06247e-05
4.00065e-05
9.23156e-05
0.000407177
0.000132305
1.24835e-05
4.95171e-05
0.000381332
1.07155e-05
0.000146255
0.000184657
0.000156037
4.68039e-05
0.000123016
0.000102743
0.000306492
2.32215e-05
0.000194568
0.000131757
0.000136475
0.00015806
0.000269418
8.06641e-05
8.31526e-05
3.89924e-05
0.000237023
0.000341438
0.000184041
0.000177732
0.00027146
8.4554e-05
2.29097e-05
6.11004e-05
0.000308861
0.000286386
5.04044e-05
0.000186029
9.33843e-05
0.00020555
6.3271e-05
4.00712e-05
0.000350637
6.30565e-05
0.000207089
6.87678e-05
0.000192483
0.000295314
0.000217236
8.73491e-05
0.000139848
0.000259166
0.000168021
0.000148555
3.255e-05
0.00020482
5.68439e-05
0.00025715
5.06583e-05
6.05388e-05
1.07155e-05
1.75956e-05
0.000160878
0.000187184
0.000108122
0.000537048
0.000231961
5.17118e-05
0.000198555
4.99825e-05
0.000456763
1.07155e-05
1.95044e-05
9.11796e-05
6.45415e-05
0.000171339
0.000370757
8.28456e-05
0.000430321
5.9798e-05
0.000173177
3.45478e-05
8.20514e-05
0.000136677
0.000129533
1.07155e-05
5.6418e-05
0.000278015
0.000163741
1.07155e-05
9.4776e-05
1.3067e-05
0.000414772
0.00013987
2.52467e-05
0.000324577
7.88256e-05
0.000452723
2.97896e-05
9.16576e-05
3.28282e-05
2.3779e-05
0.000109633
0.00047146
0.000159689
8.86499e-05
0.000314418
0.00044723
0.000139387
0.000270175
0.000272876
2.42362e-05
9.82226e-05
0.000195925
0.000147549
3.41774e-05
0.000138295
2.48245e-05
2.46321e-05
9.55311e-05
6.99341e-05
8.6011e-05
0.000338996
4.70536e-05
1.07155e-05
0.00017196
0.000227208
0.000371372
7.27435e-05
8.7475e-05
0.000172358
3.1503e-05
1.07155e-05
0.000144411
5.93776e-05
0.000271568
9.48273e-05
0.000110907
5.62032e-05
0.000265791
9.19614e-05
5.80038e-05
8.54826e-05
0.000146109
9.38483e-05
0.000157026
0.000128734
0.000169539
0.0004378
0.000157619
0.00016331
8.18274e-05
7.5093e-05
5.54414e-05
0.000113742
0.000135721
0.000313003
0.000184556
0.000148293
0.000423701
0.000217359
0.000131943
0.000839401
0.000190901
0.00021829
2.4543e-05
1.07155e-05
5.109e-05
0.000205592
5.13056e-05
0.000104302
0.000397613
0.000114077
0.000103671
0.000231339
2.42793e-05
0.000197774
0.000163247
1.07155e-05
0.000726714
4.6626e-05
0.000154079
3.73917e-05
0.000119852
0.000126894
0.000103023
0.00021397
0.000149174
7.33899e-05
0.000103363
0.000105081
0.000116325
0.000100541
0.000318488
5.68493e-05
0.000128004
4.54896e-05
0.00024372
0.000176085
4.96071e-05
3.39459e-05
0.00020938
0.000110283
4.37884e-05
0.000127662
3.97146e-05
0.000263026
6.24819e-05
3.98108e-05
6.49459e-05
0.000115027
0.000106697
2.33833e-05
3.576e-05
7.59501e-05
0.000175295
8.74118e-05
0.000329238
4.449e-05
5.22725e-05
0.000354675
1.07155e-05
4.53922e-05
6.17121e-05
0.000118811
0.000118083
1.07155e-05
3.24846e-05
9.28442e-05
6.64147e-05
0.00038666
4.38556e-05
0.000203695
1.07155e-05
6.30474e-05
0.000701033
5.13888e-05
0.000200117
1.07155e-05
0.000249578
9.73841e-05
4.34431e-05
0.000203535
0.000228672
0.000599057
0.000331566
0.000353812
3.99774e-05
5.79605e-05
6.4812e-05
6.40822e-05
3.15537e-05
0.000332211
0.000118812
0.00012545
5.54074e-05
1.42516e-05
9.10991e-05
5.76679e-05
0.00017078
0.000172918
0.00036466
0.000152855
1.5701e-05
3.09566e-05
1.07155e-05
4.14696e-05
0.000521944
0.000194966
0.000271633
0.000252222
0.000236219
0.000392054
6.65113e-05
0.000129991
2.47345e-05
2.63094e-05
9.63141e-05
0.000379122
0.000230152
0.000174275
0.000133593
7.80321e-05
0.000131418
3.45482e-05
0.000116761
1.07155e-05
0.000167155
2.35927e-05
1.90845e-05
0.000116458
9.76573e-05
0.000120628
9.01013e-05
0.000189208
1.07155e-05
2.22064e-05
4.19936e-05
1.59541e-05
0.000178508
0.000111528
3.26765e-05
0.000108835
0.000181236
7.06937e-05
8.08029e-05
0.000283608
0.000175408
0.000417902
1.07155e-05
1.24835e-05
0.000193602
0.000177961
2.29624e-05
4.24711e-05
1.72923e-05
0.000155619
7.09069e-05
4.41011e-05
0.000102292
5.54083e-05
0.000314735
0.000107107
0.000112152
0.000143452
0.000170631
0.000486854
0.000230734
3.8195e-05
7.65597e-05
0.000150011
0.000153183
9.45099e-05
0.000232315
1.07155e-05
1.07155e-05
0.000308993
0.000225626
0.000384738
0.000173368
0.000257539
7.18805e-05
0.000204808
0.000425415
3.2598e-05
1.71318e-05
0.00013295
0.000431959
0.000293118
2.45459e-05
0.000115626
0.000113516
0.000212051
9.2931e-05
7.18927e-05
3.86278e-05
0.000222581
0.000140585
0.000142056
1.07155e-05
0.000119493
0.000266125
1.56655e-05
5.56126e-05
2.78498e-05
1.07155e-05
5.08779e-05
7.99463e-05
0.000293193
1.42516e-05
0.000274053
0.000191263
3.43341e-05
2.22369e-05
0.000292987
0.000122718
0.000281862
0.00017182
0.000253374
0.000383005
0.00011692
1.07155e-05
0.000219902
7.58909e-05
6.43828e-05
0.000311847
1.94942e-05
5.30731e-05
0.000213196
7.17409e-05
3.20807e-05
0.00013923
0.000362556
0.000173368
0.000602983
8.73005e-05
0.000200874
0.000101507
0.000213989
8.61006e-05
7.28956e-05
9.49127e-05
5.40156e-05
7.24061e-05
5.34739e-05
0.000221276
0.000162076
0.00021801
0.000299464
0.000169573
0.000205478
0.000126046
0.000119912
9.09315e-05
7.28494e-05
0.000120308
0.000148855
0.000257015
0.000124643
9.84397e-05
5.15304e-05
0.000187894
3.22239e-05
4.96101e-05
1.07155e-05
4.9167e-05
0.000178283
0.000253573
0.000150323
0.000128941
0.00033396
8.65619e-05
1.85719e-05
5.49714e-05
0.000208527
0.000111093
6.83872e-05
0.000168875
0.000261745
7.96299e-05
0.000111018
6.44171e-05
0.000197157
0.000236947
0.000347911
0.000207051
1.07155e-05
0.000272264
0.000261884
4.02727e-05
0.000241177
0.000130222
3.76395e-05
4.06795e-05
0.000220273
3.91837e-05
0.00023378
3.91908e-05
0.000109481
7.32651e-05
8.43697e-05
0.00025965
1.07155e-05
0.000129968
0.000105168
4.75908e-05
1.07155e-05
0.000377461
0.000197681
0.000533808
0.000134948
5.83461e-05
8.85922e-05
0.000110135
4.979e-05
0.000244768
0.000390213
0.000210827
0.000251131
0.000118415
0.0001709
0.000134227
0.000148551
0.000264311
0.000185987
2.43164e-05
0.000187202
7.85179e-05
1.07155e-05
4.42375e-05
1.07155e-05
2.51998e-05
0.000368208
0.000156733
0.000445148
0.000111081
0.000302157
0.000176494
1.07155e-05
0.000131786
0.000156489
1.07155e-05
0.000251352
2.38983e-05
0.000130925
0.000311316
0.000222741
0.000172512
0.000254843
0.000135812
0.000172055
0.000396256
0.000327017
0.000321523
4.02378e-05
0.000168775
0.00017591
0.000131406
2.89499e-05
0.0001602
2.58089e-05
1.07155e-05
5.52975e-05
0.000117526
0.000321317
0.000303391
0.000200339
0.000356766
0.000196942
0.000187789
5.82797e-05
8.64509e-05
0.000127685
5.39019e-05
0.000159334
9.03741e-05
0.000213848
4.82753e-05
0.000332717
0.000177787
0.000104396
3.57134e-05
0.000361411
2.98904e-05
0.000442117
0.000628403
0.000425016
0.000443332
0.000120863
0.000152179
8.24395e-05
0.00024463
6.48856e-05
0.000133988
4.16141e-05
1.07155e-05
0.000379716
0.000242729
9.6956e-05
0.000111811
9.84809e-05
3.25091e-05
0.000203698
0.000182747
0.000142775
3.14766e-05
5.1671e-05
5.55141e-05
0.000202821
9.20282e-05
0.00010817
0.000239223
0.000167035
8.19559e-05
0.000187447
0.000309164
0.000155976
0.000147115
0.000216571
3.96137e-05
7.47161e-05
6.82188e-05
0.000212322
0.000109351
0.000214781
0.000105611
0.000296268
0.000131374
0.000102372
0.000121996
5.50784e-05
0.000119028
0.000226244
0.000204472
0.000107564
3.13608e-05
3.83713e-05
0.000448562
0.000224703
0.000144602
0.000137771
3.48813e-05
5.94403e-05
2.3809e-05
2.13238e-05
0.000161212
0.000108697
0.000131976
1.84254e-05
0.000433707
0.000139278
0.000140309
0.00016646
0.000131715
0.000187745
9.03973e-05
1.07155e-05
0.000224064
2.27116e-05
0.000284555
0.000105748
0.000119211
0.000185931
0.000568416
0.000106258
6.00462e-05
2.41246e-05
0.000296408
7.55391e-05
1.07155e-05
3.29521e-05
0.000188685
4.89526e-05
0.000233012
1.77671e-05
2.9691e-05
0.000132301
4.13472e-05
6.82481e-05
7.30996e-05
1.07155e-05
1.50409e-05
0.000291911
0.000459029
6.47597e-05
1.33675e-05
3.07178e-05
0.000117013
3.56861e-05
3.53615e-05
0.000236941
0.000121484
7.95591e-05
3.9975e-05
0.000152389
0.000245433
0.000444102
0.000269896
0.000165825
0.000111037
1.07155e-05
0.000103078
0.000169621
4.91789e-05
1.07155e-05
5.85999e-05
6.43787e-05
0.000311628
0.000463753
0.000393966
0.00013598
0.000201849
4.09063e-05
0.000150394
0.000277793
1.94253e-05
1.8725e-05
1.07155e-05
0.000100798
0.000465558
0.000217084
1.8038e-05
0.000106106
0.000138451
8.8362e-05
8.77412e-05
0.000214574
2.69738e-05
3.77569e-05
0.000163023
5.67656e-05
0.000197945
0.000148402
0.000217825
6.71288e-05
0.000131656
0.000418417
4.39593e-05
5.96504e-05
1.07155e-05
4.8981e-05
0.000149318
0.000128963
0.000187581
9.15114e-05
8.71154e-05
0.000239267
3.37816e-05
0.00036031
0.000292782
8.83008e-05
1.07155e-05
1.07155e-05
7.311e-05
1.79483e-05
3.99409e-05
0.000226338
1.07155e-05
0.000297314
0.000113417
0.000121787
0.000447714
0.000305323
1.95031e-05
0.000155713
0.000174878
8.37387e-05
0.000102859
0.000209123
0.000189291
0.000150244
0.000206074
0.000170164
5.27039e-05
2.32075e-05
0.00021588
8.72554e-05
0.000179333
0.000112026
2.13238e-05
4.98234e-05
0.000160036
9.41308e-05
1.07155e-05
6.6617e-05
7.14526e-05
9.1469e-05
9.90992e-05
8.93282e-05
0.000123066
0.000111535
1.07155e-05
0.000103921
0.000427219
2.34242e-05
7.19765e-05
0.000202775
0.00035227
6.88691e-05
0.000253988
0.000132346
0.000248387
0.00011198
6.88502e-05
0.000115771
0.000153715
1.07155e-05
0.00026808
0.000115199
0.000339117
9.3113e-05
0.000325677
0.000261109
4.85799e-05
0.000123971
0.000190196
0.000133609
7.0127e-05
5.71704e-05
3.37007e-05
3.325e-05
3.8542e-05
9.66124e-05
0.000101761
0.000127075
0.000232232
7.3478e-05
2.6759e-05
0.000123105
0.000398066
0.00016401
0.000223369
0.000113245
7.76605e-05
0.000182759
0.000201227
3.08765e-05
7.74037e-05
8.80996e-05
0.00014416
1.64976e-05
4.36021e-05
0.000121232
0.000175347
0.000136788
7.39963e-05
0.000292802
0.000835636
8.67197e-05
0.000193477
0.000120144
0.000209391
0.000222202
0.00010609
0.000142198
0.000147751
6.18882e-05
8.3097e-05
0.000320981
0.000429992
0.00016655
0.000127122
0.000185146
0.000193943
1.07155e-05
2.39326e-05
1.28371e-05
0.000256459
5.09699e-05
0.000228266
0.000298246
2.21164e-05
4.21594e-05
3.46106e-05
0.000151384
0.000373033
0.000108816
8.03502e-05
0.000555513
0.000536569
8.71388e-05
3.69497e-05
0.000157145
0.000129059
0.000188475
1.07155e-05
1.07155e-05
5.70535e-05
1.07155e-05
9.63506e-05
6.30302e-05
7.07047e-05
1.07155e-05
0.000160107
5.53477e-05
2.89639e-05
1.07155e-05
9.55535e-05
3.57815e-05
0.00017049
0.000168627
0.000303031
0.000145366
0.000136702
6.32292e-05
8.30616e-05
5.26519e-05
1.70598e-05
4.37429e-05
1.07155e-05
0.000287081
4.57931e-05
6.94046e-05
0.000301157
2.07185e-05
6.1026e-05
8.53606e-05
9.58426e-05
0.0011333
3.2672e-05
4.57199e-05
0.000126493
0.000854485
0.000180627
0.000266446
0.000321526
0.00013731
0.000350282
7.99155e-05
0.000312185
9.27198e-05
8.01557e-05
0.000252078
1.96631e-05
0.000189456
7.7432e-05
0.000137158
0.000151812
0.000229293
0.000122863
0.000209662
1.07155e-05
0.000110224
0.000281426
4.98718e-05
1.07155e-05
6.91203e-05
4.88813e-05
1.07155e-05
0.000236165
0.000214618
0.000126885
6.28731e-05
0.000130523
0.000101604
8.03675e-05
0.000113704
0.000150107
0.000311163
1.74084e-05
0.000129017
0.000231871
3.06852e-05
5.84828e-05
1.07155e-05
9.97441e-05
0.000113
6.21134e-05
2.9664e-05
7.89126e-05
4.06389e-05
9.18682e-05
0.000116479
0.000167614
1.07155e-05
1.07155e-05
0.000200754
1.07155e-05
5.4094e-05
6.54288e-05
4.38171e-05
0.000103961
1.07155e-05
0.000131388
9.08765e-05
0.000164022
0.000229607
0.000264482
0.000151589
8.40368e-05
0.000108575
7.35013e-05
0.0001402
4.97603e-05
1.07155e-05
0.000189322
3.5634e-05
4.80806e-05
0.000211464
5.51662e-05
1.60946e-05
8.0336e-05
8.75723e-05
0.000198854
3.20672e-05
0.000153487
1.07155e-05
0.000239831
7.09256e-05
6.00751e-05
9.72244e-05
0.000310164
9.06196e-05
1.07155e-05
0.000246734
0.000134532
8.8589e-05
8.24201e-05
2.2228e-05
1.07155e-05
5.59789e-05
0.000115389
5.09216e-05
0.000170731
0.000244131
7.05909e-05
8.44942e-05
0.000186756
0.000172297
0.00014326
6.98644e-05
0.000102641
8.77837e-05
2.48935e-05
7.72628e-05
0.000318518
5.59845e-05
0.00037553
0.00017399
0.000148635
0.000211185
5.9161e-05
0.000301598
0.000256859
0.000161168
0.000120245
7.46664e-05
0.000192125
0.000202829
0.000295202
0.000112482
4.80583e-05
0.000134463
2.58951e-05
0.000277155
0.000261316
0.000137222
2.23603e-05
0.000196219
5.44012e-05
0.000173403
0.000100022
0.000382781
0.000285078
1.07155e-05
1.07155e-05
0.000108544
0.000272555
2.39614e-05
0.000291662
0.000232526
4.96593e-05
8.41744e-05
2.49138e-05
0.000276975
5.15539e-05
6.69766e-05
0.000231152
3.08334e-05
0.000247389
0.000173528
6.8973e-05
0.000104431
0.000191761
0.00015474
0.000122246
8.24648e-05
0.000154189
0.00031402
1.91672e-05
1.07155e-05
0.00054712
2.17338e-05
0.000104679
0.000352796
0.00015048
0.000167869
0.000204866
8.32327e-05
1.07155e-05
0.000110788
6.20304e-05
6.54264e-05
0.000273839
8.78107e-05
7.11614e-05
7.45544e-05
0.000424405
1.07155e-05
1.92358e-05
7.41782e-05
0.000136311
0.000165842
4.23249e-05
3.0124e-05
0.000392106
0.000100715
0.000181145
9.91708e-05
1.28371e-05
0.000133597
0.000139204
0.000302501
1.07155e-05
6.12283e-05
1.07155e-05
0.000335194
8.95676e-05
0.000588956
0.000256698
1.07155e-05
1.42516e-05
0.000130909
1.28371e-05
9.6392e-05
0.000120903
0.000243929
0.00018612
8.43615e-05
0.000464232
1.07155e-05
0.000114449
6.16608e-05
0.000214223
0.000499216
0.000139872
0.000115002
4.84407e-05
1.07155e-05
4.2156e-05
3.28402e-05
1.4835e-05
0.000220654
8.92917e-05
1.98119e-05
5.27495e-05
0.000297099
0.000287566
0.000111519
0.00019565
0.000195399
4.61995e-05
3.41473e-05
0.0001533
5.03969e-05
0.000210636
1.07155e-05
0.000284358
6.17068e-05
0.000159668
0.000339571
2.23612e-05
6.01526e-05
0.000180362
8.68873e-05
5.35233e-05
0.000192727
2.53061e-05
9.85302e-05
3.21985e-05
1.07155e-05
7.9671e-05
0.000163684
0.00022823
0.000217092
0.000456632
0.000120475
8.01409e-05
0.000231083
0.000132912
9.38688e-05
0.000160881
5.0924e-05
1.07155e-05
2.93558e-05
0.000196848
9.46016e-05
0.000101468
1.07155e-05
9.6418e-05
4.39079e-05
2.73783e-05
0.000133414
0.000289536
0.000351247
7.41216e-05
3.1156e-05
0.000250535
3.64689e-05
6.44446e-05
5.24523e-05
3.99425e-05
0.000236512
1.69036e-05
8.49315e-05
0.000124958
1.07155e-05
0.000158995
0.000239741
8.13556e-05
4.5306e-05
0.000233338
6.517e-05
0.000115849
0.000133513
0.000184926
9.94355e-05
0.000343676
0.000144412
0.000101001
3.38485e-05
5.721e-05
0.000135912
0.00013551
0.000156561
0.000160744
0.000270078
2.49852e-05
9.98328e-05
0.000416656
0.00027894
0.00011764
3.11505e-05
0.000139847
8.76907e-05
4.31653e-05
0.000220751
0.000321232
0.000232482
4.35885e-05
0.000568122
0.000123673
0.000137428
0.00014951
0.000123801
2.91919e-05
0.000196644
5.80497e-05
0.000251796
0.000100948
0.000136711
0.000240567
6.71443e-05
0.000340722
0.00030438
0.000182176
0.000112332
0.000149165
9.93027e-05
0.000125695
1.07155e-05
5.95267e-05
7.31803e-05
7.87308e-05
0.000217669
0.000213935
7.85067e-05
0.000266085
0.000347992
1.07155e-05
0.000264976
0.000288415
0.000105321
5.39221e-05
0.000111391
0.000255408
0.000203375
0.000127521
8.28821e-05
0.000338309
0.000104986
0.000296205
0.000103016
0.000134812
0.000206287
0.000127981
0.000110279
0.00022745
0.000132308
0.000114741
0.000117535
0.000754008
3.22945e-05
0.00022735
7.86833e-05
5.68062e-05
4.68275e-05
0.000129991
0.000168791
0.00025292
2.95109e-05
0.000154139
6.78154e-05
5.06436e-05
2.77985e-05
0.000137363
4.56888e-05
0.000136641
3.56861e-05
0.000101027
8.10818e-05
0.000233946
2.84243e-05
0.000172074
6.01372e-05
0.00014098
0.000526807
3.0185e-05
6.95082e-05
5.22796e-05
7.8593e-05
2.73097e-05
0.000517416
2.41251e-05
0.000115401
1.07155e-05
5.28007e-05
0.000217725
9.61034e-05
0.000409876
7.21491e-05
3.43036e-05
0.000174425
0.000152301
0.000158123
0.00025262
1.07155e-05
0.000102824
0.000136954
4.28674e-05
0.000187283
0.000186563
0.000166554
4.12641e-05
1.07155e-05
0.000107104
3.78893e-05
1.07155e-05
0.000185032
0.000123106
0.000118538
3.11995e-05
0.000243445
0.000165061
0.000154036
0.000228307
0.000568771
0.000255254
5.82668e-05
0.000109418
0.000128633
5.84387e-05
4.94572e-05
0.000378769
1.07155e-05
0.000304356
0.000156332
0.000396366
0.000177467
0.000232899
8.90024e-05
5.26014e-05
0.000194058
0.000263175
0.000116221
0.000105159
6.23174e-05
6.3008e-05
0.000201853
6.7165e-05
0.000115306
4.59418e-05
4.4114e-05
0.000385006
0.000205333
4.52972e-05
0.000420788
5.7616e-05
0.000208383
0.000188889
0.000181021
0.000140552
6.6383e-05
8.12261e-05
9.15134e-05
0.000157604
0.000624401
0.000110973
0.000213772
1.07155e-05
0.000154416
0.000370007
2.02183e-05
0.000184862
8.1336e-05
0.000183929
0.000121983
0.000105443
0.000105007
4.66562e-05
5.14703e-05
0.000194279
0.000180129
0.000182192
4.79966e-05
0.000217334
0.000176102
0.000204937
0.000106361
7.73661e-05
0.000304437
8.78634e-05
1.87548e-05
1.07155e-05
7.1255e-05
0.000647795
1.07155e-05
0.000294281
8.09191e-05
0.000138201
4.54815e-05
0.000175466
0.000156361
0.000372492
0.000131116
8.68281e-05
0.000160326
0.000159045
0.000498007
0.000533882
1.07155e-05
0.000139771
0.000167236
0.000364602
0.000133593
8.74672e-05
0.000200341
0.000180093
0.000121274
6.39327e-05
0.000270463
4.01452e-05
0.000246755
3.36972e-05
4.14437e-05
1.07155e-05
0.000210132
1.07155e-05
0.000182313
1.98567e-05
0.000216627
0.000382485
6.45213e-05
0.000269178
0.000214693
8.10015e-05
1.6162e-05
9.35216e-05
0.000372517
0.000106744
1.07155e-05
5.8971e-05
7.83219e-05
1.07155e-05
0.000326225
1.07155e-05
5.62455e-05
5.44798e-05
0.000212112
0.000108499
0.000289788
0.000106798
0.000122303
0.000350634
0.000129685
1.07155e-05
6.05334e-05
5.39175e-05
4.08191e-05
0.000203874
0.000348087
8.09096e-05
1.07155e-05
0.000168218
1.07155e-05
9.93193e-05
5.34198e-05
3.36421e-05
3.0386e-05
0.000155661
0.000184986
0.000373689
1.07155e-05
8.11668e-05
6.96146e-05
0.000118762
3.75966e-05
9.94053e-05
3.3436e-05
0.000224227
7.17409e-05
0.000189287
0.00017045
0.000411271
1.07155e-05
0.00022892
0.000193519
6.90528e-05
5.75769e-05
3.11811e-05
5.0878e-05
0.000279712
0.000134015
0.000134206
0.000366718
1.07155e-05
0.000319665
0.000243196
7.63389e-05
7.42424e-05
0.000245438
0.000257397
3.38698e-05
0.000138019
0.00023726
0.000101728
4.34627e-05
8.45897e-05
0.000327232
0.000338799
0.000195672
7.12728e-05
0.000211431
0.000113947
0.000209553
1.07155e-05
0.00011742
9.14733e-05
0.000426052
0.000224388
0.000819736
4.71731e-05
0.000223961
1.60196e-05
1.07155e-05
0.000301486
0.000316429
3.72263e-05
0.000224083
0.000108148
0.000118247
6.96233e-05
3.8558e-05
0.000152058
3.30696e-05
4.69998e-05
0.000179354
7.31195e-05
0.000318634
3.03149e-05
0.000103401
5.27645e-05
0.000338238
6.29965e-05
9.48514e-05
0.00012188
0.000208457
0.000163309
0.000296647
0.000189069
0.00013362
1.73605e-05
5.67035e-05
0.000198715
0.00010464
6.77292e-05
0.000388409
0.000301693
0.000203572
1.54389e-05
0.000466461
5.88456e-05
0.000106572
4.31488e-05
2.16644e-05
0.000131182
0.000104946
9.47019e-05
1.07155e-05
9.0254e-05
8.19048e-05
3.94939e-05
4.27102e-05
0.000372812
3.58675e-05
0.000156197
0.000123533
7.08622e-05
2.95558e-05
0.000135509
0.000162453
0.000105518
0.000114069
6.58762e-05
0.000838482
4.22681e-05
0.000208018
4.65788e-05
9.23191e-05
4.97491e-05
4.26354e-05
3.82963e-05
0.000170453
8.66625e-05
7.44846e-05
0.000190884
0.00079833
0.000236561
8.43329e-05
0.000150451
9.76849e-05
1.24835e-05
9.41369e-05
3.05017e-05
8.77252e-05
7.29885e-05
0.000183031
0.000264614
0.000129165
0.000108784
1.07155e-05
0.000360373
8.08268e-05
9.71565e-05
0.000151017
8.73771e-05
7.77546e-05
2.80328e-05
1.07155e-05
6.34017e-05
0.000178438
3.76798e-05
0.000106854
9.75892e-05
9.90079e-05
0.000126479
3.40394e-05
4.52026e-05
0.000469228
0.000107178
5.63446e-05
4.96869e-05
0.000125312
0.000109809
0.000243024
0.000178047
3.3413e-05
0.000233544
0.000112046
0.000177298
8.07124e-05
0.000169007
3.00163e-05
9.56311e-05
1.07155e-05
0.000426218
0.000412805
0.000158532
7.37608e-05
0.000120941
3.93117e-05
0.000189614
0.000169868
0.000265368
0.000100068
1.07155e-05
3.32622e-05
0.000141866
5.19094e-05
0.000157582
0.000524973
4.33071e-05
0.000514756
0.000147916
1.07155e-05
0.000363537
1.07155e-05
0.000491835
7.52023e-05
0.000180451
0.000116418
0.00035805
0.000191544
8.92939e-05
0.000159734
0.000139425
9.92942e-05
0.000163808
5.35585e-05
0.000196398
7.84959e-05
0.000199423
4.37298e-05
2.6936e-05
0.000218767
0.000146901
6.91641e-05
0.000165531
0.000205809
2.22484e-05
0.000216408
4.41783e-05
0.000121118
0.000114219
0.000349776
1.07155e-05
0.000247875
4.44422e-05
8.13945e-05
0.00010658
1.99663e-05
0.000349751
0.000170658
9.82609e-05
2.84243e-05
2.74279e-05
2.66491e-05
0.000235485
0.000339175
0.000172855
9.12978e-05
0.000190635
5.37375e-05
0.000221058
0.000192744
0.00021054
9.60242e-05
0.000701939
7.98593e-05
1.07155e-05
0.000123532
6.08515e-05
0.000443941
0.000191315
1.07155e-05
0.000131966
0.000236775
0.000197372
0.000264328
0.000241789
0.000378091
0.000196521
3.0657e-05
0.000176144
1.07155e-05
2.84289e-05
4.56516e-05
0.000136973
7.18664e-05
0.000293084
4.91531e-05
0.000101824
8.58703e-05
4.25476e-05
0.00010867
6.54491e-05
0.000342379
0.00025188
2.3662e-05
0.00020948
5.39208e-05
0.0001474
0.000102947
0.000129183
1.31372e-05
0.00031451
0.000206045
0.000116818
0.000282572
7.67951e-05
0.000211125
0.000137992
3.00284e-05
0.000161507
7.86067e-05
0.000124544
0.000109367
0.000424244
1.07155e-05
4.44166e-05
9.01724e-05
1.40239e-05
1.85951e-05
1.07155e-05
2.61377e-05
0.000486349
3.81258e-05
0.000219519
0.000452824
5.72889e-05
0.000490986
8.60437e-05
0.000239268
0.000254798
0.000141817
0.000122894
4.55761e-05
5.38257e-05
0.000120618
7.9505e-05
9.04805e-05
6.15789e-05
2.64066e-05
0.000159427
0.000123297
0.0002139
4.10627e-05
6.596e-05
3.73809e-05
3.95593e-05
0.000121154
0.000236399
0.000174246
1.95661e-05
5.42777e-05
4.37884e-05
0.000146968
0.000226015
8.8921e-05
9.26937e-05
0.000193753
5.72732e-05
0.000101208
0.000216781
0.000143778
0.000103204
1.07155e-05
7.40986e-05
0.000126156
0.000211976
5.7004e-05
0.000135942
0.000381911
0.00011059
7.15623e-05
6.3062e-05
0.000293269
0.000222755
5.74586e-05
0.00012029
8.88988e-05
9.94991e-05
0.000204906
4.28567e-05
9.39314e-05
0.000202661
0.000155282
0.000345849
5.67561e-05
1.07155e-05
1.8922e-05
0.000826062
0.00043921
3.93631e-05
4.88168e-05
0.000146255
7.49447e-05
8.23151e-05
0.000461562
0.000171767
0.000167881
0.000230824
8.52535e-05
0.000400228
1.07155e-05
4.73614e-05
0.000236011
0.00012708
0.000126251
0.000192189
0.000314084
0.00029675
0.000117815
0.00014455
1.07155e-05
0.000237024
0.000105229
9.62929e-05
4.02451e-05
0.000156862
0.000110956
0.000184105
0.000476162
0.000144972
0.000250142
0.000280597
0.000206542
2.66127e-05
7.18827e-05
0.000181068
1.07155e-05
0.000240772
0.000147383
3.46117e-05
0.000686918
6.39282e-05
0.00112312
0.000125814
0.000302348
0.000147331
0.000112693
1.07155e-05
0.000184938
0.000125353
0.00016171
4.42841e-05
0.000145132
0.000170595
0.000673642
7.23898e-05
0.000101155
0.000208974
8.94897e-05
3.34086e-05
7.59523e-05
2.91998e-05
1.07155e-05
5.60788e-05
0.000131707
0.000103291
1.07155e-05
0.000137369
0.000157222
5.53929e-05
2.79405e-05
0.000124616
1.70807e-05
0.000285208
4.67332e-05
0.000209368
8.07993e-05
0.000198823
0.0001296
8.36561e-05
0.000134075
0.000451244
0.000256211
8.21462e-05
7.00556e-05
0.000117067
8.95977e-05
0.00014742
1.62173e-05
0.000126333
0.00012131
8.07292e-05
0.000185495
0.000143815
0.000174389
1.98268e-05
0.000174319
6.04256e-05
0.000111843
0.000108297
0.000261558
0.000137949
0.000259123
7.82149e-05
0.000260585
3.56616e-05
0.000206591
0.000184279
0.000199239
0.000189423
3.25775e-05
0.000140245
0.000118528
4.7717e-05
0.000135717
0.000362789
0.000258044
0.000174891
0.000146725
0.000148475
1.07155e-05
6.03352e-05
7.30261e-05
0.00031577
0.000101837
0.000287909
2.36811e-05
0.000182961
1.07155e-05
0.00039036
0.000103952
0.00031127
9.8982e-05
1.07155e-05
0.000319312
2.54575e-05
7.58852e-05
0.000322386
1.57755e-05
0.000588965
3.98031e-05
4.64278e-05
1.8916e-05
4.66916e-05
0.000145966
8.64958e-05
0.000114015
7.77965e-05
0.000373724
6.36745e-05
7.62294e-05
0.000168719
6.14858e-05
0.000229492
0.000391073
0.000445291
0.000126564
1.07155e-05
0.000190419
0.000121481
0.000174784
0.000330484
5.65254e-05
0.000310478
0.000199126
0.000163009
0.000185311
0.000108516
0.000135089
1.07155e-05
0.000290804
0.000350074
0.00020972
7.83348e-05
0.000102442
0.000181406
6.11731e-05
0.000123982
0.000188706
0.000106549
8.40281e-05
0.000136962
0.000283264
8.58421e-05
0.000185571
0.000112077
0.000110022
1.07155e-05
0.000299856
9.58359e-05
0.00010688
2.20064e-05
9.19127e-05
0.000318364
1.07155e-05
9.437e-05
0.000146026
0.000382081
0.000223865
0.000146283
3.45482e-05
4.80002e-05
0.000181628
0.000232054
3.16278e-05
5.36741e-05
8.12482e-05
0.000180817
1.07155e-05
0.000390071
0.000135235
0.000107194
3.6008e-05
0.000173641
0.000265038
6.92171e-05
0.00025214
0.000116458
3.52371e-05
1.81194e-05
0.000132183
3.25395e-05
1.07155e-05
0.000186038
0.000123796
0.000104113
4.70497e-05
0.00011905
9.21945e-05
0.000161422
0.000492366
0.000171763
0.000209959
7.2908e-05
3.2238e-05
4.36258e-05
0.000156308
0.000130513
7.12107e-05
0.000268357
6.25268e-05
5.13867e-05
0.000176438
0.000124501
8.13732e-05
4.26034e-05
4.07459e-05
3.89665e-05
0.000230352
8.60041e-05
0.00029966
0.000267129
3.86766e-05
3.69565e-05
0.000208067
0.000127368
2.38592e-05
2.20219e-05
0.000143232
0.000116998
0.000280142
0.000161923
0.000360243
2.45365e-05
1.9538e-05
8.77003e-05
0.00012118
2.93121e-05
2.55849e-05
0.000515937
0.000200263
5.03492e-05
4.23494e-05
1.22309e-05
0.000543236
0.000125105
0.000153397
0.000153264
0.000147369
0.000313236
2.77006e-05
2.15974e-05
0.000121867
0.000179932
7.16085e-05
0.000109822
0.000279802
0.000153435
0.000126547
0.000165189
7.85119e-05
0.000138508
0.000123273
1.69036e-05
0.000165575
7.29577e-05
7.40385e-05
0.00045233
4.89818e-05
0.000286197
3.70069e-05
5.78312e-05
0.000126236
2.59431e-05
0.000220042
8.74436e-05
6.32374e-05
0.000116406
1.07155e-05
0.000194395
8.09119e-05
9.01863e-05
0.000403248
6.72831e-05
0.000191539
0.000517743
5.68807e-05
0.000176185
0.000697521
1.07155e-05
0.000110363
0.000229122
0.000216449
8.64303e-05
9.53537e-05
7.74384e-05
0.000135244
0.000238564
0.000122933
0.000256889
0.000309767
6.06694e-05
7.61304e-05
3.73918e-05
5.71037e-05
4.48481e-05
1.07155e-05
0.000137179
5.18611e-05
5.47047e-05
0.00020303
0.000124436
2.77006e-05
2.33653e-05
0.000150636
0.000147906
0.000180167
0.000250312
4.02025e-05
2.62796e-05
2.09207e-05
0.000121667
0.000127035
0.000128505
5.45965e-05
5.0363e-05
0.000160113
7.33725e-05
6.83236e-05
0.000282489
5.10805e-05
0.000119585
1.60196e-05
1.33675e-05
8.85538e-05
0.000225097
0.000129694
0.000180671
0.000126467
0.00017628
0.000356121
3.3948e-05
8.15568e-05
7.7304e-05
9.22126e-05
7.46557e-05
1.66949e-05
2.10924e-05
0.000124894
9.47957e-05
9.69375e-05
0.000282906
0.000197941
0.000249093
2.34812e-05
0.000221701
0.000284892
0.000396571
0.000628354
4.08047e-05
0.00011985
0.000108282
1.07155e-05
0.000122287
1.24835e-05
2.09621e-05
0.000460271
1.07155e-05
0.000191753
2.46498e-05
7.19087e-05
0.000103506
0.000163679
0.000554728
0.000206846
0.000334181
8.77817e-05
0.000124059
9.5919e-05
1.07155e-05
1.89239e-05
0.000629632
5.02481e-05
1.60196e-05
0.000238462
0.000160581
4.08334e-05
0.000159565
0.00020992
9.89181e-05
0.000120674
4.31004e-05
0.000114444
1.07155e-05
0.000589081
0.000217735
4.23365e-05
0.000446504
4.83079e-05
0.000139761
5.14094e-05
1.07155e-05
0.000183043
0.000144541
0.000124456
0.000209482
0.000156928
0.000126472
0.000140336
7.71152e-05
0.000304735
2.17268e-05
4.49439e-05
7.17357e-05
7.58536e-05
0.000286714
0.000428825
0.000157084
0.000143198
0.000678631
0.000153906
2.54341e-05
1.07155e-05
0.000182208
0.000222681
0.000185545
2.26094e-05
0.000131155
3.50965e-05
0.000283555
0.000133615
0.000160721
0.000132052
0.000133684
9.96559e-05
0.000258283
7.34116e-05
5.19519e-05
9.05369e-05
6.79524e-05
0.000116689
0.000157875
0.000143177
0.000242687
0.000196896
0.00028834
5.21231e-05
7.21308e-05
0.000176738
0.000361336
0.000112029
0.000115311
0.000267147
0.000159181
0.000235759
0.000128624
1.66568e-05
0.000158
0.000172327
1.33675e-05
1.07155e-05
5.58292e-05
0.000287094
0.000251714
7.7249e-05
1.07155e-05
0.000195537
4.58691e-05
1.07155e-05
9.31126e-05
0.00031271
6.83024e-05
1.07155e-05
0.000101803
7.90778e-05
1.07155e-05
3.31014e-05
8.62396e-05
7.83798e-05
0.000186871
4.47718e-05
0.000114856
0.000143167
7.29939e-05
0.000249941
9.68647e-05
4.88863e-05
0.000138055
9.50658e-05
0.000189404
0.000157614
6.27942e-05
2.04107e-05
3.18883e-05
0.000218659
0.000478643
0.000273904
0.000359864
0.000155108
2.66293e-05
0.000162947
0.000170707
0.000181137
0.000147784
0.000260364
0.000172113
0.000287466
4.84321e-05
1.07155e-05
0.00044983
0.000102464
0.000191431
4.37797e-05
0.000188668
0.000108456
0.000179791
4.78131e-05
0.00018981
8.74231e-05
8.51887e-05
0.000145052
0.000218561
0.000355268
5.97285e-05
0.000182311
5.86643e-05
0.00012067
0.000182222
6.60769e-05
1.90695e-05
0.00014981
8.04129e-05
2.9167e-05
4.04674e-05
6.03638e-05
0.000237565
0.000211969
0.000263819
0.000109879
1.37724e-05
3.11514e-05
0.000197515
6.93357e-05
0.000614303
0.000560654
9.70496e-05
0.000102913
7.57024e-05
0.000155182
0.000262765
0.000228749
9.04864e-05
0.000103835
9.1658e-05
0.000106383
5.04247e-05
0.000180871
0.000326653
0.000215341
0.000339962
0.000335129
0.000176416
0.000164629
1.07155e-05
0.000204167
3.9506e-05
1.07155e-05
6.63596e-05
0.000204479
4.52061e-05
9.89871e-05
0.000118233
0.000103337
0.000180907
8.58056e-05
0.000149358
0.000249352
0.000131867
0.000121698
9.78475e-05
5.23094e-05
0.000132544
0.00011399
0.000183906
0.000536022
0.000348432
0.000187551
0.00010328
0.00010374
8.57277e-05
0.000392318
2.64074e-05
2.83023e-05
9.11974e-05
0.000282336
0.000351521
0.000359943
2.06441e-05
0.000411779
0.000117881
0.000239556
0.000118711
0.000124334
0.000375316
0.000132231
7.34022e-05
2.90523e-05
5.79042e-05
1.07155e-05
0.000149729
0.000313095
0.000208904
0.00019242
0.000164557
4.77575e-05
0.00010299
0.000101317
0.000324708
8.59866e-05
0.000162825
0.000373502
0.000250586
0.00040171
6.64377e-05
5.48416e-05
0.000135244
2.56336e-05
0.000265404
9.9346e-05
7.77122e-05
3.40229e-05
0.000335375
0.000193156
1.42516e-05
0.000114007
0.000307303
7.43809e-05
0.000322182
7.09127e-05
0.000180406
8.75061e-05
3.94681e-05
2.13238e-05
0.000179417
0.000148293
0.000533716
2.57118e-05
3.94076e-05
0.000101716
0.000198314
0.000200138
0.000110842
0.000156219
1.07155e-05
0.000154736
4.74654e-05
1.24835e-05
7.28085e-05
0.000199793
0.000130137
0.00013952
3.23617e-05
3.36731e-05
0.000122959
9.96298e-05
9.97984e-05
0.000194771
2.88293e-05
0.000165546
7.65866e-05
9.02808e-05
0.000259901
8.20681e-05
0.000340335
0.000170605
1.07155e-05
7.05364e-05
3.44815e-05
1.07155e-05
6.59633e-05
0.00013976
0.000220233
1.07155e-05
0.000169896
0.00036365
0.000319915
2.02188e-05
0.000228159
8.57898e-05
0.000219491
0.000208845
5.59784e-05
0.000111303
7.89245e-05
6.36744e-05
0.000288442
5.26719e-05
0.000209884
0.000208093
0.000192704
2.08272e-05
1.24835e-05
1.60196e-05
0.000115707
0.00015063
0.000372704
3.03593e-05
0.000403595
0.000110978
7.36546e-05
1.07155e-05
6.88978e-05
0.000190201
0.000175666
3.22437e-05
6.43748e-05
1.07155e-05
0.000138814
0.000160914
9.04158e-05
7.38053e-05
7.35457e-05
0.000204897
6.9732e-05
0.000163935
0.000113646
5.53105e-05
4.48015e-05
6.3479e-05
0.00012021
0.000116929
2.70594e-05
7.94427e-05
1.8426e-05
2.63233e-05
7.76611e-05
0.000153836
0.00049695
5.83277e-05
0.000177347
6.82622e-05
4.48481e-05
0.00019128
0.000132293
0.000225999
2.31005e-05
0.000124224
0.000155791
5.23053e-05
1.07155e-05
3.57815e-05
8.87892e-05
7.30442e-05
9.80252e-05
0.000194322
4.26156e-05
0.000176155
5.55528e-05
0.000119807
0.0001185
0.000672731
0.00013939
7.55187e-05
4.87437e-05
1.07155e-05
8.55167e-05
0.00017158
0.00011283
0.000661661
5.49513e-05
0.000212173
0.000345462
0.000261056
5.61709e-05
0.000395173
0.000436843
0.000280177
0.000542995
7.68717e-05
1.60653e-05
4.48916e-05
0.000232558
0.000147496
7.11482e-05
0.000126471
0.000281105
0.000122543
4.76281e-05
0.000218694
0.000132846
0.000277877
0.000120806
3.27992e-05
0.000238758
0.000185073
0.00011178
1.07155e-05
4.38962e-05
0.000310691
7.69519e-05
0.000122028
0.000166958
7.34767e-05
0.0001124
1.07155e-05
0.000230641
0.000144745
0.000213348
0.000229004
0.000101072
3.13608e-05
0.000188697
0.000130223
0.000391809
0.000114552
0.000486411
0.000114122
2.29344e-05
0.000170617
1.62115e-05
0.000199474
4.39442e-05
0.000531183
7.5133e-05
4.75489e-05
0.000151016
0.000389176
7.86352e-05
1.33675e-05
0.000131659
0.00015458
0.000149799
0.00010441
1.07155e-05
0.000394238
0.000270596
3.42167e-05
0.000100388
0.000162002
0.000261578
0.000292055
9.73079e-05
0.000435029
5.58898e-05
9.67586e-05
7.70464e-05
0.000393256
9.98689e-05
0.000209964
8.63748e-05
4.21702e-05
7.37276e-05
1.81731e-05
0.000186929
0.000119072
4.78816e-05
0.000291137
0.000108947
2.65162e-05
0.000171345
0.000137759
6.59586e-05
0.000481621
0.000218485
0.000303468
1.07155e-05
0.000166807
1.42427e-05
2.13238e-05
0.000250834
8.82098e-05
0.000234038
1.82901e-05
1.07155e-05
7.37544e-05
5.88678e-05
3.33374e-05
0.000131295
0.00011875
4.3125e-05
1.33675e-05
0.000313388
0.000139739
0.000419889
9.71024e-05
7.32566e-05
1.95557e-05
0.000135085
0.000208417
3.31426e-05
0.000566749
8.10569e-05
0.00033565
3.78152e-05
2.91826e-05
4.077e-05
0.000347806
5.49114e-05
0.000188427
0.000198245
0.000131179
0.000313793
7.31006e-05
0.000154286
9.14019e-05
0.000186538
0.000309061
1.07155e-05
2.75333e-05
0.000206122
0.000143139
0.00019889
0.000193524
4.12333e-05
7.26489e-05
1.07155e-05
7.26364e-05
1.07155e-05
0.000289686
0.000138128
1.07155e-05
1.07155e-05
0.000350188
3.86291e-05
0.000141281
0.000130792
0.000250729
0.000219005
9.62444e-05
0.000148063
0.000383604
8.25959e-05
7.55393e-05
0.000109264
0.000128939
3.11412e-05
0.000464131
4.16388e-05
3.30946e-05
0.000266844
2.22431e-05
0.000135673
0.000143524
0.000105823
