0.99
6.91543e-05
0.000434652
0.000201493
0.000163961
0.000224004
0.000279065
0.00140355
0.000225607
6.91543e-05
0.000171337
0.000786425
0.000228558
0.000885514
0.000189113
6.91543e-05
9.19752e-05
0.000256484
0.000188112
0.000470224
0.000295655
0.000106962
0.000169155
0.000109795
0.000184384
0.000861892
6.91543e-05
0.000294893
6.91543e-05
0.000455438
6.91543e-05
0.000120501
6.91543e-05
0.000349752
0.000143151
0.000691318
6.91543e-05
0.000103386
0.000319514
0.000420597
9.19752e-05
0.000103386
0.000776896
6.91543e-05
6.91543e-05
0.000103386
0.000300011
0.000271152
0.000111631
6.91543e-05
6.91543e-05
0.0010315
0.000114796
6.91543e-05
6.91543e-05
6.91543e-05
0.000812059
0.000484595
0.00013238
0.000373393
0.000600854
0.000203661
6.91543e-05
0.000403381
0.000496776
0.000479654
0.00016021
0.000327901
0.000668476
0.00080602
0.000532291
0.000467133
0.000126207
0.000199812
0.000103386
0.000243119
0.000407792
0.000221252
6.91543e-05
6.91543e-05
0.000196046
6.91543e-05
0.000107031
0.000117078
0.000137617
0.000137617
0.000203972
0.000534575
9.19181e-05
0.000382121
0.00109405
6.91543e-05
0.000326557
0.000608948
9.19899e-05
0.000310973
0.000540682
0.000200715
6.91543e-05
6.91543e-05
0.000126207
0.000137617
0.000436678
0.000351174
0.000103386
0.000272834
6.91543e-05
0.000114796
0.000269802
0.000154561
0.000391107
0.000212533
0.000459179
8.28468e-05
0.000960669
0.000177554
0.000137617
6.91543e-05
0.000411005
0.000543441
0.00071489
0.000444506
0.00104272
0.0017935
0.000137275
0.00107235
9.19752e-05
0.000196675
6.91543e-05
6.91543e-05
0.000745813
8.62699e-05
0.000276871
0.000135791
0.000103386
0.000171506
0.000362617
6.91543e-05
0.000147796
0.000558823
8.62699e-05
9.29942e-05
0.000137617
6.91543e-05
6.91543e-05
0.00102134
6.91543e-05
6.91543e-05
0.000137617
0.000263956
6.91543e-05
0.000392721
6.91543e-05
0.000341389
9.47422e-05
0.000458774
0.000159811
0.000210442
8.62699e-05
0.000953836
0.000165654
0.000103386
0.000176699
6.91543e-05
0.000536669
9.19752e-05
0.000270384
0.000303709
0.000137617
0.000160982
6.91543e-05
0.000103386
0.00021621
0.000178866
6.91543e-05
8.62699e-05
0.000223155
6.91543e-05
6.91543e-05
0.000444656
6.91543e-05
0.00042659
0.000915187
6.91543e-05
6.91543e-05
0.000603345
0.00013988
6.91543e-05
0.000112284
0.000166723
0.000137938
0.000238777
0.000582324
0.000134679
0.00020947
0.000160438
0.00025417
0.000519978
0.000137617
6.91543e-05
6.91543e-05
6.91543e-05
0.000197779
0.000424996
0.000264187
0.000207099
0.000110327
6.91543e-05
6.91543e-05
0.000166436
0.000123329
0.00041208
0.000103386
0.000128974
0.000239362
0.000520515
0.000166354
0.000198166
0.000351742
0.00090287
0.00015405
0.00019027
0.000932467
6.91543e-05
6.91543e-05
0.000278692
0.000352019
0.00068441
6.91543e-05
0.000103386
0.000229547
0.000545509
0.000346872
0.000330315
6.91543e-05
0.000134708
0.000168657
6.91543e-05
0.00031194
0.00019612
0.000226247
0.000841354
0.000579012
0.000484695
0.000182122
6.91543e-05
0.000187188
0.000388604
0.000289259
0.0002869
0.000114022
0.00042629
0.000201386
6.91543e-05
6.91543e-05
0.000183031
6.91543e-05
0.00017126
0.000306222
0.000499337
0.00012033
0.000137617
6.91543e-05
0.000131514
0.000468407
8.62699e-05
0.000469409
0.000535365
6.91543e-05
0.000403879
0.000185547
6.91543e-05
0.000117563
0.000425392
0.000348891
0.000298204
6.91543e-05
6.91543e-05
6.91543e-05
6.91543e-05
0.000231057
6.91543e-05
6.91543e-05
6.91543e-05
0.000251314
0.000229554
0.000330815
8.62699e-05
0.000115645
0.000400265
0.000794676
0.000718522
0.000428145
0.000187939
0.000316337
9.47422e-05
0.000194761
0.000229753
0.000692489
0.000193883
6.91543e-05
0.000258009
6.91543e-05
6.91543e-05
0.000167246
6.91543e-05
6.91543e-05
6.91543e-05
9.19752e-05
0.000373036
6.91543e-05
6.91543e-05
0.000500949
6.91543e-05
0.000642502
6.91543e-05
0.000226577
0.00027372
9.19752e-05
0.000103214
8.62699e-05
6.91543e-05
0.000231134
6.91543e-05
0.000172405
6.91543e-05
0.000231476
0.000418261
0.001089
0.000160363
0.000137617
0.000718035
0.000260868
0.000618556
6.91543e-05
6.91543e-05
0.000629586
0.000196492
0.000629445
0.00103621
0.000951219
0.000214017
0.000255763
0.000944229
0.000439647
0.000170159
0.000150283
6.91543e-05
6.91543e-05
0.000103386
6.91543e-05
0.000100797
6.91543e-05
0.000589246
0.000271132
0.000137275
6.91543e-05
0.000341968
6.91543e-05
8.62699e-05
0.00113447
6.91543e-05
6.91543e-05
9.40896e-05
0.000205737
0.000114739
0.0010856
8.62699e-05
0.000103386
0.000222076
0.000137617
0.000406363
8.05647e-05
0.000174261
0.000228548
6.91543e-05
6.91543e-05
8.62699e-05
0.000261203
6.91543e-05
0.000517638
0.000115331
0.000197798
0.000137275
0.00012033
6.91543e-05
0.000167207
0.000157727
0.000632857
0.000120245
0.000192859
0.000134679
0.000764991
0.000154561
0.000302152
0.000687928
0.000349211
0.000371819
0.000166682
0.000789781
0.000663055
0.000137617
0.000840947
0.000203928
0.00012033
6.91543e-05
6.91543e-05
0.00026877
0.000312218
0.000149046
0.00120894
0.000103386
0.000137884
0.000253796
6.91543e-05
0.000625212
0.000128718
0.000515615
6.91543e-05
0.000655316
6.91543e-05
0.000271043
8.62699e-05
0.0001788
0.000186838
6.91543e-05
0.000128908
0.000126207
0.000244013
6.91543e-05
9.09035e-05
6.91543e-05
0.000821524
0.000488115
0.000163205
0.000256742
0.000244687
9.84607e-05
0.000257617
0.000171337
0.000137617
0.000374017
6.91543e-05
0.000351174
0.000181975
0.00038222
6.91543e-05
0.000103386
6.91543e-05
0.000186706
0.000174327
0.000147434
0.00013598
0.000137234
6.91543e-05
0.000709356
0.000398865
0.000115731
0.000353814
6.91543e-05
8.62699e-05
8.62699e-05
0.00016021
0.000296523
9.19752e-05
0.000166234
0.000103386
0.000650641
0.000205395
6.91543e-05
6.91543e-05
0.000623539
6.91543e-05
0.000418433
6.91543e-05
0.00103591
0.000202515
6.91543e-05
6.91543e-05
0.00129593
6.91543e-05
0.00101333
8.62699e-05
6.91543e-05
0.000120501
6.91543e-05
0.000552146
0.000131626
0.000419348
0.00115224
0.000503429
0.000455419
6.91543e-05
0.000366003
0.000323153
6.91543e-05
0.000103386
0.000133962
6.91543e-05
6.91543e-05
0.000256682
0.000197581
6.91543e-05
6.91543e-05
0.000438313
0.000193874
0.000227796
0.000289358
0.000128842
0.000307937
0.000124702
0.000291459
0.000233294
0.00012033
0.000998963
6.91543e-05
6.91543e-05
6.91543e-05
0.00010312
0.000103386
6.91543e-05
0.000383695
0.000128624
9.19752e-05
0.000136464
6.91543e-05
0.00012033
0.000173495
6.91543e-05
0.000332672
0.000181128
0.000160438
0.000101491
6.91543e-05
6.91543e-05
6.91543e-05
0.000237479
0.000213783
8.05647e-05
0.00019992
0.000101491
0.000194327
0.000116394
0.000540358
0.00020029
0.000181282
0.000133023
0.000379508
0.000109067
0.00026722
6.91543e-05
0.00043868
0.000582107
0.000268085
0.000305544
0.000194294
0.000182802
6.91543e-05
0.000629589
8.62699e-05
9.62164e-05
0.000151008
0.000190442
0.000447825
0.000211419
0.000391222
6.91543e-05
6.91543e-05
0.000103386
0.000390452
6.91543e-05
0.000522263
0.000131813
6.91543e-05
6.91543e-05
0.000264187
6.91543e-05
0.000383308
0.000572288
0.000288577
0.000185508
6.91543e-05
8.28468e-05
0.000283151
0.00013993
6.91543e-05
0.000577443
6.91543e-05
0.000145951
9.19752e-05
0.000616639
0.000537076
0.000443189
0.00032035
0.000137617
0.000544581
0.000139602
9.19752e-05
0.0015063
0.000223702
0.000359129
8.62699e-05
6.91543e-05
0.000324862
6.91543e-05
0.000353608
6.91543e-05
0.000159418
0.0011732
0.000355531
6.91543e-05
6.91543e-05
0.00132328
0.000324862
0.000175833
9.19752e-05
0.000137617
0.000282487
6.91543e-05
6.91543e-05
0.000132
0.000181072
6.91543e-05
0.000173817
0.000456446
6.91543e-05
0.000111858
0.000329349
0.000376868
0.000191749
0.000543926
0.000822914
0.000260943
0.000184462
6.91543e-05
9.94356e-05
6.91543e-05
0.000231572
6.91543e-05
0.000200683
0.000179894
0.000131174
0.000340169
0.000138956
0.000314692
0.000162485
6.91543e-05
6.91543e-05
6.91543e-05
6.91543e-05
0.000390329
6.91543e-05
0.000103386
0.000334597
0.000120141
0.000196114
0.000766186
0.000137617
6.91543e-05
0.000270081
0.000540506
0.000646034
6.91543e-05
0.000338219
0.000117786
0.000421543
0.000154248
6.91543e-05
0.000439044
6.91543e-05
6.91543e-05
0.00104071
0.000449801
0.000358944
6.91543e-05
6.91543e-05
6.91543e-05
0.000233426
0.000246077
0.000114184
6.91543e-05
0.00134268
0.000185366
0.000158381
0.000144721
0.000174941
0.000385679
0.000205026
6.91543e-05
0.000474915
6.91543e-05
6.91543e-05
9.19752e-05
0.000227988
6.91543e-05
0.000142703
0.000701568
6.91543e-05
6.91543e-05
0.00037388
0.000269644
6.91543e-05
0.000422899
6.91543e-05
6.91543e-05
6.91543e-05
9.19752e-05
0.00019274
6.91543e-05
0.000377989
0.000160438
0.000190797
0.000257227
0.000390816
9.42733e-05
0.000277119
0.00012702
0.000181615
0.000122153
0.000442009
0.000417379
0.000153104
6.91543e-05
0.000137617
0.000103386
0.000420401
0.000224993
0.000109091
0.000196043
0.000629924
6.91543e-05
0.000610151
0.00043559
8.62699e-05
0.000123609
6.91543e-05
0.000132255
0.000289608
6.91543e-05
0.000137617
0.000292423
6.91543e-05
0.000459178
0.000174261
0.000623192
0.000347523
0.000143094
0.000169286
0.000201144
0.000325092
0.000239835
0.000242278
6.91543e-05
0.000197613
6.91543e-05
0.000736794
0.000626093
0.00144382
0.000109342
0.000190228
0.00015576
0.000171506
0.00015131
0.00012016
0.00011714
0.000195059
0.000429844
0.000103386
0.000136439
0.000389453
6.91543e-05
8.62699e-05
0.000672778
0.000415188
0.000434382
6.91543e-05
0.000246586
0.000120445
6.91543e-05
0.000103386
0.000103214
6.91543e-05
6.91543e-05
0.00035854
0.000137617
0.000114568
0.000205737
6.91543e-05
0.000227563
0.000184148
0.000276494
0.000254871
0.000177022
6.91543e-05
0.000132613
6.91543e-05
9.95061e-05
0.000561986
0.000256987
0.000180321
6.91543e-05
0.000211936
0.000227969
0.00108354
0.000340003
0.0002457
0.000777316
0.000501474
0.000126207
6.91543e-05
0.000182559
0.000299642
0.00037216
0.000124558
6.91543e-05
0.000103386
0.000124975
0.000137617
0.000744346
8.62699e-05
0.000228218
0.000273292
0.000283062
0.00025199
0.000234307
0.000510988
0.000124702
0.000118853
6.91543e-05
6.91543e-05
0.000309321
0.000300453
6.91543e-05
0.000345134
6.91543e-05
0.000381727
0.000194244
0.000111858
6.91543e-05
0.000812284
6.91543e-05
6.91543e-05
0.000372306
6.91543e-05
0.000420526
0.000305018
0.000169154
0.000167621
0.00012033
0.000163278
0.000292151
8.62699e-05
0.000244261
9.19752e-05
6.91543e-05
8.62699e-05
0.000839376
0.000304392
0.00101558
0.000202303
0.000114455
6.91543e-05
6.91543e-05
0.000149042
0.000517961
0.000125922
0.000266968
6.91543e-05
6.91543e-05
6.91543e-05
0.000103386
0.00034046
0.000315824
0.00133904
0.000123329
0.000340688
0.000114682
6.91543e-05
0.000160438
0.000277326
0.000111858
0.000144941
0.000137617
6.91543e-05
6.91543e-05
0.000158594
0.000764866
0.000714428
0.000146553
0.000301118
6.91543e-05
0.000185123
6.91543e-05
6.91543e-05
0.000237843
0.000160509
0.000184325
0.000125225
6.91543e-05
6.91543e-05
0.000137617
0.000258766
0.000176506
6.91543e-05
6.91543e-05
0.000284042
0.00032796
0.000390944
0.000160438
0.000296344
0.000171506
6.91543e-05
0.000205056
6.91543e-05
0.000481166
0.000111858
0.000948385
0.000151376
0.000332723
6.91543e-05
6.91543e-05
0.000522092
6.91543e-05
0.000230985
6.91543e-05
6.91543e-05
9.18611e-05
0.000499264
6.91543e-05
0.000137617
6.91543e-05
0.000752747
0.000674384
0.000422041
0.000843377
9.19752e-05
6.91543e-05
0.00028954
6.91543e-05
0.000423932
0.000595696
0.000338421
6.91543e-05
6.91543e-05
0.000127026
6.91543e-05
0.000171179
6.91543e-05
0.000359468
0.000203191
9.19752e-05
6.91543e-05
0.00107611
0.000566434
0.000393678
0.000157366
0.000313033
9.47422e-05
0.000341671
0.000103386
0.000278265
6.91543e-05
6.91543e-05
0.000170696
0.000372085
0.00014551
0.000448979
6.91543e-05
6.91543e-05
0.000114779
0.000186279
0.000132741
0.000543462
0.00046131
6.91543e-05
0.000636092
6.91543e-05
0.000316183
0.000268451
6.91543e-05
0.000376136
0.000471169
0.000144207
6.91543e-05
0.00013281
0.000648475
0.000188281
6.91543e-05
0.000137617
0.0003894
0.000428691
6.91543e-05
6.91543e-05
0.000518541
0.00016532
9.19752e-05
0.000158059
6.91543e-05
0.000758266
0.000741136
0.000261937
0.000747694
0.000201906
0.000246923
0.000763193
0.000225887
6.91543e-05
0.000641043
0.000129399
0.000256744
9.76233e-05
6.91543e-05
0.000421706
6.91543e-05
0.000304759
6.91543e-05
0.000276642
6.91543e-05
0.000649144
0.000120274
0.000132931
0.000289751
6.91543e-05
0.000137275
0.000103386
0.000103386
0.000265049
6.91543e-05
6.91543e-05
0.000135001
6.91543e-05
6.91543e-05
0.000313958
0.00013988
0.000247312
9.78908e-05
0.000612133
0.000379058
0.000306547
0.000357322
0.000137617
0.000240334
0.000397381
0.000345525
9.19752e-05
6.91543e-05
0.000270672
0.000813619
0.00015019
0.000369363
6.91543e-05
0.000193223
0.000139215
0.000578683
6.91543e-05
0.000193726
0.000239012
9.19752e-05
0.000405259
0.000163338
6.91543e-05
6.91543e-05
0.000837249
0.000210325
0.000356337
6.91543e-05
0.000127108
6.91543e-05
0.000139577
0.0004072
0.000133934
6.91543e-05
0.000310926
0.000143878
9.40936e-05
0.000788031
6.91543e-05
0.00127499
0.00021922
0.000103386
0.000245111
0.000137617
0.000103386
0.000133715
6.91543e-05
0.000337528
0.00065612
0.000157386
0.000103386
0.000234566
6.91543e-05
0.000439193
0.000514326
0.000252956
6.91543e-05
0.000138037
6.91543e-05
6.91543e-05
0.000230861
6.91543e-05
0.000472904
0.000154561
0.000239969
0.00090052
6.91543e-05
0.000388973
0.000137171
0.000131514
0.000443883
0.000207049
0.000244805
0.000215636
6.91543e-05
6.91543e-05
0.000100008
0.00102205
0.00138094
0.000177479
0.000468995
0.000168118
0.00020879
0.000327327
0.00105566
0.000212471
0.000234151
0.000318624
6.91543e-05
0.000128718
0.000148761
0.000137617
0.000154733
0.000132255
6.91543e-05
0.000258737
6.91543e-05
0.000278786
0.000561469
0.000188281
0.000169954
6.91543e-05
0.000612097
0.000463279
0.00159038
0.000111858
0.000122726
0.000229414
6.91543e-05
0.00034152
0.000199812
6.91543e-05
6.91543e-05
0.000171506
6.91543e-05
0.000159361
6.91543e-05
0.000707435
0.000137617
0.000415665
8.62699e-05
0.000617752
6.91543e-05
6.91543e-05
0.000205395
0.000127458
0.00027725
0.000137617
9.19752e-05
6.91543e-05
0.000180184
0.000409486
0.000495644
8.62699e-05
0.000130691
0.000747038
0.000405693
0.000103386
6.91543e-05
0.000199464
0.000421047
0.000187316
0.000223411
0.000103214
0.000239626
0.000764571
0.000177362
0.000498865
0.000331393
0.00113402
0.000123036
0.000103386
0.000171848
0.000478177
0.000257544
0.000372891
0.000103386
0.00027617
0.000295224
0.000416435
0.000219404
0.000237479
0.000165015
6.91543e-05
6.91543e-05
0.000103386
0.000182236
6.91543e-05
0.000139216
0.000343337
0.000614157
0.000260684
0.000358039
0.000627874
6.91543e-05
0.00017276
9.13635e-05
9.47422e-05
6.91543e-05
0.000137617
0.000246261
0.00020061
0.000757323
0.000103386
0.000116394
0.000111858
0.000347006
0.000137275
0.000137617
6.91543e-05
0.000353756
0.000520923
0.000587799
6.91543e-05
6.91543e-05
0.000585657
0.000227516
0.000287293
6.91543e-05
0.000375186
0.000515275
0.000353575
0.000103386
6.91543e-05
6.91543e-05
0.000211271
6.91543e-05
0.000353192
0.000692766
0.000183659
0.000254748
0.00051334
0.000182576
0.00047767
6.91543e-05
0.000499903
0.000320776
0.000114682
0.000205395
0.00018372
0.000582078
6.91543e-05
0.000349003
6.91543e-05
0.00050506
0.000700375
0.00020608
0.000205395
0.000194321
0.000130474
0.000469243
0.000842911
0.00147627
6.91543e-05
0.000566234
0.000247634
0.00049283
0.000509727
6.91543e-05
6.91543e-05
0.000138025
6.91543e-05
6.91543e-05
0.00026578
6.91543e-05
0.000233318
0.000103386
0.00020968
0.00027216
6.91543e-05
0.000591984
0.00035293
6.91543e-05
0.000264173
0.00114827
0.000311778
0.000311751
0.000361742
6.91543e-05
6.91543e-05
0.0006801
0.000103386
0.000830619
6.91543e-05
0.000103386
6.91543e-05
0.000172553
6.91543e-05
0.000206019
0.000306962
6.91543e-05
6.91543e-05
0.000468134
9.19752e-05
6.91543e-05
6.91543e-05
6.91543e-05
0.000266647
0.000166464
0.000639444
0.00138492
9.19752e-05
0.000160438
0.000112959
9.19752e-05
6.91543e-05
0.000207073
0.000169154
6.91543e-05
0.000556631
0.00013598
6.91543e-05
0.000395908
0.000728323
6.91543e-05
0.000193874
0.000126207
0.000237613
0.000225512
0.000137617
9.84607e-05
0.000225264
0.000429632
8.62699e-05
0.000177486
0.000313993
8.73653e-05
0.000103386
8.62129e-05
6.91543e-05
0.00025196
6.91543e-05
0.000935025
0.000301809
0.000341421
6.91543e-05
9.57406e-05
0.000590307
6.91543e-05
0.000228679
6.91543e-05
0.000293486
6.91543e-05
0.000273735
0.000239626
0.000310809
0.000278683
0.000163073
0.00035036
0.000767323
0.000312829
0.000354795
0.00101763
0.000830013
0.000268526
0.000112284
0.000161672
0.000620537
0.000350107
0.000773856
0.000211271
0.00038396
6.91543e-05
0.000114455
9.19752e-05
0.000436687
6.91543e-05
0.000191109
0.000189881
0.000120445
0.000103386
0.000329404
6.91543e-05
6.91543e-05
6.91543e-05
0.000533503
6.91543e-05
8.62699e-05
0.000345886
0.000346024
6.91543e-05
0.000331541
0.00055653
6.91543e-05
0.000137617
0.00102151
0.000169562
6.91543e-05
6.91543e-05
0.000146345
6.91543e-05
0.000367083
0.00017012
6.91543e-05
0.000137617
0.000225741
0.00029554
6.91543e-05
0.000273916
0.000735225
0.000700624
0.000425713
6.91543e-05
0.000222268
0.000369093
0.000373824
6.91543e-05
0.000718432
0.000440742
0.000309601
6.91543e-05
0.000678769
0.000210266
6.91543e-05
0.00120545
6.91543e-05
0.000478148
0.000694031
0.000187939
0.000418555
0.000272167
0.0004634
0.000138956
0.000137617
0.000322907
0.000301673
0.000103386
0.000857991
0.000591008
0.000196773
0.000249455
6.91543e-05
0.00058736
0.000500544
6.91543e-05
0.00013081
0.000168568
6.91543e-05
6.91543e-05
0.000346409
0.000285073
0.000202038
0.000111912
0.000202844
0.000558325
6.91543e-05
0.000824625
0.000122857
0.00047208
0.000174161
0.000103386
0.000124524
0.000137617
0.000235962
0.00048088
0.000774033
0.000111858
0.000174594
6.91543e-05
6.91543e-05
6.91543e-05
0.000175473
6.91543e-05
0.000137617
0.000419226
0.000496538
0.000298868
0.000199311
0.000233436
6.91543e-05
0.000196242
6.91543e-05
0.000122872
0.000309161
0.000347765
0.0005117
0.000123609
9.19752e-05
0.00015019
0.0011513
0.000103386
0.000192113
0.000305265
0.000310613
0.000180872
6.91543e-05
0.000356008
0.000382121
9.19752e-05
0.000235467
0.00117791
6.91543e-05
0.000505181
0.000768335
0.000325308
6.91543e-05
0.000643806
0.000762816
0.00100942
0.000103386
0.000257901
6.91543e-05
6.91543e-05
0.000962152
0.000209421
0.000423433
0.000263172
6.91543e-05
0.000184083
0.000268488
0.000295304
0.000120445
6.91543e-05
0.000103386
0.000160463
0.00018726
0.000582397
0.000235212
0.000285838
6.91543e-05
0.000253735
0.000605488
9.19752e-05
0.000354418
0.00069925
6.91543e-05
0.000404913
0.000148502
0.000724179
0.000885285
0.000569082
0.000132122
0.000254664
0.000527692
0.000103386
0.000432754
6.91543e-05
6.91543e-05
0.000243313
0.000129924
6.91543e-05
0.000137617
0.000115815
0.000860449
0.000171848
0.000199218
6.91543e-05
0.000550133
0.000458435
0.000165654
0.000103386
6.91543e-05
9.27039e-05
9.19752e-05
0.000599128
0.000307747
0.000256497
0.000128519
0.000634196
0.000239623
0.00028827
0.000160275
9.19752e-05
0.00022082
6.91543e-05
0.000137617
0.000310727
0.000141634
0.000704953
0.000103386
0.000158594
0.000207237
0.000184083
0.000264173
0.000204634
0.00025448
0.000669684
0.000365722
6.91543e-05
6.91543e-05
0.000470361
0.000995484
8.62699e-05
6.91543e-05
6.91543e-05
0.000515008
0.000181072
0.000208737
0.000374766
0.000289185
0.00016278
0.000628031
0.000805659
6.91543e-05
0.000405888
0.000113358
9.19752e-05
0.000254163
0.000161167
0.00020964
0.000281425
6.91543e-05
6.91543e-05
6.91543e-05
0.00014288
6.91543e-05
0.00020029
9.64937e-05
0.000143878
0.00011714
0.000256347
0.000516883
0.000754716
0.000103386
0.000300159
0.000103386
0.000232313
0.00020773
0.000137275
0.00050031
6.91543e-05
0.000902203
0.000168492
6.91543e-05
0.000540008
0.000379952
0.000505614
6.91543e-05
0.000137617
0.000516165
0.000487235
0.000230403
0.00012033
6.91543e-05
0.000442184
0.000510336
0.00112747
0.000137617
0.000754811
6.91543e-05
6.91543e-05
6.91543e-05
0.000137617
0.000144484
0.000295857
0.000247666
0.000103214
0.00101087
0.000374942
0.000166824
0.000914167
0.000488846
0.00047079
0.000178795
0.00035241
0.000259711
0.00085981
6.91543e-05
0.00018278
8.62699e-05
0.000402859
6.91543e-05
0.000202931
0.000117786
0.000353956
6.91543e-05
6.91543e-05
0.000365254
0.000114682
6.91543e-05
0.000567705
0.00051567
0.000124558
0.000400994
0.000617197
0.000205282
0.000259711
0.000854578
0.000123618
6.91543e-05
9.64937e-05
6.91543e-05
6.91543e-05
6.91543e-05
0.000549968
6.91543e-05
0.000103386
6.91543e-05
0.000811647
0.000408042
0.000348096
6.91543e-05
0.000146089
6.91543e-05
0.000160828
0.000137275
0.000103386
0.000761464
0.000497772
0.00103223
6.91543e-05
0.000252808
0.00010104
0.000137617
0.000137617
6.91543e-05
0.00013287
0.000291659
0.000301961
0.000309038
0.000434788
0.000137617
0.000295016
0.000252572
6.91543e-05
6.91543e-05
0.000419163
0.000213498
0.000155828
0.000876482
6.91543e-05
0.00091072
0.00012275
0.000704824
0.000137446
0.000124975
6.91543e-05
0.000137617
0.000735013
0.000123154
0.000491661
0.000335007
0.000732981
0.000238281
0.000511562
0.000315944
0.000119888
0.000599075
8.62699e-05
0.000233911
6.91543e-05
6.91543e-05
0.000103386
0.00025572
6.91543e-05
0.000107373
6.91543e-05
6.91543e-05
6.91543e-05
0.000380029
0.000309899
0.000103272
0.000137617
0.000701499
6.91543e-05
6.91543e-05
0.000256497
0.000374343
0.000303242
6.91543e-05
6.91543e-05
0.000357903
0.000137617
0.000103386
0.000301915
8.62699e-05
0.000347025
6.91543e-05
9.95061e-05
0.000335469
6.91543e-05
0.000167889
0.000259401
0.000264597
0.000390767
0.000211614
9.19752e-05
0.000111907
6.91543e-05
6.91543e-05
0.000109091
6.91543e-05
0.00041576
0.000269011
0.000103386
0.000114568
0.000471124
0.000425185
0.000112168
0.000146424
6.91543e-05
0.000216865
0.000103386
0.000145635
6.91543e-05
6.91543e-05
6.91543e-05
6.91543e-05
6.91543e-05
0.000631509
6.91543e-05
6.91543e-05
0.000261738
0.00030394
0.000103386
0.000292423
6.91543e-05
0.000557722
9.19752e-05
0.000103386
0.000308048
0.000487838
0.000126207
0.000512934
9.42733e-05
0.000171848
6.91543e-05
0.000444341
8.62699e-05
0.000232717
6.91543e-05
0.000182724
0.000245203
0.000539586
0.000329541
0.000241366
0.000950777
0.000682151
0.000205395
0.000363858
6.91543e-05
0.0003873
0.000251427
0.000577807
0.000148583
0.000506031
6.91543e-05
0.0663693
6.91543e-05
9.19752e-05
0.000343259
0.000464358
0.000160438
0.000218639
0.000568503
6.91543e-05
0.000249665
6.91543e-05
0.000221605
0.000137275
0.000254625
0.000415753
6.91543e-05
0.000169964
0.000248042
6.91543e-05
0.000592357
0.000221075
0.00034683
0.000202038
0.000126207
0.000176506
0.000113997
0.000256797
6.91543e-05
0.00036879
6.91543e-05
6.91543e-05
0.000114455
6.91543e-05
6.91543e-05
0.000890528
6.91543e-05
6.91543e-05
0.000810936
0.000235303
0.000467237
0.000154733
6.91543e-05
6.91543e-05
0.00031652
0.000103386
6.91543e-05
6.91543e-05
0.000689435
0.000137617
6.91543e-05
0.00056994
0.000130345
0.000101646
0.00122341
0.000238947
0.000359586
0.000103386
6.91543e-05
6.91543e-05
0.00018235
6.91543e-05
0.000280283
0.00030895
0.000428581
0.000122766
0.000386471
9.19752e-05
0.000328951
0.000122278
6.91543e-05
0.000221496
0.000135703
0.000475465
0.000395895
0.000826209
9.19752e-05
0.000103386
0.000248103
0.000137617
0.000135928
6.91543e-05
6.91543e-05
0.000152338
0.000388832
0.000235583
0.000175119
0.000171848
0.000103386
0.000103386
0.000241178
8.62699e-05
0.000601512
0.000447533
9.19752e-05
6.91543e-05
6.91543e-05
0.000191272
6.91543e-05
0.000949766
6.91543e-05
9.19752e-05
6.91543e-05
6.91543e-05
6.91543e-05
0.00037665
0.000561045
0.000188451
0.00088041
0.000365537
0.000413086
0.000171848
0.000272124
0.00012542
0.00012033
0.000332638
0.000310771
6.91543e-05
0.000183149
0.000335191
0.000134896
0.000229942
6.91543e-05
0.000666569
0.000151153
0.000114682
0.000202121
0.000173817
0.00036016
0.000124702
6.91543e-05
0.000762017
0.000128549
0.000307091
0.000535612
0.000242899
0.000810057
0.000103386
0.000140374
6.91543e-05
0.000304119
0.000137275
0.00014288
0.000103386
0.000320357
0.000844694
0.000604923
6.91543e-05
6.91543e-05
0.00016493
0.000109091
0.000642179
0.000128624
6.91543e-05
0.000129554
0.000481917
0.000365213
0.000257617
0.00104544
0.000137617
0.00010795
0.000459182
0.000555106
6.91543e-05
0.000285159
0.000391988
0.000371236
0.000304566
0.000140434
6.91543e-05
8.62699e-05
0.000647724
0.00044709
0.000696072
0.000400225
6.91543e-05
0.000169204
6.91543e-05
6.91543e-05
0.000117922
6.91543e-05
0.000472237
0.000659775
0.000238496
0.00027639
0.000111858
0.000347539
6.91543e-05
0.000171013
0.000519716
0.000352807
0.000265355
0.000137503
6.91543e-05
0.000494037
6.91543e-05
0.000242792
0.000148799
0.000431497
6.91543e-05
0.000434211
6.91543e-05
0.000181072
9.19752e-05
0.000507277
0.000376868
0.000122829
0.000248158
0.00021684
0.000435747
6.91543e-05
6.91543e-05
0.000289528
6.91543e-05
6.91543e-05
0.000226598
0.000290633
0.000324211
0.000476097
0.00031163
6.91543e-05
0.000114568
6.91543e-05
6.91543e-05
0.000326003
0.000460529
0.000137275
0.000103386
0.000403255
0.000134565
8.62699e-05
0.000386301
8.28468e-05
0.000754719
0.000393964
9.19752e-05
0.000120947
0.00025225
6.91543e-05
6.91543e-05
0.000534092
8.62699e-05
0.000103386
0.00030062
0.000132849
9.95061e-05
0.000335475
0.000376985
0.000120501
0.000225786
0.000144851
0.000405715
6.91543e-05
6.91543e-05
0.000145862
0.000236509
0.000320035
0.000313659
0.000273611
6.91543e-05
0.00035085
6.91543e-05
0.00109543
6.91543e-05
0.0003937
0.000389907
6.91543e-05
0.000528607
6.91543e-05
0.000371366
0.000114568
0.000479946
0.000407136
0.000695601
6.91543e-05
0.000224941
6.91543e-05
0.00037381
0.000173445
6.91543e-05
6.91543e-05
6.91543e-05
6.91543e-05
6.91543e-05
8.28468e-05
6.91543e-05
0.000275849
6.91543e-05
0.000381034
0.000247957
0.00149186
8.05647e-05
6.91543e-05
0.000592784
0.000428583
0.000662873
0.000220895
6.91543e-05
0.000171337
0.000132741
0.000223422
0.000291126
0.000342819
0.000872106
6.91543e-05
0.000110247
6.91543e-05
0.00030532
0.000335279
6.91543e-05
6.91543e-05
0.000108274
0.000764149
0.000783715
6.91543e-05
6.91543e-05
6.91543e-05
6.91543e-05
6.91543e-05
6.91543e-05
0.0003512
0.000122153
0.000113997
0.000256231
0.000144479
0.000126431
9.19752e-05
0.000106067
6.91543e-05
0.000219419
0.000120501
0.000682731
0.000107035
6.91543e-05
0.000241691
0.000416496
0.000515745
0.000343651
0.000133433
0.000433583
0.00013462
0.000445101
0.000436215
0.000380455
0.000264791
0.000781751
0.000137617
0.000253556
6.91543e-05
6.91543e-05
0.000169734
0.000105668
0.000137407
0.000100749
0.00027103
6.91543e-05
0.000225484
6.91543e-05
6.91543e-05
0.000404216
9.19752e-05
6.91543e-05
0.00147803
0.000177154
6.91543e-05
8.62699e-05
0.000126207
6.91543e-05
6.91543e-05
6.91543e-05
0.000226997
0.000315643
0.00054786
0.000265167
0.000258056
0.000225453
6.91543e-05
0.000248449
6.91543e-05
0.000332859
6.91543e-05
0.000158315
0.000448919
0.000137302
0.000359492
0.000344887
0.000237486
0.000286664
0.000403612
0.000189876
0.00012016
0.000894293
0.000361977
6.91543e-05
0.000819001
0.00022902
0.000287735
0.000137617
0.000116912
0.000352304
0.000197807
0.000330815
6.91543e-05
0.000522
6.91543e-05
0.000462929
0.000137617
0.000501219
0.000440599
0.00109001
6.91543e-05
0.000137617
0.000114796
6.91543e-05
0.000144721
0.000322669
6.91543e-05
6.91543e-05
0.000296449
0.000137617
0.000761374
0.000339807
0.000281974
0.000287293
0.000137617
0.000244933
0.000362371
6.91543e-05
0.00036956
6.91543e-05
0.00015926
8.62699e-05
0.000589568
0.000160381
6.91543e-05
6.91543e-05
0.000121529
0.000413294
6.91543e-05
0.000137617
0.000103386
0.000137617
0.000178195
0.000570885
6.91543e-05
0.000123503
0.000661958
0.00120743
0.00062834
9.19752e-05
0.000120501
0.000408523
0.000404827
0.000528694
6.91543e-05
0.000244593
0.000421268
0.000123036
0.000498323
0.000125583
0.000344381
0.000278091
0.000180315
0.000786468
9.19752e-05
0.000531069
0.00013761
0.000150602
6.91543e-05
0.000415982
6.91543e-05
0.000137617
0.000191002
6.91543e-05
0.000391211
0.000148541
0.000103386
0.000429674
0.000137617
0.00026324
0.000465336
0.000126207
0.000109091
0.000242592
6.91543e-05
6.91543e-05
0.000150041
0.000783832
6.91543e-05
0.000203141
0.00164363
6.91543e-05
6.91543e-05
0.000672337
6.91543e-05
6.91543e-05
0.000103386
0.000240447
6.91543e-05
0.000103386
0.000625946
0.000154561
6.91543e-05
9.57406e-05
6.91543e-05
0.000114568
0.000451026
0.000291079
0.00014503
9.19752e-05
0.000185404
0.000185047
0.000132159
0.000346866
0.000199467
0.000399252
0.000181415
0.000494553
6.91543e-05
0.000303059
8.62699e-05
0.000498491
0.000250807
0.000453926
6.91543e-05
0.000190086
0.000187843
0.000533921
6.91543e-05
0.000103386
0.000184985
0.000138848
0.000103386
0.000335234
0.000606088
6.91543e-05
0.000732562
0.000114796
6.91543e-05
0.000817275
0.000356899
0.000622971
0.000488273
0.000103386
0.000721466
0.000395679
0.00018287
0.000158755
0.000103386
0.000741696
0.000945301
0.000334995
0.000698271
0.000962689
6.91543e-05
0.000401056
0.000334019
0.000257061
0.000161398
0.000403421
6.91543e-05
0.000148014
8.05647e-05
0.000115043
0.000167132
9.19752e-05
0.000132414
6.91543e-05
0.0012569
0.000137617
0.000380628
0.000189241
0.000128718
0.000302489
0.000153966
0.000314161
0.000413769
6.91543e-05
0.00050616
0.000269171
0.000293418
0.000103386
0.000129554
0.000386471
0.000268847
0.000103272
6.91543e-05
0.000193899
0.000414864
6.91543e-05
0.00019563
0.000188281
0.00089044
0.000525078
0.000180576
0.000209819
6.91543e-05
0.000721032
0.000160604
0.000261186
0.00059441
0.000323269
0.000868826
0.000125922
0.00015019
0.000143402
0.000303242
6.91543e-05
6.91543e-05
0.00033087
6.91543e-05
6.91543e-05
6.91543e-05
6.91543e-05
0.000322317
0.000459594
0.000717212
6.91543e-05
6.91543e-05
8.62699e-05
6.91543e-05
0.00015439
6.91543e-05
0.000174327
0.000241225
0.000440685
6.91543e-05
8.28468e-05
6.91543e-05
9.19752e-05
0.000123921
6.91543e-05
0.000208416
0.000177776
0.00111606
0.000130102
0.00022082
0.000106085
0.00034377
0.000620474
0.00056595
0.000342104
0.000990123
0.000215208
6.91543e-05
0.000379077
8.62699e-05
0.000180442
0.000504096
0.000245564
6.91543e-05
0.000175795
0.000268987
8.62699e-05
0.000780009
0.000420073
0.000258009
0.000125951
0.000343932
0.000103386
6.91543e-05
6.91543e-05
0.000182245
0.000114625
0.000338446
8.28468e-05
6.91543e-05
6.91543e-05
0.000231663
6.91543e-05
0.000441637
6.91543e-05
0.000137617
0.000456121
0.000147553
0.000181182
0.00012033
0.000271249
0.000227593
6.91543e-05
6.91543e-05
0.000219914
0.000189116
0.000531632
6.91543e-05
0.00011999
0.000534278
0.000103386
0.00037062
0.000135465
0.0004652
0.00010104
0.000103386
0.000146255
6.91543e-05
6.91543e-05
0.000327417
0.000258119
8.62699e-05
6.91543e-05
0.000191527
0.000789878
0.000403503
9.47422e-05
6.91543e-05
0.000142193
0.000764897
0.00012033
9.19752e-05
0.00229215
9.19752e-05
0.000275905
0.000361951
0.000540861
0.000700077
0.00018083
0.000689694
6.91543e-05
0.000947993
0.000441894
0.000132431
0.00152309
0.000402769
0.000151147
0.00101643
0.000203254
6.91543e-05
6.91543e-05
0.000257686
6.91543e-05
0.00012033
0.00015405
0.000802369
6.91543e-05
0.000397224
0.000316332
0.000180124
0.000478891
0.000130345
0.000133934
0.000277185
0.000319275
0.000464414
0.000147782
0.000684447
0.000371922
6.91543e-05
0.000542521
0.000419637
6.91543e-05
6.91543e-05
0.000806131
0.000230985
0.000223577
6.91543e-05
6.91543e-05
0.000327901
6.91543e-05
0.000162375
0.00043254
0.000673632
9.19752e-05
0.000158564
0.00062056
6.91543e-05
0.000103386
0.000325092
6.91543e-05
0.000329025
0.000241233
8.62699e-05
0.000745058
0.000458757
0.000201026
0.000497823
0.00048277
0.00015115
0.000320415
0.000759162
0.000100797
0.000241837
6.91543e-05
6.91543e-05
0.00039835
0.000296099
0.000211147
0.000407197
0.000526332
6.91543e-05
0.000133433
0.000239284
0.000382081
6.91543e-05
6.91543e-05
0.000188793
0.000471968
0.000115645
0.00114192
6.91543e-05
6.91543e-05
0.00020029
0.000119888
6.91543e-05
0.000400681
0.000103386
0.000585298
0.000124316
0.000148404
6.91543e-05
0.000227188
6.91543e-05
0.000124548
6.91543e-05
0.000417138
0.000154733
0.001093
0.000636461
0.000137617
0.000231935
0.000134896
0.000209134
6.91543e-05
0.000382476
0.000490397
6.91543e-05
0.000395895
6.91543e-05
0.000178205
0.000226162
0.000136179
6.91543e-05
0.000195715
6.91543e-05
0.000420028
6.91543e-05
6.91543e-05
6.91543e-05
6.91543e-05
0.000210442
0.00039835
0.00022164
6.91543e-05
0.000953711
6.91543e-05
0.000280582
0.000159811
0.000360564
6.91543e-05
0.000997974
0.000118937
0.000674148
0.000321803
0.000326778
0.00073622
0.000232654
0.000106999
0.000519961
6.91543e-05
0.000129047
6.91543e-05
0.000148857
0.000575825
6.91543e-05
0.000321355
6.91543e-05
6.91543e-05
0.00016021
0.00040108
6.91543e-05
0.000103386
0.000156948
0.000559784
0.000209513
0.000131626
0.000192057
0.000165915
6.91543e-05
0.000620166
0.000748807
0.000678399
6.91543e-05
0.000137617
0.00052773
6.91543e-05
0.000854605
6.91543e-05
0.000189991
6.91543e-05
6.91543e-05
0.000515553
0.000235662
0.000279527
0.000132073
0.000171506
0.000210841
0.000479869
0.00111293
6.91543e-05
0.000501026
0.000182345
0.000207612
0.000616542
0.000252313
0.000103386
0.000723444
0.000205395
0.000103386
0.00042288
0.000106067
6.91543e-05
6.91543e-05
0.000683424
0.000137617
0.000255459
0.000103214
0.000162949
0.00016021
0.000217262
6.91543e-05
0.00020202
6.91543e-05
0.000499734
0.000182714
8.05647e-05
6.91543e-05
0.000212337
0.00101385
0.000807705
0.000563535
0.00026621
6.91543e-05
0.000764332
6.91543e-05
0.00203367
0.000137617
0.000634678
0.000303137
0.000137617
0.000517352
8.62699e-05
0.000382701
0.000174113
6.91543e-05
6.91543e-05
0.000163817
0.000171506
9.19752e-05
0.000389858
6.91543e-05
6.91543e-05
0.000217842
0.000110641
0.000108274
0.000162375
6.91543e-05
0.000343001
0.00020894
9.19752e-05
0.000412258
0.000120712
6.91543e-05
0.00130594
0.000227665
0.000166223
6.91543e-05
0.000334456
0.000266338
6.91543e-05
0.000901255
0.00040105
0.000127026
0.000263333
9.40936e-05
0.000412116
6.91543e-05
6.91543e-05
0.000480335
0.000163317
0.00012033
0.00013238
0.000137617
6.91543e-05
0.000280853
0.000187465
0.000144941
6.91543e-05
0.000137617
0.000210244
0.000179894
0.000223157
9.19752e-05
6.91543e-05
6.91543e-05
6.91543e-05
6.91543e-05
0.000226133
0.00012033
0.000226148
0.000698817
0.000194761
0.000556925
0.000273931
0.000468504
0.00014288
6.91543e-05
0.000547506
0.000137275
0.000346609
6.91543e-05
0.000232717
6.91543e-05
6.91543e-05
0.000118937
0.000433982
0.000215755
6.91543e-05
0.000750567
0.00014897
0.000137617
0.000363192
6.91543e-05
0.000174872
0.000284537
0.000103386
0.000184411
6.91543e-05
6.91543e-05
0.000520044
0.000148912
6.91543e-05
0.00131357
0.000142663
6.91543e-05
0.000137617
6.91543e-05
6.91543e-05
6.91543e-05
0.000570245
0.00028594
6.91543e-05
0.000283185
0.000226534
0.00011841
6.91543e-05
0.000103386
6.91543e-05
0.000111907
0.000863882
0.000115498
0.000288156
8.62699e-05
6.91543e-05
0.000144721
0.000595344
0.000167157
0.000181421
0.000569191
6.91543e-05
0.000526636
0.000191214
0.00028503
0.000504404
0.000201663
0.000751982
6.91543e-05
0.000137617
0.000137617
0.000110641
0.000389176
0.000560754
0.000318756
6.91543e-05
0.000648579
0.000143425
9.19752e-05
0.000585807
0.000472126
6.91543e-05
0.000182967
6.91543e-05
0.000315874
6.91543e-05
0.000190922
0.000281615
9.19752e-05
0.000418937
0.000343813
6.91543e-05
0.000311808
6.91543e-05
0.00136498
0.000467477
0.00044142
6.91543e-05
0.000198166
0.000160438
0.000414888
0.000319342
0.000613902
0.000900137
0.000269241
0.000353159
0.000212428
6.91543e-05
6.91543e-05
0.000484611
6.91543e-05
0.000134085
0.00012782
6.91543e-05
0.000137617
6.91543e-05
6.91543e-05
0.000179825
0.000636216
0.00079246
0.000260506
0.000228875
6.91543e-05
0.000458356
0.00118486
0.000122278
0.000379676
0.000171848
0.000129047
6.91543e-05
0.000144683
0.000366603
6.91543e-05
0.000215723
6.91543e-05
0.000184318
0.000185003
0.000701501
0.000265146
0.000491037
0.000114682
0.000340172
9.27039e-05
0.000111801
0.00145166
9.19752e-05
0.000103386
0.000138956
6.91543e-05
0.000201749
0.000233065
6.91543e-05
0.000391529
0.000111912
6.91543e-05
8.28468e-05
0.000128519
0.000307066
0.000160931
0.000479371
6.91543e-05
0.000467815
0.0003252
0.000255596
0.000344179
9.18611e-05
0.000187853
0.000504268
6.91543e-05
0.00016425
0.000243191
0.000313033
0.000198196
0.000247634
0.00125899
6.91543e-05
6.91543e-05
0.000103386
0.000184318
0.000257579
0.00107562
6.91543e-05
6.91543e-05
0.000137617
0.000126207
6.91543e-05
0.000103386
8.62699e-05
0.000729336
0.000427385
0.000486868
0.000962778
0.000115731
0.000152936
0.000148458
0.000407544
0.000289259
0.000354287
0.000275958
0.000453911
0.00052344
0.000248607
0.000162736
0.000415884
0.000190653
6.91543e-05
0.00092382
6.91543e-05
9.19752e-05
0.000186069
0.0001755
0.000343263
0.000205395
0.000120501
6.91543e-05
0.000174941
0.000398227
0.000175449
0.000376026
6.91543e-05
0.000294316
0.00025539
0.000169184
0.00050658
6.91543e-05
0.000103386
0.000997563
6.91543e-05
6.91543e-05
0.000274735
6.91543e-05
0.000878967
0.000363114
6.91543e-05
0.000816417
6.91543e-05
0.000447617
6.91543e-05
0.000169709
0.000425051
0.000111912
0.000714597
6.91543e-05
0.000237047
0.000527358
8.62699e-05
0.00157701
0.000904502
0.000752967
6.91543e-05
6.91543e-05
9.19752e-05
9.40936e-05
6.91543e-05
9.91585e-05
0.000174161
0.0002226
6.91543e-05
6.91543e-05
0.000199918
0.000478924
0.00028036
0.000128676
0.00119966
6.91543e-05
0.000255596
6.91543e-05
6.91543e-05
0.000265598
0.000114779
0.000336271
0.000612412
0.00012033
0.000178602
0.00117452
0.000137617
0.000201482
0.000210184
0.000283151
0.000174977
0.000271476
0.000225453
0.000114796
6.91543e-05
0.000242993
0.000279723
0.00019081
0.00129262
6.91543e-05
0.000780569
0.000451048
6.91543e-05
6.91543e-05
6.91543e-05
0.000592337
0.000103386
6.91543e-05
6.91543e-05
0.000103386
0.000316004
0.00022186
0.0010539
6.91543e-05
0.000374615
0.000108274
0.000459909
0.000137617
0.000469552
0.000700199
0.000251152
0.000566306
0.000195828
0.000479508
0.000566865
6.91543e-05
0.000494991
0.00104044
0.000375652
0.000224941
0.000265734
6.91543e-05
0.000347903
0.000160702
0.000131392
0.000154248
0.000253782
0.000313563
0.000209421
6.91543e-05
6.91543e-05
6.91543e-05
0.000137617
9.18611e-05
0.000275717
0.000107373
0.000271885
0.000104464
0.000337075
0.000757694
0.000173023
0.000317258
6.91543e-05
6.91543e-05
0.000154505
0.000141558
0.00012346
0.000265165
9.19752e-05
0.000114682
0.000114398
6.91543e-05
0.00022928
0.000205395
0.000227827
0.000702199
0.000656182
0.000203656
0.000656011
6.91543e-05
0.000317358
6.91543e-05
6.91543e-05
0.000182714
0.000252788
6.91543e-05
8.62699e-05
0.0005278
0.000322104
0.000144872
0.000269229
0.000210737
0.00028953
0.000357319
0.000326096
0.000525965
0.000183145
6.91543e-05
0.000106962
0.000107031
0.000198161
0.000262831
0.000507639
0.00019021
6.91543e-05
0.000161574
0.000153859
0.000665606
0.000688471
0.000624301
0.000569918
0.000243898
0.000351742
0.000137617
0.000277389
0.000318756
0.000360115
0.000176502
0.000216694
6.91543e-05
0.000464874
0.000263257
0.000434721
0.000121757
0.000137617
0.000399474
0.000951231
0.000385633
0.000137617
9.64937e-05
0.000435804
0.00011999
0.000224673
0.000220304
0.000137617
6.91543e-05
6.91543e-05
0.000702004
0.000180321
0.000154561
0.000238157
6.91543e-05
0.000172946
6.91543e-05
0.000352535
6.91543e-05
0.000538301
0.000590678
0.000281669
0.000138257
0.000220756
0.000419431
6.91543e-05
0.000137617
0.000477193
9.19752e-05
6.91543e-05
0.000257217
0.000355088
9.19752e-05
0.000258009
0.000174261
0.000204742
0.000350818
0.000393208
0.000221583
6.91543e-05
6.91543e-05
6.91543e-05
0.000111858
6.91543e-05
0.000180036
0.000249955
0.000920127
9.94356e-05
0.0001709
0.000492683
0.000239408
6.91543e-05
0.000114796
6.91543e-05
6.91543e-05
0.000548732
0.000290652
0.000170502
9.19752e-05
0.000575071
0.000279527
0.000137617
0.000273376
6.91543e-05
6.91543e-05
0.000355447
6.91543e-05
0.000145409
0.00146126
0.000167665
0.000352891
0.000217058
0.000103386
0.000281303
6.91543e-05
0.000952649
0.000137617
0.000912853
6.91543e-05
0.000165405
0.000171379
0.000103386
6.91543e-05
6.91543e-05
0.000179748
6.91543e-05
0.000137617
8.62699e-05
0.000238496
0.000146909
6.91543e-05
0.000657196
0.000124115
0.000239489
6.91543e-05
0.00016493
6.91543e-05
0.000326472
0.000222189
0.000237456
0.000802879
0.000471291
0.000328607
6.91543e-05
0.00022844
0.000336102
0.000460201
0.000103386
0.000114568
0.000689653
6.91543e-05
6.91543e-05
6.91543e-05
0.00025447
0.000735279
0.000534711
0.000255201
0.000151537
6.91543e-05
6.91543e-05
0.000137617
0.000290229
0.000187701
0.000279698
0.000362747
9.19752e-05
0.000737862
0.00022217
6.91543e-05
0.000269458
9.19752e-05
0.000228672
0.000196656
6.91543e-05
0.000111858
0.000146281
6.91543e-05
0.000369791
0.000125978
8.62699e-05
0.000323126
6.91543e-05
6.91543e-05
0.000139378
8.62699e-05
0.000475489
0.000177382
6.91543e-05
0.000336015
0.000199927
0.000280542
0.000144224
0.000538462
0.000103386
0.00015131
6.91543e-05
0.000135128
0.000572487
0.000120141
0.000103386
0.000559999
0.000403416
0.00112849
0.000225969
0.00026142
0.000158345
0.000481562
0.000208887
0.00016021
0.00074672
6.91543e-05
0.000137617
0.00011841
0.000277799
0.000137617
0.000179759
0.000164701
0.000504247
6.91543e-05
6.91543e-05
0.000289185
0.000408317
6.91543e-05
0.000580935
6.91543e-05
6.91543e-05
0.000114789
0.000221152
6.91543e-05
0.0012143
0.000249396
0.000261968
0.000192687
0.000872685
0.0004662
0.00012033
6.91543e-05
0.000103386
0.000205776
0.000103386
6.91543e-05
6.91543e-05
0.000648295
0.000438192
6.91543e-05
0.000295095
0.000216879
0.000103386
0.000650463
0.000478988
0.000419854
6.91543e-05
0.000745531
0.000113353
6.91543e-05
0.000461085
6.91543e-05
0.000486156
0.000306267
0.00013748
6.91543e-05
0.00174177
0.000571236
0.000747604
0.00035969
0.00030777
8.62699e-05
6.91543e-05
6.91543e-05
0.000128744
0.000160982
0.000175349
0.000373731
0.000503935
0.000492666
0.000280517
0.000196585
6.91543e-05
0.000548302
6.91543e-05
0.000212337
6.91543e-05
8.62699e-05
0.000339832
0.000823096
0.000339143
