0.99
9.67011e-05
0.000121674
0.000122944
8.59673e-05
0.000236199
9.37432e-05
2.58299e-05
0.000159208
0.000553181
0.000530536
0.000351571
2.15609e-05
0.00024997
3.75165e-05
0.000239782
0.000195158
9.90148e-05
0.000241943
2.15609e-05
4.90115e-05
0.00038499
0.000290063
4.80296e-05
8.88532e-05
0.000238758
6.87999e-05
6.45397e-05
2.15609e-05
2.15609e-05
0.000152248
0.000480156
0.000186863
0.000126496
9.6176e-05
0.000298533
6.09411e-05
0.000431716
7.14983e-05
7.57743e-05
0.000256774
6.30069e-05
9.92932e-05
4.65076e-05
0.000151568
8.08802e-05
2.15609e-05
0.000164454
0.000122089
2.15609e-05
6.60307e-05
0.00023503
8.12664e-05
2.8676e-05
9.68637e-05
7.8893e-05
0.000319147
8.91569e-05
2.15609e-05
9.02636e-05
2.15609e-05
0.000522471
0.000118271
0.000570072
3.94768e-05
0.000314549
0.000305019
2.8676e-05
0.000146473
2.15609e-05
6.50392e-05
0.000179005
0.000198167
8.05436e-05
0.000169778
9.91232e-05
0.000330932
0.000436245
0.000243518
5.88618e-05
0.000237699
0.000115151
9.73731e-05
0.000256079
0.000125157
0.000282346
0.000402224
0.000686586
0.000239506
0.000180367
0.000152066
0.000102677
0.000179631
0.000347241
2.8676e-05
0.000123952
6.12149e-05
7.46003e-05
0.000115528
0.000117786
0.000290059
0.000154779
0.000391159
4.60469e-05
6.13795e-05
0.000308151
0.000101153
0.000184121
0.000188079
0.000285184
0.00123451
8.20567e-05
0.00035208
3.41771e-05
2.15609e-05
0.000137016
7.88444e-05
7.86739e-05
9.43115e-05
4.82201e-05
0.00011975
0.000274064
5.41959e-05
2.58299e-05
8.28278e-05
0.000126206
0.000135273
0.000173547
0.000326032
0.000157698
8.74527e-05
0.000277342
5.50475e-05
0.000172483
2.15609e-05
2.15609e-05
0.000140563
0.000168635
0.000600468
2.15609e-05
8.57409e-05
0.000108717
2.15609e-05
0.000118947
0.000405033
0.000204013
0.000190815
0.000331321
5.9269e-05
0.000145344
2.8676e-05
0.000293603
0.000128795
0.000326273
0.000299259
6.08022e-05
2.15609e-05
2.15609e-05
7.18063e-05
0.000320209
4.13679e-05
0.000570959
0.000644354
0.000248546
0.000236972
5.73169e-05
0.000279437
7.36511e-05
0.000110757
0.000139131
0.000605838
0.000164971
3.91051e-05
0.000124369
0.000137334
6.83965e-05
0.000330434
0.000160171
6.35271e-05
6.99086e-05
8.15239e-05
0.000173798
2.15609e-05
9.5633e-05
0.000181271
0.000241373
2.15609e-05
7.03269e-05
0.000269067
3.47782e-05
0.000230005
2.15609e-05
6.04654e-05
0.000341631
0.000158775
2.15609e-05
0.00017893
5.45197e-05
0.000127804
8.32799e-05
0.000512997
0.000390745
0.000280624
0.000563158
8.67437e-05
0.000428747
0.000385506
9.81469e-05
3.22335e-05
0.000169955
0.000157047
0.00150272
0.000260334
0.000548693
0.00027939
9.0331e-05
0.00011388
0.00027458
2.15609e-05
0.000136882
5.51209e-05
0.000972512
2.15609e-05
0.0004136
2.15609e-05
0.000255227
5.76641e-05
0.000158579
0.00017778
2.15609e-05
2.15609e-05
0.000212765
0.00016492
0.00010219
2.15609e-05
2.15609e-05
6.97538e-05
2.15609e-05
0.00021125
0.000163033
0.000275
0.000277819
0.000196723
0.000174839
0.000457744
0.000100959
0.00020284
0.000109516
2.8676e-05
0.000307951
4.29062e-05
2.15609e-05
0.000261856
0.000135218
0.000179523
0.000276345
4.73619e-05
0.000443963
0.000254351
2.15609e-05
2.15609e-05
9.21714e-05
9.00941e-05
8.71207e-05
2.15609e-05
2.15609e-05
0.000266107
0.000313359
0.000564539
0.000242318
0.000103011
0.000283887
8.32238e-05
4.37307e-05
0.00012288
9.63638e-05
6.70526e-05
0.000227445
0.000252475
0.000339607
0.000299771
0.000556321
0.000188079
3.68083e-05
4.08608e-05
2.15609e-05
8.88037e-05
4.9585e-05
0.000127678
7.61045e-05
9.22653e-05
0.000365856
6.57798e-05
0.000220915
0.000855323
2.15609e-05
0.000166943
0.000648095
0.000351512
6.1376e-05
5.21952e-05
0.000226941
2.15609e-05
0.000178845
0.00018639
7.26102e-05
0.000206677
0.000171868
2.15609e-05
0.000113179
0.000122514
0.000454947
0.000153478
0.000390254
2.15609e-05
2.15609e-05
0.000325787
0.000166943
2.15609e-05
0.000274759
0.000193269
9.66925e-05
9.23442e-05
2.15609e-05
3.62471e-05
4.35735e-05
0.000131647
5.22747e-05
0.000425042
8.40365e-05
0.00011798
0.000143458
0.000174909
0.000157269
0.000198939
0.000476063
9.79804e-05
0.00011059
2.58299e-05
8.12196e-05
2.15609e-05
0.000355598
7.66467e-05
0.000120191
0.000672801
0.000122312
0.000153838
0.000195194
0.000256229
0.000155275
3.1024e-05
2.15609e-05
0.000420209
7.78786e-05
3.93486e-05
0.000333185
0.000292496
8.65616e-05
0.000155244
0.000119462
6.76628e-05
0.00030565
8.65927e-05
0.000231169
2.15609e-05
0.00022279
0.000288401
8.76498e-05
6.09906e-05
0.000810234
7.50858e-05
7.4519e-05
2.15609e-05
0.000203527
0.000779173
3.97026e-05
3.5858e-05
0.000166569
2.15609e-05
4.99142e-05
2.51184e-05
0.000762908
6.90598e-05
0.000427599
7.56988e-05
0.000503119
0.000116379
8.69195e-05
4.33581e-05
0.000191332
0.000217738
0.000205092
6.9752e-05
6.68446e-05
0.000102969
0.000277735
9.99219e-05
2.15609e-05
0.000240587
3.71383e-05
0.000271864
0.000270129
0.000480128
0.000234687
0.00038905
0.000522235
2.15609e-05
0.000172435
0.000138142
0.000136128
0.000224136
2.15609e-05
0.000440967
2.15609e-05
0.000190285
5.87022e-05
0.000273368
7.94555e-05
0.000140454
4.99501e-05
7.39924e-05
3.65263e-05
0.000113067
4.34671e-05
0.000144935
3.93486e-05
0.00032156
2.15609e-05
0.000189133
0.000544036
4.2202e-05
0.000488852
5.9788e-05
0.000442567
6.48696e-05
0.000443369
2.15609e-05
0.000159848
0.000133834
2.15609e-05
2.8676e-05
5.9306e-05
0.000437149
0.000249106
0.000558061
9.49e-05
0.000125066
0.000396586
0.000655412
5.04182e-05
0.000161233
0.000300716
0.000356611
0.000102009
0.000450166
0.000161596
0.000168069
6.08704e-05
3.83434e-05
0.000357579
6.09658e-05
0.000148408
0.000108925
0.000112014
0.000118453
0.000437843
0.000349077
2.15609e-05
2.15609e-05
2.8676e-05
0.000145664
0.000210503
0.000439129
0.000236223
8.8406e-05
8.27174e-05
0.000228618
0.000335851
8.36945e-05
7.04991e-05
0.000434746
0.000110814
7.16974e-05
0.000169704
0.000356497
0.000160045
0.000226817
2.15609e-05
0.000106869
0.000235033
5.88639e-05
2.15609e-05
8.12664e-05
0.000250113
0.00049938
0.000103814
0.000116214
3.12158e-05
5.63067e-05
2.15609e-05
0.000384636
0.000140441
9.0509e-05
0.00062706
0.000501555
3.22335e-05
0.000215905
4.29062e-05
0.000442487
2.15609e-05
0.000180094
0.000396566
0.000227837
0.000399207
5.92426e-05
0.000149858
0.000390331
7.51731e-05
0.000533635
0.00012492
2.15609e-05
8.48611e-05
2.15609e-05
0.000337493
0.000254983
0.00022272
2.15609e-05
0.000587477
0.000205692
0.000117364
0.000243143
0.000187245
6.81839e-05
2.15609e-05
3.86678e-05
8.14982e-05
2.15609e-05
0.000244407
0.000211067
9.82365e-05
5.54408e-05
2.15609e-05
5.83492e-05
0.000304894
0.00040759
0.000240883
9.77134e-05
0.000132778
0.000101973
3.84131e-05
0.000266364
0.000402113
8.91301e-05
5.40001e-05
6.36798e-05
2.15609e-05
0.00023332
0.000652264
8.85099e-05
6.58007e-05
6.51386e-05
0.000185273
7.47195e-05
3.57199e-05
0.000490804
6.99761e-05
0.000174436
2.15609e-05
0.00031756
2.86582e-05
0.000271901
6.16402e-05
0.000107144
0.00031661
3.76065e-05
0.000318592
0.000119503
0.00014714
0.000297341
0.000377941
0.000142996
7.45001e-05
2.15609e-05
3.93397e-05
0.000114053
0.000163439
5.67121e-05
2.8676e-05
4.61703e-05
0.000124608
0.000130553
8.16393e-05
0.000197247
0.000208473
0.00024065
0.000131753
0.000184145
7.14818e-05
0.000220595
2.15609e-05
0.00031538
0.000178737
2.8676e-05
0.000256081
2.15609e-05
9.93932e-05
0.000114212
6.87927e-05
0.000125994
5.502e-05
2.15609e-05
2.15609e-05
2.15609e-05
0.000174893
0.000196032
0.000115451
0.000128259
0.000686628
0.00119628
0.000170924
0.000292518
0.000107907
0.000108873
8.25331e-05
7.33389e-05
0.00011404
0.000480406
0.000233926
0.000478265
0.00047805
3.00848e-05
0.000197529
7.30158e-05
3.7216e-05
0.00021326
5.2239e-05
0.000551017
3.22335e-05
0.00027484
0.000569496
0.000109404
7.79801e-05
6.18541e-05
5.00213e-05
0.000406181
0.000317775
5.29547e-05
3.76397e-05
0.000214
9.85001e-05
0.000246571
0.000275024
0.000486242
0.000404205
0.000169397
0.000275349
0.00016053
0.000143598
9.44174e-05
0.000155898
2.15609e-05
0.00036467
5.72506e-05
0.000115445
0.000207437
0.000473009
0.00017325
0.000115329
4.49245e-05
0.00034444
6.57993e-05
2.58299e-05
2.68972e-05
0.000226719
0.000278686
3.83675e-05
0.000165089
0.00026325
0.000167759
0.000176567
0.000341953
8.98703e-05
0.000346658
0.000112035
0.000108911
8.39228e-05
0.000210993
0.00025415
0.000181773
0.000367456
2.15609e-05
0.000110729
0.000319192
0.000103343
0.000224678
5.91606e-05
4.75399e-05
0.00020907
0.000269485
2.15609e-05
0.000163778
5.1612e-05
0.000195515
2.15609e-05
0.000345986
0.000104051
0.000396084
7.59485e-05
0.000357892
0.00021098
8.74979e-05
0.000144551
8.60738e-05
0.000142062
0.00041115
0.000163033
0.000399774
2.15609e-05
0.000186762
0.000121317
0.00021474
0.000251236
0.000159735
7.89884e-05
0.000328937
7.96887e-05
0.000184212
0.000233729
5.17753e-05
0.000248114
9.03638e-05
4.14459e-05
0.000102797
9.38953e-05
0.000508316
0.000564257
8.50189e-05
0.00022357
0.000100285
0.000100706
2.15609e-05
0.000314145
2.15609e-05
4.82799e-05
2.15609e-05
0.000328326
3.15384e-05
0.000315577
0.000422165
5.48091e-05
5.68504e-05
2.15609e-05
6.82668e-05
0.000217147
8.58643e-05
0.000190949
0.000224206
9.33592e-05
0.000211365
0.000355199
0.00013959
0.000463329
0.000173976
4.87091e-05
5.32499e-05
2.15609e-05
0.000459464
7.20668e-05
0.000206124
0.000407874
0.000202758
0.000262366
3.64483e-05
7.89196e-05
0.000168761
0.000511073
7.03066e-05
2.15609e-05
0.000142557
0.000357923
0.000233651
7.09866e-05
0.000107418
0.000302275
0.000428437
0.000460024
0.000300379
4.48091e-05
0.000218924
0.000136048
0.000497407
0.000188468
0.000285058
0.000301475
9.52775e-05
5.2526e-05
0.000656366
0.00025764
0.000225702
0.0002333
3.67668e-05
2.68972e-05
0.000122366
0.000632572
2.15609e-05
0.000103251
0.000182869
8.75973e-05
0.000713107
3.22335e-05
8.19759e-05
0.000173814
0.000346662
2.15609e-05
3.29104e-05
3.34281e-05
8.93892e-05
7.18063e-05
0.000139654
0.000603384
3.76413e-05
0.000175592
0.000147652
0.000299709
6.0408e-05
2.15609e-05
7.16974e-05
0.000181703
0.000437431
0.000210994
0.000180797
2.15609e-05
0.000386925
0.000156008
0.00010697
2.62924e-05
0.000240696
0.000331774
2.15609e-05
0.000405276
3.56946e-05
0.000284176
0.00025986
0.000253628
6.56226e-05
5.98633e-05
0.000123876
8.91413e-05
0.000178835
7.85692e-05
0.000149891
3.22335e-05
5.40656e-05
5.84847e-05
8.73019e-05
2.15609e-05
6.32531e-05
0.000118428
0.000188604
6.05271e-05
8.05236e-05
2.58299e-05
0.000193614
0.00032058
0.000256892
8.96132e-05
5.28012e-05
0.000209391
2.15609e-05
9.7436e-05
4.01459e-05
4.12817e-05
0.000317094
3.57555e-05
8.49603e-05
0.000158656
0.000204668
8.42601e-05
4.16715e-05
0.000784312
0.000333863
0.000258704
6.69333e-05
0.000340502
0.000119311
3.92419e-05
0.000111539
7.86739e-05
0.000234573
0.000244257
7.77147e-05
0.000140813
0.00010852
0.000121674
0.000180914
5.18285e-05
0.000162535
0.000222622
0.000115429
0.00032771
2.15609e-05
0.000567758
0.000146987
0.000242776
4.98607e-05
3.84615e-05
2.15609e-05
4.81723e-05
0.000105705
0.000117893
0.000112198
0.00019335
2.15609e-05
0.000552361
4.22785e-05
2.15609e-05
0.000121796
6.01457e-05
0.000246916
6.05363e-05
8.51258e-05
3.92419e-05
0.0001476
2.15609e-05
2.80872e-05
0.000467137
0.000104878
8.24712e-05
0.000154408
8.53987e-05
0.000175283
0.000159934
0.000120407
0.00020695
0.000591084
0.000139584
6.09028e-05
0.000100556
0.000217516
4.29062e-05
0.000112708
0.000157126
2.15609e-05
0.000145744
5.19379e-05
2.15609e-05
0.000192191
0.000159447
0.000133146
0.000134853
6.0997e-05
4.97532e-05
0.000520963
0.00015565
0.000157051
0.000339852
0.000119364
0.000300868
5.44479e-05
7.49742e-05
0.000153176
0.000193595
0.000393477
0.000403424
7.88444e-05
9.59119e-05
0.000174512
0.000356998
8.0707e-05
0.000235639
2.58299e-05
7.2458e-05
0.000226629
7.26676e-05
0.000132958
2.58299e-05
2.15609e-05
2.15609e-05
4.51293e-05
0.000162669
2.8218e-05
0.000103894
4.88791e-05
4.99501e-05
0.000111809
0.000146821
2.15609e-05
0.000143522
6.68088e-05
0.000109163
3.0437e-05
0.000609653
0.000136026
2.68972e-05
0.000144345
8.86358e-05
0.000183905
5.14413e-05
7.79759e-05
0.00062848
0.000259187
0.000302591
0.000850378
7.72029e-05
0.000569849
0.000114832
8.27333e-05
0.000545486
0.000334766
0.000126907
0.000218511
2.15609e-05
0.000248204
0.000347463
9.37745e-05
2.15609e-05
0.000202312
0.000825728
0.000220181
0.000252226
4.90345e-05
0.000138308
7.77782e-05
8.3364e-05
9.3487e-05
0.000261321
2.15609e-05
3.22335e-05
0.000207155
0.000269254
2.15609e-05
5.92049e-05
0.000384986
0.000880104
0.000239812
0.000256281
8.61254e-05
2.15609e-05
4.92554e-05
3.31839e-05
2.15609e-05
0.000311598
9.28871e-05
7.84879e-05
2.15609e-05
0.000143862
2.15609e-05
2.76438e-05
4.53797e-05
4.31198e-05
0.000476875
0.000572664
0.00038854
0.000443462
2.79431e-05
9.85665e-05
0.000202944
0.000161937
0.000237505
0.000190817
7.38746e-05
0.000150913
2.15609e-05
2.15609e-05
0.000107374
0.000141536
0.000111969
0.000179177
2.15609e-05
0.000258816
0.000236294
2.8676e-05
0.000629498
0.000334881
0.000113045
0.000115948
6.82668e-05
3.29612e-05
6.5732e-05
0.000193445
0.000190509
0.000368081
5.56481e-05
0.000299776
0.000322365
0.000379855
0.000122485
0.000239066
8.73331e-05
9.40294e-05
0.000251483
0.000407973
6.87803e-05
2.15609e-05
6.60526e-05
0.000233952
0.000206318
5.77122e-05
2.15609e-05
0.000256016
2.15609e-05
0.000148608
0.000344412
8.89098e-05
0.000190035
2.95299e-05
2.15609e-05
8.34334e-05
0.000213053
0.000486715
2.15609e-05
8.82103e-05
4.3767e-05
0.000183966
3.22335e-05
0.00037389
0.000617408
0.000110068
0.000544519
4.09459e-05
4.85323e-05
0.000118363
0.000215416
0.00022071
0.000205069
2.8676e-05
7.79098e-05
0.000250157
5.66944e-05
0.000110987
0.000238657
2.15609e-05
0.00019628
5.3162e-05
0.00016013
2.8676e-05
0.000202151
2.15609e-05
0.000412234
2.15609e-05
0.000163948
0.000352017
0.000259362
0.000147604
0.000184241
0.000300868
2.15609e-05
3.98441e-05
2.15609e-05
0.000169422
0.000177376
0.00011047
8.39228e-05
0.000446336
0.000290518
0.000249284
2.15609e-05
8.20392e-05
0.000243589
0.000169324
0.000109887
6.67696e-05
0.000150879
3.93501e-05
5.70515e-05
8.51727e-05
0.000177136
3.51083e-05
2.15609e-05
0.000254144
7.50779e-05
0.000345587
0.000326189
9.31701e-05
0.000357384
0.00024037
0.000302313
2.58299e-05
7.28217e-05
6.20497e-05
0.000115558
0.000295744
0.000410963
0.000181935
0.000383175
3.45459e-05
0.000188711
2.15609e-05
7.3986e-05
0.000102238
5.89238e-05
0.000115568
3.61356e-05
7.72866e-05
0.000139204
4.07399e-05
6.06505e-05
4.12817e-05
7.38206e-05
0.000245925
3.33401e-05
0.000195264
0.000223836
3.71659e-05
0.000149179
0.000168708
5.88879e-05
0.000277074
9.48683e-05
8.03433e-05
0.000152124
8.95224e-05
3.0437e-05
0.000183517
8.33127e-05
0.000180219
8.93836e-05
0.000310585
2.15609e-05
0.000130338
7.89222e-05
5.89151e-05
0.000129525
2.8676e-05
8.00408e-05
0.00023401
0.00015305
0.000379405
0.000372949
0.000285379
6.65474e-05
0.000132805
0.000534273
0.000112359
9.43193e-05
0.000389293
7.96546e-05
8.77528e-05
0.000175664
2.15609e-05
0.000350971
8.0544e-05
0.000124877
4.53062e-05
0.000130903
0.000201373
0.000399002
8.30708e-05
2.15609e-05
2.8676e-05
6.88592e-05
9.71729e-05
4.99483e-05
0.000305588
0.000306881
0.000264985
0.000135288
3.22335e-05
0.000626012
0.000125956
6.46462e-05
0.000181176
3.33401e-05
2.15609e-05
0.000589399
0.000142251
0.000136323
0.000221848
0.000294424
6.27567e-05
0.000708974
2.15609e-05
6.77656e-05
5.78997e-05
7.50054e-05
3.34138e-05
7.61742e-05
3.93486e-05
0.000130546
0.00082594
0.000168112
0.000195223
2.68972e-05
4.19963e-05
5.54393e-05
5.63626e-05
0.000229747
0.000325285
0.000103766
0.000155336
0.000160188
0.000236964
3.88952e-05
0.000338227
8.5738e-05
0.000221205
0.000107637
9.26616e-05
7.45781e-05
0.00022712
0.000140567
9.74064e-05
9.22031e-05
3.5238e-05
2.15609e-05
2.15609e-05
2.8676e-05
5.26851e-05
0.000106815
9.72475e-05
2.15609e-05
0.000207911
2.8676e-05
0.000304032
0.000100786
3.16934e-05
0.000445548
0.000110126
0.000476506
0.000258945
0.000112359
3.4875e-05
2.15609e-05
0.000177087
2.15609e-05
4.78987e-05
2.68972e-05
0.000193467
4.65188e-05
3.57467e-05
0.000155225
0.000366849
0.000170824
0.000296614
9.33061e-05
0.000287629
5.78997e-05
2.15609e-05
0.000265876
0.000523354
0.000343641
2.15609e-05
0.00016079
0.000341221
5.52337e-05
9.27318e-05
9.91788e-05
0.000485263
4.9566e-05
0.00010133
0.000644445
0.000110415
0.000459576
0.000108436
7.46549e-05
6.83179e-05
2.15609e-05
2.15609e-05
2.15609e-05
0.000213226
7.49017e-05
8.28102e-05
8.37075e-05
0.000114482
0.000160562
0.000100283
0.000221548
0.000223962
2.15609e-05
0.000102427
8.93783e-05
2.15609e-05
2.15609e-05
0.000128526
0.000400329
0.000446334
0.000229659
0.00010824
0.000145919
0.000147557
2.15609e-05
2.15609e-05
0.000183565
0.00034868
8.59502e-05
0.000178733
5.44408e-05
0.000126232
5.63232e-05
8.31722e-05
5.13419e-05
5.67891e-05
0.000416354
2.15609e-05
0.00033554
0.0003566
0.000264194
9.60424e-05
0.000387812
0.000595345
0.00011696
0.000232865
0.000215759
0.000193271
0.000293743
0.000276392
0.000187016
0.000141646
2.15609e-05
0.000286321
0.000212
9.81613e-05
0.00013977
6.4716e-05
2.15609e-05
2.58299e-05
0.000249246
8.03433e-05
6.93858e-05
0.000135369
2.15609e-05
0.000294627
3.4357e-05
0.00019896
0.000135496
0.000244083
2.15609e-05
0.000146988
0.000106823
0.000108872
7.78258e-05
0.000423214
2.15609e-05
0.000223212
9.21761e-05
8.12664e-05
0.000311776
0.000202383
5.98536e-05
0.000183024
9.36751e-05
0.000183728
5.81047e-05
4.31082e-05
0.000520867
0.000126894
0.00030207
0.000350458
0.000203
0.000153274
0.000177063
0.000356803
0.000119117
2.51184e-05
8.1789e-05
0.000321214
2.15609e-05
8.16054e-05
0.000113729
8.03067e-05
0.000134012
7.05712e-05
0.000121636
0.000155173
0.000660935
5.34721e-05
2.15609e-05
6.50335e-05
0.000567806
2.68972e-05
4.38478e-05
3.50441e-05
2.15609e-05
0.000100043
2.15609e-05
2.15609e-05
4.22785e-05
0.000126394
5.40942e-05
0.000299668
2.79431e-05
0.000178743
0.000431565
0.000186634
5.07773e-05
3.69882e-05
5.4985e-05
7.63124e-05
0.000511547
0.000191708
3.5281e-05
0.000548296
4.27995e-05
0.00029765
8.94246e-05
0.000194892
0.000136407
5.38796e-05
5.51713e-05
0.000269284
3.48312e-05
0.000217958
3.00986e-05
9.435e-05
0.000120128
0.000402603
0.000213835
0.000224453
0.000102929
0.000559218
8.66788e-05
0.000368921
0.000301543
4.10358e-05
2.15609e-05
0.000207616
0.000372855
3.9167e-05
3.87761e-05
2.15609e-05
0.000207361
0.00028031
0.000170599
0.00114765
0.000133816
7.98116e-05
0.000228842
2.15609e-05
8.99478e-05
0.000269714
0.00025311
0.000246666
9.38336e-05
6.21114e-05
2.15609e-05
0.000193448
2.15609e-05
3.0437e-05
5.60619e-05
0.000141234
2.15609e-05
4.09654e-05
0.000207233
0.00025239
0.000237348
0.000185941
3.09443e-05
0.000139965
2.15609e-05
0.000177205
0.000141655
3.68079e-05
0.000381859
0.000291598
0.000464262
0.0001997
2.15609e-05
0.000187779
9.50491e-05
9.51326e-05
0.000190689
7.23032e-05
6.57363e-05
8.57935e-05
5.50466e-05
0.00016343
2.15609e-05
4.87208e-05
0.000180627
5.82339e-05
8.01168e-05
4.29062e-05
2.8676e-05
9.49025e-05
0.000757103
0.000177355
0.000167566
2.15609e-05
0.000110146
0.000179232
0.000290349
0.000555243
0.00039634
2.15609e-05
2.15609e-05
0.000333086
0.000374945
2.8676e-05
0.000121511
3.07026e-05
7.24895e-05
0.000101998
0.000187843
0.000295414
3.92487e-05
5.17467e-05
2.15609e-05
2.15609e-05
9.24762e-05
0.000643316
3.52635e-05
0.000339031
0.000217126
0.000113602
0.000220181
0.000105409
0.000391485
0.000104961
0.000121673
0.000109515
7.63183e-05
2.7682e-05
0.000166824
0.000129952
0.000182316
0.000150847
0.000110132
2.79431e-05
0.000208113
2.89609e-05
0.0001042
8.96384e-05
8.59673e-05
0.000179501
0.000228649
0.000626452
0.000281783
8.34128e-05
0.000264698
0.000100399
0.000116107
0.000310866
0.000479749
0.000225216
2.66752e-05
0.000110158
7.43405e-05
0.000107516
2.15609e-05
4.53197e-05
0.000271318
2.15609e-05
0.000322857
0.000261434
0.000178601
0.000174949
3.26452e-05
0.0004901
0.000187676
4.07736e-05
0.000201242
0.000189633
0.000192584
8.32498e-05
7.28671e-05
0.000143295
5.64332e-05
0.000176758
8.19834e-05
6.63188e-05
0.000123281
0.000258949
0.000143071
2.68972e-05
6.94237e-05
3.37807e-05
0.00019209
0.000581523
6.43623e-05
9.50263e-05
0.000121703
0.000169175
0.00017073
0.00020391
0.000348136
0.000224099
0.000147165
0.000166793
0.000183959
4.29062e-05
3.81284e-05
0.000239534
7.01948e-05
2.15609e-05
9.52125e-05
0.000116878
0.000201353
0.000101381
0.000336124
0.00013473
8.94352e-05
0.000171642
0.000108386
0.000197183
2.51184e-05
0.000138861
0.000380187
0.00043683
0.00131385
0.000102719
0.000394897
2.15609e-05
0.000666095
2.8676e-05
0.000247097
2.15609e-05
0.000182642
0.000272212
2.76879e-05
0.000203769
0.000125359
0.000164215
3.2198e-05
0.000111454
7.9656e-05
0.000119308
0.000256883
0.000443449
9.65631e-05
3.52246e-05
0.000167791
0.000160245
0.000151817
0.000323033
0.000420111
0.000173843
0.000187449
0.000240349
0.00020357
0.000106568
2.15609e-05
0.000403659
4.79703e-05
9.82886e-05
0.000293097
2.15609e-05
6.77896e-05
0.000109422
0.000155768
9.39286e-05
0.000286934
8.9879e-05
2.15609e-05
0.000625072
5.48607e-05
0.000278411
0.000130794
0.00010114
4.54239e-05
0.000246853
2.15609e-05
6.08106e-05
0.000285651
5.4886e-05
2.15609e-05
2.15609e-05
7.831e-05
0.000100974
8.14654e-05
0.00026525
0.000154107
8.59275e-05
0.000162888
0.000225401
0.000163709
9.04117e-05
3.22335e-05
0.000451688
0.000199524
0.000150719
0.000447572
4.57762e-05
0.000490775
6.62312e-05
6.47168e-05
0.000265717
0.000202566
0.000434637
0.000268273
0.000232322
0.000173202
0.000181729
0.000144201
0.000191415
0.000204841
8.49778e-05
3.25213e-05
2.15609e-05
0.000281947
0.000179286
0.00046479
0.000231866
0.000331917
0.000111689
0.000106781
4.48483e-05
0.000484912
0.000155601
2.15609e-05
5.67839e-05
0.000213898
2.15609e-05
0.000271674
0.000341009
0.00023184
0.000402567
0.000538477
2.8676e-05
0.000155189
3.22335e-05
0.000299191
4.58657e-05
0.000410106
0.000427079
0.000117124
7.18993e-05
0.000288747
0.000209273
0.000262243
0.000173469
5.25194e-05
0.000118614
9.44137e-05
2.15609e-05
5.23481e-05
0.000159547
0.000131859
4.02291e-05
0.000224637
0.000194459
0.000270191
0.000161835
0.000194788
0.000448919
0.000210555
2.15609e-05
6.32545e-05
7.16728e-05
0.000142954
2.15609e-05
0.000242673
0.00011033
2.15609e-05
0.000452508
4.29062e-05
2.15609e-05
0.000541036
2.15609e-05
2.15609e-05
6.69893e-05
8.3419e-05
0.000686281
0.000103771
0.000516188
5.86354e-05
9.16081e-05
2.15609e-05
0.000164924
0.000196499
8.86315e-05
6.74631e-05
0.000534149
0.000226939
0.000143638
0.000468521
9.21148e-05
6.20788e-05
0.000396852
0.000255632
9.86916e-05
3.81284e-05
0.00025427
0.000270048
2.15609e-05
0.000105232
2.15609e-05
0.000172907
0.000276869
6.99159e-05
3.47782e-05
5.02046e-05
0.000299297
0.000355382
0.00022063
2.15609e-05
0.000210567
2.15609e-05
0.00048072
0.000144288
2.15609e-05
0.000552071
0.000128935
0.000545307
2.15609e-05
6.14661e-05
0.000130803
0.000124209
7.25824e-05
0.000116575
5.28225e-05
0.00014096
0.000120571
0.000177107
0.000327351
0.000512508
4.96334e-05
5.56511e-05
0.000297833
0.000106236
4.63214e-05
0.000326661
2.15609e-05
0.000188007
6.42683e-05
2.15609e-05
0.000151594
2.15609e-05
2.15609e-05
9.18881e-05
0.00106705
2.15609e-05
3.22335e-05
2.15609e-05
2.15609e-05
0.000185084
0.000176964
0.000334069
2.15609e-05
2.15609e-05
0.000155311
0.000151715
0.000628112
9.47322e-05
2.15609e-05
0.000118006
0.000127746
2.8676e-05
4.31082e-05
0.00017756
0.000137112
6.62926e-05
4.82603e-05
0.000203133
6.58745e-05
0.000225607
0.000508691
0.000182577
0.000364362
5.46548e-05
7.52808e-05
4.4731e-05
0.000726341
2.15609e-05
3.00986e-05
0.000102699
9.58826e-05
2.15609e-05
0.00014629
0.000104947
0.000118525
9.43239e-05
2.15609e-05
0.00042903
5.46847e-05
8.32572e-05
2.15609e-05
4.64165e-05
6.84492e-05
0.000183937
0.000144859
2.15609e-05
9.38136e-05
0.000163333
0.000111819
5.01296e-05
0.000100279
0.000178217
0.000204867
8.15714e-05
0.000145305
0.00010269
8.82966e-05
0.00015306
0.000167605
4.48737e-05
0.000125271
0.00014622
0.000177047
4.80088e-05
0.000172915
5.35991e-05
0.000187078
4.10529e-05
0.000135018
0.000429513
0.000154464
0.000303859
0.000143119
7.51142e-05
0.000235337
6.01728e-05
6.80639e-05
0.000368398
0.000119025
0.00059015
0.000121086
6.87903e-05
2.15609e-05
0.000149302
3.60823e-05
2.15609e-05
2.15609e-05
0.00027462
0.000172246
0.00018281
0.00034324
5.42785e-05
0.000338733
5.84847e-05
0.000108874
0.000222388
8.53462e-05
5.89779e-05
0.000118741
3.31894e-05
3.70434e-05
0.000632643
2.15609e-05
0.000201479
7.11961e-05
0.000173428
2.15609e-05
0.000140885
3.07215e-05
8.32966e-05
0.00026829
2.15609e-05
0.000148995
0.000138479
5.16206e-05
0.000197182
0.000164275
2.15609e-05
3.31937e-05
0.000258559
0.000205304
0.000230477
0.000381337
7.46293e-05
0.000262764
0.000110014
0.000109266
0.000452061
0.00015368
9.9956e-05
0.000194394
0.000481111
0.000397519
8.63925e-05
3.53159e-05
0.000211368
0.000122912
0.000314735
0.000608015
0.000117266
0.000116457
2.15609e-05
0.000182067
5.10575e-05
0.000145777
2.15609e-05
3.39413e-05
0.000304796
0.000185665
0.000105684
0.000516753
2.15609e-05
0.00022566
0.000274138
0.000195367
2.15609e-05
7.88482e-05
0.000213239
0.000136245
0.000119837
0.000305495
2.15609e-05
0.000332999
9.85682e-05
2.15609e-05
2.15609e-05
0.000399172
0.000301377
0.000104349
8.93362e-05
0.000504795
0.000162534
0.000100694
0.000216197
0.0001563
0.000373434
0.000162214
0.000217013
0.00011614
5.99882e-05
0.000114592
2.68972e-05
0.00011384
0.000489006
0.0001122
2.68972e-05
0.000158075
0.000400217
0.000406705
0.00130791
0.000354819
8.73034e-05
4.29062e-05
6.91611e-05
0.000160179
0.000155708
6.31245e-05
2.15609e-05
0.000212817
0.000148872
9.54654e-05
0.000108506
5.11652e-05
5.84961e-05
7.54865e-05
0.000380903
0.000111654
9.66643e-05
7.35694e-05
2.15609e-05
0.0001235
8.79338e-05
2.15609e-05
0.000178018
0.000162499
0.000207977
0.000143536
0.000458555
0.000173657
4.94969e-05
2.15609e-05
0.000262209
0.000137611
0.00026737
2.15609e-05
9.35064e-05
8.5861e-05
8.92635e-05
7.83175e-05
2.15609e-05
0.000231537
0.000507414
0.000276864
7.85692e-05
5.27414e-05
0.00013622
0.000151601
0.000117909
0.000354264
0.000376659
8.47025e-05
3.98676e-05
0.000112933
4.29062e-05
5.34267e-05
0.000141011
2.15609e-05
0.000217795
0.000279804
0.000244322
0.000284955
0.000509758
0.000440673
0.000425659
4.40457e-05
0.00013059
0.000396635
0.000172752
0.000347488
2.15609e-05
0.000208427
0.000438157
5.93519e-05
0.000411183
0.000435335
0.000442498
8.13803e-05
0.000597158
0.000403742
7.83266e-05
2.15609e-05
2.15609e-05
2.15609e-05
6.33468e-05
0.000150623
0.000149292
0.000717835
0.000382249
0.000123433
0.000197475
4.38059e-05
0.000193711
0.000115818
4.43909e-05
0.000133187
9.8284e-05
0.000221678
0.000184659
0.000301352
0.000171367
0.000155605
0.00029544
0.000150408
0.000110513
0.000247603
0.000634028
0.000118055
0.000445714
5.5041e-05
8.11684e-05
7.96097e-05
7.77782e-05
0.000249345
5.56764e-05
0.000130897
0.000197009
0.000816809
0.000239905
0.000490736
0.00039166
4.66239e-05
4.26684e-05
2.15609e-05
0.000248959
7.44138e-05
0.0002471
5.91228e-05
0.000151165
9.63288e-05
2.15609e-05
5.33582e-05
0.000641061
0.000212484
2.15609e-05
0.000238953
0.000168005
0.000199699
0.000146646
0.000801208
3.22335e-05
0.000123363
7.7873e-05
0.000330663
9.62907e-05
0.000198
8.36162e-05
0.000553912
0.000635056
0.000139935
0.000350177
0.000326744
6.50363e-05
7.72956e-05
0.000270291
5.94469e-05
0.000639998
0.000158769
0.000160932
0.000530947
2.15609e-05
0.00015565
8.78552e-05
5.0135e-05
0.00014742
0.000114343
0.00010091
7.40671e-05
2.15609e-05
4.79975e-05
0.00067398
6.7488e-05
2.15609e-05
0.000284945
0.000249349
0.000100787
4.91847e-05
0.000135803
2.15609e-05
0.000492687
0.000121041
5.72552e-05
0.00013482
3.35888e-05
0.000118042
0.000498636
0.000368764
0.000104888
4.07399e-05
2.68972e-05
0.000117612
0.00025079
9.61314e-05
0.000107874
4.06331e-05
0.000157339
2.15609e-05
0.000180194
2.15609e-05
0.000632863
9.81469e-05
2.15609e-05
0.000155849
0.00027214
0.000231666
6.96302e-05
4.45179e-05
0.000671353
7.31163e-05
8.14827e-05
7.72717e-05
0.000778292
0.000142025
2.15609e-05
2.15609e-05
0.000229431
2.15609e-05
0.000501787
0.000137353
3.51833e-05
8.75179e-05
0.000136611
4.32379e-05
0.000137852
0.000149479
2.51184e-05
3.43028e-05
2.15609e-05
0.000136323
0.000118929
7.54081e-05
0.000418972
0.00023752
3.47437e-05
3.61276e-05
0.000259711
0.000258704
0.000316594
0.000155347
2.15609e-05
8.17738e-05
0.000219144
4.933e-05
5.04418e-05
0.000388946
4.83351e-05
8.93333e-05
5.63181e-05
2.15609e-05
2.15609e-05
9.6176e-05
6.73993e-05
0.000221837
2.15609e-05
2.15609e-05
0.000162214
2.15609e-05
2.15609e-05
5.71013e-05
0.000192304
0.000672461
0.000290904
0.000233265
0.000216345
4.6381e-05
0.000331161
0.000186701
0.000319182
0.000144515
3.5035e-05
0.000198947
0.000137812
8.47385e-05
2.93875e-05
0.00078504
0.00021998
0.000305051
9.42717e-05
2.15609e-05
7.19224e-05
0.000114711
0.000294034
0.000196703
0.000103611
0.000346025
0.000862011
0.000370558
2.8676e-05
0.000356096
8.60226e-05
2.15609e-05
0.000247512
0.000415486
0.000397703
0.000120554
3.38158e-05
0.000140116
6.34383e-05
0.000364242
0.00045599
0.000423202
0.000287205
2.15609e-05
0.00014171
0.000899324
6.6705e-05
0.000491854
0.000222548
0.000229592
0.000133818
0.000288449
0.000696386
0.000167545
2.15609e-05
4.50799e-05
9.61715e-05
2.15609e-05
2.79431e-05
0.000392213
0.000115724
0.000137837
0.000141568
2.15609e-05
0.000211042
0.000361709
2.15609e-05
0.000420326
0.000142884
6.64764e-05
0.00040207
0.000203975
0.000410319
0.000126709
0.000292293
6.46731e-05
0.000185281
2.68972e-05
0.000280885
2.15609e-05
0.000183182
0.000270378
0.000191907
0.000998219
0.000503708
3.45594e-05
7.20915e-05
0.000382293
7.2458e-05
0.000264179
8.77016e-05
2.15609e-05
0.000285423
2.15609e-05
0.000327844
0.000554965
0.000626419
2.15609e-05
0.000266395
3.70127e-05
2.15609e-05
0.000217775
0.00022423
0.000117796
0.000125145
0.000224567
0.000645343
9.83244e-05
0.000107262
0.000120092
0.00039534
0.000177654
7.71332e-05
0.000257991
0.000126703
0.000326651
7.25264e-05
0.000112792
2.15609e-05
7.24225e-05
0.000131963
0.000228624
0.000372554
0.000382874
2.15609e-05
0.000149457
0.000521022
0.000186966
0.000709609
2.15609e-05
2.15609e-05
2.15609e-05
0.000234491
0.000354792
0.000202809
0.000199826
3.58769e-05
0.000117928
3.94708e-05
4.04258e-05
7.42724e-05
9.56848e-05
0.000236997
0.000160937
2.15609e-05
3.3869e-05
2.15609e-05
5.14763e-05
0.00015627
7.83403e-05
0.000433283
0.000181482
5.33987e-05
0.000145855
0.000192759
0.000458077
0.000197147
2.15609e-05
8.40266e-05
3.81017e-05
2.68972e-05
8.88037e-05
0.000418024
0.000141091
0.000380984
0.000131744
0.000105566
0.000210025
0.000164319
0.000167433
0.000110745
0.000248677
7.60014e-05
2.15609e-05
2.15609e-05
0.00034566
2.15609e-05
5.23227e-05
2.15609e-05
0.00019212
9.21589e-05
0.000172162
0.000408855
0.000285162
0.000122591
0.000186508
0.000167063
5.838e-05
0.000155949
7.29158e-05
6.37214e-05
0.00020635
2.15609e-05
8.38787e-05
3.75165e-05
0.000312848
2.15609e-05
0.000223972
8.42528e-05
0.000468162
0.000235096
0.000105064
0.000251612
0.000294474
2.15609e-05
0.000272403
8.08803e-05
3.22335e-05
2.15609e-05
2.15609e-05
6.76487e-05
0.000276387
9.2478e-05
0.000130539
2.15609e-05
8.5283e-05
4.68687e-05
2.15609e-05
3.5877e-05
9.66704e-05
0.000252837
0.000208757
6.04849e-05
0.000336649
0.000189071
0.000435985
7.48104e-05
0.000215635
0.000270816
0.000264441
0.000474755
0.000661716
4.81723e-05
7.34588e-05
4.33433e-05
4.97299e-05
0.000338455
2.15609e-05
8.86071e-05
0.000405971
0.000180942
0.000516741
0.00045789
3.8612e-05
0.000351421
6.46731e-05
0.000244522
0.00012052
0.000121233
5.72333e-05
0.0003374
0.000190444
2.15609e-05
0.000785305
0.000745052
2.15609e-05
3.9025e-05
0.000122509
0.000113574
0.000164226
0.00013107
0.000245692
0.000125487
5.8648e-05
0.000132068
5.32712e-05
0.000108988
0.000124882
5.66241e-05
0.000322443
0.000224666
0.00027691
0.000247547
0.000188253
2.15609e-05
6.48347e-05
0.000144974
0.000240237
7.96073e-05
2.15609e-05
0.00039507
0.000524771
0.000183222
0.000122939
0.000207772
0.000118667
0.000111689
0.000457313
4.90892e-05
8.70265e-05
8.89732e-05
0.000495867
0.000102535
0.000129565
3.63101e-05
0.000362335
0.000116775
0.000339839
0.000241161
0.00057701
0.000136674
0.000159216
0.000326694
0.000169244
2.15609e-05
2.59989e-05
2.8676e-05
0.000128043
0.000157996
0.000166809
0.000682789
0.000227232
2.15609e-05
0.000161044
0.000175306
0.000326467
0.00012013
0.000152682
0.000253323
0.000128434
0.00012427
2.15609e-05
0.000636589
0.000127633
2.15609e-05
0.000389539
6.93821e-05
8.59344e-05
0.00045642
4.63395e-05
0.000141125
8.65949e-05
0.000139861
0.000354742
6.45817e-05
9.47156e-05
7.11327e-05
5.2239e-05
0.000144474
0.000221435
0.000535362
5.34721e-05
0.000569905
0.000160827
0.000211132
0.000175288
3.71327e-05
5.57956e-05
0.00018766
0.000252253
0.000203102
0.000674179
7.63124e-05
0.000151385
3.22335e-05
0.000192563
3.44656e-05
6.43313e-05
0.000658836
0.000269389
2.51184e-05
3.68686e-05
2.96464e-05
0.000355827
0.00016127
0.000259215
0.000116276
9.79529e-05
0.000263629
0.000400542
0.000140891
0.00027054
2.15609e-05
4.13679e-05
9.68702e-05
0.000161623
2.15609e-05
9.55382e-05
0.00021986
0.000448611
0.000313948
0.000120461
4.36298e-05
0.000221774
0.00013387
2.8676e-05
0.000194911
2.15609e-05
0.00024998
0.000397851
7.8622e-05
9.43429e-05
3.22335e-05
7.25162e-05
7.0939e-05
0.000166162
0.000299028
7.54401e-05
8.99007e-05
0.000342852
0.000146525
4.9895e-05
0.000343464
2.15609e-05
0.00022976
0.000162759
8.97098e-05
0.000242693
0.000147105
0.000404498
0.000361119
7.51916e-05
0.000319199
0.000234932
0.000497393
0.000123998
4.82201e-05
0.000650871
6.60961e-05
0.000279088
0.000283372
4.29062e-05
2.15609e-05
2.15609e-05
7.80791e-05
0.000347036
0.00037456
0.000470234
2.15609e-05
0.000293973
0.000100036
0.000187582
2.15609e-05
0.000103871
6.90847e-05
0.000363494
0.000124077
0.000261393
0.000145166
7.01636e-05
3.79229e-05
6.21309e-05
0.000106732
0.000151705
0.000119409
0.000192059
0.000199959
2.8676e-05
0.000826464
0.000118774
0.000294062
0.000227968
3.22335e-05
0.000269676
0.000369615
2.15609e-05
0.000184828
0.00010455
0.000166554
6.46462e-05
0.000478281
0.000122219
5.68758e-05
0.000112373
0.00025228
0.000116371
9.62038e-05
0.000318447
0.000241059
0.000404933
3.61172e-05
0.000179021
0.000156859
0.000160249
0.00030686
9.76569e-05
0.000377268
4.59952e-05
0.000139742
2.15609e-05
0.000157938
5.76823e-05
3.88136e-05
0.000114701
4.5472e-05
4.46909e-05
0.00015951
7.23032e-05
4.81891e-05
0.000135604
0.000239411
0.000101511
7.58829e-05
0.000131448
0.000256637
0.00014086
9.29004e-05
0.000939974
2.15609e-05
0.00074644
0.00026709
0.000326565
0.000136678
0.000712669
8.08413e-05
2.59989e-05
0.000530947
0.000178783
0.000138404
0.000264796
0.000157717
0.000323747
4.82827e-05
0.00103075
0.000614359
0.00041861
9.03703e-05
0.000156065
0.000132197
0.000157035
0.000345041
0.000442326
3.65263e-05
0.000257974
0.000328089
0.000257947
9.51487e-05
0.000133629
0.000472032
0.000413448
2.15609e-05
2.8676e-05
0.00018041
0.000159102
2.15609e-05
9.84065e-05
9.74018e-05
4.33245e-05
0.00112529
0.000348917
0.000155307
2.15609e-05
0.00063119
0.00027498
0.00032261
6.50657e-05
0.000491482
0.000302388
0.000104
3.13873e-05
0.000191026
0.000375095
0.000508472
0.000133547
6.58206e-05
0.000853194
0.000136236
8.62658e-05
0.000156337
0.000234134
3.22335e-05
0.000379911
0.000486967
0.00023888
0.000104485
3.22335e-05
0.000737406
0.000440257
0.000615094
2.15609e-05
0.000132382
0.000264153
4.20163e-05
0.000257288
0.000227141
0.000355176
7.29276e-05
0.000238833
0.000329257
2.8676e-05
9.90053e-05
6.31041e-05
0.000180653
0.000346721
2.15609e-05
2.8676e-05
3.68333e-05
7.96529e-05
4.27785e-05
7.76899e-05
0.000288062
5.44235e-05
0.000412932
0.000109779
3.22335e-05
0.000117558
5.34301e-05
0.000112919
0.00020997
8.71347e-05
2.15609e-05
7.48361e-05
0.000152593
0.000188584
0.000129667
4.46262e-05
0.000130745
3.97534e-05
0.000205726
0.000499371
2.15609e-05
2.15609e-05
4.43979e-05
7.4841e-05
2.15609e-05
2.15609e-05
0.000151169
0.000127109
0.000395388
0.000212264
9.66597e-05
2.7148e-05
2.15609e-05
0.000350189
0.000278018
0.000137929
0.000162188
0.000241191
0.000162522
0.000174062
0.000153311
9.18069e-05
0.000230001
0.000388054
0.000152929
0.00043681
7.30158e-05
2.15609e-05
2.15609e-05
2.15609e-05
2.15609e-05
0.000313576
2.51184e-05
0.00050887
0.000197676
0.000352351
0.00039753
8.32572e-05
0.00010185
0.00017223
2.15609e-05
0.000216995
0.000294188
0.000321437
4.39275e-05
0.000187897
0.000125466
7.72314e-05
0.000120339
0.000190367
0.000210678
0.000506782
9.09779e-05
4.82425e-05
5.73373e-05
0.00020212
0.000382001
0.000205858
5.94005e-05
0.000271542
0.0001095
0.000238737
2.15609e-05
0.000353236
0.000199928
0.000409516
8.08238e-05
0.000155587
0.000170368
0.000406057
0.000289299
6.43833e-05
0.00019538
5.10479e-05
0.000144678
0.000218252
0.000138694
0.000203766
0.000417549
0.000228156
6.56748e-05
0.000897449
2.15609e-05
0.000154517
3.02321e-05
0.000160277
0.000346345
0.000114047
0.000407406
0.000319444
0.000245504
9.43239e-05
2.15609e-05
3.94175e-05
7.50784e-05
2.80534e-05
2.62924e-05
0.000194409
0.000256015
0.000128809
0.000297298
2.15609e-05
0.00010442
0.000160401
7.24255e-05
0.000112707
0.000143039
0.000565822
0.000303768
0.000466394
2.15609e-05
0.000346385
0.000670366
0.00022149
2.15609e-05
4.66956e-05
0.000259592
2.15609e-05
9.09255e-05
0.000288889
5.0929e-05
0.000155392
0.000155191
2.15609e-05
0.000440379
0.000329189
0.000457411
6.80639e-05
0.00012563
0.000271763
0.000250234
5.52095e-05
0.000300484
4.89468e-05
0.000743903
2.8676e-05
0.000107523
4.62032e-05
8.84728e-05
3.40816e-05
2.15609e-05
0.000375747
0.000156151
3.22335e-05
0.000545669
0.000446842
0.000275146
0.000138313
8.3316e-05
0.00038846
0.000129135
0.000404276
0.000153531
0.000324879
9.1623e-05
9.49403e-05
0.000216917
2.15609e-05
0.000105376
0.000232572
0.000195966
0.000226085
0.000258115
6.58206e-05
2.15609e-05
0.00034396
2.15609e-05
0.000420289
4.11274e-05
3.9025e-05
8.65535e-05
0.000351441
0.000705123
0.000296221
0.000250127
0.000194705
0.000155551
0.00010818
0.000203349
0.000165671
0.000268681
0.000102604
9.32489e-05
0.000336102
7.54527e-05
8.34334e-05
0.000128652
0.00118521
0.000451983
0.000223202
8.1535e-05
0.000140493
0.000179396
5.00829e-05
2.51184e-05
8.01051e-05
0.000126453
0.000554348
4.81188e-05
9.07553e-05
7.59844e-05
0.000202356
0.000108435
6.30407e-05
0.000119654
9.43192e-05
0.000274189
0.000102092
2.58299e-05
0.000255738
3.22335e-05
0.000241426
6.53549e-05
0.000143187
2.15609e-05
3.12158e-05
0.000211098
4.93622e-05
5.03808e-05
0.000115764
0.00066309
3.22335e-05
4.69632e-05
0.0005136
0.000295746
0.000351832
0.000207036
0.000124409
0.000147034
0.000341812
0.000234153
4.62568e-05
7.39665e-05
7.46686e-05
2.15609e-05
3.22335e-05
2.15609e-05
2.15609e-05
0.000263208
0.000110399
9.29119e-05
0.00018412
0.000283987
8.39746e-05
2.15609e-05
4.8564e-05
0.000181462
0.000636255
8.58852e-05
0.000334145
0.000371904
4.49948e-05
7.62288e-05
0.000208986
4.35735e-05
0.000677196
0.000126933
0.000238709
0.000169759
0.000336232
5.98964e-05
0.00121777
0.000219769
2.15609e-05
9.61001e-05
0.00019761
2.68972e-05
0.000389735
9.36168e-05
0.000677841
0.00023954
0.000194045
2.15609e-05
0.00014129
0.000153419
0.000183898
0.000167122
2.15609e-05
0.000367096
0.000394405
0.000111313
6.8956e-05
0.000214857
0.000389939
0.000359183
7.7243e-05
2.15609e-05
0.000186419
0.000184786
0.000990921
2.8676e-05
2.15609e-05
5.25146e-05
0.000198084
0.00010043
0.00021324
6.67627e-05
0.00044169
8.17985e-05
7.86456e-05
7.44886e-05
7.66875e-05
0.000416361
9.84919e-05
0.000568879
6.64383e-05
0.000286094
2.15609e-05
0.000141109
2.15609e-05
2.15609e-05
0.000135123
0.00025146
0.000304001
2.15609e-05
0.000262029
9.80024e-05
0.000157797
2.15609e-05
0.000296871
0.000258366
2.15609e-05
0.000417069
7.53617e-05
0.000100898
2.15609e-05
5.01236e-05
0.000534185
4.02564e-05
0.00049337
0.000364155
0.000455106
0.000459778
5.85901e-05
8.09357e-05
2.15609e-05
0.000217955
4.29678e-05
0.000292386
2.15609e-05
0.000325774
2.15609e-05
8.10332e-05
8.37293e-05
0.000275104
0.000265686
0.000261888
8.11764e-05
0.000178333
0.000807733
5.15643e-05
0.000519073
4.75808e-05
0.000140466
2.15609e-05
0.000290734
8.78566e-05
2.51184e-05
0.000479362
0.000127702
4.42454e-05
0.000352969
2.15609e-05
2.15609e-05
0.000113908
0.000388942
0.00014259
0.000609658
0.000243969
3.22335e-05
0.000237688
0.000119978
0.000244251
3.22335e-05
6.64823e-05
0.00035297
0.00012375
5.24502e-05
2.15609e-05
0.000217289
0.000288791
0.000360614
0.00013914
0.000111573
2.15609e-05
0.000272803
5.36524e-05
0.0005671
0.000140366
7.36992e-05
6.87849e-05
0.000133152
0.000137518
0.000203178
0.000320237
5.53814e-05
0.000113566
0.000266246
5.01669e-05
0.000141129
0.000108165
0.000140651
0.000450643
7.53237e-05
2.15609e-05
2.15609e-05
0.00016212
0.00027939
5.35788e-05
7.08805e-05
0.000242922
2.15609e-05
0.000133044
0.000217239
2.8676e-05
2.15609e-05
3.94942e-05
6.47068e-05
3.17173e-05
0.000565056
2.15609e-05
4.99501e-05
0.000387724
9.44137e-05
0.000196054
0.000313717
0.000319643
0.000217209
0.000197032
0.000252875
0.000189181
0.000146775
3.48455e-05
3.36193e-05
0.000248711
6.34886e-05
3.22335e-05
0.000261978
0.000133378
4.64469e-05
0.000162225
2.7682e-05
2.15609e-05
0.000435949
2.15609e-05
0.000157521
2.15609e-05
0.000240101
0.000223433
0.000104741
0.00045563
3.57199e-05
0.000197373
0.000473149
2.15609e-05
5.9208e-05
0.000137408
0.000608494
2.15609e-05
0.000905666
5.31822e-05
4.50799e-05
2.15609e-05
0.000286347
0.000308703
0.000653812
0.000242411
2.15609e-05
0.000142468
0.000247508
0.000103245
0.000446547
0.000143048
0.000185254
6.08022e-05
0.000621509
6.58295e-05
2.15609e-05
3.53408e-05
2.15609e-05
0.000134944
0.000580032
0.000315197
0.000256739
0.000227393
2.15609e-05
0.000206223
0.000242428
3.63318e-05
0.000267255
2.68972e-05
2.15609e-05
3.22335e-05
0.000133354
0.000550678
4.88885e-05
8.92147e-05
4.65415e-05
0.000343005
0.00013037
0.000284516
2.15609e-05
3.02349e-05
2.15609e-05
0.000138793
5.40893e-05
0.000151954
0.00013111
3.76567e-05
0.000287921
2.15609e-05
2.15609e-05
9.95423e-05
4.93731e-05
0.000237128
2.15609e-05
0.000267771
6.2772e-05
0.000336098
9.56726e-05
8.47602e-05
0.000420828
0.000439691
0.000396843
9.89907e-05
0.000641234
0.00045415
0.000113336
8.48363e-05
2.15609e-05
0.000216683
4.54608e-05
0.000154225
0.000307909
0.000505199
0.000262828
7.15105e-05
0.000196695
2.8676e-05
0.000574339
2.8676e-05
6.53427e-05
0.000390522
0.000321829
2.15609e-05
8.48639e-05
0.000438133
0.000389715
0.000271146
9.40907e-05
0.000156694
0.000255545
0.000368315
0.00015064
0.000325734
0.000135365
2.15609e-05
0.000146792
0.000463199
2.15609e-05
0.000419162
0.000206547
0.000242734
0.000140135
0.000153655
0.000198623
0.000165809
0.000157938
0.000219431
2.15609e-05
0.000270894
2.15609e-05
0.000289288
2.15609e-05
4.12817e-05
0.000123988
7.67569e-05
7.91977e-05
2.15609e-05
0.000220407
0.000116177
0.000142249
0.000164546
0.000124727
7.60301e-05
6.87645e-05
0.000160155
4.92304e-05
3.54263e-05
3.77188e-05
0.000369383
0.000146034
0.000199332
2.15609e-05
0.000155651
0.000263583
0.000170917
7.18335e-05
0.000675963
0.000576138
0.000191413
0.000101482
0.000110577
2.15609e-05
0.000468967
0.00020565
0.000163928
6.81347e-05
0.00024266
0.000102848
0.000591253
6.89403e-05
2.15609e-05
5.14215e-05
0.000122046
0.000134147
2.15609e-05
0.000153149
0.000100427
0.000124713
0.000155966
2.15609e-05
0.000148964
0.000189878
2.8676e-05
0.000300639
0.000118975
0.000193418
0.000181582
0.00131271
0.000383443
0.000153713
2.15609e-05
0.00010047
2.68972e-05
2.15609e-05
6.06026e-05
0.000307285
0.000239488
3.57555e-05
0.000311429
0.000273794
0.000241191
3.44989e-05
0.000207205
2.15609e-05
0.000256823
0.000163463
0.000200816
0.000196336
5.51287e-05
0.000131798
9.9416e-05
2.15609e-05
2.15609e-05
0.000204526
0.000488523
8.59759e-05
4.7229e-05
5.59355e-05
0.000488939
0.000101117
0.0003309
3.25082e-05
0.000225436
6.06505e-05
2.15609e-05
0.000106909
2.15609e-05
7.1486e-05
0.000148596
2.15609e-05
0.000131713
0.000245387
8.02509e-05
4.29062e-05
2.15609e-05
0.000104836
0.000307747
0.000111313
0.000169551
0.000579087
5.87424e-05
3.79795e-05
0.000132877
0.000169775
4.43064e-05
7.87242e-05
6.70022e-05
8.26172e-05
0.000253764
0.000146598
0.000274692
0.0002209
2.15609e-05
6.35069e-05
4.60586e-05
0.000250363
0.000369671
0.000143899
0.000407766
5.884e-05
0.000274517
7.1644e-05
2.15609e-05
2.15609e-05
2.15609e-05
0.000384385
0.000267783
0.000237638
3.1024e-05
0.000174291
0.000164207
0.000164991
0.000270029
6.11467e-05
0.000131227
2.8676e-05
0.000205936
7.58992e-05
2.15609e-05
0.000178108
6.17008e-05
0.000142533
0.000300922
2.68972e-05
0.00027256
5.48423e-05
0.000266863
2.15609e-05
8.23027e-05
7.87787e-05
0.000297113
7.00912e-05
7.55373e-05
0.000427474
7.36873e-05
9.92799e-05
9.04071e-05
2.15609e-05
0.000108941
3.40123e-05
0.00051241
0.000107521
0.000316866
2.15609e-05
0.000537665
0.000275964
0.000332894
6.36151e-05
0.000257056
0.000208394
7.95373e-05
0.000225816
2.15609e-05
0.000228735
0.000142208
7.53979e-05
0.000116615
9.3792e-05
5.12919e-05
0.000112097
0.000178213
0.000158355
0.000136076
0.000188208
3.11663e-05
0.000225653
0.000158469
0.000622369
0.00039908
0.000319041
0.000802504
3.17173e-05
0.000115844
0.000143658
7.56884e-05
0.00086184
4.23704e-05
0.000187908
0.000149629
0.000160813
4.3808e-05
2.15609e-05
0.000424349
0.000249969
0.000340017
5.28612e-05
8.00801e-05
0.00010667
2.15609e-05
0.000200744
0.000111796
0.000122815
0.000105816
0.000213031
0.000447641
0.000198698
0.000325387
0.000521158
0.00036691
0.000213983
0.000259698
5.39328e-05
6.00611e-05
3.61938e-05
0.00017223
0.000221375
0.000300362
0.000161073
6.11467e-05
0.000245043
0.000219748
0.000239163
0.000183895
0.000136269
8.47025e-05
0.000236865
0.000235477
7.26676e-05
0.000161559
2.985e-05
0.000369325
8.39099e-05
0.000188177
0.000112628
9.70134e-05
2.15609e-05
6.00982e-05
0.000220235
0.000211887
3.60885e-05
0.000477102
3.57911e-05
0.00012297
0.000254545
0.000183323
0.000317375
2.15609e-05
4.38999e-05
3.15078e-05
6.10224e-05
7.73115e-05
6.1426e-05
8.76678e-05
0.000235242
4.63777e-05
0.00014438
0.000202666
6.50998e-05
0.00017477
2.15609e-05
0.000314231
2.15609e-05
0.000144392
6.08883e-05
0.000234814
2.15609e-05
7.00912e-05
0.00013412
0.000159708
0.000559967
0.00018224
0.000336647
0.000529793
9.09837e-05
6.99846e-05
0.000185297
0.000239427
0.000183123
5.75852e-05
0.00039991
0.000244393
0.000451648
0.000530536
0.000905797
8.42838e-05
6.38149e-05
0.000252526
0.000438581
0.000370262
8.71067e-05
0.000220573
0.000379177
0.00013977
0.000255761
0.000518783
2.8676e-05
0.00021614
4.42844e-05
5.72333e-05
2.15609e-05
0.000517043
2.15609e-05
0.000325755
0.000295501
0.000185152
0.000103251
0.000123436
0.00010084
0.000234097
0.000201334
0.000176749
0.000390932
0.000132596
0.000119613
2.15609e-05
0.000194159
0.000215389
0.000540367
2.15609e-05
6.9749e-05
0.000147776
0.000245025
5.37966e-05
0.000189641
0.000317719
0.00011259
0.000241941
9.48364e-05
5.25993e-05
5.16699e-05
0.000435813
0.000450427
0.000556472
0.000227746
0.000134889
3.28669e-05
0.000227933
0.000171263
0.000939526
7.46953e-05
0.000134385
0.000210148
0.000474625
8.85907e-05
0.0002683
0.000158363
0.000319677
0.000296923
2.15609e-05
3.45459e-05
0.000343862
9.93382e-05
2.68972e-05
2.15609e-05
2.51184e-05
6.3727e-05
0.000137138
6.27732e-05
0.000236679
0.000365791
0.000197855
9.47985e-05
0.000329235
2.15609e-05
0.000214489
5.53042e-05
0.000370602
3.22335e-05
7.55283e-05
0.000449138
0.000267048
0.000353947
0.000125839
0.000262274
0.000131252
0.000289585
4.16284e-05
0.000165466
0.000144978
0.000186305
0.000166834
0.000186241
2.15609e-05
2.15609e-05
0.000184902
2.15609e-05
0.00037792
0.00019139
0.000245585
0.000780949
5.28047e-05
0.000252115
6.01587e-05
4.29062e-05
0.00023524
2.8676e-05
9.62469e-05
0.000133663
0.000173813
0.000297185
0.000323779
0.000114518
0.000235568
0.000591253
5.34546e-05
4.29062e-05
9.7124e-05
0.000692369
0.000173893
0.000110609
0.000172353
0.00034486
2.15609e-05
7.74255e-05
0.000492138
0.000153156
5.55401e-05
3.22335e-05
0.000405033
0.000371134
0.000451454
0.000597387
8.96453e-05
0.00019239
2.15609e-05
0.000248218
0.000228983
0.000207371
0.00016301
2.15609e-05
2.15609e-05
0.00111043
0.00045294
0.000222672
9.141e-05
0.000124995
9.72471e-05
0.000435737
0.000113385
0.000138811
0.000107319
8.651e-05
4.82576e-05
0.000576702
0.000422327
0.000440553
0.000426035
0.000171942
9.92851e-05
3.01405e-05
0.000158128
9.08477e-05
6.3875e-05
0.000962705
0.000212229
2.15609e-05
0.000146069
2.15609e-05
8.39228e-05
0.000398089
0.000393793
2.15609e-05
2.15609e-05
0.000129158
0.000410422
2.68972e-05
2.15609e-05
0.000130113
0.000322904
0.000239664
3.71327e-05
0.000448732
7.4083e-05
6.56922e-05
0.000128994
0.00010723
2.15609e-05
0.000452001
0.00037031
0.000235239
0.000155088
0.000142398
2.15609e-05
7.06085e-05
3.22335e-05
0.000404501
9.3487e-05
0.000227672
0.000156571
0.000419227
6.5714e-05
7.38748e-05
0.000158163
5.39067e-05
3.8612e-05
8.97977e-05
0.000253269
2.68972e-05
0.000129673
0.000168485
2.15609e-05
0.000272539
0.00027509
0.000355907
0.000292733
0.000125075
0.000413534
0.000215043
0.00108817
4.01654e-05
0.000294809
0.000100414
7.68358e-05
0.000405162
0.000138939
7.84019e-05
7.61779e-05
0.000135551
7.9926e-05
0.000302323
3.80262e-05
0.00015649
0.00017823
2.15609e-05
0.000118165
2.15609e-05
8.90887e-05
0.000117445
3.70976e-05
0.000187649
0.000125654
0.000155924
0.00014098
0.000155295
3.75165e-05
0.000255108
0.000600057
0.000187112
6.9251e-05
0.000493319
0.00023872
0.000137177
0.000576969
0.000364087
0.000172627
0.000296509
2.15609e-05
0.000117113
0.000182463
0.000157266
0.000413795
4.99213e-05
6.77358e-05
4.72882e-05
0.000241092
7.86739e-05
0.000403573
2.15609e-05
0.000192029
0.000137005
0.000173997
8.99478e-05
0.00041789
3.25398e-05
0.000250403
5.20446e-05
5.52125e-05
5.41465e-05
0.000217167
0.000429064
3.22335e-05
0.000169917
7.074e-05
7.94533e-05
2.15609e-05
2.8676e-05
2.15609e-05
0.000135505
2.15609e-05
2.15609e-05
2.15609e-05
0.000306225
0.000235363
9.14823e-05
0.000466009
6.63473e-05
6.29473e-05
3.22335e-05
4.36206e-05
0.000398763
8.3419e-05
5.29547e-05
0.000107062
2.15609e-05
0.000129688
0.000135644
0.000182742
7.41728e-05
0.000110325
2.15609e-05
0.00017665
0.000287559
0.000322054
2.15609e-05
0.000133101
2.15609e-05
0.000405384
4.14428e-05
2.15609e-05
8.18492e-05
0.000301236
8.93323e-05
0.000142378
2.15609e-05
8.43431e-05
3.75085e-05
0.000205523
0.000256038
0.000859434
0.000161507
0.000624552
0.000238748
0.000265906
2.9672e-05
2.15609e-05
0.000234011
0.000225314
0.000402063
0.000119157
2.15609e-05
0.000288655
0.000358117
0.000366218
0.000169763
6.61132e-05
0.000191552
0.000154128
6.51435e-05
0.000599451
9.50263e-05
6.31686e-05
0.000215248
0.000189748
0.000551322
6.88141e-05
9.06579e-05
3.23024e-05
0.000195624
0.000313501
0.000550254
0.000329636
0.000308213
0.00050749
0.000188979
0.000286191
0.000318528
0.00102906
0.000344784
0.000313139
0.000170693
0.000121456
5.43254e-05
2.15609e-05
0.000373082
0.000189783
0.000196894
0.000165717
0.000338002
0.000110347
0.00021664
0.000219523
5.32903e-05
6.31871e-05
0.000719371
2.15609e-05
0.000293374
7.67268e-05
0.000220953
0.000164071
0.000348488
0.000530795
3.22335e-05
0.000111436
0.000258067
0.000723025
0.000123627
0.000192096
8.64874e-05
7.09399e-05
6.25209e-05
0.000103467
0.000111683
0.000217558
0.000165695
0.000170865
0.000181871
2.15609e-05
0.000103473
0.00056202
0.000236417
0.000286347
2.15609e-05
7.53619e-05
4.16257e-05
0.000572551
0.000445299
4.29062e-05
6.04413e-05
0.0005207
0.000245097
0.000346666
0.000108506
0.000287852
2.68794e-05
0.000223426
0.000418762
0.000150734
0.000130242
0.000178152
4.73925e-05
0.000156798
7.41986e-05
4.44647e-05
0.000267049
6.06129e-05
4.71131e-05
0.000597037
7.74299e-05
0.000111429
0.000198102
0.000270275
0.000157064
2.15609e-05
2.15609e-05
0.000303898
0.000275542
0.000151746
0.000166904
0.000232559
0.00030332
0.00022711
0.000302966
7.68438e-05
0.000275294
0.000420199
5.07129e-05
0.000214089
0.000359334
6.58821e-05
0.000160499
0.000118107
0.000825561
2.15609e-05
0.000189361
7.62183e-05
6.05459e-05
2.15609e-05
0.000315767
0.000142418
0.000303743
0.00020635
0.000108588
0.000227343
3.75165e-05
0.000263757
0.000143044
0.000484683
6.64365e-05
2.15609e-05
4.76129e-05
5.62155e-05
0.000108046
3.48428e-05
0.000203949
0.000236612
0.00029832
0.000313458
0.000317482
0.000272361
3.76318e-05
0.000351658
0.000172028
0.000335766
0.000131137
4.49948e-05
2.15609e-05
8.64334e-05
0.000252816
4.61354e-05
0.00013712
0.000121499
0.000185566
0.000152249
0.000107547
0.000126213
2.58299e-05
0.000289262
6.88592e-05
0.000260173
9.02045e-05
8.35078e-05
0.000264585
0.000139135
0.000347763
0.000192617
2.15609e-05
0.000286001
0.00018612
0.000302316
0.000261672
0.000414544
0.000102969
3.84906e-05
9.8632e-05
0.000367944
5.35614e-05
0.000399619
5.4592e-05
0.000503429
0.000217353
6.03644e-05
0.000164023
0.000196347
0.000193582
0.000122051
0.000718283
0.000135829
0.000152569
0.000129882
0.000331072
0.000244857
0.000213858
0.000278677
0.000174817
0.000122194
0.000227174
2.15609e-05
0.000185783
8.8881e-05
5.36641e-05
2.15609e-05
0.000333808
2.15609e-05
2.15609e-05
2.15609e-05
0.000190583
0.000119906
0.000107777
7.37877e-05
9.47169e-05
0.000645376
0.000345007
2.15609e-05
0.000134753
0.000100977
6.0713e-05
0.000488952
0.000318261
0.000224978
0.000487756
0.000114482
0.000153303
0.000239888
0.000265666
0.000417664
0.000254159
0.000147136
2.15609e-05
8.64324e-05
6.52089e-05
0.000555069
0.000147691
2.15609e-05
0.000204823
2.68972e-05
7.28942e-05
6.95782e-05
0.000191149
2.15609e-05
0.000221941
2.15609e-05
0.000145369
2.15609e-05
0.000501991
7.06557e-05
0.00023831
2.15609e-05
0.000290059
9.14179e-05
7.27147e-05
0.000376611
2.15609e-05
0.000133081
0.00031097
0.000116769
0.000285989
0.00014985
0.000379275
0.000122738
0.000598918
0.000138527
2.15609e-05
0.000343416
5.91467e-05
0.000439116
0.000190214
0.000177877
2.15609e-05
5.70511e-05
0.000464243
0.000207585
3.08418e-05
3.13464e-05
0.000263119
0.000199388
0.000137027
2.15609e-05
5.31369e-05
0.000242753
0.000284117
0.000296389
0.000520109
0.000202572
0.000138355
0.000105955
0.000280358
0.000525999
0.000114769
4.38478e-05
0.000205648
2.15609e-05
7.59743e-05
3.84906e-05
3.58276e-05
2.8676e-05
0.000282946
0.000424752
0.000115413
0.000153238
2.15609e-05
0.000119409
5.15905e-05
0.000139668
0.000282601
0.000303662
2.15609e-05
7.62288e-05
0.000288256
0.000387008
0.000314631
0.000154966
4.08359e-05
0.000198915
0.000137747
0.000365493
0.000181876
0.000124564
0.0002949
8.45944e-05
0.000227928
0.0001253
5.19733e-05
0.000241871
0.000192561
0.000151829
5.0135e-05
0.000128185
0.000130344
0.000100837
5.58178e-05
6.43174e-05
4.81942e-05
0.000387107
4.936e-05
0.000231421
0.000297925
0.000268869
0.000132035
0.000744197
2.15609e-05
0.000196204
0.000220777
7.89455e-05
8.14998e-05
0.000219129
3.39378e-05
3.60823e-05
0.000188979
2.15609e-05
7.63053e-05
0.000209916
0.000337589
9.02454e-05
0.000121718
6.75362e-05
0.000152819
8.01389e-05
2.15609e-05
0.000118274
0.0001689
0.000269399
0.000197481
0.000132965
0.000133381
0.000284774
6.63302e-05
0.000143717
0.000218026
9.80824e-05
0.000476338
0.000130245
8.34855e-05
0.000150222
0.000204686
0.000386071
0.000247074
0.000150109
0.000537898
0.000139703
2.15609e-05
4.16481e-05
2.15609e-05
2.15609e-05
2.68972e-05
0.000905358
6.00656e-05
0.000278892
0.000187396
0.000128706
2.15609e-05
0.000404051
4.29069e-05
4.99121e-05
2.15609e-05
2.8676e-05
2.15609e-05
8.19913e-05
2.15609e-05
0.000751716
0.000263744
3.2198e-05
2.15609e-05
2.15609e-05
0.00015649
4.76271e-05
2.15609e-05
0.000186784
0.000494338
0.000143188
0.000561916
0.000104007
8.73581e-05
0.000111079
0.00023349
8.213e-05
0.000157132
0.00054334
0.000157938
0.000102961
0.000122201
8.83978e-05
6.58007e-05
2.15609e-05
2.15609e-05
0.00027315
0.000218829
2.15609e-05
2.15609e-05
0.000537284
0.000135055
0.00026583
0.000166006
6.8026e-05
0.000295599
0.000318269
0.000492504
2.8676e-05
0.000308658
0.000112408
0.000314901
8.04107e-05
0.000443336
0.000257212
0.000131056
5.4739e-05
0.000580889
0.000179689
0.000137421
0.000210975
2.15609e-05
0.000170867
0.000518095
0.000390209
0.000267986
0.00136011
0.000106285
0.000140194
4.0989e-05
0.000213654
6.66954e-05
7.1644e-05
2.15609e-05
0.000203931
3.93486e-05
0.000119647
7.32472e-05
9.5716e-05
4.29062e-05
2.15609e-05
2.15609e-05
0.000287956
0.000102254
9.88654e-05
2.15609e-05
0.000287307
0.000230082
0.000204531
0.000582839
0.000494097
3.5251e-05
0.000178613
0.000345683
0.00028851
0.000152887
0.00059115
0.000426242
7.67143e-05
5.70452e-05
0.000173248
0.000347174
0.000183321
0.000142683
0.000297028
0.000155706
0.000369435
0.000108096
0.000582606
3.26797e-05
4.29062e-05
0.000138013
0.000344489
0.000437907
0.000349519
9.72246e-05
6.53609e-05
2.15609e-05
0.000722654
3.8824e-05
4.69167e-05
0.000163514
0.000594131
3.76413e-05
0.000207353
0.000100691
0.000107689
8.72992e-05
0.000108453
0.000237091
2.68972e-05
0.000289653
0.000574184
4.33823e-05
5.89825e-05
2.15609e-05
7.38206e-05
0.000460233
4.29914e-05
2.68972e-05
0.000420597
2.15609e-05
5.46847e-05
8.00385e-05
0.000204051
4.8618e-05
0.000227546
8.97098e-05
0.000128448
0.000241584
0.000171751
4.17516e-05
9.41878e-05
0.000112328
0.000110555
5.93173e-05
5.09602e-05
3.62141e-05
7.24255e-05
8.75274e-05
0.000210288
0.000393138
5.22551e-05
0.000354907
0.000225154
0.000129497
8.70411e-05
3.74371e-05
0.000356322
7.17208e-05
2.68972e-05
8.2321e-05
0.000103591
0.000225612
0.000141131
0.000284498
0.000180993
0.000228126
0.000121528
0.000159175
7.02861e-05
9.74569e-05
4.00601e-05
0.000162553
5.4739e-05
2.15609e-05
0.00019229
2.15609e-05
0.000228495
0.000196351
9.31195e-05
0.000266528
2.15609e-05
6.57052e-05
9.30523e-05
0.000980764
0.000113824
0.000171938
2.15609e-05
0.000156805
0.000157264
0.000180899
0.00020011
6.60575e-05
0.000250757
5.67866e-05
0.000168229
9.23139e-05
8.3532e-05
4.70359e-05
2.15609e-05
8.80693e-05
0.000163916
0.000108294
0.000541499
0.000318897
3.12608e-05
9.80966e-05
0.000136643
2.15609e-05
0.000315479
8.05236e-05
0.000176041
6.09496e-05
0.00016777
0.000196689
7.62528e-05
0.000632737
0.000161977
0.000108795
0.00039507
0.000240747
0.000147156
0.000159319
0.000197751
0.000253851
0.000200045
8.32986e-05
0.000306423
0.000174657
0.000403978
0.000169776
2.15609e-05
0.000256462
2.15609e-05
0.000334769
0.000936672
8.37087e-05
0.000100817
4.81043e-05
5.34278e-05
7.81002e-05
0.000105975
0.000413912
5.72462e-05
0.000130488
0.00019036
0.000102604
7.89034e-05
2.15609e-05
0.000151246
2.15609e-05
0.000222201
0.00024848
4.09309e-05
2.15609e-05
0.000178936
5.4783e-05
5.54491e-05
0.000173738
0.000364653
0.000154745
0.000454096
0.000496679
0.000151199
7.77289e-05
0.00011968
0.000460841
7.60176e-05
2.15609e-05
0.000148591
7.30558e-05
5.70371e-05
3.22335e-05
0.000358511
0.000109813
3.0232e-05
2.72387e-05
0.000266758
0.000400284
0.000105163
0.000160192
0.000191258
0.000128755
0.000251967
0.000116435
0.000283503
0.000210834
0.000284866
0.000295567
0.000110524
0.000371445
0.000294952
4.91265e-05
0.00030595
0.000137933
0.000100959
9.17906e-05
0.000250433
2.15609e-05
0.000241067
0.000289034
4.13241e-05
0.000234291
0.00018743
7.39201e-05
0.00049434
0.000290072
0.000248453
0.000315977
3.91038e-05
0.000378999
0.000372058
0.000153981
0.000152148
0.000147297
0.000186995
0.000204762
2.15609e-05
0.000113896
2.15609e-05
5.83325e-05
0.000138631
4.29062e-05
9.96e-05
0.000164731
4.70359e-05
0.000345501
9.84606e-05
0.000310843
0.000129826
0.000144642
0.000394116
9.46988e-05
5.10687e-05
0.000198553
0.000306806
7.90061e-05
9.53132e-05
0.000230135
2.15609e-05
0.000167932
0.000148608
2.15609e-05
8.62575e-05
0.000320018
0.000371773
2.15609e-05
0.000333338
0.000367987
0.000196878
0.000301643
0.000154819
0.00011743
0.000113277
5.45146e-05
3.25875e-05
0.000230404
0.000813629
8.15034e-05
0.00100397
4.71512e-05
0.000275574
0.000270916
4.29062e-05
0.000103591
0.00036601
0.0001673
0.000100853
5.8659e-05
2.15609e-05
0.000236505
0.000101199
3.4594e-05
0.000492401
6.89202e-05
0.000346571
0.000302323
6.20131e-05
3.43884e-05
0.000703829
0.000129295
2.9672e-05
0.000467655
0.000291189
0.000121275
0.000125549
0.000132476
0.000308883
7.98955e-05
0.000192001
0.000159325
0.000133503
9.80936e-05
6.08883e-05
7.08661e-05
2.15609e-05
0.000217205
0.000421874
0.000327484
4.26198e-05
0.000247976
0.000134396
0.00011944
0.00084315
0.000282509
0.000143128
0.000186197
3.62031e-05
5.51736e-05
0.00011276
6.44771e-05
0.000337376
0.000232394
0.000200459
0.000132465
8.13803e-05
0.000234848
0.000271976
0.000514218
0.000218338
2.15609e-05
0.000150173
9.77731e-05
0.000482914
0.00020263
2.15609e-05
0.000327166
2.15609e-05
0.000458372
0.000133103
0.000117449
2.15609e-05
0.00020263
2.86582e-05
0.000311779
5.89711e-05
2.15609e-05
0.000443005
8.94387e-05
0.000207298
8.25786e-05
2.15609e-05
0.00018964
7.23072e-05
0.000124161
0.000525714
0.000167144
2.15609e-05
0.00014653
0.000564249
0.00127821
0.000354949
2.15609e-05
0.000150308
0.000197031
0.000462195
6.24027e-05
0.000692793
0.000425381
0.000233228
0.000294305
6.00671e-05
7.47236e-05
0.000161099
0.000224705
2.15609e-05
7.94786e-05
0.000323156
0.00107132
2.15609e-05
0.000130067
0.000175029
2.15609e-05
0.000275175
0.000294946
2.51184e-05
4.6242e-05
0.000134787
0.000228644
0.000172962
0.000571406
0.000278192
0.000204164
9.6162e-05
6.75759e-05
0.000306452
0.000135809
3.70127e-05
0.000260217
9.65734e-05
0.000327436
7.1644e-05
0.000265635
0.000289786
6.30967e-05
2.15609e-05
4.15226e-05
0.00018326
2.15609e-05
0.000506337
6.72322e-05
0.000160903
4.71308e-05
0.000150085
0.00026619
0.000283975
7.95489e-05
5.09108e-05
0.000172243
0.000153723
0.000136112
3.93486e-05
0.000178463
2.8676e-05
0.000308857
2.15609e-05
0.000249077
8.99454e-05
0.000353755
0.000112517
0.000328844
0.000293992
0.000118852
0.000462307
2.15609e-05
0.000379674
8.01827e-05
2.15609e-05
0.000244691
0.000249603
0.00011648
0.000170629
0.00018434
0.000331785
0.00051199
7.35165e-05
2.15609e-05
0.000836187
3.54006e-05
0.000343549
6.8391e-05
0.00050835
5.26739e-05
9.32663e-05
5.09857e-05
6.87393e-05
2.15609e-05
0.000122219
2.15609e-05
8.04345e-05
0.000176239
0.000157938
0.000258466
0.000281415
0.000136114
0.000124456
8.04345e-05
0.000261775
0.000292181
0.000802153
2.15609e-05
0.000309439
0.000131984
3.22335e-05
0.00030774
0.000678801
4.12837e-05
2.15609e-05
2.68972e-05
0.000214275
0.000157698
0.000131551
2.15609e-05
0.000221525
0.000265437
9.52196e-05
0.000124001
0.000421949
9.60391e-05
0.000430443
0.000185814
0.000199345
0.000377873
0.000223366
0.000593367
0.000115933
2.15609e-05
8.11288e-05
0.000112609
0.000242875
6.92113e-05
2.15609e-05
4.48082e-05
0.00032418
0.000374195
0.000163516
2.15609e-05
0.000137837
6.8741e-05
0.000181568
0.000193002
0.000348633
0.000149958
2.15609e-05
0.00018466
0.00010561
0.000154473
0.000130496
0.00038967
0.000410268
0.000250334
6.52992e-05
2.15609e-05
4.07399e-05
2.15609e-05
0.000138901
2.15609e-05
2.15609e-05
0.000104535
0.000116845
0.000286004
2.15609e-05
0.000119142
0.00013334
2.58299e-05
0.000265894
0.000187719
8.44203e-05
0.000182978
6.14463e-05
2.15609e-05
3.22335e-05
2.15609e-05
0.000149449
6.73317e-05
0.000275532
8.03433e-05
2.15609e-05
0.000135188
0.000141522
2.15609e-05
2.15609e-05
8.74189e-05
4.62183e-05
8.94427e-05
0.000318869
2.15609e-05
0.000389153
7.11625e-05
0.000220056
3.22335e-05
7.02721e-05
9.12145e-05
0.000290177
0.000329647
2.15609e-05
6.60188e-05
7.27189e-05
8.33041e-05
0.000258137
2.15609e-05
5.6976e-05
0.000253665
2.15609e-05
0.000154479
0.000373654
0.000462818
0.000133516
0.000512926
0.00012937
0.00014941
4.01247e-05
8.72057e-05
4.79892e-05
6.19033e-05
0.000132841
0.000210703
0.000403785
0.00072079
0.000187951
0.000614232
0.000157136
0.000510186
7.16243e-05
9.49509e-05
8.48337e-05
0.000113934
0.000712638
2.15609e-05
0.00035589
0.000293256
3.22335e-05
0.000318983
6.88555e-05
0.000337723
0.000235631
4.04479e-05
9.89332e-05
2.15609e-05
0.000103585
8.42451e-05
2.15609e-05
0.000999342
0.000115522
0.000114345
3.22335e-05
0.000221419
0.000206351
0.000217297
2.15609e-05
2.15609e-05
2.15609e-05
7.05577e-05
0.000190093
0.000124426
2.15609e-05
2.58299e-05
6.96672e-05
0.000795773
0.000379585
0.000102243
0.000656749
3.22335e-05
0.000469877
2.15609e-05
3.22335e-05
0.000218615
0.000150584
2.58299e-05
0.000258041
0.000196423
2.15609e-05
0.00011404
0.000126861
0.000199823
8.32878e-05
0.000166686
5.33519e-05
2.15609e-05
6.53491e-05
0.000152091
0.000146715
0.000247439
4.93115e-05
0.000381775
0.000238051
0.000264891
0.000105233
6.46848e-05
7.65262e-05
0.000410396
0.000859997
2.15609e-05
9.44535e-05
0.000371561
8.65295e-05
0.000141967
4.36087e-05
0.000123122
0.000635444
2.72387e-05
0.000236372
3.45464e-05
0.000210295
0.000201856
4.78861e-05
6.18679e-05
2.15609e-05
0.000144275
0.000217485
0.00010251
7.10482e-05
8.73787e-05
9.87643e-05
0.000218515
0.000122984
0.000189044
0.000171632
2.15609e-05
0.000454306
0.000703909
2.15609e-05
0.000213491
8.93378e-05
2.68972e-05
2.15609e-05
8.3152e-05
0.000270561
0.000193555
0.000328405
0.000299972
0.000150703
0.000187891
8.71429e-05
0.00016131
9.26669e-05
9.1974e-05
0.000141472
2.15609e-05
0.000109937
0.00026242
0.000317527
0.000109165
0.0001631
9.96355e-05
0.000103158
0.000130079
0.000533356
4.86231e-05
7.60652e-05
0.000134642
0.000151292
0.000286485
0.00013241
0.00015159
0.000292011
0.000296204
0.000129053
0.000330408
7.15111e-05
8.26933e-05
0.00015668
0.000194108
0.000219489
0.000319117
8.14926e-05
0.000286778
0.000199381
0.000516572
4.59274e-05
2.15609e-05
0.000196082
2.15609e-05
5.51116e-05
0.000422877
3.75165e-05
0.000122335
2.8676e-05
4.87632e-05
4.33721e-05
6.67478e-05
0.00013351
0.000272328
0.000350873
0.000196683
5.01236e-05
2.15609e-05
0.000287606
0.000320423
0.000156371
2.15609e-05
0.000362869
0.000270989
0.000142253
7.91043e-05
0.000205776
0.000238801
3.91917e-05
0.00138877
0.000525303
0.00031252
0.000135376
2.15609e-05
0.000125709
5.63626e-05
2.15609e-05
0.000257425
0.000162891
0.000285539
4.95817e-05
9.80175e-05
0.000114575
9.58885e-05
0.000228797
0.000371061
0.000158713
4.51134e-05
2.15609e-05
0.000471679
0.000126466
0.000237959
0.000276201
0.000467251
0.00019465
0.000153214
0.000118452
0.000504905
0.0001755
