0.99
0.000690872
0.000690872
0.000690872
0.00137484
0.000690872
0.000690872
0.00239056
0.00307107
0.00137484
0.000690872
0.00272908
0.000690872
0.000690872
0.00205196
0.000690872
0.000690872
0.000690872
0.000690872
0.00205196
0.00137484
0.0020588
0.000690872
0.000690872
0.000690872
0.000690872
0.000690872
0.00103285
0.000690872
0.000690872
0.000690872
0.000690872
0.000690872
0.00091886
0.00120213
0.00145268
0.00137484
0.00103285
0.000690872
0.000690872
0.00137484
0.0016513
0.000690872
0.00103285
0.000690872
0.000690872
0.00091886
0.00205196
0.000690872
0.000690872
0.000690872
0.000690872
0.00137484
0.00137484
0.000690872
0.000690872
0.000690872
0.00305752
0.000690872
0.000690872
0.000690872
0.000690872
0.00205196
0.000690872
0.000690872
0.000690872
0.000690872
0.000690872
0.000690872
0.00120213
0.00272231
0.000690872
0.00216709
0.000690872
0.000690872
0.000690872
0.000690872
0.000690872
0.000690872
0.00170998
0.000690872
0.000690872
0.00137484
0.00238033
0.00137484
0.00137484
0.000690872
0.000690872
0.000690872
0.00137484
0.000690872
0.00091886
0.0020588
0.000690872
0.00103285
0.0017134
0.000690872
0.000690872
0.00136802
0.00137484
0.000690872
0.00485094
0.000690872
0.000690872
0.000690872
0.000690872
0.00137484
0.000690872
0.000690872
0.00120213
0.00103285
0.000690872
0.000690872
0.00137484
0.000690872
0.000690872
0.000690872
0.00114457
0.000690872
0.000690872
0.000690872
0.00375845
0.000690872
0.000690872
0.000690872
0.000690872
0.00140265
0.000690872
0.00137484
0.000690872
0.000690872
0.00137484
0.000690872
0.000690872
0.00137484
0.00137484
0.000690872
0.00374143
0.00137484
0.000690872
0.000690872
0.000690872
0.00137142
0.000690872
0.000690872
0.000690872
0.00137142
0.000690872
0.000690872
0.000690872
0.00205196
0.000690872
0.000690872
0.000690872
0.000690872
0.00227656
0.00137484
0.00103285
0.000690872
0.000690872
0.000690872
0.000690872
0.00103285
0.000690872
0.000690872
0.000690872
0.00137484
0.000690872
0.000690872
0.000690872
0.000690872
0.000690872
0.000690872
0.000690872
0.000690872
0.00136802
0.000690872
0.000690872
0.00182853
0.000690872
0.000690872
0.000690872
0.000690872
0.000690872
0.00103285
0.000690872
0.000690872
0.000690872
0.000690872
0.000690872
0.00103285
0.000690872
0.00205196
0.000690872
0.000690872
0.00137484
0.00238714
0.00103285
0.00137484
0.000690872
0.000690872
0.0017134
0.00171682
0.000690872
0.00137484
0.000690872
0.000690872
0.00137484
0.000690872
0.0017134
0.00205196
0.000690872
0.000690872
0.000690872
0.000690872
0.00137484
0.00103285
0.000690872
0.000690872
0.000690872
0.000690872
0.000690872
0.000690872
0.00137484
0.000690872
0.000690872
0.000690872
0.000690872
0.000690872
0.000690872
0.000690872
0.000690872
0.000690872
0.00340966
0.000690872
0.000690872
0.000690872
0.000690872
0.000690872
0.00137484
0.000690872
0.00171682
0.00137484
0.000690872
0.00137484
0.000690872
0.000690872
0.000690872
0.000690872
0.000690872
0.000690872
0.00137484
0.00137484
0.000690872
0.000690872
0.000690872
0.00171682
0.00137484
0.00137484
0.000690872
0.00114457
0.000690872
0.0017134
0.000690872
0.000690872
0.000690872
0.000690872
0.000690872
0.000690872
0.00137142
0.000690872
0.001539
0.000690872
0.000690872
0.00148655
0.000690872
0.00341305
0.000690872
0.000690872
0.000690872
0.000690872
0.000690872
0.000690872
0.000690872
0.000690872
0.000690872
0.000690872
0.000690872
0.00187418
0.000690872
0.000690872
0.000690872
0.000690872
0.00160054
0.000690872
0.000690872
0.00137484
0.00239394
0.000690872
0.0015407
0.000690872
0.000690872
0.000690872
0.000690872
0.000690872
0.000690872
0.000690872
0.000690872
0.000690872
0.000690872
0.000690872
0.00140265
0.000690872
0.00114457
0.00284422
0.000690872
0.000690872
0.000690872
0.000690872
0.00137484
0.000690872
0.00137484
0.00103285
0.000690872
0.000690872
0.00171682
0.000690872
0.000690872
0.000690872
0.000690872
0.000690872
0.000690872
0.000690872
0.000690872
0.000690872
0.00389568
0.00137484
0.000690872
0.00254631
0.000690872
0.00171682
0.000690872
0.000690872
0.0017134
0.00205196
0.000690872
0.000690872
0.000690872
0.000690872
0.000690872
0.00378598
0.000690872
0.000690872
0.00137484
0.000690872
0.000690872
0.000690872
0.00187418
0.000690872
0.00187929
0.000690872
0.0017134
0.00137484
0.000690872
0.000690872
0.000690872
0.000690872
0.000690872
0.000690872
0.00205196
0.0027257
0.000690872
0.00137484
0.000690872
0.000690872
0.000690872
0.000690872
0.000690872
0.000690872
0.000690872
0.00137484
0.00251249
0.00137484
0.00137484
0.000690872
0.00091886
0.00272231
0.000690872
0.000690872
0.000690872
0.00273592
0.000690872
0.000690872
0.000690872
0.00103285
0.00171682
0.000690872
0.00137484
0.0017134
0.000690872
0.000690872
0.000690872
0.000690872
0.00140265
0.00114571
0.000690872
0.000690872
0.000690872
0.00238033
0.00137484
0.000690872
0.000690872
0.00137484
0.000690872
0.000690872
0.000690872
0.0015407
0.000690872
0.000690872
0.00103285
0.000690872
0.000690872
0.000690872
0.0020588
0.000690872
0.00103285
0.000690872
0.00103285
0.000690872
0.000690872
0.00114457
0.000690872
0.000690872
0.00205196
0.00091886
0.000690872
0.000690872
0.00137484
0.000690872
0.00091886
0.00103285
0.000690872
0.00273592
0.00103285
0.000690872
0.00137484
0.00284085
0.00239052
0.000690872
0.00194026
0.000690872
0.000690872
0.00137484
0.000690872
0.000690872
0.00205196
0.00114457
0.00103285
0.000690872
0.00103285
0.00137484
0.000690872
0.000690872
0.000690872
0.00137484
0.00137484
0.000690872
0.00137484
0.000690872
0.00103285
0.000690872
0.000690872
0.000690872
0.000690872
0.000690872
0.000690872
0.000690872
0.00137484
0.000690872
0.000690872
0.00137484
0.000690872
0.0017134
0.000690872
0.000690872
0.000690872
0.000690872
0.000690872
0.00137142
0.000690872
0.00256495
0.000690872
0.00091886
0.000690872
0.00205196
0.000690872
0.00137484
0.000690872
0.00145268
0.00216823
0.000690872
0.000690872
0.000690872
0.00137484
0.000690872
0.000690872
0.000690872
0.00137484
0.000690872
0.001539
0.000690872
0.00137484
0.00103285
0.00137484
0.00103285
0.000690872
0.000690872
0.000690872
0.00205196
0.000690872
0.000690872
0.000690872
0.00137484
0.000690872
0.00120213
0.000690872
0.00103285
0.000690872
0.00091886
0.00103285
0.0040834
0.000690872
0.000690872
0.000690872
0.000690872
0.000690872
0.000690872
0.000690872
0.00171682
0.0027325
0.00103285
0.000690872
0.000690872
0.000690872
0.00137484
0.00182399
0.000690872
0.000690872
0.000690872
0.000690872
0.000690872
0.00296165
0.000690872
0.000690872
0.000690872
0.000690872
0.000690872
0.000690872
0.000690872
0.00205196
0.000690872
0.000690872
0.000690872
0.000690872
0.000690872
0.00103285
0.00137484
0.000690872
0.000690872
0.00137142
0.000690872
0.00103285
0.000690872
0.000690872
0.000690872
0.000690872
0.000690872
0.000690872
0.000690872
0.000690872
0.000690872
0.000690872
0.000690872
0.000690872
0.000690872
0.00103285
0.00103285
0.000690872
0.000690872
0.000690872
0.00137484
0.000690872
0.000690872
0.000690872
0.0020588
0.000690872
0.000690872
0.000690872
0.00137484
0.000690872
0.000690872
0.000690872
0.000690872
0.00205196
0.00205196
0.000690872
0.00137484
0.00272231
0.000690872
0.000690872
0.000690872
0.000690872
0.000690872
0.00215689
0.00091886
0.000690872
0.000690872
0.000690872
0.000690872
0.00171682
0.00137484
0.000690872
0.000690872
0.000690872
0.00137484
0.00171682
0.000690872
0.00103285
0.000690872
0.00137484
0.000690872
0.000690872
0.000690872
0.000690872
0.000690872
0.00205196
0.000690872
0.00137484
0.000690872
0.000690872
0.00103285
0.000690872
0.000690872
0.000690872
0.00137484
0.000690872
0.00205538
0.000690872
0.00091886
0.00137484
0.000690872
0.00137484
0.00114457
0.000690872
0.000690872
0.000690872
0.000690872
0.00137484
0.00137484
0.000690872
0.000690872
0.000690872
0.00137484
0.000690872
0.0017134
0.000690872
0.00091886
0.00341305
0.000690872
0.000690872
0.000690872
0.00137484
0.00137484
0.000690872
0.000690872
0.000690872
0.000690872
0.000690872
0.00160054
0.00170659
0.00137484
0.000690872
0.00137484
0.000690872
0.000690872
0.000690872
0.0017134
0.000690872
0.000690872
0.000690872
0.000690872
0.000690872
0.000690872
0.00205196
0.000690872
0.000690872
0.000690872
0.000690872
0.000690872
0.000690872
0.000690872
0.000690872
0.00103285
0.00137484
0.000690872
0.000690872
0.00205196
0.000690872
0.000690872
0.000690872
0.000690872
0.000690872
0.0017134
0.00137484
0.000690872
0.00171682
0.000690872
0.00205196
0.000690872
0.00188099
0.000690872
0.00137484
0.00137484
0.000690872
0.00137484
0.00103285
0.000690872
0.00137484
0.00110545
0.000690872
0.000690872
0.000690872
0.00103285
0.00137484
0.00239052
0.00103285
0.000690872
0.000690872
0.000690872
0.000690872
0.000690872
0.00273592
0.00137484
0.00137484
0.00137484
0.000690872
0.000690872
0.000690872
0.000690872
0.000690872
0.000690872
0.000690872
0.000690872
0.000690872
0.000690872
0.000690872
0.000690872
0.0020588
0.00205196
0.000690872
0.00137484
0.000690872
0.000690872
0.000690872
0.00171682
0.00103285
0.00137484
0.00154412
0.000690872
0.00091886
0.00178527
0.00204521
0.000690872
0.000690872
0.000690872
0.000690872
0.000690872
0.000690872
0.00103285
0.000690872
0.000690872
0.000690872
0.00137484
0.000690872
0.00103285
0.000690872
0.000690872
0.000690872
0.000690872
0.000690872
0.000690872
0.000690872
0.000690872
0.000690872
0.00137484
0.000690872
0.00239052
0.00091886
0.000690872
0.000690872
0.000690872
0.00137484
0.000690872
0.00272908
0.0017134
0.00103285
0.000690872
0.000690872
0.000690872
0.00125629
0.000690872
0.000690872
0.000690872
0.000690872
0.000690872
0.00137484
0.000690872
0.00137484
0.000690872
0.00103285
0.00338596
0.000690872
0.000690872
0.000690872
0.000690872
0.00137484
0.000690872
0.00103285
0.000690872
0.00137484
0.000690872
0.00103285
0.000690872
0.000690872
0.000690872
0.00137484
0.000690872
0.00306087
0.00137484
0.000690872
0.000690872
0.000690872
0.00137484
0.000690872
0.00110545
0.000690872
0.00171682
0.000690872
0.00103285
0.000690872
0.00171682
0.000690872
0.000690872
0.00103285
0.000690872
0.00137484
0.000690872
0.00188099
0.00137484
0.000690872
0.000690872
0.000690872
0.000690872
0.000690872
0.000690872
0.000690872
0.00137484
0.000690872
0.00103285
0.000690872
0.00136802
0.000690872
0.000690872
0.00272912
0.000690872
0.000690872
0.000690872
0.000690872
0.000690872
0.000690872
0.000690872
0.000690872
0.000690872
0.00137484
0.000690872
0.000690872
0.000690872
0.0020588
0.000690872
0.000690872
0.000690872
0.00137484
0.00103285
0.000690872
0.0017134
0.000690872
0.00137484
0.00137484
0.000690872
0.000690872
0.000690872
0.000690872
0.000690872
0.000690872
0.000690872
0.000690872
0.000690872
0.000690872
0.000690872
0.000690872
0.000690872
0.000690872
0.000690872
0.00137484
0.000690872
0.000690872
0.000690872
0.000690872
0.00239394
0.000690872
0.000690872
0.000690872
0.0017134
0.000690872
0.000690872
0.000690872
0.00137484
0.000690872
0.000690872
0.000690872
0.000690872
0.000690872
0.000690872
0.000690872
0.000690872
0.000690872
0.000690872
0.000690872
0.000690872
0.00110545
0.000690872
0.00137484
0.000690872
0.000690872
0.000690872
0.000690872
0.00137484
0.000690872
0.000690872
0.000690872
0.000690872
0.00137484
0.00137484
0.00103285
0.00137484
0.000690872
0.00137484
0.000690872
0.000690872
0.000690872
0.00239394
0.000690872
0.000690872
0.000690872
0.000690872
0.000690872
0.000690872
0.000690872
0.000690872
0.00137484
0.00103285
0.000690872
0.00103285
0.000690872
0.00103285
0.000690872
0.00103285
0.00239052
0.000690872
0.000690872
0.000690872
0.000690872
0.000690872
0.00137484
0.000690872
0.000690872
0.000690872
0.000690872
0.00137484
0.000690872
0.00103285
0.00137484
0.000690872
0.000690872
0.000690872
0.00103285
0.000690872
0.000690872
0.00125629
0.00212902
0.00137484
0.000690872
