0.99
3.49783e-05
0.00020162
8.53195e-05
2.60354e-05
0.000222792
3.03168e-05
0.000258725
3.85946e-05
0.000111898
0.000242258
0.000105054
1.92853e-05
8.80894e-06
0.000225059
0.000178601
0.000190276
0.000145545
6.57954e-05
0.00019569
5.32089e-05
0.000238439
0.00021546
8.80894e-06
0.000220587
0.000436408
7.39977e-05
0.000142316
8.81864e-05
0.000340234
0.00021147
0.000288938
0.000107255
0.000210473
0.000200569
8.80894e-06
9.83515e-05
0.000116913
1.20605e-05
0.000242404
4.87962e-05
0.000108827
8.27996e-05
0.000130626
0.00014124
8.80894e-06
0.000149479
7.07718e-05
3.22083e-05
0.000136053
9.4766e-05
7.30682e-05
0.000345984
0.000402928
0.000164703
9.55526e-05
7.84891e-05
4.20767e-05
3.55614e-05
0.00054379
0.000176124
8.24938e-05
6.58067e-05
0.000247536
3.71992e-05
0.000213141
3.20485e-05
0.000411969
0.000185491
0.000134215
0.000349989
0.000143035
0.000468829
0.000254273
0.000142639
0.000168618
0.000142519
0.000134776
6.71862e-05
0.000152664
5.69742e-05
9.371e-05
1.54965e-05
0.000146458
0.000240933
0.000160484
0.000125188
1.87072e-05
7.69389e-05
0.000110078
0.000197239
8.42557e-05
0.000138466
8.80894e-06
0.000142384
8.80894e-06
0.000144826
0.000200122
0.000125459
6.09668e-05
0.000127854
0.000245679
5.71384e-05
0.000312504
7.29331e-05
5.59543e-05
6.95605e-05
9.20025e-05
0.000265262
6.75821e-05
4.06333e-05
0.000144237
0.000308804
8.80894e-06
0.000162193
1.05531e-05
1.58633e-05
0.000191204
0.000324686
8.49295e-05
0.00010745
6.75374e-05
0.000173337
1.84806e-05
0.00017384
8.13789e-05
8.10303e-05
0.000190966
0.000122378
3.13447e-05
2.08138e-05
9.43679e-05
0.000291321
0.00031916
8.80894e-06
2.76104e-05
0.00012787
2.72755e-05
0.000109982
0.000228279
0.000123274
0.000304029
0.00022927
6.96335e-05
0.000228108
0.000530309
0.000495953
8.80894e-06
0.000120288
0.000157991
0.000305635
0.000226835
0.000247972
0.000122439
0.000102835
0.000137484
8.80894e-06
4.40519e-05
0.000201149
6.66667e-05
0.00021371
0.000412829
3.19307e-05
0.000103782
4.07239e-05
0.00017385
0.00022898
0.000145171
0.000335647
6.46205e-05
8.02752e-05
0.000196641
0.000507937
0.000109025
5.2561e-05
0.000209024
2.31505e-05
0.000622831
4.0897e-05
0.000142981
0.000250668
0.000110945
0.000117961
0.000189656
0.000305209
0.000223508
4.24739e-05
0.000418497
9.82257e-05
0.00014431
0.000170466
4.68401e-05
3.24549e-05
0.000414545
0.000121142
0.000135406
0.000256308
0.000331283
2.55563e-05
0.000128145
0.000145365
0.000135986
0.000177242
9.36216e-05
9.81784e-05
6.5324e-05
4.20862e-05
1.68551e-05
3.86495e-05
4.11107e-05
0.000381582
8.06651e-05
0.000109582
8.47405e-05
0.000157735
0.000184292
0.000217312
0.000138636
0.000132982
0.000245693
0.000173744
0.000276741
0.00010448
0.000154278
0.000301345
4.46092e-05
0.000226501
0.000124818
0.000154835
2.57112e-05
0.000199958
5.60807e-05
2.92812e-05
0.000134534
0.000115928
8.065e-05
9.04642e-05
0.000160079
0.000127934
0.000111434
0.000136771
0.000110929
0.000124256
0.000232121
0.000209389
5.28169e-05
8.80894e-06
0.000152662
5.29941e-05
1.02624e-05
8.07509e-05
8.80894e-06
0.000142704
0.000136119
0.000278963
0.000225301
6.2339e-05
0.000188509
5.67691e-05
7.9764e-05
8.7282e-05
0.000197382
8.36622e-05
0.000219092
0.000241472
0.000244643
0.000224558
0.000401575
0.000349843
0.000182974
8.8193e-05
9.91936e-05
7.7375e-05
5.13105e-05
0.00050035
6.69477e-05
0.000244681
0.000480948
8.80894e-06
0.000135145
0.000271965
0.000147901
0.000122272
8.80894e-06
0.000126853
0.000166783
0.000148592
2.47166e-05
0.00033198
6.61043e-05
0.000121462
7.82699e-05
2.28834e-05
0.00030946
0.000116149
5.35217e-05
0.000188151
0.000201539
6.3279e-05
7.22279e-05
7.07006e-05
0.000146283
0.000190848
0.000285007
7.01261e-05
2.09634e-05
0.000111307
0.00040179
0.000310841
3.79594e-05
0.000141238
0.000196866
0.00014361
0.000364691
4.03967e-05
3.39996e-05
6.99201e-05
0.000260355
7.74403e-05
0.000125389
3.72111e-05
0.000528888
0.00010557
0.000295136
8.80894e-06
1.17086e-05
8.98072e-05
7.58498e-05
1.8292e-05
0.000125279
8.30747e-05
5.66771e-05
2.46297e-05
0.000183574
0.000230074
0.000148799
0.000150428
0.000197554
0.000164599
0.000263448
0.000110515
5.85822e-05
9.74261e-05
8.22481e-05
0.000204353
0.000102151
0.000123438
8.04254e-05
0.000181593
0.000364491
0.000106758
8.80894e-06
0.000193209
0.000200858
8.80894e-06
1.40657e-05
6.03015e-05
9.59709e-05
4.90238e-05
7.81435e-05
0.000178893
7.94631e-05
3.59075e-05
0.000141405
0.00011947
1.09892e-05
0.000160648
9.27334e-05
7.35762e-05
3.80239e-05
1.46228e-05
0.000116671
0.000190476
9.02989e-05
0.000339876
5.5728e-05
5.08174e-05
3.08316e-05
0.00025409
0.000142134
8.05181e-05
0.000358261
0.000138659
0.000546299
0.0001067
0.000103705
0.000256307
8.52199e-05
0.000205598
6.40357e-05
7.39331e-05
0.000261816
1.7285e-05
2.78823e-05
0.000110194
0.000192439
8.80894e-06
7.41854e-05
0.000164618
0.000138139
8.80894e-06
9.91025e-05
0.000263383
0.000203207
5.89988e-05
0.000188348
0.000224083
1.31011e-05
5.6957e-05
1.54774e-05
8.38436e-05
0.000149442
0.000158605
3.50985e-05
0.000195587
3.9076e-05
0.000217972
0.000405401
0.000241463
5.52944e-05
0.00023173
8.5305e-05
0.000176636
7.43556e-05
0.000180636
4.619e-05
6.96279e-05
8.80894e-06
2.01843e-05
6.59322e-05
4.35411e-05
5.30606e-05
0.000211465
6.19783e-05
0.000242858
8.58067e-05
0.000265821
7.09939e-05
5.08751e-05
6.33174e-05
0.000110012
0.000149912
0.000106174
8.90037e-05
5.99982e-05
8.53864e-05
0.000153087
5.36412e-05
8.80894e-06
0.000150661
0.000128527
0.000122829
0.000140184
0.000369495
0.000219742
0.000223666
0.000418463
3.59098e-05
8.80894e-06
0.000121432
0.000176495
0.00017455
0.000218534
0.000269808
3.95e-05
0.000280398
0.000233985
9.74108e-05
1.09892e-05
6.67117e-05
4.91204e-05
9.56516e-05
7.89614e-05
4.34208e-05
0.000216031
0.000124787
0.000251082
7.04482e-05
1.31694e-05
7.31625e-05
5.68164e-05
0.000283624
5.2142e-05
4.25829e-05
0.000219038
0.000247124
0.000289522
0.000103614
8.62471e-05
8.80894e-06
0.000103154
8.80894e-06
0.000319239
3.78938e-05
0.000240133
3.24705e-05
0.000114524
0.000174079
0.000296137
9.8993e-05
1.17159e-05
0.000242265
0.000399745
4.88849e-05
0.000150592
2.94549e-05
0.000191986
7.47577e-05
8.48555e-05
0.000270972
0.000100207
8.26432e-05
0.000104474
3.15733e-05
1.79861e-05
3.71313e-05
0.000222304
0.000205917
4.61391e-05
6.71315e-05
1.87658e-05
4.07346e-05
6.03514e-05
0.000203443
4.44676e-05
0.000168486
2.13747e-05
0.000201524
0.00018806
0.000293143
0.000103053
7.03895e-05
0.000153775
0.000267659
6.69447e-05
2.63549e-05
2.01967e-05
0.000117324
0.000233222
7.91604e-05
4.54321e-05
5.16951e-05
0.000398048
8.76779e-05
8.80894e-06
2.04804e-05
0.000147956
4.49053e-05
0.000208646
0.00010088
4.1722e-05
0.000141792
3.57171e-05
1.63902e-05
0.000116043
7.34421e-05
0.000140706
4.73033e-05
5.42004e-05
7.29906e-05
0.000214604
9.9934e-05
0.000263746
0.000247352
0.000197119
0.000209891
1.63554e-05
3.69847e-05
0.000248547
0.000133916
0.000326148
8.80894e-06
0.00012606
9.03883e-05
1.60154e-05
7.8044e-05
0.000114827
4.1978e-05
0.000178623
0.000539421
5.98516e-05
0.000171634
6.10811e-05
0.00011821
0.000124581
8.49037e-05
6.76078e-05
7.02332e-05
5.96433e-05
0.000424387
0.000100059
0.000137297
0.000165747
0.000141097
0.000144591
8.80894e-06
9.65833e-05
0.000185611
3.44708e-05
0.000100778
4.22338e-05
0.000193146
7.7055e-05
0.000117796
0.000163243
8.3041e-05
3.77324e-05
0.000122174
0.000263297
3.93732e-05
8.80894e-06
0.000209333
3.22481e-05
0.000122497
2.92941e-05
7.11803e-05
8.80894e-06
8.80894e-06
0.000115856
9.0877e-05
0.000131552
2.94092e-05
4.82515e-05
0.000120121
0.000128182
0.000184608
0.000171896
0.000188891
0.000144991
0.0001044
0.000265113
5.90512e-05
0.000206467
0.000151803
4.32412e-05
5.92238e-05
0.000152358
5.12077e-05
0.000346886
0.000202943
5.78732e-05
0.000122108
0.000135737
5.35124e-05
0.000330466
0.000154681
0.000178477
0.00028375
8.80894e-06
0.000284101
0.00010604
0.000171936
2.98544e-05
6.04932e-05
9.82034e-05
0.000156456
0.000355035
6.0173e-05
0.000116966
2.02678e-05
0.000288588
0.000126334
0.000124919
5.41602e-05
0.000202031
0.00029574
0.000106953
0.000601239
4.7135e-05
8.26866e-05
0.000437419
0.000550075
9.56762e-05
7.39423e-05
4.71713e-05
8.80894e-06
0.000270853
5.68426e-05
0.000106969
4.8923e-05
1.20684e-05
1.99476e-05
2.44969e-05
0.000103868
0.000111856
0.000229136
6.41822e-05
2.36429e-05
6.08776e-05
0.000216839
0.000112469
6.06188e-05
0.000543485
5.05105e-05
0.000159852
0.000164747
8.29026e-05
0.00036921
0.000123765
0.000149672
3.94014e-05
0.000116972
0.000104471
3.81164e-05
1.97865e-05
9.89244e-05
0.000125602
0.000116013
7.87362e-05
0.000149674
0.000137186
0.000196484
0.000124271
0.00011971
9.59735e-05
0.000116656
0.000162938
0.000107186
4.9854e-05
1.69952e-05
8.13327e-05
0.000275015
0.000276309
0.00024414
6.56752e-05
0.0001118
0.000120941
0.000355367
0.000148551
3.38672e-05
2.26843e-05
0.000279235
0.000217524
8.80894e-06
1.05531e-05
5.86748e-05
5.68686e-05
0.000145282
0.000170491
7.72491e-05
0.000101393
7.83539e-05
3.84138e-05
0.000203735
0.000212866
5.53406e-05
0.00011169
4.90906e-05
0.000437935
0.000149189
0.000132244
7.79594e-05
0.000212035
0.00016129
8.5169e-05
0.000363369
0.000177783
8.88499e-05
1.31675e-05
0.000233956
0.000140569
1.25778e-05
6.8952e-05
0.000212512
5.10327e-05
0.000100433
9.7028e-05
8.11174e-05
0.000164396
0.000183808
0.000244166
6.89822e-05
0.000254848
0.000227518
8.10637e-05
0.000150118
2.6144e-05
0.000220922
1.60068e-05
0.000212277
0.0002407
6.17329e-05
0.00032869
5.76725e-05
7.48773e-05
0.000139937
0.000167158
9.34816e-05
0.000113227
0.000244196
0.000320687
0.000388518
0.000330556
0.000526005
8.99669e-05
8.6179e-05
6.00203e-05
0.000236473
0.000135732
0.000158325
2.85089e-05
0.000268655
8.80894e-06
0.000232761
8.34594e-05
8.80894e-06
0.000107642
0.000128937
0.00012382
7.22336e-05
5.58539e-05
3.95035e-05
0.000161018
8.45598e-05
0.000127416
6.60742e-05
1.87348e-05
5.56249e-05
0.000173353
5.12129e-05
0.000441813
2.66508e-05
0.000130007
0.000271424
0.000176327
0.000210921
0.000133076
0.000236171
8.80894e-06
0.000203899
0.000440989
0.000176015
5.01023e-05
0.000147215
8.80894e-06
0.000185288
0.0001435
5.82669e-05
0.000153338
6.37797e-05
6.34983e-05
8.37389e-05
7.17143e-05
7.49866e-05
0.000150653
0.000233122
0.000324309
9.29717e-05
4.20633e-05
0.000140407
8.20107e-05
1.93748e-05
4.49046e-05
0.000305231
3.62535e-05
0.000242291
1.84247e-05
7.55901e-05
2.44459e-05
6.00333e-05
0.000317758
0.000137016
5.6807e-05
0.000138315
0.000134515
0.000113492
0.000141684
4.5438e-05
7.19318e-05
0.000118871
5.49257e-05
0.000154728
5.28037e-05
9.84547e-05
7.30154e-05
8.80894e-06
0.000256031
8.80894e-06
8.96279e-05
9.94747e-05
0.000200694
0.000193713
9.65854e-05
0.00030547
0.000130187
7.46639e-05
0.000113804
0.000189139
0.000523867
0.000240606
7.17803e-05
5.42059e-05
0.000248313
0.000163372
9.31445e-05
0.000180928
5.34369e-05
9.74489e-05
4.69729e-05
8.80894e-06
1.20648e-05
9.16267e-05
0.000107759
0.00018385
0.000216879
3.81041e-05
6.48992e-05
0.000260505
0.000129575
7.79886e-05
0.000164627
4.97637e-05
0.00028824
0.000267927
9.59988e-05
0.000388089
0.00011542
0.000173199
0.000157641
7.53034e-05
0.000171339
0.000115988
0.000213523
0.000141037
8.80894e-06
0.000173882
0.000330472
0.000234739
0.000111087
0.00028426
2.93148e-05
7.32522e-05
0.000256096
2.39357e-05
0.000278246
0.000235284
9.01792e-05
6.79321e-05
5.17637e-05
9.7775e-05
8.80894e-06
0.000135666
0.000211934
0.000159301
6.0408e-05
8.29123e-05
3.61799e-05
2.66501e-05
0.000154848
4.57278e-05
0.000198507
0.000262802
4.37655e-05
7.97572e-05
5.89484e-05
0.000253001
4.85149e-05
6.46205e-05
0.000196487
0.000231884
0.000331399
1.66233e-05
2.32456e-05
8.10386e-05
0.000482661
0.000127788
6.16534e-05
0.000113621
0.000131123
3.12332e-05
0.000242722
0.000193502
2.97805e-05
8.27962e-05
0.000214741
8.80894e-06
0.000174943
0.000181447
0.000215329
0.00017442
2.77872e-05
9.70003e-05
6.94331e-05
0.00020173
8.80894e-06
0.000243693
0.000172464
8.80894e-06
9.13579e-05
6.08166e-05
0.000146488
0.000242888
0.000263989
5.37548e-05
7.87958e-05
2.2617e-05
9.09586e-05
0.000259068
3.63247e-05
2.25487e-05
6.5528e-05
0.000104403
0.000179109
0.000127624
9.10104e-05
5.51633e-05
0.000482343
1.54313e-05
2.28834e-05
0.000380906
0.000166143
3.51941e-05
0.000154567
2.0824e-05
0.000171694
0.000102246
2.78319e-05
0.000145969
0.000229761
5.65586e-05
8.68066e-05
0.00010368
6.66339e-05
0.000115475
7.59792e-05
8.86906e-05
0.000137226
5.79925e-05
0.000173372
7.7114e-05
0.000124153
0.000148719
8.80894e-06
0.000104675
0.000131047
0.000190018
0.000314902
0.000152105
0.000121543
0.000240614
0.000174628
0.000239893
3.32955e-05
0.000434647
0.00026946
7.41803e-05
5.60901e-05
8.59209e-05
6.34002e-05
8.80894e-06
0.00010014
8.80894e-06
0.000225869
0.000107642
0.000203756
1.31548e-05
0.00022963
0.000199754
8.80894e-06
8.80894e-06
0.000253841
7.96653e-05
6.90187e-05
0.000188772
9.93749e-05
0.000234709
0.000271837
2.68204e-05
6.79925e-05
2.87246e-05
2.17629e-05
0.000204855
0.000204779
5.31655e-05
0.000122588
4.31792e-05
3.42203e-05
8.80894e-06
0.000354096
3.75601e-05
7.31912e-05
5.75139e-05
6.31798e-05
9.22721e-05
8.80894e-06
0.000226682
2.60158e-05
0.000249534
3.47988e-05
0.000189199
0.000179448
0.000119059
0.000226863
0.000162019
0.000228477
3.78883e-05
8.38428e-05
3.97788e-05
8.80894e-06
0.000286575
8.80894e-06
8.80894e-06
0.000211284
0.00055617
0.000168947
5.33883e-05
8.80894e-06
1.02624e-05
0.000419636
0.000128172
0.000427288
5.50481e-05
2.68756e-05
8.07449e-05
2.24673e-05
0.000194182
0.000211843
0.000138489
0.000137335
0.000450925
0.000275848
8.2453e-05
6.8235e-05
2.94904e-05
0.000251844
0.000255409
0.000240604
7.58236e-05
0.000123458
7.61548e-05
0.000146983
5.7367e-05
0.000124655
7.87802e-05
9.94407e-05
0.000288424
9.71479e-05
0.000355234
5.35139e-05
0.000204625
0.000152555
5.12178e-05
8.80894e-06
0.000229537
8.80894e-06
0.000168798
0.000217245
0.000138038
0.000157196
5.84374e-05
0.000312953
0.000203439
0.000202964
0.000137568
9.3872e-05
8.56973e-05
0.000139395
0.00012853
5.92904e-05
6.62859e-05
2.67358e-05
9.00852e-05
0.000133183
0.000137039
0.000398537
0.000153158
7.35866e-05
0.000187441
7.56475e-05
0.000138166
7.04545e-05
1.24819e-05
2.36578e-05
3.70234e-05
0.000199378
0.000163256
4.53733e-05
9.66265e-05
0.00017395
0.000281531
7.0274e-05
0.000158006
0.000224174
0.000191265
8.80894e-06
0.000425563
8.80894e-06
0.00015411
0.000103068
8.47414e-05
6.57859e-05
0.000297995
0.000386234
2.46706e-05
9.46107e-05
8.18742e-05
0.000164351
7.95313e-05
2.58202e-05
0.000124358
8.30524e-05
3.73858e-05
8.33239e-05
4.26863e-05
0.000206964
0.000186075
4.32504e-05
0.000196159
8.80894e-06
0.000204626
0.000156814
1.85727e-05
0.00039968
6.95749e-05
0.000286383
0.000303373
8.80894e-06
9.14582e-05
2.23788e-05
0.000233021
7.06957e-05
0.000168435
6.83151e-05
0.000440369
0.000352613
9.52405e-05
2.94501e-05
4.23013e-05
0.000123592
0.000185335
8.80894e-06
7.47455e-05
0.000474842
0.000109955
8.47334e-05
0.000175702
4.90301e-05
4.75724e-05
0.00030207
0.000135059
0.000189423
0.000125141
0.000247605
0.000100584
5.12639e-05
0.000224127
0.000332013
8.80894e-06
0.00022535
0.000101181
0.0005838
0.000181504
0.000117334
0.000212925
0.000170993
0.000157765
0.000795744
0.0001369
0.000151177
0.000320267
9.30414e-05
0.000362129
0.00010181
0.000159364
8.80894e-06
0.000191283
4.46119e-05
5.46828e-05
0.000184065
0.000347361
0.00011923
0.00019871
0.000244572
0.000134401
0.000245264
0.000253678
7.41771e-05
0.000297386
0.000433912
0.000343055
0.000148694
0.000102079
0.00026845
1.75245e-05
7.7012e-05
0.000182152
0.000138691
7.23496e-05
4.6287e-05
8.80894e-06
0.00013162
0.000160635
0.000117153
6.08625e-05
0.000302645
0.000156987
0.000122399
0.000405867
6.41617e-05
0.000184217
9.11281e-05
0.000109055
8.01899e-05
8.01647e-05
2.01843e-05
0.000228197
0.000177277
6.88248e-05
7.78249e-05
0.000161312
6.25974e-05
2.86199e-05
0.000135027
0.000184707
2.39641e-05
0.000102335
0.000359672
0.000174224
0.000166785
0.000316717
9.71743e-05
0.000101593
6.92533e-05
7.28723e-05
0.000318998
8.95977e-05
8.80894e-06
2.80194e-05
0.000202404
2.7976e-05
0.000129463
7.33324e-05
0.000157689
9.80123e-05
0.00017743
5.12537e-05
4.51864e-05
7.51121e-05
0.000258511
0.000465063
9.19065e-05
8.80894e-06
0.00011561
0.000167972
9.53719e-05
3.36696e-05
0.00010434
8.80894e-06
0.000175085
6.03044e-05
6.36946e-05
4.55761e-05
0.000236626
5.86958e-05
0.00016013
0.000133681
2.87051e-05
0.000161755
0.000480031
0.000135886
0.000188481
0.000268932
0.000130503
6.52765e-05
7.47447e-05
0.000151757
7.46936e-05
0.00010179
0.000229375
9.12458e-05
0.000438201
0.000224831
0.000211167
0.000104694
0.000150461
0.000203682
0.000274649
8.80894e-06
2.12812e-05
3.41171e-05
8.94563e-05
4.23245e-05
7.91201e-05
0.000120902
0.000174952
0.000442244
0.000193673
0.000235095
0.000138795
4.48073e-05
0.000173944
6.4806e-05
0.000163076
0.000242065
2.90259e-05
0.000209798
1.31694e-05
0.00019415
0.00047079
1.87424e-05
0.000254484
0.000235191
0.000119821
2.8677e-05
4.31362e-05
0.000133842
0.000156396
0.000182582
0.000182265
0.000131919
7.06311e-05
0.000263249
6.78699e-05
0.000163835
0.000124909
6.68975e-05
0.000100201
0.000160501
1.74216e-05
8.43996e-05
0.000190512
6.25471e-05
0.000414657
1.31694e-05
8.80894e-06
0.000121837
0.000163889
0.000240137
8.80894e-06
0.000314631
8.13143e-05
0.000192883
0.000103581
4.08236e-05
0.000288838
8.62341e-05
8.3835e-05
1.31548e-05
0.00022432
0.000157565
8.80894e-06
0.00012225
0.000104536
6.36469e-05
0.000138002
0.000116087
0.000176731
5.72168e-05
0.000122878
0.000260327
0.000191359
6.31831e-05
0.000204458
8.80894e-06
2.66773e-05
2.02302e-05
6.5207e-05
8.13885e-05
3.83599e-05
0.000104533
9.31594e-05
5.79775e-05
0.000211712
9.02516e-05
0.000366378
0.000104487
0.000148527
0.000252123
0.000153509
0.000126271
5.4232e-05
0.000168967
0.000168752
4.05985e-05
0.000185111
4.77301e-05
0.000183701
0.000200653
8.80894e-06
0.000102465
0.000209191
9.9385e-05
0.000312966
8.80894e-06
0.000112458
0.000117869
0.000164323
0.000308653
0.000184997
8.55383e-05
0.000145527
0.000193992
1.05531e-05
0.000296817
8.79944e-05
6.48488e-05
6.21553e-05
5.79937e-05
0.000101334
0.000170189
0.000281124
9.81978e-05
0.000118014
3.67589e-05
7.78628e-05
0.00046535
5.04204e-05
0.000118972
0.000153599
0.000101375
0.000439602
0.000113487
5.75598e-05
0.000161255
4.91789e-05
0.000100641
6.54239e-05
1.77993e-05
2.83425e-05
0.00012429
0.000110851
8.80894e-06
0.000131661
3.56792e-05
0.000111892
0.000177318
0.000108752
8.22332e-05
0.00102941
9.87199e-05
7.74597e-05
0.000173643
8.71928e-05
7.64064e-05
3.89976e-05
7.06809e-05
0.000290276
0.000157189
0.000206347
0.000123737
0.000269226
9.11124e-05
0.000178438
5.69909e-05
0.000258379
8.80894e-06
0.000150081
0.000228627
0.000251265
0.000473629
5.64118e-05
5.96617e-05
9.60439e-05
0.000334201
0.000268496
7.25764e-05
0.000310185
8.66482e-05
0.000107627
0.000165207
4.31791e-05
0.00028477
0.000146309
0.000164689
0.00016107
8.80894e-06
0.000224477
8.80894e-06
7.50823e-05
6.83651e-05
4.6492e-05
4.9443e-05
1.17159e-05
0.000123574
0.00018398
0.000334478
0.000207214
7.85776e-05
0.000126111
0.000160314
2.0265e-05
0.000185794
0.000130504
0.000103249
0.000117807
9.41367e-05
5.80098e-05
8.80894e-06
4.88468e-05
0.000480829
5.65498e-05
0.000256496
0.0002889
0.000325423
0.000168003
0.000101404
0.000251028
1.51244e-05
5.10897e-05
0.000272773
0.000153127
0.000136493
0.000228776
3.24964e-05
0.000110861
0.000415564
0.000128275
0.000627391
8.80894e-06
8.84378e-05
7.65893e-05
3.99057e-05
8.31905e-05
7.45588e-05
0.000201673
0.000169864
2.23026e-05
8.03458e-05
6.84211e-05
8.60311e-05
9.00577e-05
6.24953e-05
5.03303e-05
0.000197645
9.974e-05
0.00018371
4.50234e-05
0.000147582
0.000153354
8.53797e-05
8.80894e-06
0.00011193
0.000179401
6.54872e-05
7.0444e-05
8.46311e-05
8.44432e-05
6.68593e-05
0.0001136
0.000110763
8.80894e-06
0.000375298
9.12294e-05
9.69791e-05
0.000174881
0.000222472
0.000321326
0.000137941
0.000123557
0.000149263
0.000313766
1.09892e-05
0.000180037
0.000128352
0.000130102
3.80279e-05
4.96083e-05
0.000208674
8.80894e-06
3.62367e-05
3.14114e-05
0.000148943
0.000198134
9.54742e-05
0.000241708
0.000144375
0.000501803
1.09892e-05
6.171e-05
9.99398e-05
0.000122757
0.000536488
7.29122e-05
0.000263795
0.000119452
3.32215e-05
7.98522e-05
0.00010757
4.84147e-05
2.12217e-05
0.000161581
0.000429604
0.000134328
0.000149203
0.000161794
5.38239e-05
8.80894e-06
0.000109722
0.000339096
3.0541e-05
0.000360305
6.16252e-05
0.0001419
0.000155263
7.32914e-05
7.94245e-05
0.000165951
0.000149042
8.05958e-05
0.000164343
0.000103385
0.000105088
7.53184e-05
0.000399275
0.00010757
4.83704e-05
5.45731e-05
4.27331e-05
6.55301e-05
1.21515e-05
0.000477938
0.000152009
4.30369e-05
0.000167303
0.000140403
6.6774e-05
4.06962e-05
8.21672e-05
0.000263886
2.99098e-05
0.000131669
0.000113917
0.000122729
0.000201454
0.000114093
0.000159992
0.000131656
7.27955e-05
0.0004315
8.76766e-05
8.5169e-05
8.80894e-06
0.000102064
0.000363394
0.000307325
0.000456132
0.000201578
0.000275194
0.000346955
1.77559e-05
0.000114669
2.6763e-05
0.000197127
0.000747776
0.000119941
0.000151769
9.39508e-05
0.000130765
0.000258959
0.00017038
0.000315319
7.63142e-05
2.25745e-05
0.000164249
8.80894e-06
0.000203337
0.000126025
0.000147621
0.000162796
0.000174273
8.01864e-05
0.000130726
9.04525e-05
0.00011265
0.000106126
0.000187479
3.65325e-05
5.95932e-05
0.000144519
5.22621e-05
9.88572e-05
0.000171245
7.12501e-05
5.81713e-05
5.84359e-05
2.51624e-05
4.62504e-05
9.56072e-05
6.91483e-05
1.88372e-05
0.000212702
4.70039e-05
6.87251e-05
0.000385929
1.61918e-05
4.40779e-05
0.000216949
4.2004e-05
0.000164443
9.06433e-05
7.42864e-05
0.000447066
0.000130089
0.000137905
8.70325e-05
0.000179295
0.000163472
0.000185187
0.000216617
0.000180357
0.00010627
0.000108362
6.67364e-05
0.000106928
0.000172686
0.00010824
0.000179732
0.000171148
0.000127355
0.000115159
0.000163277
4.38809e-05
8.33084e-05
0.000100539
1.72404e-05
8.80894e-06
3.17048e-05
0.000249645
0.000205633
7.95371e-05
0.000151841
1.09892e-05
0.000264079
5.52499e-05
0.000374798
0.000532316
5.10418e-05
4.37751e-05
5.34409e-05
0.000138999
0.000127721
3.85527e-05
9.68103e-06
5.62302e-05
0.000603613
0.000150901
4.30009e-05
0.000145359
4.39254e-05
5.78738e-05
0.000284123
8.38663e-05
1.14252e-05
3.52209e-05
7.78705e-05
4.94244e-05
9.69549e-05
0.000186897
0.000178866
0.000190298
0.000110709
0.00019031
3.04004e-05
3.2355e-05
0.0001592
0.000138097
9.56021e-05
0.000165951
0.000383429
5.27513e-05
6.09016e-05
0.000162072
8.80894e-06
0.000142755
0.000357122
4.5381e-05
0.000227442
0.000116411
9.07628e-05
7.86691e-05
6.42963e-05
0.000126874
0.00028959
0.000211481
9.41039e-05
7.14115e-05
0.000269623
0.000112973
0.000389
0.000113086
5.76607e-05
3.05388e-05
0.000132503
6.56362e-05
0.000142895
9.04143e-05
0.000243535
0.000137973
4.38612e-05
9.25933e-05
8.80894e-06
0.000308859
0.000166701
4.04719e-05
9.58146e-05
2.19576e-05
0.000219446
5.66413e-05
7.76197e-05
0.000224857
0.000201904
7.42316e-05
1.6071e-05
0.000236617
6.54155e-05
4.64703e-05
0.000296163
8.80894e-06
0.000123525
6.57908e-05
0.000139154
0.000143759
8.80894e-06
0.000111431
8.55278e-05
7.72808e-05
0.000163813
0.000288281
8.80894e-06
7.22301e-05
0.000107667
7.09516e-05
0.000348201
0.000185413
0.000100473
5.07603e-05
0.000113808
7.85427e-05
0.000184189
5.08356e-05
0.000257414
0.000174235
7.54928e-05
3.05633e-05
8.80894e-06
0.000307001
0.000106841
0.000227173
8.34248e-05
7.08985e-05
4.76665e-05
4.81023e-05
8.80894e-06
5.90404e-05
8.48731e-05
7.28932e-05
1.09892e-05
3.94378e-05
3.07597e-05
2.87915e-05
5.90054e-05
0.000117463
0.000156072
0.000148023
6.2722e-05
6.81717e-05
0.000101684
5.39233e-05
0.000147694
0.000373814
0.000200831
0.000114556
1.62603e-05
9.15977e-05
0.000124902
7.3775e-05
6.32082e-05
0.000292647
0.000155787
0.000112123
7.13194e-05
0.000137262
7.93374e-05
0.00019828
0.00042882
0.000198254
0.000591277
0.000149384
0.000150568
8.80894e-06
7.26191e-05
5.45984e-05
6.29941e-05
6.74554e-05
0.000411934
0.000346199
0.000551236
0.000140387
0.000179287
2.60878e-05
2.05398e-05
0.000116611
0.000260962
0.000118215
1.67399e-05
0.000236068
0.000213763
4.09424e-05
0.000549167
8.80894e-06
0.000126886
2.57169e-05
2.46669e-05
0.000277616
5.67766e-05
1.96409e-05
0.000223121
0.000279475
0.0004244
0.000123346
0.000126468
0.00021283
0.00011608
9.98377e-05
4.69691e-05
0.00011628
6.50147e-05
0.000211617
0.000161953
0.000128651
9.88182e-05
2.13747e-05
0.000335541
0.000177427
4.45022e-05
6.22246e-05
0.000377069
0.0003975
0.000150565
0.000306902
0.000248243
0.000222748
0.000242923
0.00025796
5.91196e-05
0.000112718
0.000271356
8.80894e-06
5.54245e-05
0.000228938
8.80894e-06
7.3681e-05
0.000270218
0.000214686
6.85785e-05
0.000121912
0.000106954
0.000208304
3.79105e-05
6.80501e-05
4.28623e-05
9.52453e-05
0.000145982
0.000119428
0.000267193
7.41051e-05
0.000241256
6.03068e-05
0.000152299
0.000188479
8.83998e-05
7.03068e-05
0.000307227
6.50479e-05
2.70766e-05
0.000177365
1.17159e-05
0.000148594
2.02302e-05
8.78651e-05
3.07778e-05
0.000112557
0.000186207
0.000139649
0.000318953
0.000114728
9.98905e-05
0.000133139
0.000390238
0.000163655
0.000172018
9.39115e-05
8.80894e-06
0.000215506
0.000166822
0.000226393
8.80894e-06
3.70469e-05
4.17053e-05
0.000156717
2.54329e-05
4.55818e-05
0.000169382
0.000142678
0.000197441
3.45084e-05
0.000143999
0.000157637
0.000104152
0.000163379
0.000132714
0.000115091
0.000104226
8.62759e-05
8.91529e-05
7.41133e-05
6.55581e-05
0.000121631
8.54529e-05
8.80894e-06
2.40868e-05
4.93137e-05
0.000145794
0.000196681
0.000214326
0.000148415
6.10924e-05
0.000332232
4.05989e-05
6.41082e-05
6.64567e-05
7.37549e-05
0.000320424
0.000218224
0.000112342
0.000111985
3.04813e-05
0.000411059
0.000210656
0.000133265
0.000105637
0.000121244
0.0001097
8.80894e-06
0.000185448
0.000140619
0.000398783
0.000148258
6.40876e-05
0.000116179
0.000145733
4.30445e-05
0.000119765
1.74837e-05
8.80894e-06
0.000152438
4.35121e-05
5.90189e-05
8.63201e-05
3.13693e-05
0.000107615
2.39949e-05
0.000240116
1.89309e-05
6.29236e-05
0.000236623
0.000107269
0.000391036
0.000140143
0.000141848
0.000167544
5.93381e-05
0.000136198
0.000140275
7.46544e-05
0.000188632
0.000148684
0.000330577
0.000167472
0.000199894
3.73031e-05
8.80894e-06
3.59937e-05
8.80894e-06
0.000155453
0.000338841
0.000530234
4.74634e-05
8.80894e-06
6.80788e-05
8.29073e-05
0.00010731
0.000149245
9.54996e-05
9.64715e-05
0.000135743
0.000139817
8.80894e-06
0.000145752
7.63308e-05
0.0003543
7.88328e-05
0.000117924
4.32401e-05
0.00016218
0.000150521
6.40132e-05
0.000199173
0.000172179
0.000103152
4.278e-05
1.64403e-05
6.70519e-05
0.000219246
0.000323936
0.000117943
9.62452e-05
0.000293394
0.000122143
0.00012663
2.03269e-05
9.6732e-05
0.000350102
3.92503e-05
8.80894e-06
8.80894e-06
8.80894e-06
1.02624e-05
3.9908e-05
0.000101961
9.05274e-05
0.000334373
0.000105458
0.000178361
1.68168e-05
9.80784e-05
0.000156192
0.000267139
8.80894e-06
0.000125089
4.16141e-05
0.000522421
5.50728e-05
8.00652e-05
8.80894e-06
7.9682e-05
1.87612e-05
0.000108471
0.000203705
0.000208685
4.98002e-05
0.000159565
8.80894e-06
0.000179018
0.00024383
2.98495e-05
8.04599e-05
0.00020991
3.59224e-05
0.000127465
0.000176911
9.63319e-05
7.66218e-05
0.000131
7.86507e-05
0.000145099
3.56298e-05
4.65927e-05
9.98164e-05
8.80894e-06
9.39759e-05
3.44951e-05
0.000124022
0.000209118
0.000118675
0.000188744
0.000117739
7.25384e-05
0.000111252
4.49905e-05
8.80894e-06
0.000142461
4.42167e-05
6.06303e-05
0.000136985
0.00017056
2.59575e-05
0.000159961
0.000110962
8.80894e-06
6.22292e-05
7.66553e-05
5.92246e-05
0.000123155
9.89784e-05
0.000148382
3.84078e-05
0.000304142
0.00013922
5.69151e-05
0.000312109
8.80894e-06
0.000101123
1.86578e-05
0.000355801
0.000161998
1.31675e-05
0.000137374
2.65151e-05
5.42169e-05
3.13133e-05
8.90254e-05
0.000116917
4.00114e-05
0.00030934
0.000156036
0.000171929
8.37691e-05
0.00018554
0.000101647
0.000134815
0.000214622
5.57942e-05
0.00011675
2.55104e-05
7.20699e-05
0.000100625
9.24673e-05
7.05172e-05
0.000110607
0.000146996
7.35171e-05
8.97329e-05
0.000492527
0.000165504
9.31651e-05
0.000105394
4.42148e-05
0.00019767
9.51346e-05
0.00013942
0.000134892
9.11112e-05
9.75529e-05
0.000110453
0.000200922
0.000215085
0.000160159
8.80894e-06
0.000127931
0.000130389
0.000144759
1.57313e-05
8.89212e-05
8.80894e-06
0.000127123
3.27225e-05
0.000253226
2.4615e-05
0.00017608
0.000163638
0.000116499
3.43056e-05
3.46739e-05
7.63354e-05
0.000253687
3.45363e-05
0.000146936
0.00017781
0.000136878
1.91159e-05
7.59709e-05
7.90451e-05
8.71209e-05
0.000196714
8.37989e-05
0.000223411
0.000202953
6.4446e-05
0.000531827
6.02732e-05
9.76152e-05
7.12607e-05
0.000116974
0.000519101
0.000140239
0.00027258
0.00018782
9.61936e-05
0.00011019
1.69098e-05
0.00025022
0.000103834
0.000133023
4.5476e-05
8.80894e-06
0.000127504
0.000386712
6.32861e-05
0.000296102
0.000441279
0.000121587
7.66904e-05
2.24172e-05
0.000139751
2.56388e-05
0.000212533
8.80894e-06
0.000184516
0.000248169
0.000243715
9.81168e-05
1.37182e-05
7.23579e-05
0.000316804
0.000193512
0.000204337
0.000106802
9.04272e-05
0.000236877
0.000134731
4.83623e-05
0.000256779
1.64222e-05
0.000127668
0.000221285
0.000144357
6.29444e-05
9.97758e-05
8.80894e-06
4.07539e-05
9.1872e-05
0.000147659
8.37479e-05
7.27594e-05
1.14208e-05
4.81997e-05
0.000117896
0.000118661
0.000173202
4.47483e-05
0.000112532
0.0001972
9.81549e-05
5.02241e-05
1.21888e-05
0.000120981
3.97204e-05
0.000158921
0.000446371
8.74842e-05
0.000126147
9.16579e-05
0.000110626
8.7281e-05
7.44517e-05
0.0001157
6.43361e-05
0.000154109
0.000259794
0.000124877
0.000170988
0.000149285
0.000204431
0.000127396
4.3742e-05
0.000120749
3.89759e-05
0.000487483
0.000170336
8.95723e-05
0.00018754
8.80894e-06
0.000136127
8.76616e-05
0.000103168
0.000118015
0.000131127
6.76799e-05
0.000152387
8.80894e-06
9.49196e-05
0.000106302
8.74396e-05
7.22293e-05
8.34306e-05
7.84095e-05
3.6132e-05
0.000152392
3.171e-05
8.49303e-05
5.58937e-05
5.21509e-05
6.19054e-05
0.000210855
0.000103426
0.000220152
2.42835e-05
0.000142563
0.000177968
0.000221994
1.4775e-05
7.70639e-05
9.53073e-05
0.000111289
4.66934e-05
6.5723e-05
6.24e-05
8.99197e-05
6.19898e-05
8.40357e-05
8.80894e-06
0.000347671
0.00020263
6.88467e-05
4.07656e-05
0.000148583
3.44708e-05
0.000405252
0.000298901
1.17159e-05
8.80894e-06
8.80894e-06
4.17318e-05
6.20502e-05
0.000285423
8.47348e-05
0.000192169
8.32443e-05
1.48442e-05
7.17697e-05
8.54145e-05
0.000106553
2.8621e-05
0.000113216
0.000275451
7.31534e-05
0.000120817
3.35588e-05
9.23866e-05
0.000145472
0.000242745
4.40194e-05
1.85354e-05
1.91159e-05
3.19361e-05
5.02424e-05
5.19096e-05
0.000154478
2.7969e-05
0.00041499
8.1152e-05
2.32138e-05
0.000218219
0.000120745
6.9348e-05
0.000273467
0.000119342
0.000160127
0.000141569
0.000304598
0.000221578
1.20526e-05
0.000124368
7.68499e-05
0.000291121
8.80894e-06
0.000163322
0.000132425
0.000167291
7.63973e-05
0.000133257
0.000165151
7.38272e-05
6.21494e-05
7.36744e-05
5.09708e-05
5.55849e-05
0.000125672
0.000156353
0.000223846
7.61418e-05
0.000143846
7.75569e-05
0.000183276
0.000216982
0.000330236
0.000142713
8.1143e-05
0.000292559
8.80894e-06
9.37848e-05
0.000436297
5.34165e-05
0.000320686
2.06109e-05
0.000214584
0.000217229
0.000365835
0.000186473
0.000667085
0.00015891
7.93821e-05
8.65781e-05
0.000149704
0.00010137
9.6384e-05
0.000129111
0.000105238
2.29168e-05
6.05532e-05
0.000235248
0.000168731
0.000114466
0.000342835
0.00016993
0.000127779
0.000199974
0.000110786
0.000228681
0.000367837
9.01261e-05
9.02557e-05
0.000237595
0.000162957
8.80894e-06
8.24986e-05
7.90839e-05
5.32657e-05
9.29826e-05
0.000299561
5.32531e-05
0.000239787
0.000158435
0.000173975
7.97199e-05
0.000254807
0.000111772
6.25311e-05
1.75298e-05
0.000140618
5.12098e-05
6.26911e-05
6.12943e-05
8.26218e-05
8.02848e-05
1.75613e-05
0.000226827
5.62325e-05
8.80894e-06
8.98373e-05
4.88744e-05
0.000105063
0.000207509
0.000149616
0.000199837
0.000100595
0.000174085
0.000162398
4.54122e-05
4.59731e-05
0.000162061
0.000150403
0.000294624
3.90793e-05
0.00016153
8.88148e-05
0.000116525
0.000117402
0.000183625
0.000104078
6.87858e-05
2.52605e-05
8.80894e-06
0.000207025
0.000129425
0.000335424
5.50194e-05
6.64582e-05
3.76125e-05
0.000114613
0.000160864
0.000106549
8.80894e-06
0.000108751
0.000111837
0.000468619
0.000105132
3.12257e-05
5.08016e-05
8.80894e-06
1.99425e-05
9.07065e-05
0.000234362
0.000100778
2.74185e-05
0.000117866
9.33077e-05
0.000166564
0.000470175
8.80894e-06
5.11652e-05
8.36698e-05
0.000112044
0.000116431
0.000184389
0.000100771
0.000279407
7.47107e-05
0.000237418
0.000171883
0.000153839
9.6965e-05
5.35124e-05
3.89112e-05
0.000134458
2.90844e-05
0.000408155
1.44313e-05
6.44213e-05
8.80894e-06
0.000103744
0.000422283
4.70567e-05
4.11172e-05
3.1495e-05
0.000118258
0.000100272
0.000117664
0.000127418
0.000142822
0.000242723
0.000549394
6.20873e-05
0.000135219
8.80894e-06
0.000124783
7.60478e-05
6.56737e-05
3.69241e-05
9.389e-05
2.66912e-05
5.57015e-05
0.000173986
0.000129497
0.000232524
2.95146e-05
3.41658e-05
0.000152657
8.26301e-05
2.62923e-05
0.000203211
0.000243909
2.47858e-05
8.80894e-06
0.000198962
0.000768187
0.000103297
0.000114756
0.000308033
0.000203943
5.87339e-05
5.70837e-05
0.000480308
9.60593e-05
0.00012054
0.000199386
0.00014325
0.000153085
2.44474e-05
2.13545e-05
7.79121e-05
7.62995e-05
4.12226e-05
8.80894e-06
0.000293893
2.39936e-05
0.00012572
0.000384007
6.51031e-05
5.44629e-05
0.000179725
0.00032437
9.29e-05
0.000127698
0.000129075
0.00017026
8.85792e-05
0.000187382
9.86027e-05
0.000225339
0.000191288
0.00022626
5.54905e-05
1.09892e-05
0.000342508
6.08776e-05
7.63872e-05
0.000100173
0.00064115
0.00010797
3.1217e-05
0.000145233
5.31893e-05
0.000148597
0.000173373
0.000280493
0.000176593
0.000497028
0.000263691
0.000345463
9.60574e-05
4.3864e-05
0.000174247
8.80894e-06
3.65432e-05
9.28523e-05
9.85548e-05
0.000195923
3.32652e-05
4.80258e-05
9.7343e-05
7.60334e-05
0.000214432
4.72862e-05
0.000198767
0.000172317
9.16376e-05
0.000177634
2.81222e-05
0.000171676
6.61523e-05
9.07696e-05
0.000299184
7.06484e-05
0.000119591
1.75298e-05
0.000151206
0.000107549
0.000205564
8.17441e-05
0.000235976
0.000120533
1.86397e-05
0.000160187
1.33742e-05
2.93699e-05
0.000150221
0.000138755
0.000320328
6.16062e-05
5.91138e-05
2.87268e-05
0.000223432
0.000109785
3.93759e-05
0.000325342
0.000117517
4.72324e-05
4.18079e-05
0.000145327
0.000336933
3.27307e-05
0.00011751
0.0003023
0.000144824
9.30138e-05
9.42168e-05
0.000205271
0.000197113
3.80496e-05
9.03584e-05
0.000255212
0.000249719
8.80894e-06
8.80894e-06
8.66104e-05
3.45526e-05
2.61443e-05
0.000239466
4.59191e-05
0.000116915
0.000182991
0.000137617
9.09269e-05
0.000331016
0.000128799
0.000226623
0.000286439
0.000245877
9.64373e-05
8.83348e-05
6.95705e-05
0.000221126
0.000563025
0.000231958
6.52296e-05
0.000166436
0.000232175
0.000210336
5.53166e-05
0.00024687
0.000189698
0.00026136
5.92097e-05
0.000102215
4.91052e-05
0.000115612
7.62551e-05
7.80387e-05
0.000221319
2.02059e-05
8.90812e-05
0.000100595
8.80894e-06
3.75544e-05
0.000535502
2.14701e-05
2.87766e-05
0.000243108
0.000580869
0.000102601
0.000225079
0.000277251
0.000135127
7.72212e-05
0.000124271
0.000235149
4.42716e-05
2.47598e-05
4.50335e-05
5.76664e-05
7.58062e-05
0.000373053
0.000137925
2.89178e-05
8.80894e-06
0.000166056
6.86735e-05
9.43854e-05
0.000381484
0.000148621
0.000121168
0.000142494
5.20036e-05
3.58957e-05
0.00014403
0.000169436
0.000280494
0.000196219
8.50858e-05
0.000327631
3.75024e-05
2.86336e-05
9.90562e-05
8.6381e-05
0.000118267
0.00042598
0.000369481
7.57802e-05
2.02723e-05
6.92247e-05
0.000286303
0.000151326
7.49426e-05
3.87517e-05
7.00132e-05
0.000141812
8.38068e-05
4.30351e-05
4.16389e-05
0.00013428
3.66756e-05
6.95868e-05
0.000102332
0.00013962
0.000313635
8.10371e-05
0.000216095
0.00012837
0.000214515
0.000158694
6.08266e-05
0.000102855
0.000180832
7.06971e-05
0.000162577
0.000198124
8.61661e-05
0.00018557
4.90945e-05
8.80894e-06
0.000135368
0.000107822
0.00014016
6.93032e-05
7.94936e-05
8.80894e-06
9.13944e-05
7.93236e-05
0.000417331
0.000212549
0.000153576
3.36665e-05
5.16723e-05
0.000296389
0.000136935
4.35715e-05
0.000111458
0.000110152
3.88966e-05
0.000239406
0.000107195
8.22754e-05
5.31082e-05
3.96415e-05
0.000324779
0.000373369
0.000223413
6.32975e-05
0.000199497
0.000246961
0.000305018
1.02624e-05
0.000195537
0.000104436
0.000178286
8.80894e-06
6.43249e-05
0.000102992
0.000301103
7.4682e-05
1.38779e-05
7.92948e-05
3.00107e-05
0.000111262
5.26818e-05
0.000179758
0.000112421
8.98044e-05
1.17159e-05
8.80894e-06
8.80894e-06
6.16434e-05
0.000308278
4.09263e-05
4.49039e-05
8.21207e-05
9.02515e-05
4.76848e-05
8.80894e-06
2.55977e-05
4.60637e-05
6.84394e-05
4.19377e-05
9.53886e-05
8.80338e-05
0.00025831
3.23465e-05
2.82415e-05
0.000240401
6.52881e-05
0.000545806
0.000290749
0.000111829
0.000120783
0.000120603
0.000131889
0.00037458
0.000208676
8.3679e-05
0.000222032
6.01605e-05
7.75415e-05
3.82204e-05
5.02241e-05
0.00013576
0.000156112
7.8776e-05
5.15971e-05
0.000301023
3.44723e-05
0.000296273
0.000201398
7.62438e-05
0.00043006
0.000138704
0.000152356
5.75932e-05
1.17528e-05
0.000183537
0.000134158
0.000197434
7.79038e-05
7.36487e-05
2.94904e-05
0.000243014
7.08103e-05
0.000141179
2.74944e-05
0.000204155
9.93208e-05
1.58697e-05
0.000414617
0.000454378
0.000177415
0.000218526
0.00010403
8.80894e-06
8.80894e-06
0.000191169
0.000170299
0.000247427
4.08041e-05
0.000117822
0.00014919
0.000175461
0.000344833
1.74834e-05
0.000105699
3.13974e-05
3.93689e-05
0.000107473
4.73107e-05
6.11743e-05
3.42287e-05
0.000127238
0.0001217
0.000399094
8.93038e-05
3.70366e-05
0.000213852
0.000101714
4.05248e-05
1.17159e-05
5.23414e-05
0.000113956
9.57653e-05
0.000198704
0.000248826
4.29238e-05
5.71573e-05
4.06639e-05
8.35051e-05
0.000245913
0.000269426
8.89201e-05
8.80894e-06
4.79511e-05
0.000108961
0.000104134
0.000125559
0.000131384
6.33509e-05
0.000135609
0.000146214
8.54467e-05
0.000115667
4.13295e-05
7.87934e-05
3.8735e-05
5.3357e-05
6.0347e-05
0.000206667
3.24983e-05
6.14764e-05
4.14516e-05
0.000160249
0.000217403
0.000400484
2.07486e-05
2.73092e-05
8.94052e-05
7.08929e-05
0.000320798
8.90164e-05
0.000250944
6.79763e-05
0.000121779
0.000156768
3.961e-05
2.16293e-05
0.000138864
0.000175731
0.000132552
5.55571e-05
8.74121e-05
4.12143e-05
0.000137226
5.96552e-05
0.000126188
7.33474e-05
0.000139475
0.000325223
9.32022e-05
0.000116773
0.000118936
8.80894e-06
0.00035468
0.000140601
0.000148329
0.000128918
6.83276e-05
0.000312373
0.000224345
8.80894e-06
9.75031e-05
4.22075e-05
0.000145826
8.27158e-05
0.000230347
0.000191915
9.05397e-05
4.65545e-05
3.65151e-05
0.000162755
0.000187003
6.42381e-05
8.80894e-06
0.000138877
9.32893e-05
8.87847e-05
0.000383242
0.000177562
0.000344932
0.000150578
7.82165e-05
8.80894e-06
0.000118629
0.000129174
2.93765e-05
0.000206354
0.000161374
8.48303e-05
0.000192
2.68724e-05
0.000169387
8.80894e-06
8.80894e-06
0.000266798
8.57092e-05
0.000166389
6.62356e-05
3.18826e-05
8.65111e-05
0.000309285
0.000222809
0.000131204
0.000140353
0.000361738
0.000160633
0.000116563
0.000101633
0.000117492
0.000104268
5.6616e-05
8.63398e-05
6.38789e-05
0.000202814
0.000211835
9.29355e-05
2.99279e-05
7.95121e-05
5.93193e-05
0.00016058
0.000169185
0.000146893
0.000161349
0.000107105
0.000147565
0.000252394
0.000377218
8.80894e-06
0.000161774
0.000367477
0.00012755
0.000157784
8.80894e-06
0.000254888
0.000209232
0.000119964
0.000187296
0.000292931
0.000139774
0.000187813
0.000232759
1.31972e-05
0.000151882
6.98492e-05
0.000277564
3.41209e-05
9.40908e-05
2.5017e-05
1.77022e-05
9.80695e-05
4.77519e-05
2.9989e-05
0.000182774
0.000214568
0.000112242
0.000212536
1.61875e-05
5.68408e-05
7.24319e-05
0.000380994
4.04207e-05
0.000140576
0.000216283
3.76331e-05
0.000111581
0.000272402
8.80894e-06
0.000291958
5.08601e-05
3.39397e-05
0.000110799
3.04706e-05
1.68156e-05
0.000111852
0.000132683
9.44705e-05
8.80894e-06
6.87744e-05
0.000185788
7.69463e-05
0.000214324
6.2671e-05
1.42979e-05
0.00053511
1.68814e-05
0.00011723
0.00011046
8.32104e-05
0.000218211
0.000126948
0.000134922
0.000254679
0.000169158
9.84512e-05
0.000137221
0.000285299
0.000183073
0.000178126
8.80894e-06
0.000173692
4.18819e-05
0.000125943
8.80894e-06
3.41593e-05
0.000155259
1.62952e-05
0.000156178
0.000173621
0.000237149
7.71055e-05
0.000106126
1.38411e-05
0.000109767
0.000274252
2.8396e-05
0.000108266
2.65432e-05
0.000125979
2.66893e-05
3.88474e-05
0.000354074
0.000110054
0.000136783
0.000242006
0.000109781
3.52023e-05
0.000136528
9.43067e-05
6.83083e-05
6.73755e-05
0.000286426
5.52309e-05
6.12721e-05
0.000163774
8.80894e-06
8.56438e-05
4.59184e-05
3.67589e-05
0.000142428
8.39662e-05
0.000147412
0.000399982
4.92561e-05
8.80894e-06
8.80894e-06
4.34494e-05
5.26595e-05
8.80894e-06
0.0001384
0.000106785
5.15235e-05
0.000390097
0.00014881
2.84909e-05
0.000158864
9.75125e-05
0.000110241
0.000112573
0.000141171
0.000121777
0.00010369
0.000167832
0.000312834
0.000196924
9.09404e-05
3.01812e-05
3.52407e-05
5.06703e-05
0.000184091
0.000157361
0.000280264
7.69809e-05
0.000295082
0.000249767
0.000197081
0.000515785
0.000199541
4.31792e-05
2.80275e-05
0.000290703
0.00011076
5.66862e-05
1.05531e-05
0.000120335
0.000123148
8.73369e-05
0.000299111
0.000242979
0.000143133
0.000159296
6.25784e-05
9.51567e-05
8.91171e-05
8.80894e-06
8.09496e-05
5.94267e-05
0.000206825
0.000207834
7.86277e-05
0.000209086
0.000196657
6.25487e-05
4.97557e-05
0.000104613
0.00016625
0.000366601
9.65675e-05
4.79129e-05
0.000154118
8.80894e-06
0.000122291
1.58809e-05
7.45153e-05
0.000184786
0.000109353
0.000181133
4.217e-05
0.000204064
8.00651e-05
5.93633e-05
9.60667e-05
8.59563e-05
8.80894e-06
6.01302e-05
6.84444e-05
5.40642e-05
6.82321e-05
0.000206895
3.79592e-05
0.000141564
1.8292e-05
5.10102e-05
0.000118001
0.000158544
1.61979e-05
3.06734e-05
0.000113927
0.00028955
3.75693e-05
0.000195309
6.88042e-05
0.000287735
0.000136876
0.000246921
3.11703e-05
2.24683e-05
0.000155901
0.000158793
0.000141893
8.80894e-06
0.00031871
0.000181302
0.000213834
0.000147831
8.997e-05
8.80894e-06
0.000105829
0.000116699
5.91742e-05
0.000157629
7.98284e-05
0.000339132
0.000116538
6.09639e-05
0.000145477
6.82871e-05
0.000128179
0.000282286
0.000249283
5.37847e-05
8.80894e-06
0.000128362
0.000106345
0.000103407
0.000158708
0.00013216
0.000172304
8.53401e-05
1.93854e-05
0.000340556
9.36992e-05
9.06882e-05
0.000115902
0.000117028
0.000107605
0.000230778
0.000312313
7.58473e-05
0.000251005
0.000312787
0.000177867
6.26124e-05
0.00013752
9.89034e-05
0.00018844
0.000184763
5.59483e-05
0.000186267
0.000431669
0.000133321
0.000105188
0.000335633
0.000128865
0.000456433
0.000181579
0.000110793
3.0664e-05
0.000114201
0.000185072
0.000153166
0.00037776
0.000549427
0.000341957
0.00015554
4.81412e-05
3.2506e-05
0.00010492
0.000256193
0.000315209
9.16775e-05
0.000118168
7.14313e-05
0.000490087
5.21089e-05
0.000155505
0.000166851
0.000179803
5.51979e-05
2.51808e-05
0.000233812
1.02624e-05
8.80894e-06
4.8288e-05
1.32429e-05
0.00011839
0.000327422
0.000134633
0.000122014
0.00018947
6.72088e-05
0.000214343
0.000287004
0.000199606
1.40327e-05
4.9908e-05
6.21887e-05
9.65067e-05
0.000146118
4.9887e-05
9.87405e-05
8.80894e-06
0.000229956
0.000103472
2.83242e-05
0.000315533
0.000129443
0.000689424
0.000220715
0.000182152
0.000234591
4.29757e-05
0.000262731
0.000112566
0.000213599
8.13695e-05
3.83263e-05
0.000197965
3.52397e-05
0.000152974
0.0001907
8.93345e-05
0.0001497
0.000314283
0.00018945
8.80894e-06
0.000221589
0.00012187
0.000124486
0.000253345
4.72311e-05
0.000100585
0.000120762
8.80894e-06
0.000137278
7.38345e-05
0.000165781
0.000293403
7.55294e-05
0.000131644
0.000164162
5.33679e-05
1.05531e-05
8.1504e-05
3.86442e-05
5.05744e-05
0.000124943
0.000148145
0.000159273
0.000113014
0.000299449
5.34699e-05
0.000131565
3.61259e-05
0.000104004
0.000227847
0.000106149
0.000214657
0.000199996
6.66652e-05
0.000235445
0.000141362
0.000116372
4.33867e-05
0.000167131
1.28079e-05
5.66413e-05
0.000327525
8.929e-05
0.000159103
6.96308e-05
0.000294011
2.54032e-05
6.62467e-05
6.64775e-05
0.000108225
0.000263624
6.27501e-05
4.08438e-05
7.29896e-05
0.000214015
3.16463e-05
0.000218634
4.97788e-05
0.000196668
9.59986e-05
0.000395496
0.000216555
0.000187386
0.000122775
3.93984e-05
0.00014233
2.91283e-05
3.0354e-05
2.27531e-05
0.000116958
0.000131196
0.000170764
6.93341e-05
2.57188e-05
0.000103274
0.000188003
8.80894e-06
0.000122918
0.000171751
0.000228208
6.39228e-05
0.000229183
0.00020331
8.45018e-05
0.000109457
5.06109e-05
4.11208e-05
0.00012372
8.80894e-06
0.000173348
0.000100928
0.000265642
0.00020633
7.26264e-05
0.00015609
0.00010084
0.000210563
8.89053e-05
0.00014235
0.000114712
0.000563844
3.53799e-05
1.75298e-05
0.00015013
3.14114e-05
7.95005e-05
0.00028202
8.80894e-06
0.000277575
2.32718e-05
0.000133744
3.95552e-05
0.000157834
0.000216366
0.000217569
8.97851e-05
5.38181e-05
0.000116706
0.000106368
0.000358698
0.000103518
8.80894e-06
5.36851e-05
0.000126235
0.000124944
7.61379e-05
8.80894e-06
4.42706e-05
0.000251848
8.80894e-06
8.80894e-06
8.80894e-06
8.80894e-06
8.22982e-05
0.000144368
0.000120125
9.09669e-05
6.99212e-05
0.000220594
5.37755e-05
9.99793e-05
9.56968e-05
0.000274745
1.44784e-05
8.5435e-05
0.000121203
9.58048e-05
4.45909e-05
5.48937e-05
0.000107741
0.000204609
0.000170681
0.000568341
0.000167969
4.45416e-05
9.19024e-05
8.80894e-06
0.000230249
0.000191723
0.000215036
4.53502e-05
0.00017888
0.000198189
0.000158953
0.000323227
0.000229763
9.75192e-05
0.000195684
3.09844e-05
0.000218118
0.000187487
0.00017591
3.26201e-05
0.000256496
8.96686e-05
0.000127089
0.000127058
1.75248e-05
4.03149e-05
0.000262943
0.000148607
0.000261929
0.000181418
8.80894e-06
0.000103105
0.000120808
4.12158e-05
5.98039e-05
7.49119e-05
6.86711e-05
0.000194028
6.6992e-05
4.60233e-05
0.000124333
0.00017966
0.000181874
0.000277428
2.31505e-05
9.69494e-05
7.80897e-05
0.000304002
0.000249014
8.46524e-05
7.73228e-05
0.000141144
0.000301517
0.000153297
8.48871e-05
0.000111738
6.56329e-05
0.000104871
8.37974e-05
7.49942e-05
0.000132169
0.000358784
0.000103891
0.000125691
7.86185e-05
1.5e-05
0.000190569
1.60707e-05
0.000161121
0.000102771
6.51949e-05
8.54469e-05
9.61568e-05
6.64681e-05
8.52294e-05
0.000141356
7.80775e-05
5.43405e-05
0.000192058
0.000269397
0.000102319
4.95806e-05
0.000127324
1.79109e-05
0.000218993
4.70176e-05
9.35822e-05
0.000109897
0.000112658
1.58574e-05
6.83083e-05
0.000158136
6.25663e-05
8.91158e-05
3.90193e-05
8.80894e-06
0.000206072
0.000250568
7.72681e-05
0.000167097
3.95016e-05
0.000176415
8.80894e-06
0.000143858
8.80894e-06
0.000257188
0.00012532
0.000109381
0.000412296
4.39667e-05
2.70325e-05
4.4266e-05
9.79088e-05
5.90443e-05
0.000207402
8.38104e-05
3.41648e-05
0.000105514
3.49552e-05
3.69907e-05
0.000333797
2.81815e-05
0.000108953
0.000379085
2.74006e-05
9.88606e-05
3.58739e-05
8.80894e-06
9.23577e-05
8.80894e-06
0.00015227
5.72894e-05
0.000129836
0.000117409
0.000108652
6.70604e-05
4.69294e-05
1.05531e-05
9.83178e-05
0.000277507
7.9711e-05
0.000154807
0.000105379
0.000233225
7.27743e-05
0.000319408
0.000129163
4.42172e-05
3.96336e-05
0.000166789
0.000259555
8.80894e-06
4.5757e-05
0.000174646
6.79912e-05
0.000159049
0.000103926
7.90239e-05
8.87257e-05
0.000216201
6.99115e-05
2.37888e-05
1.32101e-05
0.000151128
0.000329248
0.000190043
0.000103018
0.000177537
0.000119937
9.76276e-05
0.000216247
0.000152881
0.000225693
0.000101803
9.66897e-05
9.38933e-05
0.000324111
0.000110343
6.97145e-05
0.000105009
2.96366e-05
2.74012e-05
0.000121541
4.66774e-05
0.000134922
9.32533e-05
6.67124e-05
0.000415257
0.000188127
3.73675e-05
8.80894e-06
7.02256e-05
0.000159229
3.42032e-05
0.00050241
0.000228794
8.52917e-05
0.00010888
0.00016433
0.000277027
8.80894e-06
0.000104071
7.95232e-05
0.000165031
0.000278054
0.00011183
0.000181826
6.56952e-05
0.000207591
0.000177074
7.63655e-05
0.00014051
4.01004e-05
0.000203765
0.000152611
0.000264374
0.000184181
0.000152864
8.99272e-05
8.33166e-05
0.000126789
0.000188375
0.000247726
9.81773e-05
0.000239648
1.75298e-05
3.97008e-05
6.3276e-05
5.41704e-05
8.80894e-06
0.000165602
0.000108539
0.000131975
9.08485e-05
8.48953e-05
0.000274636
3.31914e-05
0.000247389
0.000158875
0.000210378
0.00015561
0.000112591
0.000406255
8.83581e-05
0.000154619
0.000111799
0.000287952
5.25981e-05
0.000212523
0.000104098
8.28587e-05
0.000172346
8.80894e-06
7.96865e-05
0.00010944
8.10978e-05
4.03746e-05
0.000154753
0.000162191
0.000162187
0.000235125
0.000332517
8.80894e-06
9.32929e-05
3.57396e-05
0.000224383
3.80733e-05
0.000179911
0.000229372
1.25851e-05
0.000278313
0.000294279
3.82294e-05
8.23649e-05
0.000179441
0.000170857
6.64194e-05
0.000103876
6.33606e-05
0.00010553
0.000190629
0.000235765
0.000206548
6.97326e-05
0.000313176
0.000170604
0.000107393
0.000182549
0.000197761
0.000200764
0.000116888
8.80894e-06
0.000246229
7.09596e-05
0.000107559
0.000109807
4.23376e-05
0.00014933
8.80894e-06
1.93206e-05
0.000113076
0.000193789
8.49959e-05
1.07258e-05
0.000155569
0.000123991
0.000192599
0.000166306
8.79203e-05
0.000228225
0.000238946
0.000188395
4.55769e-05
0.000163378
3.64077e-05
4.38912e-05
6.81318e-05
8.80894e-06
2.79807e-05
0.000426583
0.000351808
8.80894e-06
8.80894e-06
2.46743e-05
6.33509e-05
6.99272e-05
0.000100333
0.000272626
0.000191413
6.54561e-05
0.000104003
1.34601e-05
8.31372e-05
0.000195542
0.000175157
9.05983e-05
5.84581e-05
0.000257104
2.29349e-05
0.000183279
6.02458e-05
1.58237e-05
0.000191647
0.000113141
0.000330557
8.42404e-05
0.000149053
8.77844e-05
8.38207e-05
0.000113817
0.000112974
4.401e-05
0.000193618
7.96011e-05
0.000215803
0.000156065
2.50163e-05
4.15666e-05
0.00022556
7.87261e-05
2.196e-05
0.000174234
5.14057e-05
8.43427e-05
0.000180301
0.000200595
4.61112e-05
2.00507e-05
0.000100899
4.57725e-05
0.000259315
6.10525e-05
0.00017069
4.16741e-05
4.07649e-05
0.000440544
0.000352355
8.80894e-06
8.45647e-05
3.60053e-05
6.7936e-05
8.80894e-06
0.000407717
0.000262664
0.000216183
3.45731e-05
0.00026199
5.4687e-05
0.000730636
0.000104923
2.60591e-05
2.07093e-05
6.59553e-05
0.000251319
0.000344299
0.000209915
8.80894e-06
0.000176568
0.000118005
5.7414e-05
0.000206989
4.36339e-05
0.000178606
2.4586e-05
7.22732e-05
8.28082e-05
7.68067e-05
0.000126162
4.25793e-05
7.09756e-05
0.000281024
0.000133219
0.000170545
4.49514e-05
0.000131523
0.000134099
0.000198968
0.000287265
2.42897e-05
0.000256594
0.000476073
5.90539e-05
2.36558e-05
5.70464e-05
0.000160908
0.00022241
0.000105089
9.49873e-05
6.27264e-05
8.80894e-06
9.68885e-05
0.000116257
6.42619e-05
8.39605e-05
6.31575e-05
0.000126738
0.000139387
2.07005e-05
8.69896e-05
0.000181033
0.000158027
6.30067e-05
7.62654e-05
0.000155972
0.000152015
0.000143719
0.000208348
0.000208977
0.000106498
0.000154199
0.000103655
0.000120951
2.99436e-05
0.000209051
0.000282895
9.99047e-05
0.000178818
4.22106e-05
9.97875e-05
0.000164708
0.000292439
2.25487e-05
8.55561e-05
0.000112153
0.000109676
0.000122253
0.000140918
0.000143999
0.000133129
0.000247202
0.000115073
4.09732e-05
0.000137964
7.83037e-05
1.5009e-05
5.43118e-05
8.05079e-05
0.00056356
0.00019086
3.51919e-05
9.73323e-05
0.000191255
0.000201449
0.000122536
8.73672e-05
7.18623e-05
6.36904e-05
7.63911e-05
0.000117292
0.00016898
8.80894e-06
4.87007e-05
0.000144343
5.66341e-05
0.000489245
0.000103427
5.70563e-05
0.000135174
0.00024246
0.000237823
9.11082e-05
0.000185123
7.16855e-05
3.76979e-05
0.000114196
0.000242862
2.20053e-05
3.37468e-05
3.22506e-05
7.58252e-05
0.000210148
2.98268e-05
0.000123034
4.68576e-05
5.70481e-05
0.000391598
8.80894e-06
0.000124816
8.06773e-05
2.90423e-05
0.000218511
0.000117544
0.000262278
5.35163e-05
0.000254132
5.96571e-05
7.25687e-05
5.95655e-05
4.46434e-05
3.08466e-05
0.000350389
0.000163126
0.000146821
8.80894e-06
0.000326264
5.18217e-05
0.000186623
0.0001067
0.0001548
0.00037644
9.40151e-05
7.45553e-05
5.60217e-05
2.73185e-05
0.000172031
5.83075e-05
9.2648e-05
8.04687e-05
0.000187568
0.000100226
0.000154456
4.32517e-05
0.000645759
6.01043e-05
4.81251e-05
3.31595e-05
0.000174305
0.000214782
0.00019161
8.80894e-06
5.88578e-05
0.000257887
0.000182065
0.000111381
4.68765e-05
3.44708e-05
0.000289976
9.0473e-05
0.000131171
4.17204e-05
9.14808e-05
0.000354833
8.80894e-06
0.000131569
6.33857e-05
0.000140319
0.000146822
2.85269e-05
0.000163768
0.000119146
1.31694e-05
0.000291918
9.07118e-05
7.28178e-05
3.39874e-05
0.000185533
2.96897e-05
0.000769755
8.80894e-06
4.94984e-05
8.80894e-06
7.19823e-05
7.55038e-05
0.000116681
0.000117361
0.000172805
2.83048e-05
0.000368275
0.000118786
0.00012754
0.000100625
0.0001334
1.17159e-05
0.0002556
0.000164767
0.00014373
3.81164e-05
0.000187919
9.30774e-05
0.000127538
8.21693e-05
2.72068e-05
8.03105e-05
1.8303e-05
0.000180593
4.7286e-05
4.35243e-05
3.00398e-05
3.96935e-05
0.00013643
8.89356e-05
0.000389378
2.13754e-05
6.05645e-05
1.00548e-05
9.61088e-05
0.000178137
2.65416e-05
2.28601e-05
9.17567e-05
7.10352e-05
0.000307732
0.000136123
8.80894e-06
0.000128243
0.000133404
0.000311262
0.00024968
5.58079e-05
4.18109e-05
8.29481e-05
9.92552e-05
0.000201009
4.28372e-05
8.80894e-06
8.53228e-05
3.42573e-05
8.80894e-06
6.63379e-05
0.000121433
0.000132239
8.33811e-05
0.00027915
0.000138041
3.06158e-05
0.000273473
0.000162903
0.000131502
7.23922e-05
5.88352e-05
8.29734e-05
0.00017886
0.000176723
0.000142933
0.00020218
0.000355572
0.000135208
0.000171612
0.000150524
3.97985e-05
7.52016e-05
0.000201254
8.16357e-05
0.000224805
9.662e-05
0.000122235
7.26134e-05
4.53291e-05
0.000183432
0.000273561
2.36972e-05
0.000241341
0.00017942
0.000135354
0.000116717
0.000181308
6.89151e-05
0.000124123
5.74965e-05
9.18922e-05
4.18312e-05
0.000279151
8.80894e-06
0.000756531
8.12786e-05
0.00010624
1.70699e-05
0.000209581
0.000256935
5.64795e-05
1.80946e-05
0.00010473
4.5827e-05
0.000135469
8.53649e-05
6.68541e-05
6.82004e-05
1.82094e-05
1.17159e-05
2.78694e-05
1.84297e-05
0.000216645
9.72961e-05
0.00058379
0.000190359
0.000251668
0.000145103
9.56811e-05
6.71784e-05
0.000267888
0.000219582
0.000123453
5.7134e-05
0.000285155
0.000107217
0.000132076
0.000272077
0.000296789
8.15694e-05
5.06109e-05
0.000147964
0.000302035
4.26498e-05
9.15952e-05
0.000166692
6.62674e-05
0.000150585
0.000202492
0.000144057
0.000113989
0.00018535
0.000236511
6.48823e-05
8.03152e-05
0.000163678
2.64153e-05
0.000341562
0.000286286
0.000747036
8.80894e-06
6.44957e-05
5.34616e-05
7.3524e-05
9.16039e-05
0.000438205
3.92021e-05
0.000591139
8.11684e-05
3.45805e-05
0.000117447
0.000105751
8.23294e-05
8.54774e-05
5.33953e-05
3.95577e-05
0.000175869
1.02624e-05
6.58346e-05
9.02711e-05
9.64727e-05
8.03884e-05
0.000113707
0.000269353
2.32274e-05
8.45009e-05
0.000156933
8.3794e-05
0.000242429
8.88487e-05
0.000306124
6.68102e-05
9.61607e-05
8.80894e-06
0.000259092
6.73306e-05
0.000273332
0.000123069
5.84671e-05
0.00021801
0.000170651
8.80894e-06
6.75574e-05
0.00027359
5.76121e-05
0.000161787
0.000245698
0.000462788
1.95242e-05
0.000101499
0.000324831
0.000114546
4.99524e-05
0.000133375
4.85646e-05
0.000146869
0.000469246
5.54061e-05
6.7525e-05
8.80894e-06
5.65973e-05
0.000110643
6.7617e-05
8.22629e-05
0.000106532
0.000432038
0.000136407
8.45867e-05
5.23381e-05
0.000205466
0.000313898
0.000125844
0.000338041
4.86603e-05
6.35831e-05
7.18521e-05
0.000178943
0.00019944
3.82285e-05
0.000100995
0.000104913
6.16586e-05
2.55021e-05
0.000415281
0.000197005
1.66299e-05
0.000169049
4.5687e-05
4.82934e-05
0.000106767
0.000114972
5.36308e-05
0.00019423
0.000131174
8.80894e-06
0.000136564
6.79683e-05
2.08627e-05
0.00014868
3.26987e-05
1.72742e-05
9.01794e-05
0.000184873
8.80894e-06
8.80894e-06
0.000153504
0.000100468
9.51305e-05
2.8897e-05
0.000281749
4.28686e-05
7.93411e-05
0.000126833
0.000166192
0.000427339
0.000165004
0.000258148
1.3164e-05
8.8463e-05
0.000272394
8.80894e-06
6.46048e-05
0.000112924
8.80894e-06
4.61275e-05
4.34136e-05
0.000147613
0.000512998
0.00039261
1.24426e-05
0.000165621
0.000279736
4.69436e-05
7.60694e-05
0.000207898
0.000114886
0.000146321
0.000249095
0.000135802
0.000136713
0.000127297
0.000111069
0.000136366
0.000142857
6.09742e-05
6.2621e-05
4.09489e-05
6.51398e-05
9.69266e-05
4.80285e-05
2.93176e-05
2.38176e-05
3.92092e-05
2.80339e-05
0.000335913
0.000181497
0.000167574
0.000200886
0.000120174
0.000111551
0.000340927
0.000231181
0.000178534
1.17159e-05
0.000130187
5.70744e-05
0.000131429
8.80894e-06
6.32442e-05
9.40754e-05
0.000422101
7.46748e-05
0.000231983
0.000150782
6.64952e-05
0.00017962
0.000228653
7.46161e-05
0.000150019
0.000110136
0.000444524
0.000106943
8.53075e-05
0.000254361
4.54809e-05
0.000476771
9.87466e-05
0.000116329
7.25665e-05
0.000220356
9.05128e-05
7.85407e-05
0.000121694
4.45416e-05
2.74694e-05
0.00019972
0.000430492
0.000298229
0.000154264
1.78919e-05
8.21151e-05
8.80894e-06
4.12819e-05
0.000288278
2.54766e-05
3.18251e-05
0.000314056
8.80894e-06
0.000107312
6.50939e-05
7.7492e-05
0.000135775
5.48484e-05
0.000112422
9.20176e-05
2.44619e-05
7.19211e-05
0.000227955
0.00015061
2.13982e-05
0.000161592
2.64012e-05
1.99228e-05
0.000398343
6.38839e-05
0.000114882
8.80894e-06
0.000123996
0.000342554
0.000396267
8.80894e-06
0.000277034
7.1715e-05
0.000135236
0.000248627
2.19431e-05
8.63589e-05
4.80496e-05
8.68919e-05
0.000111473
5.67585e-05
0.000276581
1.09892e-05
3.27009e-05
8.68356e-05
9.2226e-05
0.000286827
0.000136082
0.000140979
3.7818e-05
0.000161703
9.50385e-05
0.00014281
0.000117166
0.000268743
0.000161355
8.80894e-06
0.000152093
0.000112422
0.000119845
9.9061e-05
8.43602e-05
0.000137869
0.000208723
5.69725e-05
4.37333e-05
6.74796e-05
3.63619e-05
0.000239138
1.51051e-05
0.000225589
0.000199596
9.8732e-05
7.1171e-05
3.4577e-05
8.10535e-05
0.000107257
0.000131224
6.11555e-05
3.88801e-05
0.000321434
0.00018438
0.000193418
8.80894e-06
8.84673e-05
0.000110364
0.000105214
0.000148842
0.000145541
8.45559e-05
0.000111299
8.39614e-05
0.000473323
4.03746e-05
6.79444e-05
6.71435e-05
0.000145435
0.00013556
0.000163411
0.000203805
9.8849e-05
0.000116276
4.17535e-05
0.000341279
2.3438e-05
0.000200113
0.000200184
2.62375e-05
0.000134586
0.000166948
0.000130769
8.80894e-06
0.000197202
0.000128489
6.17576e-05
0.000129244
8.81321e-05
0.000283901
0.000100625
0.000188963
0.000471737
4.13582e-05
0.00015445
0.000307742
9.52873e-05
0.000192298
4.95684e-05
0.000346466
4.67303e-05
8.80894e-06
0.000164994
4.95003e-05
8.80894e-06
0.000164086
3.83673e-05
6.58467e-05
0.000103172
0.000424065
0.000472406
0.000227037
1.58775e-05
0.000199285
0.000159583
0.000128853
2.5346e-05
4.09897e-05
3.53682e-05
0.000121013
0.000151008
4.59417e-05
0.000247606
8.51338e-05
9.92656e-05
8.80894e-06
0.0001188
8.93862e-05
1.00548e-05
0.000386524
4.13007e-05
0.000323489
0.000154664
0.000134321
0.000134928
9.26087e-05
0.000186338
6.61754e-05
2.53192e-05
8.66089e-05
0.000134128
0.000167408
0.000320778
4.80924e-05
3.80373e-05
1.68239e-05
4.26963e-05
6.70946e-05
5.97581e-05
0.000112057
0.000262348
0.000161683
7.97934e-05
8.86642e-05
0.000196106
2.84491e-05
0.000116806
0.000116167
0.000133132
0.000142407
0.000125742
0.000185223
0.000322058
0.000245558
4.27351e-05
0.000197426
0.000113461
0.000149599
0.000132446
0.000289061
0.000138236
9.66608e-05
1.8292e-05
6.13666e-05
5.94832e-05
0.000199157
2.87149e-05
5.47231e-05
8.34278e-05
0.000143362
0.000248127
0.000237237
0.000177563
0.000149642
1.17159e-05
0.000302407
0.000157016
8.27738e-05
5.4194e-05
0.000151217
0.000318569
1.31694e-05
0.000115733
0.000141747
4.04101e-05
0.000158758
6.33007e-05
0.00012047
5.63398e-05
0.0001067
8.11538e-05
0.000327014
0.000119639
7.03805e-05
2.54149e-05
0.000101509
0.000321827
3.63528e-05
0.000162707
0.000141906
0.000101694
0.000271593
0.000242223
0.000125839
0.000162418
0.000130868
4.49508e-05
8.80894e-06
0.00059304
8.80894e-06
0.000118953
0.00021051
0.000104437
0.000328574
5.31902e-05
8.80894e-06
4.1361e-05
2.82895e-05
0.00018097
0.000220223
5.75066e-05
5.8974e-05
0.000167092
0.000212348
0.00023505
8.80894e-06
0.000223366
3.07147e-05
0.000203398
1.63939e-05
0.000180425
6.07832e-05
2.81391e-05
0.000140446
6.36963e-05
0.000169513
0.000101323
0.000170737
9.34041e-05
9.19254e-05
0.000108441
0.000116993
0.000291027
0.00023212
0.000221075
0.000134958
0.000156972
9.45302e-05
0.000125384
5.03666e-05
3.67561e-05
0.000186885
0.000244307
0.000164619
0.000112677
6.96241e-05
0.00021182
1.95512e-05
0.00025756
0.000194894
6.05985e-05
8.80894e-06
0.000200345
0.000212732
1.2403e-05
9.80176e-05
1.95854e-05
6.43871e-05
0.000295795
8.41802e-05
0.000222217
0.000186027
0.000274655
8.80894e-06
0.000292849
9.97654e-05
6.67196e-05
0.000148443
7.71895e-05
0.000183192
4.64694e-05
0.000118897
4.37828e-05
0.000265269
8.80894e-06
3.86794e-05
0.000166496
9.99995e-05
6.47843e-05
0.00022631
0.000176003
0.00014043
5.59284e-05
2.73638e-05
0.000107621
9.58686e-05
4.5827e-05
7.7154e-05
0.000122503
0.000169361
0.000158605
7.47253e-05
0.000212034
0.000114666
3.27293e-05
0.000118088
0.000290809
8.80894e-06
2.98205e-05
0.000246085
0.000253994
0.000232294
9.99171e-05
0.000106949
0.000127002
3.80044e-05
1.54142e-05
0.000188465
0.000103061
0.000346796
0.0002345
0.000227086
4.69791e-05
8.67037e-05
0.000224982
0.000338283
3.12465e-05
0.000292103
0.00013611
7.90505e-05
0.000125195
0.000216743
1.85396e-05
8.50232e-05
9.75419e-05
8.80894e-06
6.5497e-05
0.00025798
8.80894e-06
0.000119704
0.000148314
8.80894e-06
3.13151e-05
4.14559e-05
4.24383e-05
0.000450518
9.38994e-05
3.43567e-05
0.000137875
0.000109383
0.000501076
0.000111074
0.000118935
0.000218682
0.000117538
0.000279992
0.0001209
0.000111435
0.000128555
8.80894e-06
6.7052e-05
0.000375184
0.000121066
0.000265636
6.37656e-05
0.000283333
2.69289e-05
9.44764e-05
0.000103859
0.000224798
0.000190531
0.000166575
0.000339116
5.66127e-05
0.000103581
0.000163386
7.87977e-05
0.000192512
4.20932e-05
4.63388e-05
1.49786e-05
7.14687e-05
2.58893e-05
1.88747e-05
3.92679e-05
0.000131212
0.000177091
9.54787e-05
8.80894e-06
3.73916e-05
0.000142829
4.44963e-05
7.90071e-05
0.000251001
1.38307e-05
0.000141095
0.000178953
0.000183058
0.000224149
0.000141891
0.000165894
4.3806e-05
0.000115838
0.000272881
0.000199979
6.72452e-05
0.00010726
3.18415e-05
0.000112932
1.05531e-05
0.000154568
0.000211426
4.68813e-05
0.000195701
8.30887e-05
0.000159249
0.000114755
6.31265e-05
9.21768e-05
3.27983e-05
0.000117017
0.000352951
2.33044e-05
0.000358488
9.90532e-05
8.07563e-05
2.7202e-05
1.17159e-05
8.80894e-06
0.000147746
5.5151e-05
0.000163852
0.000164448
0.000113411
8.80894e-06
0.00013905
8.80894e-06
1.75673e-05
0.00025581
5.66979e-05
0.00014853
7.45352e-05
0.00044643
4.17062e-05
1.36345e-05
0.000253034
0.000103173
0.000172891
2.00279e-05
6.99968e-05
7.93549e-05
6.87059e-05
5.8866e-05
0.000345795
1.02624e-05
0.00021517
9.61908e-05
7.22452e-05
0.000186531
0.000286626
0.000295301
0.000205672
0.000280391
0.000118981
0.000132842
5.39271e-05
1.75638e-05
0.000219119
0.000350187
3.57118e-05
0.000106537
1.96389e-05
0.000256774
0.000152469
0.000188622
4.88111e-05
0.000189498
0.000123207
0.000297496
3.87604e-05
3.92082e-05
0.000104599
0.000306959
5.41616e-05
7.86392e-05
9.19183e-05
8.80894e-06
8.59927e-05
0.000103502
3.48697e-05
6.48138e-05
0.00024076
8.7089e-05
0.000133872
0.000123373
0.000181327
0.000133243
0.000201594
8.80894e-06
8.80894e-06
9.31661e-05
0.000178984
2.11303e-05
8.80894e-06
7.42434e-05
1.19237e-05
0.000212691
0.00022116
0.000134139
8.80894e-06
0.00010091
0.00014623
0.000124452
0.000162206
0.000147158
2.75738e-05
8.12068e-05
0.000209525
6.50197e-05
5.75207e-05
7.51421e-05
7.89682e-05
0.000167854
0.000249413
8.79013e-05
0.000104552
9.79762e-05
0.000322417
0.000128476
0.000130086
2.19368e-05
8.80894e-06
0.000235547
0.00018373
4.02827e-05
6.26029e-05
0.00014195
5.20888e-05
7.54929e-05
0.000243442
0.000177535
0.00056938
0.000206919
2.98205e-05
0.000537706
1.46083e-05
0.000167447
8.80894e-06
0.000234874
8.80894e-06
0.000159904
4.64972e-05
0.000301692
0.000181688
0.000149941
0.000110589
0.00031295
0.000331482
0.000216211
1.86751e-05
0.000127476
0.000202434
0.000297619
0.000324386
6.17596e-05
5.93097e-05
0.00044935
8.38506e-05
0.000129031
6.32491e-05
0.000210522
8.39715e-05
0.000100534
0.000101139
9.08308e-05
9.50436e-05
0.000123974
1.08409e-05
8.80894e-06
9.0944e-05
8.79588e-05
7.84685e-05
3.55223e-05
3.41406e-05
0.000165284
0.000128389
0.000189369
0.000198927
3.08373e-05
3.73727e-05
2.51873e-05
8.74031e-05
0.000187536
1.48816e-05
6.61745e-05
9.32655e-05
0.000444451
0.000466869
0.000140081
8.80894e-06
0.00028463
0.000110175
7.22706e-05
5.19867e-05
0.000171342
4.80299e-05
5.44379e-05
0.00015435
5.35058e-05
1.31694e-05
0.000144356
8.80894e-06
0.000339669
0.000154985
9.96307e-05
0.000327422
4.16356e-05
7.17955e-05
0.000178767
0.000314585
0.000253989
0.000181456
0.000124107
0.000250113
7.04407e-05
0.000335813
0.000753782
0.000162899
6.08391e-05
7.31286e-05
0.00037873
0.000346458
0.000407113
0.000272884
3.394e-05
0.000202459
0.000117832
8.62724e-05
7.21276e-05
0.000174356
0.000182914
0.000130365
0.000195405
9.07847e-05
7.68041e-05
8.11879e-05
4.43476e-05
6.64507e-05
0.000178759
8.01826e-05
0.000251997
2.42625e-05
8.80894e-06
3.92563e-05
8.80894e-06
0.000156731
0.000526976
3.05092e-05
4.63167e-05
0.00010082
0.000210651
0.000147817
8.80894e-06
0.000155542
0.000128622
0.000107468
0.000226256
0.000121809
3.25552e-05
0.000128131
8.80894e-06
3.17466e-05
0.000225585
0.000222921
0.000198276
0.000152272
0.00019813
3.36859e-05
0.000310446
9.58229e-05
9.19601e-05
0.000146874
0.000106011
0.000200744
8.15963e-05
0.000124471
0.000104113
4.81878e-05
0.000166503
0.000116204
5.72007e-05
0.000167261
0.000201614
6.86624e-05
0.000181016
7.96813e-05
0.000127262
5.01317e-05
0.000284519
7.01156e-05
0.000128219
0.000237619
0.000138415
0.000115345
0.000111444
6.34669e-05
0.000136714
0.00018576
3.82792e-05
5.57109e-05
9.28619e-05
0.000108612
7.29077e-05
7.68541e-05
9.29048e-05
3.63688e-05
8.80894e-06
0.000114533
0.000112438
8.80894e-06
0.000133838
6.02441e-05
0.00046766
0.000339592
0.000152829
8.80894e-06
8.80894e-06
7.4643e-05
6.16095e-05
0.000132592
6.72456e-05
8.87668e-05
0.000224251
0.000128868
3.12601e-05
2.88516e-05
0.000110102
8.09805e-05
0.000174866
8.80894e-06
3.88386e-05
0.000523942
0.000151973
9.13043e-05
0.000238501
4.17703e-05
9.51772e-05
7.90264e-05
3.42026e-05
7.06372e-05
0.000123317
6.23495e-05
9.15297e-05
0.00017629
0.000129982
3.39996e-05
1.27586e-05
0.000131707
2.47943e-05
9.24425e-05
6.50696e-05
5.98816e-05
0.000304379
9.12868e-05
6.51083e-05
0.000265005
0.000150633
7.97202e-05
6.9473e-05
1.5306e-05
9.86188e-05
8.80894e-06
4.73915e-05
9.00113e-05
0.000121126
3.71219e-05
6.11465e-05
5.78727e-05
0.000101478
4.13449e-05
0.000240903
2.2584e-05
8.80894e-06
6.9571e-05
4.00534e-05
0.000381962
6.72581e-05
0.000115128
9.73234e-05
9.28094e-05
0.00010303
8.8493e-05
4.21545e-05
2.39344e-05
9.00483e-05
0.000176085
8.09926e-05
0.000284596
7.75521e-05
9.25832e-05
3.99262e-05
8.80894e-06
0.000231348
0.000137649
0.000618631
0.000127497
0.000103472
0.000178489
6.0343e-05
0.000171782
2.37901e-05
0.00025803
8.80894e-06
7.00154e-05
9.19209e-05
0.000144235
0.000113279
8.42443e-05
3.18589e-05
0.000318454
0.000180242
0.000520158
2.63596e-05
6.36881e-05
0.000280503
0.000101273
8.80894e-06
6.89237e-05
0.000131602
0.000195598
9.09446e-05
0.000220169
1.66404e-05
0.000301422
0.000168935
0.000773899
2.27081e-05
2.65185e-05
0.000140325
6.76644e-05
7.72536e-05
8.99789e-05
0.000130613
6.45799e-05
3.06266e-05
4.28231e-05
0.000336754
1.1942e-05
5.81195e-05
4.76862e-05
8.72476e-05
4.83499e-05
8.80894e-06
0.000122137
0.000112744
6.18756e-05
0.000124213
0.000113751
0.000261272
0.000160182
4.47614e-05
7.15472e-05
2.99242e-05
5.34334e-05
0.00021153
3.61384e-05
0.000105267
0.000150664
3.4567e-05
5.43076e-05
4.24368e-05
8.29366e-05
5.77926e-05
8.80894e-06
0.000131387
5.90558e-05
0.00015375
2.95951e-05
0.000487526
3.31727e-05
6.25237e-05
9.50019e-05
2.63694e-05
0.000339423
4.53511e-05
9.47214e-05
0.000171635
0.000272456
0.000320069
0.000318458
8.80894e-06
0.000277996
0.000290307
0.00013261
9.37317e-05
0.000105967
9.05088e-05
3.8102e-05
0.000117389
0.000217886
8.80894e-06
5.49348e-05
0.000223707
2.73444e-05
8.80894e-06
6.20873e-05
3.54471e-05
8.11677e-05
0.000212663
4.5542e-05
0.000646891
4.83738e-05
0.000193456
4.57128e-05
5.37401e-05
1.49115e-05
0.000130032
0.000124499
5.60405e-05
3.25317e-05
0.00013777
0.000256881
0.000301207
0.000368034
5.35178e-05
0.000216102
0.000264535
0.000684464
2.03797e-05
0.00016147
7.37246e-05
0.000118698
3.3759e-05
5.72602e-05
3.65561e-05
5.27574e-05
9.45473e-05
6.31889e-05
7.9357e-05
8.80894e-06
6.81205e-05
0.000142141
0.000307366
0.000115243
0.000275857
0.000137433
0.000142737
4.43021e-05
6.16611e-05
0.000139075
0.000178691
8.80894e-06
4.08569e-05
0.000185284
5.59406e-05
6.83196e-05
0.000129666
0.000166335
0.00014593
0.000242593
0.000137278
8.80894e-06
4.54067e-05
8.80894e-06
8.07854e-05
5.74776e-05
0.000124307
0.00010563
1.02624e-05
0.000319517
0.000102268
0.000144251
0.000493175
0.000169126
0.000101327
0.00019683
2.4079e-05
3.0106e-05
2.21509e-05
2.03104e-05
0.000109402
0.000158095
0.000174723
0.000224519
3.18765e-05
0.00022764
0.000111041
1.51103e-05
0.000391983
8.04221e-05
6.72103e-05
0.000331879
0.000205002
0.000112678
0.000246562
0.00013711
9.17949e-05
0.000117945
3.81181e-05
6.97993e-05
8.80894e-06
9.10788e-05
0.000201138
0.000333607
0.00020308
6.56399e-05
5.19225e-05
0.000194242
3.13342e-05
6.49292e-05
6.08719e-05
3.89254e-05
0.000283316
9.64265e-05
0.000151463
0.000115209
8.80894e-06
0.000143078
0.000354464
8.97115e-05
0.000128637
0.0002186
7.04132e-05
0.000267763
0.000139544
6.16517e-05
0.000116524
0.000188733
0.000201526
3.56279e-05
1.79576e-05
6.71843e-05
0.00012687
0.000153844
8.78806e-05
2.51624e-05
0.00012197
6.05213e-05
0.000174644
4.01724e-05
0.000213785
4.22022e-05
0.000268053
8.80894e-06
0.000332514
2.14394e-05
9.92709e-05
2.99487e-05
0.000140689
3.08183e-05
0.00039616
0.000111085
0.000415944
2.63596e-05
7.93048e-05
8.64606e-05
0.000224352
2.23722e-05
8.2195e-05
0.000175629
7.32927e-05
8.80894e-06
1.05531e-05
0.000125306
3.77428e-05
7.1283e-05
0.000167725
6.52865e-05
0.000183908
0.000240544
0.000201128
2.64362e-05
0.000197188
5.02639e-05
6.42735e-05
0.000134021
8.59032e-05
7.15538e-05
7.2864e-05
0.000154343
1.17086e-05
7.76568e-05
2.70898e-05
0.000132495
0.000261864
0.000143354
0.00021043
0.000189979
1.05531e-05
0.000114815
0.000506531
0.000124906
0.000443731
0.000248908
3.47988e-05
5.15374e-05
0.00010837
0.000223154
0.000283868
1.81519e-05
0.00019103
8.13322e-05
0.000228472
0.000347188
0.000100447
0.000315375
5.52948e-05
0.000217709
8.80894e-06
3.03659e-05
0.000125971
1.2822e-05
0.000206234
7.28399e-05
0.000694059
6.35411e-05
0.000108975
0.000183191
3.25831e-05
8.80894e-06
0.000112846
0.000140042
7.19256e-05
5.01022e-05
0.000367
8.33521e-05
0.000211587
9.33315e-05
0.000379738
0.000226692
0.000429136
4.27291e-05
3.93954e-05
0.000210176
0.00023223
0.000241832
0.000500162
0.000185989
0.000118872
3.17871e-05
8.31732e-05
3.79473e-05
5.32165e-05
9.99948e-05
0.000177329
7.61676e-05
0.000161009
6.05653e-05
2.25219e-05
0.000411027
0.000162441
1.2719e-05
1.87723e-05
0.00021665
0.000150709
0.000120067
0.00024119
0.000144991
0.00031517
3.29007e-05
0.000406699
6.1814e-05
0.000261702
9.61415e-05
0.000105818
6.18888e-05
5.57873e-05
0.000111858
3.68326e-05
4.98846e-05
9.13393e-05
4.90074e-05
0.000157012
6.54134e-05
4.17153e-05
5.5853e-05
0.000224453
0.000153795
9.1983e-05
8.80894e-06
9.22327e-05
6.78851e-05
6.58549e-05
0.000213236
0.000312183
4.20248e-05
3.0662e-05
0.000250218
0.000302716
1.66039e-05
8.80894e-06
8.00805e-05
5.21672e-05
5.839e-05
0.000125657
0.000117564
0.000412108
0.000113325
6.05529e-05
0.000396832
3.73634e-05
6.43467e-05
0.000294863
9.06665e-05
2.78241e-05
4.28089e-05
5.83589e-05
0.000322293
1.5859e-05
9.16293e-05
0.000267081
0.000314396
0.000281229
9.23532e-05
0.000323445
2.41188e-05
5.06104e-05
0.00020186
0.000128486
1.21093e-05
0.000214789
8.89804e-05
0.00016419
0.000127167
0.000126242
8.80894e-06
1.44152e-05
8.65309e-05
0.000255865
0.000275451
4.28676e-05
5.40288e-05
8.38303e-05
0.000129993
0.000329155
0.000204915
5.08165e-05
0.00032796
0.000354023
0.00015083
0.000123133
4.37587e-05
0.000114423
4.70724e-05
4.10044e-05
4.12226e-05
6.12634e-05
1.16408e-05
7.99551e-05
3.36255e-05
0.000246778
8.80894e-06
0.000138677
8.80894e-06
0.000197557
7.46457e-05
4.64705e-05
0.000158415
9.72142e-05
9.88195e-05
0.000182742
9.82392e-05
0.000105463
0.000127492
0.000111585
0.000455039
2.63055e-05
1.05531e-05
5.0424e-05
7.12988e-05
9.41171e-05
7.59801e-05
0.000394854
0.000198223
0.000131972
5.91003e-05
3.23293e-05
5.24715e-05
0.000104291
0.00027887
5.43016e-05
0.00015388
0.000320979
0.000192356
3.35216e-05
9.57612e-05
0.000370344
0.000112009
6.69475e-05
2.68756e-05
6.16545e-05
0.000121836
8.80894e-06
0.000112634
4.37486e-05
0.000106895
0.000131155
0.00012257
3.66468e-05
2.43351e-05
0.000169395
0.000503999
0.000149458
0.000227309
2.77836e-05
0.00025941
0.000167038
7.97254e-05
0.00012769
7.0266e-05
0.00023129
8.0852e-05
0.000147556
8.80894e-06
0.00011005
5.14393e-05
0.000210206
9.61985e-05
0.00013934
0.000312412
0.0001044
7.87279e-05
4.76518e-05
4.23108e-05
0.000163244
0.000183551
8.80894e-06
0.000134666
0.00025946
0.00016998
0.000238173
0.000268826
5.8488e-05
0.000173093
6.05816e-05
0.00018005
1.58633e-05
0.000156038
0.000114132
0.000203496
0.000152439
0.000213305
0.00025023
8.40007e-05
0.000201606
0.000152514
2.71541e-05
7.76719e-05
6.35252e-05
9.58469e-05
5.76893e-05
6.17065e-05
0.000237404
0.000315249
0.000250205
0.000441646
8.80894e-06
0.000379734
1.09892e-05
0.00016345
4.78844e-05
1.17159e-05
7.09886e-05
0.000243337
9.129e-05
8.74148e-05
0.000242516
4.08569e-05
0.00015027
5.98416e-05
6.11656e-05
8.80894e-06
0.000149284
9.25142e-05
8.80894e-06
0.000183653
3.51654e-05
0.000115952
0.000139215
1.74123e-05
8.80894e-06
0.000150826
8.25191e-05
0.000134451
7.57324e-05
7.13349e-05
0.000113266
0.000103923
4.27881e-05
0.000101338
0.00032105
0.00023216
0.000295134
9.87344e-05
3.72478e-05
0.000192711
5.55764e-05
0.000127087
0.000167237
0.000124029
0.000164321
8.80894e-06
0.000651865
0.000241386
0.000273173
0.000159747
6.60316e-05
0.00011531
3.22239e-05
1.33347e-05
0.000114732
0.000361218
0.00031859
2.50187e-05
0.000149804
5.51158e-05
0.00013915
0.000394576
0.000265404
7.66818e-05
7.65025e-05
0.00022571
0.00012049
4.32766e-05
0.000229409
0.000154374
0.000100654
0.000132553
0.000102603
0.000108141
0.000199555
6.84413e-05
0.000123729
0.000113986
7.81555e-05
0.000321576
6.03015e-05
1.17159e-05
3.08373e-05
0.000154664
1.57717e-05
0.000193446
0.000177548
5.78732e-05
7.3171e-05
7.97646e-05
2.7969e-05
0.000118411
3.84171e-05
0.00025958
0.000233055
0.000103991
8.80894e-06
0.000129222
1.05531e-05
0.000131391
6.39915e-05
2.04257e-05
0.000121861
0.00022734
2.08138e-05
4.17704e-05
4.57381e-05
0.000130279
1.08409e-05
9.86981e-05
0.000271907
0.000292209
0.000120599
7.81578e-05
0.000128313
2.67319e-05
0.000189472
8.22539e-05
0.000367506
0.000182689
0.000190823
0.000114029
0.000131262
5.7764e-05
8.80894e-06
0.000288198
3.68983e-05
5.25943e-05
2.856e-05
8.11701e-05
0.000222194
6.3115e-05
0.000186995
0.000188077
0.000164218
8.06037e-05
0.000141011
3.5359e-05
6.40504e-05
0.00012128
9.32077e-05
0.000349815
9.42124e-05
5.35302e-05
6.99084e-05
4.53314e-05
8.91802e-05
6.96493e-05
0.000248978
6.71331e-05
0.000204552
0.000148666
0.00014287
1.09892e-05
0.000199526
4.60841e-05
5.31281e-05
0.000120108
0.000164526
0.000107756
0.000118877
0.000103612
0.000137782
0.000187969
0.000114271
8.05164e-05
0.000341374
5.72455e-05
0.000124269
0.000154423
8.80894e-06
0.000234267
0.000216679
7.59189e-05
0.000225238
0.000119725
0.000193615
0.000320591
0.000102866
0.000154892
5.36958e-05
0.000172972
0.000142083
8.51648e-05
5.70938e-05
5.78925e-05
2.59065e-05
0.000163876
0.000300986
0.000247882
0.000406997
6.25966e-05
3.97814e-05
0.000144228
9.12174e-05
9.8515e-05
9.47546e-05
2.7159e-05
0.000327334
0.000269083
0.000305168
6.95472e-05
6.65065e-05
0.000259734
0.000118379
0.000183926
0.00014852
0.000262357
0.000208218
6.41453e-05
0.000130166
4.60482e-05
0.000173532
9.61431e-05
8.96064e-05
1.17458e-05
0.000534155
0.000104729
0.000186341
0.000123134
7.19017e-05
0.00024203
7.31629e-05
2.65418e-05
2.96775e-05
0.000171517
0.000138085
4.71103e-05
0.000156674
0.000274519
5.43769e-05
0.000225913
0.000236362
8.80894e-06
0.000289743
0.000336983
8.49593e-05
0.000101681
0.00015014
0.000470953
7.07149e-05
8.10069e-05
4.45401e-05
8.41893e-05
8.80894e-06
0.000433535
0.000156729
6.04099e-05
3.97577e-05
0.00026023
8.80894e-06
0.000147687
6.60104e-05
0.000117425
1.26752e-05
0.000265163
2.1391e-05
0.000354472
1.2805e-05
5.79717e-05
0.000100915
4.45477e-05
7.09279e-05
0.000205852
5.56588e-05
0.000110807
2.57088e-05
8.80894e-06
5.95813e-05
0.000285744
9.73743e-05
0.000156983
7.39155e-05
0.000366475
9.25295e-05
0.000112472
0.000151539
0.000152257
0.000356181
0.000105854
0.000146871
7.29172e-05
2.63249e-05
0.000184481
9.39115e-05
8.80894e-06
6.97705e-05
0.000101961
0.000196991
3.76466e-05
0.000133247
3.33908e-05
3.94684e-05
0.00010417
0.000107521
8.52851e-05
0.000417765
0.000210938
0.000119049
3.03887e-05
0.000159124
7.33609e-05
0.000111107
5.2153e-05
0.000159752
8.80894e-06
4.16356e-05
8.80894e-06
0.000164531
0.000185123
0.00018628
0.000235425
0.000273481
8.1306e-05
8.39441e-05
6.56196e-05
9.9097e-05
9.34213e-05
0.000137865
0.00026001
1.3425e-05
2.69493e-05
0.000234777
0.000764481
8.80894e-06
0.000439984
0.000195566
9.50766e-05
6.51413e-05
0.000142825
3.45095e-05
5.92467e-05
1.69952e-05
0.000173768
7.63298e-05
7.52233e-05
0.000170914
0.000136355
0.000242346
0.00018062
0.000550441
0.000192826
4.09868e-05
8.80894e-06
0.000133465
8.80894e-06
0.000459049
3.99904e-05
0.000109798
0.000102914
7.87092e-05
0.000269931
0.000209117
0.000116483
0.000300131
0.000151725
0.000128487
0.000180421
0.000140133
5.02966e-05
9.88131e-05
0.000217612
0.000114274
0.00013588
0.000224776
0.000338324
0.000217118
0.000195213
0.000174276
0.000404231
0.000169004
0.000249461
0.00023637
0.000355258
4.56286e-05
7.31028e-05
0.000136262
0.000164699
0.000189545
0.000287762
6.5071e-05
0.000145608
0.000211325
0.000110918
0.000160577
0.000299166
4.36013e-05
4.38287e-05
3.22194e-05
0.000374031
0.000238998
0.000111733
0.000193909
0.000621149
0.000108277
0.000135749
0.000298047
0.00045645
8.80894e-06
0.000146393
0.000112357
4.34256e-05
0.000139585
8.64162e-05
0.000100501
0.000128356
4.90835e-05
4.38076e-05
2.49637e-05
5.6249e-05
4.55884e-05
2.16362e-05
0.00026044
0.000111771
8.2199e-05
6.17882e-05
5.99684e-05
6.31391e-05
6.36104e-05
8.80894e-06
0.000182376
0.000162461
0.000115263
0.00017655
0.000206785
8.80894e-06
0.000112619
0.000475353
0.00010961
0.000289462
3.00253e-05
0.000326377
7.21568e-05
4.40033e-05
1.17159e-05
0.000244353
0.00022756
0.000224783
5.69726e-05
2.64466e-05
9.1689e-05
0.000317536
0.000274897
0.000314447
0.00049219
0.000141619
4.45873e-05
9.44705e-05
0.000393956
0.000280643
0.000111939
7.49006e-05
8.80894e-06
0.000310641
8.61192e-05
0.000175488
5.21992e-05
0.000180963
6.19315e-05
1.85032e-05
4.86888e-05
0.000134401
4.37778e-05
0.000217885
0.00024928
0.00018048
0.000186235
3.75693e-05
0.000105285
2.44969e-05
0.000102855
7.58847e-05
9.70299e-05
9.7556e-05
6.80655e-05
0.000148225
0.000210329
0.000175013
0.000295198
2.27589e-05
7.04389e-05
0.000106919
0.000271654
1.74889e-05
0.000120611
0.000155924
0.000104115
0.000595421
3.65988e-05
8.80894e-06
4.01354e-05
0.000159009
6.61959e-05
0.000804364
0.000134361
3.03523e-05
7.06933e-05
4.75857e-05
3.87417e-05
0.000123345
5.06517e-05
0.000321785
6.56414e-05
0.000169777
8.06676e-05
0.000377473
8.89266e-05
4.90906e-05
0.000401893
1.96743e-05
0.000240001
9.83883e-05
2.68952e-05
6.81716e-05
0.00019675
7.75521e-05
0.000105575
3.70972e-05
8.98562e-05
8.80894e-06
1.86397e-05
8.80894e-06
0.00042098
3.29683e-05
0.000324699
6.93884e-05
0.000153251
0.000184986
7.90262e-05
0.00010032
0.000195718
0.000187152
7.96107e-05
0.000290868
6.68513e-05
9.61547e-05
8.80894e-06
0.000228378
0.000206389
4.59073e-05
0.000180421
7.87737e-05
0.000110226
1.99398e-05
2.56484e-05
0.000339224
0.000227996
8.88106e-05
0.000276783
0.000142421
0.000195182
2.28493e-05
7.84252e-05
8.80894e-06
2.05523e-05
0.000159048
2.3055e-05
0.00018145
2.25745e-05
7.2259e-05
0.000128501
0.000133877
8.80894e-06
0.000115485
0.000140371
4.38186e-05
0.000142588
0.000300347
0.000175575
8.027e-05
8.80608e-05
4.26645e-05
0.00032724
0.000184983
0.0001612
3.23029e-05
0.000339384
0.000127601
0.000211858
4.27365e-05
8.89958e-05
5.58555e-05
0.000245796
2.98409e-05
9.70848e-05
0.000192194
0.0001094
3.88253e-05
4.93592e-05
0.000128745
0.000213396
0.000275704
0.000212112
0.00027711
3.69226e-05
0.00011921
5.31619e-05
0.000370313
1.02624e-05
0.000109346
0.000128559
7.51722e-05
9.32982e-05
6.11265e-05
0.000353278
8.89406e-05
5.81641e-05
7.04795e-05
0.000164827
0.000101261
9.64059e-05
8.14735e-05
6.88393e-05
0.000108162
0.000305738
3.81296e-05
8.80894e-06
0.000313099
9.7043e-05
0.000236237
0.000207227
0.000263457
0.00019711
2.62093e-05
3.24355e-05
1.09892e-05
8.80894e-06
0.000379111
0.000174016
0.000147892
9.58836e-05
8.80894e-06
0.000188187
0.000213909
3.66752e-05
0.000176936
6.68593e-05
0.000122231
0.000134512
9.39062e-05
0.000242543
0.000151107
5.46263e-05
7.57446e-05
6.76274e-05
0.000246083
0.000130226
0.000127996
9.01482e-05
4.00399e-05
0.000729764
2.72773e-05
0.000340319
8.80894e-06
0.000366305
0.000139873
0.000179331
0.000136644
8.93043e-05
0.000244998
0.000202736
0.00029385
8.80894e-06
0.000117506
1.87702e-05
0.000130704
0.00019271
0.000707969
6.12899e-05
0.000125015
0.000150031
0.000488162
0.000197728
5.17469e-05
0.000311509
1.17159e-05
7.75514e-05
3.36789e-05
0.000260881
0.000307086
0.00015838
0.00013426
0.000241065
8.50929e-05
8.76783e-05
0.000128729
8.40664e-05
8.80894e-06
0.000196829
6.9923e-05
9.95764e-05
8.52558e-05
6.0925e-05
2.9496e-05
2.69491e-05
8.80894e-06
4.54679e-05
0.000570074
9.90086e-05
0.000421304
0.000250274
0.000244653
0.000141697
5.49345e-05
6.23967e-05
0.000383524
9.68809e-05
0.000114844
0.000244923
9.68166e-05
4.99913e-05
0.00023202
0.000236371
2.95712e-05
0.000346595
0.000190271
4.40635e-05
0.000245844
6.58025e-05
0.000195638
2.24584e-05
8.14256e-05
3.95451e-05
7.88242e-05
8.80894e-06
8.43141e-05
1.64222e-05
0.000163067
0.00033546
0.000387031
0.000122389
3.64363e-05
0.000108358
9.13058e-05
0.000169322
0.000136802
3.91243e-05
3.41177e-05
8.65325e-05
4.46658e-05
0.000157066
8.1504e-05
0.000181379
8.09926e-05
4.38317e-05
0.000124157
5.81349e-05
0.000120816
8.80894e-06
2.80712e-05
0.000253999
0.000104419
2.8927e-05
8.58042e-05
9.5261e-05
6.62719e-05
6.82823e-05
0.000119836
0.000161431
4.09432e-05
0.000252566
0.000239683
0.000199893
7.17634e-05
4.05519e-05
0.000100516
0.000161061
8.80894e-06
0.000135459
0.000298785
4.45625e-05
8.2413e-05
8.38336e-05
3.44723e-05
0.000163164
4.03488e-05
8.55695e-05
0.000167112
0.000121262
8.80894e-06
0.000129182
0.000133706
4.28129e-05
6.92122e-05
0.000418555
7.34718e-05
8.34624e-05
4.25877e-05
0.00020372
8.27841e-05
0.000122103
6.95422e-05
0.000110249
0.000321802
8.70979e-05
5.17558e-05
0.000244792
9.58496e-05
0.00018816
7.43418e-05
0.000161736
0.000144755
0.000141211
0.000252882
0.000103893
0.000132978
0.000377371
0.000147303
7.08253e-05
6.75561e-05
6.91642e-05
5.83155e-05
0.00024419
0.000205092
0.000152317
8.80894e-06
9.81021e-05
0.000174859
0.000120654
0.000133842
4.00215e-05
8.80894e-06
7.06848e-05
5.90054e-05
0.000113174
0.000249373
3.5879e-05
1.51205e-05
0.000374585
8.80894e-06
3.69957e-05
0.000186772
0.000100471
0.000212951
0.000222482
5.27564e-05
0.000117888
0.000370314
0.000272457
7.0423e-05
0.000264728
0.000126628
0.000102542
3.75813e-05
1.70501e-05
8.80894e-06
8.80894e-06
5.86657e-05
0.000378904
0.000225574
5.99884e-05
3.88803e-05
0.000181461
0.000116326
0.000173185
7.22293e-05
0.000116611
3.67474e-05
7.12518e-05
0.000149773
0.000151198
8.76468e-05
0.000137531
0.000250171
0.000158588
9.22488e-05
0.000229401
8.80894e-06
0.000278019
8.80894e-06
9.51763e-05
0.000184525
0.000210927
3.96993e-05
1.16738e-05
7.44061e-05
0.000106546
0.000166077
0.000239911
4.31881e-05
0.00020993
0.000230734
4.72836e-05
0.000149621
0.000215974
0.000199071
7.04967e-05
0.00012493
0.000252623
7.39242e-05
0.000118092
4.90439e-05
9.46058e-05
8.46932e-05
0.000130443
6.42919e-05
8.80894e-06
4.7908e-05
6.29792e-05
0.000120164
0.000328695
4.3377e-05
9.22547e-05
6.29911e-05
8.80894e-06
8.80894e-06
7.5343e-05
8.80894e-06
7.74801e-05
3.04452e-05
0.000407932
0.00031783
0.000177831
0.00012363
0.000141017
8.80894e-06
0.000211966
0.000131348
8.80894e-06
0.000289679
7.02665e-05
0.000200902
0.000373315
5.79055e-05
9.22774e-05
0.000125554
0.000190455
0.000209562
9.92521e-05
8.10006e-05
2.46042e-05
0.000195236
2.71746e-05
0.000239849
2.30571e-05
0.000241404
0.000212254
0.000194633
6.20066e-05
5.80652e-05
0.000151658
0.000151976
5.57901e-05
0.000130731
0.000119814
4.96286e-05
9.10255e-05
3.63961e-05
8.90263e-05
0.000112614
0.000249743
3.04812e-05
0.000371761
7.63359e-05
8.82981e-05
9.26997e-05
0.000180163
1.20605e-05
8.80894e-06
3.3438e-05
0.000161498
5.04184e-05
0.000433097
1.74889e-05
0.000197026
8.32485e-05
0.000161502
2.04935e-05
7.4122e-05
0.000163702
8.07681e-05
0.000260657
9.52022e-05
7.56331e-05
1.51312e-05
7.48199e-05
6.80866e-05
0.000267015
0.000175346
0.000216419
9.54978e-05
0.000109198
0.000399417
9.72243e-05
0.000155085
0.000217721
8.80894e-06
5.29445e-05
7.37856e-05
6.19676e-05
0.00014722
0.000252113
0.000136997
0.000230314
4.1792e-05
0.000147452
2.67644e-05
0.000311583
4.90149e-05
0.000114843
9.07048e-05
8.80807e-05
0.000105347
0.000206345
0.000353814
3.88497e-05
3.50482e-05
0.000104133
4.26868e-05
0.000102191
0.000258421
8.95051e-05
0.000362364
0.000158095
0.000249085
0.000119198
0.000130447
5.04236e-05
8.80894e-06
8.5541e-05
0.00011923
8.38791e-05
0.000116382
0.000212052
0.00018678
8.80894e-06
0.000302571
0.000159233
0.000153039
0.000157287
0.000146821
0.000327427
8.80894e-06
0.000128396
0.000158479
0.000109722
6.06489e-05
3.99201e-05
0.00027503
0.000167941
8.80894e-06
0.000102928
0.000215812
0.000215848
0.000183292
7.48361e-05
0.000220818
4.78102e-05
4.78282e-05
1.09892e-05
0.000196856
5.68742e-05
0.000372372
0.000262246
0.000553815
0.00010156
8.70627e-05
0.000118849
8.80894e-06
0.000119456
0.000188404
1.574e-05
8.80894e-06
0.000134598
7.80548e-05
0.000157798
0.000565314
0.000120794
3.40804e-05
8.80894e-06
2.75746e-05
8.47331e-05
0.000136263
0.000205861
2.73059e-05
0.00012486
6.27886e-05
0.000100532
0.000253475
0.000281882
8.80894e-06
2.97219e-05
0.00011993
0.000116753
0.000228715
0.000209078
8.26835e-05
9.49436e-05
5.2306e-05
0.000414307
0.000244793
0.000336044
0.000361705
1.48442e-05
0.000279787
0.000134072
0.000217916
0.000117312
9.1677e-05
3.97577e-05
3.53482e-05
7.66173e-05
0.000293717
0.000239188
1.69098e-05
0.000170381
0.000213648
0.000225183
0.000160639
8.23329e-05
9.77996e-05
0.00011281
0.000417483
0.000491253
0.000183675
0.000148605
1.95111e-05
1.18271e-05
7.79073e-05
0.000156324
0.000370175
0.000116797
0.000144519
2.26857e-05
9.18899e-05
6.05412e-05
0.000318616
0.000105123
8.80894e-06
0.000127685
0.000290721
5.30768e-05
7.69037e-05
4.59469e-05
0.000498024
6.05301e-05
8.80894e-06
0.000137914
0.000120398
9.94846e-05
2.30706e-05
9.55058e-05
2.3331e-05
7.06543e-05
0.00020294
1.63531e-05
0.000119068
2.76767e-05
3.29364e-05
8.31146e-05
8.80894e-06
8.80894e-06
0.000340096
0.000155985
2.81373e-05
8.80894e-06
8.80894e-06
5.81546e-05
0.000256393
4.43549e-05
3.171e-05
0.000450428
2.15402e-05
1.52977e-05
0.000151404
0.00014651
9.27043e-05
0.000207453
6.83562e-05
8.94747e-05
7.1491e-05
2.75337e-05
0.00036444
8.25916e-05
6.28952e-05
0.000314809
8.42374e-05
3.21846e-05
0.000105738
0.000118874
0.000150949
0.000116601
9.16384e-05
6.06819e-05
0.000161457
9.56937e-05
0.000184238
4.5381e-05
0.000181368
0.000239679
0.000185966
0.000103451
0.00035074
0.000118604
6.91277e-05
6.19842e-05
8.80894e-06
0.000160041
3.86759e-05
0.000346491
6.46873e-05
2.6622e-05
1.31694e-05
0.000107401
8.85947e-05
5.56566e-05
0.000120778
0.00030163
3.52221e-05
8.19462e-05
8.80894e-06
0.000270004
3.00774e-05
0.000111575
4.98626e-05
0.000128757
9.65922e-05
5.19899e-05
0.000253961
5.26717e-05
0.000126394
0.000139329
0.000128222
0.000141696
0.000355367
3.03078e-05
0.000245757
0.000116343
0.000144009
4.01891e-05
0.000224819
0.000180347
1.66683e-05
9.94935e-05
0.000110776
0.000107576
9.07311e-05
4.75517e-05
0.000104568
7.86263e-05
3.6389e-05
0.00017629
0.000298966
5.80608e-05
8.80894e-06
4.00404e-05
4.10742e-05
4.21219e-05
6.29628e-05
0.000242815
0.000125623
0.000325837
0.000208279
7.9868e-05
0.000112883
3.71592e-05
0.000204716
0.000131102
9.65162e-05
0.000114671
7.89081e-05
8.10931e-05
0.000155937
9.51529e-05
0.000118253
6.81749e-05
5.68234e-05
0.00016845
6.9251e-05
0.000135316
0.000146939
0.000122062
3.75652e-05
0.000269687
6.68702e-05
2.36578e-05
2.62172e-05
4.39194e-05
9.59109e-05
0.000195241
9.60426e-05
0.000199859
2.1192e-05
9.87759e-05
0.000124896
7.04399e-05
0.000256801
0.000114253
0.000261819
0.000218556
2.04628e-05
0.000108297
5.48346e-05
8.80894e-06
0.000220034
0.000109029
0.000354162
0.000191374
6.8919e-05
7.89447e-05
7.42269e-05
0.000184051
6.1516e-05
1.90681e-05
8.80894e-06
2.93765e-05
0.000105215
0.000141402
0.000100523
0.000130632
0.000189673
0.000206149
0.000177936
4.72042e-05
0.000101809
0.000200199
0.000191958
0.000101234
7.06354e-05
0.00011563
5.19504e-05
0.000104569
0.000153682
0.000117875
0.000329467
0.000106279
0.000206494
4.90906e-05
0.00018668
8.4364e-05
0.000106986
5.18999e-05
0.000210984
1.50428e-05
0.000167972
9.49285e-05
8.33521e-05
6.84329e-05
5.33328e-05
1.09554e-05
7.99522e-05
4.72756e-05
0.000144524
3.50589e-05
6.08147e-05
0.000294381
0.000129666
7.74654e-05
8.80894e-06
7.4984e-05
5.6474e-05
7.81713e-05
1.41864e-05
2.84852e-05
7.99851e-05
1.17159e-05
0.000159414
7.12408e-05
0.000110118
8.16686e-05
3.67709e-05
9.40554e-05
2.3788e-05
0.000191707
7.7394e-05
9.21998e-05
8.80894e-06
0.000203213
7.34599e-05
6.73837e-05
4.38809e-05
5.97301e-05
0.000173402
7.87802e-05
0.000120288
0.000159585
4.80563e-05
9.10283e-05
0.000145637
0.000100327
0.000540837
1.34223e-05
8.608e-05
0.000126857
5.454e-05
6.07399e-05
0.000164103
0.00012694
0.000144821
0.000101133
0.000133394
4.67664e-05
0.000194042
4.72915e-05
5.82201e-05
0.000197256
