0.99
0.00015156
0.000178992
5.3543e-05
0.000145778
9.8629e-05
5.3543e-05
0.000518403
0.000686777
0.000104971
0.000249931
0.000321187
0.000241925
0.000123955
8.00468e-05
0.000201588
0.000123661
0.000177771
0.000139982
5.3543e-05
0.000441005
0.000347908
0.00016219
0.000219835
0.000769397
0.000185729
5.3543e-05
5.3543e-05
0.00019855
5.3543e-05
0.000561577
5.3543e-05
0.000506664
0.000150547
5.3543e-05
0.000289265
6.41446e-05
0.000174853
0.000422391
0.000688228
9.31662e-05
0.000317738
0.000285213
0.000100362
0.000582943
5.3543e-05
0.000293202
0.000187078
0.000165096
5.3543e-05
0.00054309
0.000195316
0.000185792
0.000564472
0.000183403
0.000152835
0.000245352
0.000198191
9.69377e-05
0.000251345
0.000165227
0.000305738
0.000148799
0.00033265
0.000245164
0.000311053
0.000159659
8.00468e-05
0.000185121
0.000142543
0.000159916
0.000256049
0.000518811
5.3543e-05
0.000233837
0.000337817
0.000157762
6.67949e-05
0.000359541
0.000275471
0.000190439
7.12122e-05
8.00468e-05
0.000125898
0.000454724
0.000189905
0.000122059
9.77248e-05
0.000601789
7.12122e-05
7.12122e-05
0.000141809
0.000327745
0.000439662
0.000242564
9.8629e-05
0.000567926
0.000149163
0.000670589
0.000207771
0.000177402
8.00468e-05
9.2874e-05
0.000360503
5.3543e-05
0.000160219
0.000290094
0.000190971
0.000183363
0.000149929
0.000388847
7.12122e-05
0.000474623
0.000155389
0.000100808
0.000550729
5.3543e-05
9.53683e-05
0.000246031
0.000100191
0.000214375
7.12122e-05
7.12122e-05
0.00037295
0.000322633
5.3543e-05
0.000218205
7.34279e-05
5.3543e-05
0.000305805
5.3543e-05
0.000494534
0.000819719
0.000202497
0.000130133
0.000154125
0.000106551
0.000327221
0.000177839
9.61641e-05
5.3543e-05
0.00021894
0.000375738
7.12122e-05
5.3543e-05
0.00010648
0.000407917
0.000655535
0.000216788
0.000156344
0.000128064
6.67949e-05
5.3543e-05
0.00037297
0.000146156
8.00468e-05
5.3543e-05
0.000610301
0.000223245
5.3543e-05
0.000467364
6.93923e-05
5.3543e-05
0.000147166
0.00055733
0.000578061
5.3543e-05
5.3543e-05
0.000485842
0.000151019
5.3543e-05
0.000117152
0.000144621
0.000315143
0.000311026
0.000159363
0.000116887
5.3543e-05
0.000415462
0.000433257
0.00072826
5.3543e-05
8.00468e-05
0.000146546
0.000660081
0.00030585
0.00021216
5.3543e-05
0.000463939
0.00129532
5.3543e-05
5.3543e-05
0.000153349
0.000209512
0.000133054
0.000103443
0.000106551
0.000405525
9.7716e-05
0.00115012
5.3543e-05
7.33546e-05
0.00187152
0.000151608
5.3543e-05
8.66065e-05
0.000186753
0.000117865
5.3543e-05
0.000273274
5.3543e-05
0.000203635
0.000160436
0.000132789
0.000326447
5.3543e-05
5.3543e-05
0.00019444
0.000547056
0.000109015
5.3543e-05
0.000207514
0.000215826
0.00023111
0.000302755
0.00023061
0.000413892
0.000115297
0.000234454
5.3543e-05
6.67949e-05
0.000106447
0.000382768
7.16983e-05
0.000209589
0.000318925
0.000153309
5.3543e-05
0.000189842
0.000180984
0.000259218
0.000303963
5.3543e-05
5.3543e-05
5.3543e-05
5.3543e-05
0.000335749
0.000107701
0.000135623
8.00468e-05
0.000327946
5.3543e-05
0.000150452
0.00011311
5.3543e-05
5.3543e-05
6.76431e-05
7.28383e-05
5.3543e-05
0.000453163
9.32987e-05
6.41446e-05
0.000216436
0.000241106
0.000104701
5.3543e-05
0.000235919
0.000304776
0.000520468
0.000782013
5.3543e-05
5.3543e-05
0.000291571
5.3543e-05
0.000307444
0.000530389
0.00010702
5.3543e-05
5.3543e-05
0.000526804
0.0003997
0.000178856
0.00032193
5.3543e-05
0.000316693
0.000223451
5.3543e-05
0.000233828
0.000181829
5.3543e-05
5.3543e-05
0.000268781
0.000375151
0.000169786
0.000505271
5.3543e-05
6.67949e-05
0.000230428
0.000168961
0.000414009
0.000403779
5.3543e-05
0.000560444
0.000533287
5.3543e-05
0.000911813
7.06564e-05
5.3543e-05
0.000325988
0.000673197
0.000122224
0.000192745
0.000500461
0.000102072
0.000329422
5.3543e-05
0.000248073
0.000199249
0.000150953
5.3543e-05
0.000103069
5.3543e-05
0.000249754
0.000138497
6.67949e-05
0.000147494
0.000198474
0.000195728
5.3543e-05
0.000191327
0.000339383
0.000348394
0.000410274
5.3543e-05
5.3543e-05
0.000182808
7.12122e-05
0.000136649
9.69377e-05
0.000482767
0.000107734
0.000265589
0.000468203
0.000162947
0.000116614
0.000488203
0.000166093
0.00143684
5.3543e-05
0.00019195
0.000354057
0.000231485
8.00468e-05
0.000283303
0.00012774
5.3543e-05
5.3543e-05
0.00021775
9.02312e-05
7.12122e-05
8.65847e-05
0.000239295
0.000174747
8.63336e-05
0.000130306
0.000113391
0.00017035
9.1184e-05
5.3543e-05
0.000350572
5.3543e-05
5.3543e-05
0.000204935
0.000148347
5.3543e-05
0.000123521
0.00049215
9.93795e-05
0.000557497
0.000457624
5.3543e-05
5.3543e-05
7.99585e-05
0.000267571
5.3543e-05
0.000270893
9.59871e-05
8.99614e-05
0.000448162
5.3543e-05
0.000425676
5.3543e-05
0.000128177
0.000232847
0.000288546
0.000120558
9.28831e-05
5.3543e-05
5.3543e-05
0.000115103
0.000590358
6.23776e-05
0.000261858
0.000341925
5.3543e-05
8.00468e-05
5.3543e-05
0.000165199
0.000538779
0.000219519
0.000106551
0.000177346
8.00468e-05
0.000253683
5.3543e-05
0.000503077
0.000142
0.000152315
0.00011026
0.00038827
0.000279497
0.000176961
0.000162243
5.3543e-05
7.12122e-05
5.3543e-05
0.000106551
0.000128151
0.000182801
0.000254093
0.000301967
7.29628e-05
0.000106551
0.000221482
0.000323927
5.3543e-05
0.000731224
0.000359279
0.000160807
0.000241277
0.000331129
0.000468807
0.00137749
0.000275383
5.3543e-05
5.3543e-05
0.000393706
0.00123863
5.3543e-05
0.000392687
5.3543e-05
0.000267638
0.000268333
0.000180806
0.000253771
0.000121527
0.000417021
5.3543e-05
0.000173572
0.000309993
0.000227435
9.82209e-05
0.000433174
5.3543e-05
0.000172192
0.00060393
0.000697404
0.000338406
0.000278326
5.3543e-05
0.000258421
9.31662e-05
0.000107222
5.3543e-05
0.00027597
0.000335827
0.000397404
0.000112002
0.00013822
5.3543e-05
0.000892216
0.000110526
5.3543e-05
0.000228835
0.000250945
0.000111423
0.000266129
5.3543e-05
5.3543e-05
0.000548214
0.000347231
8.00468e-05
0.000252654
7.99585e-05
0.000489979
0.000145422
0.000432373
0.000299517
9.7716e-05
5.3543e-05
0.000266156
5.3543e-05
5.3543e-05
5.3543e-05
0.000333684
0.0002109
0.000277898
6.76431e-05
0.00015281
0.000248829
0.000310163
5.3543e-05
0.000263168
0.000713274
7.12122e-05
0.000125141
0.000755988
9.31662e-05
0.00030877
0.000719924
0.000183816
5.3543e-05
5.3543e-05
0.000137285
0.000116545
0.000309967
0.000544987
0.00037297
9.05438e-05
5.3543e-05
5.3543e-05
5.3543e-05
0.000558928
0.000615354
0.000331599
6.41446e-05
0.000145456
5.3543e-05
0.000279037
8.00468e-05
9.7716e-05
0.000175332
8.00468e-05
0.000258327
0.000219545
0.000471043
0.000106551
5.3543e-05
0.000105352
5.3543e-05
7.12122e-05
0.000180537
8.79307e-05
0.0001746
5.3543e-05
5.3543e-05
5.3543e-05
0.00023106
0.000149723
0.000284624
0.000366818
9.98584e-05
0.00027694
0.000263228
0.000256428
7.12122e-05
0.000532521
5.3543e-05
5.3543e-05
0.000392357
0.000299703
0.000187938
0.000242621
6.67949e-05
5.3543e-05
0.000137927
0.00107107
0.000317955
0.000181273
0.000379319
0.00030701
5.3543e-05
5.3543e-05
5.3543e-05
0.000154726
8.00468e-05
0.000118663
5.3543e-05
0.000197402
5.3543e-05
5.3543e-05
6.67949e-05
5.3543e-05
0.000352794
8.82747e-05
5.3543e-05
5.3543e-05
5.3543e-05
5.3543e-05
0.000106551
5.3543e-05
0.00038015
0.000485808
0.000183323
5.3543e-05
0.000145456
0.000137866
0.000772048
5.3543e-05
0.000343526
7.29628e-05
0.000100426
0.00086379
5.3543e-05
0.000203461
0.000106551
0.000388236
0.000304827
5.3543e-05
0.000480169
0.000445629
8.25222e-05
7.12122e-05
5.3543e-05
8.11633e-05
5.3543e-05
0.000301503
0.00036059
0.000116087
0.000363752
0.000410485
5.3543e-05
0.000277414
5.3543e-05
5.3543e-05
0.000104083
0.000970028
0.000590661
5.3543e-05
7.12122e-05
0.000407259
5.3543e-05
0.00056034
5.3543e-05
0.000222391
0.00021983
0.000257024
5.3543e-05
9.96603e-05
5.3543e-05
0.000106551
0.000220762
5.3543e-05
5.3543e-05
0.000175417
0.00024984
0.000157409
0.000281303
0.000243303
0.000121632
7.11817e-05
0.000391255
0.00110934
0.000174112
0.000379899
0.000129313
0.000206977
0.000213691
0.0343466
0.000203352
0.000302005
0.000106551
5.3543e-05
9.58961e-05
5.3543e-05
0.000643909
0.000462402
6.93923e-05
5.3543e-05
0.000316309
0.000166788
7.70431e-05
0.00015898
5.3543e-05
5.3543e-05
5.3543e-05
5.3543e-05
0.00034645
0.000299526
9.28413e-05
8.00468e-05
0.000374809
0.000159028
8.00468e-05
0.000403308
0.000853343
0.000169016
0.000340035
0.000418108
0.000190182
0.000533609
0.000119274
5.3543e-05
0.000332444
0.000800359
0.000723127
0.000320771
0.00014524
0.000408942
0.000261141
0.000130211
5.3543e-05
0.000256594
0.000212469
0.000115113
0.000388797
0.000776892
0.000101562
0.000362894
0.000276689
5.3543e-05
0.000819261
0.000497128
0.000267316
8.52946e-05
0.000167931
5.3543e-05
5.3543e-05
0.00039114
0.00025842
0.000360998
0.000188128
7.33546e-05
9.31662e-05
0.000101215
0.0001197
5.3543e-05
0.000178982
5.3543e-05
0.000185267
8.00468e-05
5.3543e-05
5.3543e-05
0.000133143
0.000541371
5.3543e-05
0.000172231
5.3543e-05
0.000290718
0.000446001
9.22502e-05
9.04623e-05
0.000192533
0.000191556
0.000313629
5.3543e-05
0.000106551
0.000513172
5.3543e-05
0.000759582
5.3543e-05
0.000111423
0.000220991
0.000496977
0.000188933
0.000276656
0.00025804
0.000337026
0.000197484
0.000244762
0.000155031
7.12122e-05
0.000627884
5.3543e-05
0.000687204
0.000215056
0.00047606
0.000180404
0.000159637
5.3543e-05
0.000424747
0.000215308
5.3543e-05
0.000223976
0.00016656
5.3543e-05
0.000188665
0.000351953
0.000106551
5.3543e-05
5.3543e-05
0.00072164
0.000302259
8.16652e-05
5.3543e-05
5.3543e-05
0.00010394
0.000330614
0.000551813
9.16794e-05
5.3543e-05
0.00092585
9.7451e-05
0.000457134
5.3543e-05
5.3543e-05
0.000751783
8.63336e-05
5.3543e-05
9.7716e-05
8.00468e-05
0.000160362
0.000841566
0.000246749
0.000231382
5.3543e-05
0.000579779
0.000575368
0.000203826
0.000446197
0.000123215
0.000166036
0.000132789
5.3543e-05
9.80525e-05
0.000209136
8.00468e-05
0.000151764
0.00010394
0.000152445
0.000615305
0.000332723
0.00054446
5.3543e-05
5.3543e-05
0.00067868
8.87931e-05
5.3543e-05
5.3543e-05
0.000207772
5.3543e-05
0.000212301
0.000522117
0.00031292
0.000338517
0.000161054
0.000167431
0.000292586
5.3543e-05
0.00120343
5.3543e-05
5.3543e-05
0.000546319
0.000129854
0.00010511
0.000259935
0.000199343
5.3543e-05
0.000183995
0.000172887
0.000297855
0.000106551
0.000318075
0.000502404
0.000318947
0.000162478
5.3543e-05
5.3543e-05
0.000712312
0.000213021
0.000338612
9.20718e-05
0.000139542
5.3543e-05
0.000176697
0.000613509
5.3543e-05
0.000233552
0.000138237
0.000335074
0.000115751
5.3543e-05
5.3543e-05
0.000171754
0.000621613
0.000386658
0.000341527
8.79102e-05
0.000164159
0.000252463
0.000237511
0.000395052
5.3543e-05
0.000211179
5.3543e-05
5.3543e-05
9.79783e-05
5.3543e-05
0.000348877
7.12122e-05
0.000277797
0.000224751
0.000690777
8.9243e-05
0.000760532
0.000267163
0.00059614
0.000527436
0.000479642
0.000440142
0.000190758
0.000458649
0.000380398
8.00468e-05
0.00044572
0.000242611
5.3543e-05
0.000132834
0.000148533
0.000226758
6.41446e-05
0.000174616
0.000134652
0.000236322
0.000457789
0.000215946
5.3543e-05
0.000222273
0.00041015
0.000148235
0.000172094
5.3543e-05
8.00468e-05
8.95468e-05
7.12122e-05
0.000189044
8.52725e-05
0.000109811
0.000336902
8.78157e-05
0.000757581
0.00052141
0.000814546
0.00013053
0.000130913
0.000155031
0.000473457
0.000276469
0.000477719
7.12122e-05
0.000665424
0.000175786
8.93754e-05
0.000311515
8.93084e-05
0.000867119
0.000210023
5.3543e-05
0.000196411
0.000433986
0.000210419
6.67949e-05
6.67949e-05
0.000210232
0.000390929
5.3543e-05
0.000572185
0.000442206
0.000211298
0.000579709
0.00019749
0.000223429
0.000367178
8.7517e-05
5.3543e-05
5.3543e-05
0.000122913
0.000520042
5.3543e-05
0.000114349
0.000599629
5.3543e-05
0.000204148
0.000361327
0.000145841
0.000682167
0.000128088
0.000219925
0.000638153
0.000241809
0.000442737
0.000313402
0.000115113
0.000220863
9.02312e-05
0.000158078
0.000305348
0.000256177
5.3543e-05
8.52188e-05
0.000852241
7.12122e-05
0.000146338
5.3543e-05
0.000106551
0.000320427
0.000363697
0.000151721
0.000272721
8.95468e-05
0.00022097
0.000937711
5.3543e-05
8.00468e-05
0.000106551
0.000132238
0.000660029
0.000211281
0.000198463
5.3543e-05
0.000284175
0.000193183
5.3543e-05
6.7499e-05
0.000221054
0.000131646
0.000174253
0.000156568
5.3543e-05
0.000279825
5.3543e-05
9.7716e-05
8.00468e-05
5.3543e-05
6.67949e-05
0.000293997
0.0014143
0.000243658
7.12122e-05
5.3543e-05
0.00036223
9.98578e-05
0.000174888
5.3543e-05
0.000743973
0.000344548
7.12122e-05
7.1089e-05
5.3543e-05
0.000249389
5.3543e-05
5.3543e-05
0.0007026
0.00059468
0.00024633
0.000388084
5.3543e-05
0.000353377
5.3543e-05
5.3543e-05
0.000130562
0.000258815
0.000106286
0.000218769
0.000457982
0.000100728
5.3543e-05
0.000151322
5.3543e-05
0.000470722
5.3543e-05
0.00031041
0.000504523
0.000159943
5.3543e-05
0.00014134
0.000664175
0.000718917
0.000143126
5.3543e-05
0.000132069
0.0010387
5.3543e-05
0.000215031
7.02847e-05
0.000176918
0.000315048
0.000321977
0.00040239
8.86173e-05
0.000410929
0.000106551
7.12122e-05
0.000145039
0.000516609
0.000119803
6.41446e-05
0.000263002
0.000102875
0.000227346
0.000183315
0.000167679
0.000438365
0.000297601
0.000216644
0.000151825
0.000284782
5.3543e-05
0.000242376
0.000288521
0.000100362
0.000371832
0.0002722
5.3543e-05
0.000106551
0.000153779
0.000175715
5.3543e-05
0.000103222
8.00468e-05
0.000104795
5.3543e-05
0.000235112
0.00027106
0.000354702
5.3543e-05
0.000176623
6.76431e-05
5.3543e-05
0.000106286
0.000872684
5.3543e-05
5.3543e-05
0.000373845
0.000567068
0.000422199
8.00468e-05
0.000131556
0.000217272
0.000110571
0.000128601
0.000220092
0.000290502
5.3543e-05
0.000327906
5.3543e-05
0.000206599
0.000395478
0.000150894
0.000162668
9.32987e-05
0.000133054
0.000183152
8.00468e-05
5.3543e-05
0.00022993
0.000146952
0.000196493
0.00128578
5.3543e-05
0.000214207
0.000413767
9.58706e-05
0.000113391
0.000237692
0.000113403
5.3543e-05
0.000203916
0.000421085
0.000270293
0.000195407
0.000406079
5.3543e-05
6.67949e-05
0.000752627
0.000430844
0.00096796
5.3543e-05
5.3543e-05
0.000104903
0.000287095
0.000199682
0.000120515
8.58869e-05
0.000244528
0.000234277
0.000312462
5.3543e-05
0.000106551
0.000335816
0.000716203
0.000362857
9.66179e-05
0.00051007
0.000112426
0.000211562
5.3543e-05
0.00015668
0.00126388
0.000243756
0.000206113
8.00468e-05
0.000162934
0.000104971
0.000105248
5.3543e-05
0.000696788
6.41446e-05
5.3543e-05
0.000630753
0.000141867
0.000106551
5.3543e-05
0.000618487
0.000340633
5.3543e-05
0.000101912
0.000567186
5.3543e-05
5.3543e-05
0.00013582
7.84709e-05
0.000257011
0.00014821
0.000872419
0.000168571
0.00035242
0.000115943
5.3543e-05
5.3543e-05
0.000638609
7.12122e-05
0.000196373
0.000178828
8.00468e-05
0.000236929
0.000438265
5.3543e-05
9.31662e-05
5.3543e-05
9.31662e-05
0.000182581
5.3543e-05
8.00468e-05
5.3543e-05
5.3543e-05
7.46401e-05
0.00178391
8.00468e-05
0.000208459
0.000684526
0.000156262
0.000676339
5.3543e-05
0.000235064
0.000108182
0.000308966
0.000106551
0.00047192
0.00057944
0.00015806
0.000171272
0.000408162
0.000159293
0.00027413
0.000486862
7.11462e-05
0.000204916
0.00018789
9.48998e-05
0.000268256
0.000139698
6.67949e-05
0.00022984
0.000168519
0.000106551
5.3543e-05
0.000194875
0.000123661
0.000423765
0.000199855
0.000511288
0.000497711
5.3543e-05
0.00033648
0.000224096
5.3543e-05
0.000154876
0.000106551
0.000235631
7.84709e-05
0.000378452
0.000437279
0.000150724
0.000216489
0.00018843
0.000119213
5.3543e-05
0.000416975
0.000167098
0.000106551
0.0001101
0.000104701
0.000123346
0.000196833
0.000183113
0.000168759
0.000175377
0.000113727
5.3543e-05
7.12122e-05
0.000222353
0.000337815
8.00468e-05
0.000235274
0.000337248
5.3543e-05
0.000251729
0.000374171
6.41446e-05
0.000270933
0.000305642
0.000166616
0.000544146
9.0349e-05
0.000108742
5.3543e-05
0.000181511
0.0003941
0.000296301
5.3543e-05
0.000547641
7.12122e-05
0.000393709
7.33546e-05
0.000118917
0.000343203
5.3543e-05
0.000169288
5.3543e-05
5.3543e-05
0.000303684
0.000106551
5.3543e-05
0.000243303
0.000202614
6.67949e-05
0.000491123
5.3543e-05
5.3543e-05
0.000596702
0.000720992
5.3543e-05
5.3543e-05
0.000168263
0.000150341
0.00110772
5.3543e-05
5.3543e-05
0.000891457
8.86042e-05
5.3543e-05
0.000176458
0.000652328
0.000144099
0.000234305
0.00024617
0.000160319
0.000135887
0.000339147
0.000167457
5.3543e-05
9.59871e-05
0.000257595
9.00316e-05
0.000188731
8.96561e-05
0.000271353
9.93421e-05
0.000155681
0.000117502
0.00024633
5.3543e-05
7.12122e-05
0.000119803
5.3543e-05
0.000707547
0.000370656
0.000276764
9.23861e-05
0.000602782
5.3543e-05
5.3543e-05
0.000207576
0.000295183
0.000382187
0.000150192
0.000194467
0.000258744
0.0001482
5.3543e-05
0.000357391
0.00044869
0.000632849
6.41446e-05
0.000331317
5.3543e-05
0.000106286
0.000659525
0.000236866
5.3543e-05
0.00105955
5.3543e-05
0.000189673
0.000225284
0.000538078
0.000279491
0.00041562
9.02125e-05
8.00468e-05
0.000248646
0.000466393
0.00048129
0.000477188
0.000142077
5.3543e-05
7.12122e-05
0.000132976
6.85089e-05
0.000204507
0.000396806
5.3543e-05
8.87931e-05
0.000133879
7.12122e-05
5.3543e-05
0.000166407
5.3543e-05
0.000216003
0.000108131
0.000106551
8.38242e-05
0.000159028
5.3543e-05
8.18447e-05
0.000261836
0.000162252
0.000463615
0.000194914
0.000133054
7.12122e-05
0.000443412
0.00020412
0.000527015
5.3543e-05
0.0003181
0.000746119
0.000159028
5.3543e-05
5.3543e-05
0.000269507
0.000475771
5.3543e-05
0.000601501
0.000234515
8.00468e-05
0.000242189
0.000284148
5.3543e-05
0.000244022
0.000143042
0.000914658
0.000165058
0.000100581
5.3543e-05
0.000110999
0.000763826
0.000214595
0.00046715
5.3543e-05
0.000369068
0.000221128
0.000344033
7.12122e-05
0.000145511
0.000209991
5.3543e-05
0.000165348
5.3543e-05
0.000444793
0.000358242
0.000327411
8.00468e-05
7.12122e-05
0.000508335
9.65365e-05
9.95949e-05
5.3543e-05
7.12122e-05
0.000645325
0.000317908
0.00058263
0.000640575
5.3543e-05
5.3543e-05
5.3543e-05
0.000132766
9.73409e-05
0.000300363
0.000534669
0.000220777
5.3543e-05
0.000201306
0.00017016
0.000208677
0.000106551
5.3543e-05
0.000252082
8.87047e-05
5.3543e-05
0.000649165
0.000106551
7.16983e-05
8.64961e-05
0.00077896
0.00013582
5.3543e-05
0.000155743
5.3543e-05
0.000191182
0.000440589
0.000146867
0.000167314
6.81939e-05
0.000116148
0.000565707
0.000415835
0.000238425
8.00468e-05
0.000491532
0.000227205
5.3543e-05
0.000226164
0.000419416
5.3543e-05
0.000180249
8.42218e-05
0.000135747
0.00028093
0.000330911
0.000153552
0.000301922
7.12122e-05
0.000368437
5.3543e-05
0.000277858
5.3543e-05
7.99585e-05
9.06143e-05
0.000396314
0.000205534
0.000815338
5.3543e-05
0.000106339
5.3543e-05
0.000272303
0.000131035
0.000200058
5.3543e-05
0.00051035
5.3543e-05
0.000108443
5.3543e-05
9.0349e-05
7.99585e-05
7.55854e-05
0.000220829
0.00102551
0.000375221
0.000198632
8.00468e-05
5.3543e-05
0.000480102
0.00014613
5.3543e-05
0.000156176
0.000625982
0.000387736
5.3543e-05
5.3543e-05
5.3543e-05
5.3543e-05
0.000280279
0.000193244
9.80391e-05
0.000763479
8.00468e-05
0.000104795
8.29122e-05
0.000166468
0.000106286
0.000350743
5.3543e-05
0.00012284
0.000284304
5.3543e-05
5.3543e-05
5.3543e-05
5.3543e-05
0.00010838
8.81182e-05
0.000182925
0.000122888
0.000255167
0.000216257
0.000129916
0.000106551
5.3543e-05
5.3543e-05
0.000391001
0.000164335
0.000263457
0.000231581
0.000349556
0.000563119
0.000161766
0.000155035
0.000220481
9.40216e-05
0.000436159
5.3543e-05
0.000599217
0.000143917
5.3543e-05
5.3543e-05
0.000494916
0.000526573
0.000416918
0.000385579
7.12122e-05
0.00103339
0.000380117
0.000170468
5.3543e-05
8.00468e-05
8.02349e-05
0.0002009
0.000164024
5.3543e-05
5.3543e-05
5.3543e-05
0.000111597
0.000536677
9.81217e-05
7.33546e-05
9.17611e-05
0.000194492
0.000111346
0.000125323
0.00022193
0.000157214
0.000148406
5.3543e-05
0.000501211
0.000277259
0.000147634
0.000128618
0.000155031
0.000430868
0.000106551
0.000279422
0.000144676
5.3543e-05
0.000300627
0.000915848
0.000188053
0.000260782
9.23187e-05
0.000160219
0.000110146
0.000196713
6.93923e-05
0.000421028
5.3543e-05
0.00016434
0.000385594
0.000147847
0.000103868
0.000122224
8.11633e-05
0.000158111
5.3543e-05
6.67949e-05
0.000146085
0.000254554
0.000132424
0.000285957
0.000267808
5.3543e-05
5.3543e-05
0.00028523
0.000154986
0.000733044
0.000249786
0.000140095
0.000210981
0.000267041
0.000947368
0.000147813
5.3543e-05
0.000219772
0.000164206
0.000311616
0.000119348
0.000106286
0.000335514
5.3543e-05
0.000675618
0.000158958
0.000122617
0.000422126
0.000210716
0.000926356
0.000289893
5.3543e-05
0.000186401
5.3543e-05
0.00031491
0.000163682
0.000559104
0.000456461
0.000115032
0.000408829
0.000186461
5.3543e-05
5.3543e-05
0.000189712
0.00053051
9.47123e-05
0.000329184
0.000362184
6.7499e-05
0.000233505
5.3543e-05
0.000277499
0.000129855
0.000991117
0.000199653
0.00017102
0.000536812
0.000287502
6.67949e-05
5.3543e-05
0.00029342
0.000228132
0.000130942
0.000224524
5.3543e-05
0.000119582
0.000269005
0.000238233
0.000293682
0.0005121
5.3543e-05
8.00468e-05
9.14684e-05
0.000210823
0.000136529
0.000111733
6.41446e-05
5.3543e-05
0.000228292
5.3543e-05
0.000388409
5.3543e-05
5.3543e-05
0.000344599
0.000130737
0.000420601
0.000599142
5.3543e-05
5.3543e-05
0.000228777
0.000316186
0.000478368
5.3543e-05
0.000171221
0.000289588
6.41446e-05
0.000124651
8.00468e-05
0.000154079
0.000511798
0.000107734
7.12122e-05
0.0003357
6.41446e-05
0.000670581
0.000141747
0.000144148
5.3543e-05
0.000164325
0.000203076
0.000209327
0.000128284
5.3543e-05
0.000140647
0.000225895
0.000149558
5.3543e-05
7.12122e-05
5.3543e-05
5.3543e-05
0.000586609
0.000106286
0.000115209
5.3543e-05
5.3543e-05
5.3543e-05
0.000265818
0.000533867
0.000668265
0.0002578
0.000394775
6.93923e-05
8.00468e-05
0.000174417
0.0003403
0.000515416
0.000296163
5.3543e-05
0.000106462
8.00468e-05
0.000190867
0.000200349
5.3543e-05
0.000166449
0.000125061
5.3543e-05
0.000176623
0.000210671
0.000315203
0.000235334
0.000760055
5.3543e-05
7.12122e-05
0.00125988
0.000108583
0.000539463
0.000166975
0.000233548
7.56295e-05
0.000258786
0.000509576
0.000115879
5.3543e-05
0.000405114
0.000149893
0.000115297
0.000236488
0.000158218
5.3543e-05
0.00027815
5.3543e-05
0.000202141
5.3543e-05
0.000583035
0.0003619
0.000202491
0.000440256
0.00010838
0.000159028
5.3543e-05
0.000195474
5.3543e-05
5.3543e-05
0.000206622
0.000372396
5.3543e-05
0.000293664
0.000329232
0.000118353
0.000212898
0.00030696
0.000714151
6.67949e-05
8.00468e-05
0.00014289
8.90843e-05
0.000586849
0.000129809
0.000444542
0.000331546
0.000735854
0.000309204
0.000105198
0.000381547
6.41446e-05
0.000106093
7.44026e-05
0.000197448
0.000396037
7.12122e-05
0.000388498
0.000124868
0.000509484
0.000262516
5.3543e-05
6.41446e-05
5.3543e-05
0.000217948
0.000194015
0.000101825
0.000237417
0.000606114
0.000238716
0.000101811
0.000243528
0.000220762
0.000100139
5.3543e-05
0.000497245
5.3543e-05
5.3543e-05
9.58961e-05
0.000111875
0.000612103
5.3543e-05
0.0345418
0.000559051
0.000316981
5.3543e-05
0.000486318
7.12122e-05
8.00468e-05
0.000106671
0.000148347
5.3543e-05
5.3543e-05
0.000300502
0.000363989
0.000561577
0.000142938
0.000385071
7.12122e-05
8.66065e-05
5.3543e-05
0.000117162
5.3543e-05
0.000413322
0.000911236
0.00027085
0.000337907
0.000287144
0.000190598
0.000772105
5.3543e-05
0.000104066
0.000618546
0.00184495
5.3543e-05
0.000180557
0.000139283
0.000202166
0.000117365
0.000424584
5.3543e-05
7.70431e-05
0.000280071
5.3543e-05
5.3543e-05
0.000320286
5.3543e-05
0.000185306
9.79783e-05
0.000297389
5.3543e-05
0.000271353
5.3543e-05
6.76431e-05
0.000347918
0.000390315
0.000254209
0.000318784
0.000176417
0.000261403
9.62782e-05
5.3543e-05
0.000198402
7.12122e-05
9.2841e-05
0.000364036
5.3543e-05
0.000103461
8.22382e-05
0.000344184
5.3543e-05
0.00028657
0.000592121
6.67949e-05
0.000155309
0.000180498
8.00468e-05
0.000196226
0.000273928
8.02349e-05
0.000262703
0.000177367
0.000136624
0.000222637
0.000385885
0.000108892
0.000163145
0.000134891
5.3543e-05
0.00045248
5.3543e-05
0.000202819
0.000370628
0.000158766
9.57639e-05
0.000359073
0.000138019
0.000115812
0.000296628
7.12122e-05
0.000512446
0.000177402
0.000117502
0.000168216
0.000127515
0.000107675
5.3543e-05
0.00019452
0.000243169
0.000111423
0.000498217
0.00040406
7.89672e-05
0.000215944
0.000548461
0.000184793
5.3543e-05
0.000124102
0.000484285
5.3543e-05
0.000430928
8.44955e-05
0.000159864
5.3543e-05
0.000136641
0.000458104
0.000550881
0.000612038
6.76431e-05
0.000741443
0.000410052
8.52725e-05
0.000255229
5.3543e-05
0.000101811
0.000191485
0.00021538
7.94565e-05
0.000395095
7.11241e-05
0.000261576
9.01267e-05
0.00132036
0.000100428
0.000337769
0.000368662
0.000117865
0.000219288
7.29628e-05
0.000286447
0.000176445
0.000172763
0.000217574
8.58869e-05
5.3543e-05
0.000166842
6.7499e-05
0.000159028
5.3543e-05
0.00136344
5.3543e-05
0.000381136
0.00107828
8.00468e-05
5.3543e-05
0.000290954
8.52946e-05
0.000101369
0.000515051
0.000299546
0.000373206
0.000344672
0.000409473
8.6955e-05
8.00468e-05
0.000617398
9.10238e-05
0.000135087
0.00086848
5.3543e-05
5.3543e-05
9.23187e-05
0.000280898
5.3543e-05
0.000786002
0.000106551
5.3543e-05
0.000222058
7.55854e-05
0.000134959
8.52725e-05
5.3543e-05
0.000193402
0.000471868
5.3543e-05
0.000946826
5.3543e-05
5.3543e-05
0.000127648
0.000334232
0.000275807
0.000225444
0.000346746
5.3543e-05
0.000434435
0.000178751
9.73017e-05
0.000134445
0.000320577
5.3543e-05
0.000134884
8.00468e-05
0.000376445
5.3543e-05
5.3543e-05
0.000606486
0.000158095
0.000321522
0.000171624
0.000133605
0.0003809
0.000417935
6.41446e-05
6.41446e-05
0.000335592
0.000408064
0.000630552
0.000158575
0.000421151
0.000562381
0.000518433
0.000456635
7.99585e-05
0.000113547
0.000106551
5.3543e-05
6.67949e-05
0.000405824
0.000679556
0.000590976
0.000113195
6.67949e-05
9.7716e-05
0.000141876
5.3543e-05
8.20334e-05
0.000178182
5.3543e-05
0.000217685
0.000142575
0.000144091
0.000396569
5.3543e-05
0.000186219
0.000584849
0.000633795
0.000312535
0.000569051
0.00018588
0.000407457
5.3543e-05
0.000150459
0.000263895
5.3543e-05
0.000299408
0.000508883
8.00468e-05
0.000130283
0.000232615
0.000536538
0.000153788
9.31662e-05
0.000386035
0.000170114
0.000350094
0.000112343
0.00045826
5.3543e-05
0.000595143
0.000682025
5.3543e-05
5.3543e-05
5.3543e-05
0.000273115
5.3543e-05
5.3543e-05
0.000219443
0.000723852
0.000121206
5.3543e-05
5.3543e-05
5.3543e-05
0.000195002
0.000291601
5.3543e-05
0.000522474
0.000143213
5.3543e-05
5.3543e-05
5.3543e-05
5.3543e-05
0.00015924
5.3543e-05
0.000482169
0.00047388
5.3543e-05
0.000115812
5.3543e-05
0.000137586
7.12122e-05
0.000761471
0.000990605
0.000203105
0.000171747
0.000200688
5.3543e-05
0.000100808
0.000385521
0.000193399
0.000210547
0.000389489
0.000339955
0.000268328
0.000309079
0.000431014
5.3543e-05
5.3543e-05
5.3543e-05
5.3543e-05
5.3543e-05
0.00031752
0.00044516
0.00114932
0.000106551
0.000105999
0.000158461
5.3543e-05
9.04623e-05
0.000220371
5.3543e-05
0.000189087
0.000178294
0.000198706
0.000346898
0.000228237
5.3543e-05
5.3543e-05
5.3543e-05
0.000445894
0.000189319
0.000570866
0.000838618
0.000282555
0.000345149
0.000106551
0.000265072
5.3543e-05
0.000396192
5.3543e-05
0.000134025
0.000120854
5.3543e-05
5.3543e-05
5.3543e-05
0.000329504
5.3543e-05
9.80391e-05
0.000243394
0.00041264
0.000115353
0.000129299
5.3543e-05
0.00015346
0.00037533
0.000319011
0.000695315
8.00468e-05
0.000183314
6.67949e-05
5.3543e-05
0.000302962
6.85089e-05
7.12122e-05
0.000264993
0.000117708
9.7716e-05
5.3543e-05
0.000124773
0.000273381
9.59871e-05
0.000247958
0.000331633
5.3543e-05
8.39129e-05
0.000144194
5.3543e-05
0.000268085
8.88814e-05
0.000753268
0.000763402
8.00468e-05
0.000342654
0.000184843
0.000127897
9.76719e-05
0.000207196
0.000117295
5.3543e-05
0.000216921
8.00468e-05
5.3543e-05
0.000409868
0.000247657
0.000327714
0.00110145
0.000145995
0.000280165
0.0003077
5.3543e-05
5.3543e-05
0.000238003
0.000959643
0.000104353
5.3543e-05
0.000462368
0.00135076
0.000482767
0.000115063
0.000155897
0.000103478
0.00012145
0.000148328
0.000109409
0.00077431
6.62437e-05
5.3543e-05
0.00039356
5.3543e-05
0.000322974
0.000298554
8.98911e-05
8.8688e-05
0.000221943
0.000169695
8.00468e-05
0.00019472
0.000420213
9.31662e-05
0.000106551
9.76855e-05
5.3543e-05
0.000206753
5.3543e-05
0.000405525
5.3543e-05
0.00013613
5.3543e-05
0.000216602
0.000231932
5.3543e-05
5.3543e-05
5.3543e-05
0.000106551
5.3543e-05
0.000123739
7.12122e-05
9.31662e-05
0.000869715
0.000734759
0.000459304
8.00468e-05
0.00024901
0.000545986
0.000445964
6.41446e-05
5.3543e-05
5.3543e-05
0.000227447
0.000116338
5.3543e-05
0.00188004
0.000259014
0.000154557
0.000498498
0.000209422
0.000212531
9.02305e-05
5.3543e-05
8.00468e-05
9.39673e-05
0.000302694
8.87047e-05
0.000427422
0.000253655
7.70024e-05
0.000351703
0.000313551
0.000158266
0.00015302
9.31662e-05
5.3543e-05
0.000293766
0.000385663
0.000671539
5.3543e-05
0.000232824
0.000250821
0.000283459
0.000116316
0.000518327
0.000185005
0.000158515
0.000389469
0.000210671
0.000457921
5.3543e-05
0.000492718
6.67949e-05
0.00104044
0.000229098
5.3543e-05
0.000302395
5.3543e-05
6.84506e-05
0.000248286
0.000164541
5.3543e-05
5.3543e-05
8.00468e-05
5.3543e-05
5.3543e-05
0.000200012
0.000246996
0.000326153
0.00016025
0.000600565
0.000743363
0.00113826
0.000132069
0.00033429
0.00030951
0.000283524
0.000271463
0.000205153
0.000739001
0.00118032
9.41469e-05
5.3543e-05
0.000256567
0.000261556
0.000243154
0.000100319
0.00046747
5.3543e-05
0.000223221
0.00015806
0.000217827
0.000470846
0.000197076
5.3543e-05
0.000146174
0.00023339
0.000258118
0.000129284
5.3543e-05
0.000250926
0.000237092
5.3543e-05
5.3543e-05
5.3543e-05
0.00140806
0.000193298
5.3543e-05
5.3543e-05
0.000341976
0.000359223
0.000128277
8.87931e-05
0.000767548
0.000478652
0.000307078
8.00468e-05
5.3543e-05
0.000288767
0.000113358
0.000115164
8.44054e-05
0.000888022
0.000249772
0.000503538
0.000607626
0.000392589
0.000454392
5.3543e-05
0.000329343
0.000219008
5.3543e-05
6.67949e-05
0.00150101
0.00127979
0.000564449
0.000348554
9.72601e-05
7.737e-05
0.000106551
0.000655657
0.000124043
0.00049936
0.000241092
0.000252658
0.00018529
0.000114064
5.3543e-05
0.000555211
0.000165471
0.000296191
0.000142025
0.000180006
0.000655614
0.000198632
5.3543e-05
5.3543e-05
0.000132789
0.000137163
5.3543e-05
0.000153334
9.70501e-05
0.000109609
6.41446e-05
0.000465426
5.3543e-05
0.000236905
5.3543e-05
0.000111533
5.3543e-05
0.00037096
5.3543e-05
0.000106551
0.000224674
9.22191e-05
9.6672e-05
0.00113238
0.00015302
0.000229607
0.00011112
0.000325751
0.000167143
5.3543e-05
5.3543e-05
0.00112132
0.000201808
0.00050043
5.3543e-05
0.000448655
0.000384408
7.53523e-05
5.3543e-05
0.000106551
0.000313342
0.000304515
0.000240849
0.000435551
0.000399722
0.000704026
0.000176803
7.12122e-05
0.000177367
9.75393e-05
0.000677381
0.000284857
5.3543e-05
0.000186049
0.000250704
0.00058449
0.000232126
6.41446e-05
0.000365245
5.3543e-05
5.3543e-05
5.3543e-05
0.000133127
0.00089275
0.000106551
0.000167822
0.00010756
5.3543e-05
0.000474263
0.000302616
8.00468e-05
0.000106551
5.3543e-05
0.000451497
0.000208123
0.000296308
5.3543e-05
0.000266853
0.000217827
5.3543e-05
0.000258013
5.3543e-05
8.00468e-05
0.000110909
0.000432897
8.88814e-05
0.000926699
7.84709e-05
0.000173789
5.3543e-05
0.000872217
0.000452452
5.3543e-05
0.000120762
0.000156373
9.4351e-05
0.000527383
5.3543e-05
6.67949e-05
8.00468e-05
0.000183872
0.000221109
9.32987e-05
0.00102633
5.3543e-05
0.000214741
0.000273106
5.3543e-05
5.3543e-05
0.000248593
0.00056334
0.000365302
5.3543e-05
0.000308061
0.000831503
0.000638365
0.000379457
0.000191434
0.000100808
0.000253374
5.3543e-05
7.12122e-05
0.000106551
5.3543e-05
0.000206654
0.00047152
0.000357972
9.32987e-05
0.000106551
0.000502654
0.000162262
7.12122e-05
0.000185991
0.0001172
6.67949e-05
0.00103267
5.3543e-05
9.80795e-05
7.16983e-05
0.000108757
0.000345137
0.000172975
0.000262559
8.00468e-05
9.347e-05
5.3543e-05
0.000106286
0.000126936
0.000219158
9.53237e-05
0.000385828
5.3543e-05
0.000134949
0.000212975
5.3543e-05
7.94565e-05
0.000103201
0.000277481
0.00104077
5.3543e-05
0.000215628
0.000333179
0.00072582
0.000153552
0.000106286
0.000432573
0.000921238
0.000107863
0.000243157
0.000161443
0.000314085
0.000198194
5.3543e-05
0.000106551
8.87931e-05
0.000217033
5.3543e-05
0.000402599
0.000376579
0.000183363
0.000132789
0.000127254
5.3543e-05
0.000454998
0.000368034
0.000180283
0.000138497
7.11681e-05
9.31662e-05
0.000361501
5.3543e-05
0.000186612
0.000123904
0.000116545
0.000308381
0.000160436
8.64309e-05
8.00468e-05
0.000165525
5.3543e-05
5.3543e-05
5.3543e-05
5.3543e-05
0.000300831
8.00468e-05
0.000366187
0.000124579
5.3543e-05
0.000284274
0.000147192
5.3543e-05
0.000372018
0.000164605
5.3543e-05
0.000546968
0.000106551
5.3543e-05
0.000211605
0.000166072
0.000494806
0.000484916
5.3543e-05
5.3543e-05
5.3543e-05
0.000517056
7.04846e-05
0.000383951
0.000378525
0.000271032
7.73965e-05
0.000118612
0.000176334
0.000132789
5.3543e-05
0.000107066
5.3543e-05
0.000770759
0.000550651
0.000187143
0.00098114
0.000106551
9.97116e-05
6.67949e-05
0.00018934
0.000294546
5.3543e-05
0.000286945
0.000106551
0.000107982
5.3543e-05
0.000362781
0.000233859
0.00020059
0.000169509
5.3543e-05
0.000414956
0.000106551
0.000106551
0.000303339
9.02125e-05
0.000307028
9.22502e-05
9.03723e-05
0.000158941
0.00187393
5.3543e-05
0.000648543
5.3543e-05
0.000155024
5.3543e-05
8.00468e-05
6.67949e-05
0.000106551
9.31972e-05
0.000255878
0.000539402
0.000310277
0.000305956
8.00468e-05
0.000187097
7.12122e-05
0.000561357
0.000243269
0.000261897
0.000186546
5.3543e-05
0.000287607
0.000136214
0.000503251
0.00059366
0.00010384
5.3543e-05
0.000359419
0.000484052
5.3543e-05
5.3543e-05
0.000123553
0.000492189
0.000103069
0.000256232
0.000335331
0.000259328
0.000204428
0.000428121
0.00011967
0.000346301
5.3543e-05
5.3543e-05
5.3543e-05
0.000159028
9.90389e-05
0.000327957
0.000188814
8.00468e-05
0.000178349
0.000416565
0.00117223
0.000698098
0.000376471
0.000317893
0.000249325
5.3543e-05
5.3543e-05
5.3543e-05
5.3543e-05
0.000298712
8.52946e-05
0.000168021
0.000219849
6.76431e-05
0.000215262
5.3543e-05
0.00017596
0.000208181
0.00022916
5.3543e-05
0.000158638
0.000327445
0.00112342
5.3543e-05
8.93503e-05
8.00468e-05
0.00012422
9.32987e-05
5.3543e-05
0.000404659
0.000543368
0.000345401
0.000926549
0.000276778
0.000283032
5.3543e-05
9.96603e-05
0.000471211
5.3543e-05
7.12122e-05
0.000566751
0.000431414
0.000291684
0.00095749
0.000132789
5.3543e-05
0.000290672
0.000133054
0.000328555
0.00029491
0.00011967
5.3543e-05
0.000426451
0.000127004
0.000376103
0.000106551
7.12122e-05
5.3543e-05
0.000159486
0.000130384
0.00102411
5.3543e-05
0.000334281
5.3543e-05
6.67949e-05
5.3543e-05
0.000299237
0.000234182
0.000279844
0.00022592
0.000172563
0.00014232
0.000360879
0.000106551
5.3543e-05
0.00027278
0.00018227
0.000373101
0.000394845
0.000567624
0.000157593
5.3543e-05
7.99585e-05
0.000335681
0.000163472
0.000159558
5.3543e-05
5.3543e-05
5.3543e-05
7.12122e-05
0.000184286
0.00016618
0.00109831
9.30341e-05
0.0002685
8.85045e-05
7.70431e-05
0.000193244
0.000104958
5.3543e-05
0.000363123
0.00015196
0.000115077
0.000150459
0.000187394
8.81182e-05
0.000297173
0.000328127
0.000550881
5.3543e-05
0.000242409
7.12122e-05
0.000249845
5.3543e-05
0.000306664
7.12122e-05
0.000210907
0.000299373
5.3543e-05
7.59102e-05
0.000533399
0.000234478
7.11817e-05
5.3543e-05
0.000500828
7.12122e-05
5.3543e-05
0.000221054
5.3543e-05
0.0001565
0.000565674
6.67949e-05
0.00066606
0.000946215
0.000563711
0.000431638
0.000247692
8.00468e-05
0.000183119
8.88814e-05
0.000333745
5.3543e-05
0.000457135
0.000260242
5.3543e-05
0.000228976
5.3543e-05
0.000111798
0.000182573
5.3543e-05
5.3543e-05
0.000239058
5.3543e-05
0.000318644
0.000272519
0.000144644
0.000930012
9.80116e-05
0.000874824
0.000118183
9.32987e-05
0.00035104
7.55854e-05
5.3543e-05
0.000206977
5.3543e-05
0.000433762
0.000325063
0.000603333
0.000843098
0.000106551
0.000254009
6.93923e-05
0.000108986
0.000211668
0.000605548
0.00022984
0.00020983
5.3543e-05
0.000267536
0.000205855
0.000126827
0.000323015
9.02312e-05
0.000239649
0.000282101
0.000571234
5.3543e-05
5.3543e-05
0.000246523
5.3543e-05
5.3543e-05
0.000337158
6.67949e-05
5.3543e-05
5.3543e-05
0.000196226
0.000570014
0.000103478
0.000149776
0.00021465
5.3543e-05
0.000269115
0.000184286
0.0005025
0.000216584
5.3543e-05
5.3543e-05
0.000105944
5.3543e-05
9.62782e-05
0.000256594
7.35725e-05
0.000207513
0.000256952
5.3543e-05
0.000987229
5.3543e-05
0.000215544
0.000349268
0.000106551
0.000778443
0.000284637
0.000167863
0.000574927
5.3543e-05
5.3543e-05
5.3543e-05
0.000132789
0.000365093
0.000133054
8.00468e-05
0.000502726
0.00033483
5.3543e-05
0.000102981
0.000284477
0.000175626
0.00013251
5.3543e-05
5.3543e-05
6.67949e-05
0.000106551
5.3543e-05
5.3543e-05
0.00011311
0.000167134
0.000142068
0.000312535
5.3543e-05
8.00468e-05
0.000123955
0.000663813
0.000960783
5.3543e-05
9.96603e-05
5.3543e-05
0.000101371
5.3543e-05
0.000201851
5.3543e-05
7.99585e-05
5.3543e-05
5.3543e-05
0.00010648
5.3543e-05
0.000124043
0.000490828
0.000184457
7.12122e-05
5.3543e-05
5.3543e-05
5.3543e-05
5.3543e-05
8.78848e-05
5.3543e-05
0.00015391
5.3543e-05
5.3543e-05
0.000138581
0.000158026
0.000238431
0.000135945
0.000162473
5.3543e-05
5.3543e-05
0.000178176
6.67949e-05
0.000395624
7.16983e-05
0.000315971
0.000121845
0.000101144
0.000394839
0.000345187
0.000394148
0.00023689
5.3543e-05
0.000137866
5.3543e-05
8.00468e-05
0.000215057
8.78922e-05
5.3543e-05
0.000433805
0.000120122
0.000106551
0.00053112
5.3543e-05
0.00030007
5.3543e-05
5.3543e-05
0.000220722
0.000132789
0.000304063
0.000470303
5.3543e-05
0.000227501
5.3543e-05
0.000289241
0.000343423
0.000236194
6.67949e-05
0.000711074
5.3543e-05
0.000307761
0.000106551
0.000207003
0.000319875
0.000190038
5.3543e-05
8.00468e-05
0.000160679
5.3543e-05
0.000153362
5.3543e-05
0.000374088
0.00020549
0.000227331
0.000690004
5.3543e-05
0.000347584
0.00017425
0.000683491
8.00468e-05
5.3543e-05
8.00468e-05
0.000160841
0.000378059
5.3543e-05
6.67949e-05
0.000112934
5.3543e-05
5.3543e-05
0.000261039
5.3543e-05
5.3543e-05
8.78922e-05
0.000295699
5.3543e-05
0.00022923
0.000408215
0.000330911
0.000581972
0.000118823
0.000164457
5.3543e-05
5.3543e-05
8.00468e-05
8.87931e-05
5.3543e-05
5.3543e-05
9.7716e-05
0.000154249
0.000378264
0.000180784
0.000232358
0.000497417
0.000159393
0.000393237
0.000199417
8.00468e-05
0.000195524
0.000142103
0.000170157
0.000789494
0.0013607
8.55325e-05
0.000137269
9.73409e-05
8.00468e-05
7.12122e-05
0.000132922
0.000456827
7.12122e-05
0.000577043
5.3543e-05
0.000201547
0.000151023
0.000171177
5.3543e-05
0.000195972
0.000252966
0.000895502
0.00013673
0.000540479
0.000252551
7.12122e-05
5.3543e-05
0.000842824
5.3543e-05
0.000186211
0.000248229
6.41446e-05
9.80525e-05
0.000106551
0.000133054
0.00149521
0.00050226
0.00019525
8.6955e-05
0.000303773
0.000140509
0.000641495
5.3543e-05
9.49544e-05
0.000108659
0.000774888
5.3543e-05
0.000654831
0.000793005
0.000133054
5.3543e-05
5.3543e-05
5.3543e-05
0.000346038
0.000457182
0.000242331
0.000492627
0.000182973
7.11517e-05
0.000307031
0.000402939
7.12122e-05
5.3543e-05
0.000261358
8.24767e-05
5.3543e-05
0.000272973
9.97259e-05
0.00011113
8.09271e-05
0.000675484
0.000151892
0.000178296
9.90389e-05
0.000330536
0.000107329
0.000119537
8.42437e-05
0.000115008
0.00014078
7.12122e-05
0.00101501
0.000341642
0.000243859
0.000161124
5.3543e-05
0.000380205
0.000158766
5.3543e-05
6.23776e-05
0.000479851
5.3543e-05
7.12122e-05
0.000616321
5.3543e-05
0.000433609
0.000172984
0.000207736
8.00468e-05
5.3543e-05
0.000154728
0.000232326
0.000228512
0.000175405
0.000125898
8.00468e-05
0.000111809
0.000117801
0.000705237
0.000346061
8.00468e-05
8.87047e-05
0.00063963
5.3543e-05
0.000166351
0.000534339
8.88814e-05
5.3543e-05
8.66065e-05
0.000275088
5.3543e-05
0.000166886
5.3543e-05
5.3543e-05
5.3543e-05
0.000432872
0.000345416
9.31225e-05
5.3543e-05
0.000838099
0.000279997
9.37557e-05
0.000174023
5.3543e-05
0.000146816
6.67949e-05
0.000382961
0.000534165
7.12122e-05
8.50384e-05
9.57639e-05
0.000182737
0.00033835
0.000234454
0.000355013
0.000209678
0.000311607
0.00163774
0.000475581
0.000212778
5.3543e-05
0.000463212
0.000203692
0.000157866
0.000127296
0.000335832
0.00018654
0.000246173
0.000234542
5.3543e-05
5.3543e-05
5.3543e-05
8.00468e-05
0.000370286
5.3543e-05
0.000307571
0.000448496
0.000382843
0.000185005
0.00013814
7.12122e-05
0.000148741
0.000250106
0.000131011
0.000173675
0.00037297
0.000288858
0.000151267
0.000815242
0.000111773
9.7716e-05
8.29736e-05
0.000575275
5.3543e-05
0.000194432
8.00468e-05
5.3543e-05
5.3543e-05
0.000413883
0.000196955
0.000184278
0.000535073
5.3543e-05
0.000422308
5.3543e-05
5.3543e-05
0.000328065
0.000379043
5.3543e-05
0.000221709
5.3543e-05
5.3543e-05
0.000407849
0.000178294
0.000156357
0.000189496
0.000201321
0.000429466
0.00019428
5.3543e-05
5.3543e-05
9.76199e-05
0.000111346
0.000219585
6.67949e-05
0.000443519
0.000320577
5.3543e-05
0.000158715
5.3543e-05
5.3543e-05
5.3543e-05
0.000328031
5.3543e-05
0.000275279
5.3543e-05
5.3543e-05
0.000496697
0.000284802
0.00019093
0.000144308
5.3543e-05
0.000939265
0.000807879
5.3543e-05
5.3543e-05
0.00042541
0.000378943
5.3543e-05
0.000162356
0.000329587
6.67949e-05
5.3543e-05
0.000285777
5.3543e-05
9.96603e-05
0.000221635
0.000380569
0.000111346
0.000251229
0.000101562
0.000146317
0.000102857
0.000401809
0.000265351
0.000426006
5.3543e-05
0.000661251
9.95139e-05
5.3543e-05
0.000242814
9.39673e-05
0.000285089
7.12122e-05
6.67949e-05
0.000161255
0.000372372
0.000357776
7.12122e-05
8.7517e-05
0.000123064
5.3543e-05
0.000129759
0.000253387
0.000440083
5.3543e-05
0.000356252
0.000234811
0.000711863
0.000189138
5.3543e-05
0.000138566
0.00126291
0.000523215
5.3543e-05
5.3543e-05
0.00044297
0.000213437
0.000509045
0.00025622
0.000191227
0.000131541
0.00028702
0.000617634
0.000259742
0.000136661
0.000364487
5.3543e-05
0.000250132
0.000482104
5.3543e-05
0.000114925
0.000159028
0.000292984
6.93923e-05
8.27495e-05
6.67949e-05
0.000156443
0.00036737
0.000202665
0.000106551
0.000106551
0.000179836
5.3543e-05
0.000742027
0.000163664
0.00014722
8.00468e-05
0.00050489
8.00468e-05
0.000170903
0.000210203
8.00468e-05
0.000105999
5.3543e-05
0.000124043
0.000223916
0.000480864
0.000342403
0.000370219
0.000109671
5.3543e-05
0.000178992
0.00051839
0.000167012
0.000387551
6.67949e-05
0.000408202
0.000105936
0.000405267
8.00468e-05
0.000117152
0.000150282
7.70431e-05
0.000221292
0.000176247
0.000130737
8.91835e-05
5.3543e-05
0.000536299
0.00144854
0.00021176
0.000168643
0.000301256
0.000174023
5.3543e-05
0.000136934
5.3543e-05
0.000735798
0.00100472
0.00070255
0.000557958
5.3543e-05
0.000216657
5.3543e-05
0.000180763
0.000134949
0.000534748
0.000333705
0.000104537
0.000258326
0.000206536
0.000660723
9.22191e-05
0.000234453
5.3543e-05
0.000886586
0.000339319
5.3543e-05
5.3543e-05
0.000238796
0.000118947
5.3543e-05
6.41446e-05
0.000112044
0.000233922
0.000584904
9.1002e-05
0.000445066
0.000366325
5.3543e-05
5.3543e-05
0.000365786
9.75393e-05
0.000179836
0.000378033
0.000201805
5.3543e-05
0.000187465
0.000275698
0.000231117
0.000222821
0.000257679
0.00169707
0.000359727
0.000257872
9.56229e-05
0.000193177
0.000150732
0.000695048
0.000234834
7.46401e-05
0.000252133
0.00111481
0.000396314
7.45209e-05
5.3543e-05
7.12122e-05
0.000169897
0.000115852
0.000610891
0.00145623
0.000450153
0.000457663
0.000201849
0.000544146
8.00468e-05
5.3543e-05
0.000128049
0.000122413
0.000112086
0.000869814
0.000196815
0.000407163
0.000230583
5.3543e-05
0.000329504
0.000142077
0.000277797
0.000167726
0.000126352
0.000319695
5.3543e-05
7.1089e-05
0.000193653
0.000522158
8.44955e-05
0.000118813
0.000837621
0.00057016
0.000271893
8.87047e-05
0.000272524
5.3543e-05
0.000183155
9.22502e-05
0.000261625
0.000206554
6.41446e-05
5.3543e-05
0.000257644
0.000247583
8.6955e-05
0.000329994
0.000275198
5.3543e-05
7.70431e-05
0.000246065
0.000490653
8.20334e-05
0.000175968
0.000546711
0.000306514
0.000150459
0.000139614
0.00149768
0.000146306
5.3543e-05
0.000538922
5.3543e-05
8.00468e-05
5.3543e-05
0.000456125
0.00021798
0.000273062
0.000116545
5.3543e-05
5.3543e-05
5.3543e-05
5.3543e-05
0.000180902
0.000271661
6.11155e-05
0.000103856
5.3543e-05
5.3543e-05
0.00112056
8.00468e-05
0.000475769
0.000225914
0.000227515
0.000375475
0.000368628
5.3543e-05
0.00028325
8.00468e-05
0.000170088
0.000555153
9.7716e-05
0.000426692
5.3543e-05
5.3543e-05
9.97116e-05
0.000158611
7.84931e-05
5.3543e-05
0.000237129
0.000108131
0.000232055
0.00042181
8.90946e-05
0.00025842
0.000348915
0.000360244
7.59102e-05
5.3543e-05
5.3543e-05
0.000556521
0.000390418
5.3543e-05
5.3543e-05
0.000150714
0.000141712
5.3543e-05
0.000380755
0.000114251
0.000294608
5.3543e-05
0.000300767
0.000723992
0.000159558
0.000168519
0.00110699
5.3543e-05
5.3543e-05
0.000349777
0.000324388
5.3543e-05
5.3543e-05
5.3543e-05
0.000119715
0.000178432
5.3543e-05
0.000299612
0.000282051
0.00074402
0.000300916
8.00468e-05
9.81217e-05
0.000516095
0.000137963
0.000390969
0.00031768
0.000124766
0.00022536
5.3543e-05
0.000785272
0.000107083
0.000196378
0.000127539
0.000563809
5.3543e-05
5.3543e-05
0.000128027
5.3543e-05
9.30489e-05
0.000212325
5.3543e-05
0.000316997
6.67508e-05
0.000185797
0.000106551
0.000104066
0.00022012
5.3543e-05
0.000495278
0.000119405
0.000328427
0.00040854
6.76431e-05
0.000193362
0.000131701
0.00014964
0.000418665
7.12122e-05
0.000212566
0.00021983
6.76431e-05
0.000325998
0.000214332
0.000467171
5.3543e-05
8.22382e-05
7.12122e-05
0.00012523
0.000309886
5.3543e-05
5.3543e-05
0.000135034
5.3543e-05
0.00068625
0.000121857
0.000243779
0.000365435
6.93923e-05
0.000119747
0.000232275
0.00105564
0.000106551
0.000119858
0.000186889
0.000442572
0.000183478
0.000241604
0.000457818
0.000130211
0.000265937
0.000991924
5.3543e-05
0.000325031
5.3543e-05
0.000219443
0.00045859
0.000106551
0.000176035
5.3543e-05
0.000276101
0.000991437
0.00013527
0.000441376
0.000125016
7.12122e-05
0.00012636
7.12122e-05
0.000125988
6.67949e-05
5.3543e-05
5.3543e-05
0.000274373
0.000201768
0.000409746
0.000532881
5.3543e-05
0.0001381
0.000116878
8.00468e-05
8.4368e-05
0.000252667
0.000190788
0.000656088
0.00022388
5.3543e-05
0.000287594
0.0002389
9.98747e-05
8.88814e-05
0.000608221
0.000132055
0.000338592
0.00029197
0.000168867
0.000187199
0.000908696
0.000294831
0.000518918
8.80975e-05
6.67949e-05
0.000106551
0.0004164
6.67362e-05
7.55854e-05
9.62164e-05
5.3543e-05
0.000106551
0.000282463
0.000366354
0.000450606
8.50384e-05
0.000122224
0.000244556
0.000106551
0.000137341
0.000489456
0.00033914
0.000136635
0.000236417
0.000360254
0.000401088
0.000158045
0.000555195
0.000100428
5.3543e-05
0.000144125
5.3543e-05
0.000230578
5.3543e-05
0.000289305
8.00468e-05
0.000277803
0.000414143
5.3543e-05
7.12122e-05
0.000178432
0.00073946
0.000191227
0.000813048
0.000576354
0.000118538
0.000488787
0.00023954
5.3543e-05
0.000162324
6.67949e-05
9.97259e-05
5.3543e-05
0.00111706
5.3543e-05
0.000349389
5.3543e-05
0.000310762
8.66065e-05
0.000287679
5.3543e-05
5.3543e-05
5.3543e-05
9.43915e-05
0.000466775
0.000529202
5.3543e-05
5.3543e-05
0.000213887
0.000503899
5.3543e-05
0.000402759
0.00014174
0.000653746
5.3543e-05
5.3543e-05
0.000966126
0.000234977
0.000211771
5.3543e-05
0.00012422
6.84506e-05
0.000314582
0.000145011
0.000267301
5.3543e-05
0.000178512
8.00468e-05
