0.99
0.000208527
0.000128615
1.76694e-05
0.000302273
0.000186961
6.93194e-05
7.94791e-05
5.90767e-05
0.000192548
5.5898e-05
2.50963e-05
3.06523e-05
0.000137972
9.3547e-05
0.000244079
6.74364e-06
6.74364e-06
0.000160073
0.000106961
5.58995e-05
9.76518e-05
0.000296508
4.03849e-05
5.96134e-05
4.72823e-05
9.07351e-05
5.25024e-05
0.000397022
0.000152534
5.32781e-05
1.2399e-05
4.47341e-05
6.38925e-05
7.47418e-05
5.33582e-05
6.74364e-06
0.000145468
0.000132903
0.00010896
6.74364e-06
8.60302e-05
9.30949e-05
8.46769e-05
1.02464e-05
6.05858e-05
0.0001954
0.00044798
0.000173655
9.20476e-05
0.000272238
8.32052e-05
4.21814e-05
3.59795e-05
3.63817e-05
3.27889e-05
7.69738e-06
0.000190316
0.000224416
6.50964e-05
9.88424e-05
6.74364e-06
0.000139965
0.000231964
0.000556175
6.10014e-05
1.55683e-05
3.47695e-05
0.000174965
2.64953e-05
0.000132458
5.42531e-05
6.77818e-05
3.61618e-05
0.000152131
0.000205194
0.000127446
5.10083e-05
0.000158689
1.70724e-05
6.2692e-05
0.000109605
0.000226766
0.000130658
6.36474e-05
0.000249606
9.33365e-05
0.000179637
0.000206017
2.04453e-05
0.000199172
3.71457e-05
2.49374e-05
0.000243341
3.17025e-05
0.000189551
3.74408e-05
6.3699e-05
7.22927e-05
4.62724e-05
8.09149e-05
0.000396247
9.24982e-05
8.20129e-05
6.74364e-06
0.000178312
2.03948e-05
0.000162922
2.35957e-05
3.47712e-05
4.75996e-05
0.000123209
4.88127e-05
0.000169023
0.000469583
0.000207995
5.16628e-05
7.85633e-06
0.000148527
7.94722e-05
5.98264e-05
0.000184174
0.000192912
0.000119155
6.74364e-06
8.0788e-05
6.81831e-05
0.000148944
1.94181e-05
0.000161477
9.93744e-05
0.000139227
4.4029e-05
0.000296508
9.65279e-05
7.21108e-05
0.000160644
0.00021997
6.89718e-05
0.000486411
0.000144842
5.09317e-05
6.44538e-05
0.00017709
5.63964e-05
4.95313e-05
0.000253477
4.29222e-05
2.68067e-05
0.000117721
6.45715e-05
0.000175979
2.57108e-05
0.000228201
0.000178039
0.000231475
0.000148729
7.88965e-05
7.47734e-05
0.000146926
5.0601e-05
1.16704e-05
0.000186853
7.25876e-05
8.88751e-05
5.3828e-05
0.000290488
0.000182151
1.09385e-05
0.000119138
0.000208547
0.000270105
0.000118617
6.83144e-05
0.000170742
0.000112453
0.000284493
0.000111604
3.89345e-05
0.000159534
8.86879e-05
6.74364e-06
0.000132654
0.000139523
6.94713e-05
3.10106e-05
0.000106547
0.000101776
6.74364e-06
8.17856e-05
0.000131444
0.000125905
0.000102452
0.000103809
0.00021027
0.000199374
9.42122e-05
0.00014877
6.70441e-05
9.95023e-05
8.18359e-05
0.000211189
9.75612e-05
0.000204938
7.28733e-05
6.74364e-06
0.000106922
5.89625e-05
0.00015964
0.000130297
0.000142566
0.000179791
2.15505e-05
6.74364e-06
0.000161435
3.01031e-05
0.000215086
0.000203106
8.77059e-05
1.79391e-05
6.74364e-06
5.25827e-05
1.79494e-05
0.000382215
4.25971e-05
0.000183805
6.56539e-05
0.000214743
0.000195662
7.76023e-05
0.0001135
0.00021733
0.000104367
0.000196393
7.03001e-05
0.000181054
6.24186e-05
5.1324e-05
9.16691e-05
0.000103129
0.000226664
1.25122e-05
6.42846e-05
0.000287272
6.74364e-06
5.90623e-05
0.000141129
0.000173925
0.000118562
8.67034e-05
6.03484e-05
0.000165793
0.000113528
2.11727e-05
0.000230862
0.000167098
0.000188382
3.89838e-05
0.000173785
2.46188e-05
3.1209e-05
5.64426e-05
3.8237e-05
1.71557e-05
5.8821e-05
1.41859e-05
5.3489e-05
9.42241e-05
4.58917e-05
0.000154921
4.12393e-05
1.41801e-05
0.000131752
3.14937e-05
6.8094e-05
3.05891e-05
6.44956e-05
8.08162e-05
6.38532e-05
0.000110011
0.0002275
0.000253945
1.80041e-05
2.74246e-05
9.62222e-05
3.59773e-05
7.05461e-05
0.000157985
2.94768e-05
6.74364e-06
8.53537e-05
7.2757e-05
6.94515e-05
0.000115009
0.000161359
7.31956e-05
5.22824e-05
0.000135227
0.000187542
0.000106479
6.74364e-06
9.57045e-05
4.71634e-05
4.04162e-05
0.00014595
6.46502e-05
2.69239e-05
0.000308121
0.000213378
0.000356225
0.000143188
0.000129596
0.00013294
0.000131266
0.000101311
0.00014818
0.00013786
6.74364e-06
0.00010467
0.000347238
6.4069e-05
0.000138516
0.000123345
5.59386e-05
0.000201189
4.39171e-05
8.03865e-05
9.9309e-05
0.000125789
6.03506e-05
6.03855e-05
0.000198067
0.000109899
0.00014118
0.000205958
8.4851e-05
2.85156e-05
2.965e-05
0.000159858
0.000187457
0.00023573
0.000224536
9.6973e-05
8.71644e-05
0.000331036
8.36704e-05
1.83077e-05
0.000264522
0.000146572
0.000175544
5.90259e-05
5.7792e-05
0.000220157
0.000139749
4.22147e-05
0.000102908
0.000471816
0.000102626
2.42064e-05
0.000188883
1.38998e-05
0.000101768
1.85701e-05
8.90482e-05
0.000102215
6.96805e-05
4.89426e-05
0.000180491
9.63163e-05
2.34808e-05
0.000212122
8.38365e-05
6.74364e-06
1.71713e-05
0.000108734
6.2402e-05
0.000145863
6.18041e-05
5.95078e-05
8.43772e-05
0.000215781
1.06381e-05
4.20363e-05
5.66357e-05
8.20535e-05
6.43931e-05
0.000128731
0.000147354
0.000263561
1.54527e-05
5.2152e-05
7.49719e-05
4.12764e-05
0.000283904
0.000100659
9.96317e-05
0.000120213
9.3493e-05
3.80783e-05
0.0001121
0.000199067
0.000377936
0.000102577
0.000138965
7.35145e-05
0.000208898
0.000303684
0.000161011
9.62565e-05
2.2641e-05
6.03682e-05
0.000115857
9.30805e-05
0.000143446
2.85615e-05
0.000167549
0.000107796
9.83423e-05
0.000146817
6.74364e-06
5.90173e-05
0.00031894
0.000152804
0.000249244
0.000102053
6.74364e-06
0.000143828
7.16363e-05
0.000114061
6.29763e-05
0.000108996
1.32954e-05
0.00011011
0.000644749
0.000120648
9.16532e-05
0.000112773
0.000147157
0.000101455
8.68381e-05
9.99344e-05
0.000169355
7.28683e-05
5.15633e-05
8.57343e-05
0.000403387
0.000123214
5.17877e-05
2.06024e-05
8.50155e-05
3.10426e-05
3.74895e-05
0.000104583
0.000106624
6.16765e-05
4.74586e-05
0.000157758
3.69043e-05
0.000194914
6.96401e-05
0.000118946
8.29449e-05
7.22118e-05
0.000105671
0.000139368
2.73847e-05
0.000145846
0.000134988
1.17914e-05
0.000200208
0.000167129
9.70761e-05
1.00817e-05
6.8764e-05
0.00019679
1.95032e-05
1.13927e-05
0.000479645
0.000142314
7.69102e-05
1.93492e-05
0.00010296
0.000177159
7.86803e-05
3.18062e-05
4.36388e-05
7.83917e-05
3.88628e-05
0.000103932
0.000160645
5.2654e-05
3.55311e-05
0.000117757
3.88607e-05
0.00010919
0.000277445
0.00011679
9.25511e-05
6.74364e-06
0.000236382
0.000319377
0.000103823
3.43361e-05
0.000124307
8.3459e-05
9.22684e-05
9.63357e-05
0.000208471
8.82449e-05
0.000122891
0.000111054
4.23326e-05
0.000154411
9.21976e-05
0.000111825
3.29522e-05
2.05544e-05
1.96661e-05
0.000537937
7.72933e-05
8.50062e-05
0.000106951
0.000212836
0.0001134
0.000161508
1.87364e-05
6.48986e-05
0.000191176
0.000115535
0.000119238
3.62744e-05
6.74364e-06
0.000354421
0.000334256
8.91013e-05
9.49194e-05
9.87586e-05
0.000324272
0.000460258
0.000100417
4.38979e-05
0.000237621
4.92475e-05
0.000175946
0.00013601
3.89244e-05
0.000317775
0.000538608
9.54757e-05
0.000119674
0.000384576
0.000160094
0.000110179
4.5155e-05
8.0092e-05
0.000183036
0.000101965
5.3322e-05
0.000312535
0.000100203
7.49808e-05
0.000103475
0.00014862
5.93164e-05
0.000152957
8.15697e-05
0.000468876
0.000209466
0.000176168
0.00021287
0.000120704
0.00018264
0.00015579
6.39642e-05
9.77922e-05
0.000155881
0.000124962
0.000131876
5.92339e-05
2.57007e-05
1.13927e-05
0.000231708
0.000157016
0.000206427
0.000172232
0.000141259
0.000141636
8.39487e-05
0.000338912
0.000268198
2.45042e-05
6.18348e-05
0.000165152
7.05069e-05
0.00012074
8.10071e-05
0.000226792
0.000103251
0.000116767
8.69549e-05
9.29511e-05
4.15414e-05
0.000477781
6.02575e-05
0.000255676
0.000108713
0.000162432
7.05873e-05
9.98637e-05
6.01284e-05
0.000199987
5.43106e-05
6.54225e-05
0.000162744
0.000428115
3.20144e-05
3.9334e-05
3.70581e-05
6.74364e-06
0.000417906
5.30066e-05
0.000225003
6.75814e-05
0.000102215
8.85211e-05
1.00661e-05
9.37292e-05
0.000331232
0.000422862
8.35872e-05
0.00019249
4.16218e-05
6.67336e-05
0.000162456
6.53675e-05
5.08623e-05
0.000234395
0.000174787
3.16808e-05
1.57194e-05
6.74364e-06
2.71659e-05
0.000102754
0.000172399
6.74364e-06
2.75131e-05
7.60333e-05
0.000123457
5.70436e-05
0.000376969
4.00421e-05
0.000131726
0.00027712
0.000248049
9.4826e-05
9.88938e-05
0.000167867
9.59964e-05
8.66041e-05
0.000302586
0.000167654
0.000152783
0.000176929
9.56729e-05
0.000118183
7.50843e-05
0.00019215
2.82447e-05
6.88534e-05
6.74364e-06
4.44728e-05
2.4913e-05
0.000225379
0.000241102
0.00018161
0.000111014
6.59486e-05
0.000121004
0.000225955
0.0001694
3.97691e-05
4.97395e-05
4.20913e-05
0.00015205
0.000122403
0.000134088
5.56558e-05
0.00017495
9.50034e-05
0.00037088
4.6212e-05
9.05838e-05
0.000201243
0.000141992
0.000119605
6.74364e-06
0.00014374
0.000198659
0.000109188
0.000171607
0.00017142
2.61631e-05
9.52115e-05
9.81962e-05
0.000165102
0.000228144
5.88228e-05
5.52631e-05
2.56973e-05
6.22702e-05
0.00019801
9.23151e-05
0.000160942
5.6778e-05
0.000182765
5.21647e-05
0.000152503
7.94069e-05
0.000136806
0.000101103
6.4128e-05
6.25271e-05
0.0002521
4.78338e-05
0.00014155
5.17078e-05
0.000102401
0.000106671
2.0685e-05
0.000256687
5.67158e-05
0.00023994
7.35019e-05
3.21786e-05
0.000188151
8.96903e-06
5.91889e-05
4.5628e-05
6.86481e-05
5.73624e-05
3.74674e-05
0.000172682
8.01439e-05
0.000108924
5.3041e-05
0.000148581
0.00011943
0.000200629
5.96698e-05
2.34852e-05
5.70031e-05
0.00041544
8.10434e-05
6.74364e-06
5.40807e-05
1.17571e-05
0.000194289
0.000300411
2.82922e-05
7.4788e-05
6.74364e-06
0.000121077
9.52664e-05
8.0935e-05
0.000328232
9.82628e-05
0.000189711
0.000128397
0.000117363
0.000235238
1.00817e-05
0.000185321
0.000188415
0.000292212
5.23855e-05
0.000120433
5.40322e-05
0.000127269
5.14949e-05
6.74364e-06
0.000251203
0.000132547
3.28972e-05
0.000127119
8.59615e-05
6.74364e-06
0.000286517
0.000195958
3.11979e-05
1.95887e-05
7.6203e-05
0.000112579
9.64011e-05
3.68826e-05
7.95415e-05
3.63471e-05
9.87522e-05
8.11868e-05
0.00010462
2.78809e-05
4.40096e-05
0.000263919
3.78309e-05
2.34597e-05
0.000361699
0.000126534
9.80006e-05
0.000124062
6.74364e-06
5.91521e-05
5.29589e-05
0.000452004
2.97866e-05
8.11991e-05
0.000137613
1.32221e-05
0.000182634
9.66421e-05
0.000134266
5.04248e-05
8.73439e-05
0.000386994
0.000282308
8.85845e-05
0.000154076
0.000178291
2.90827e-05
0.000153401
8.92506e-05
0.000126735
0.000186339
0.000139373
4.983e-05
4.5737e-05
2.99774e-05
2.9538e-05
0.000217229
4.17745e-05
8.85544e-05
0.000134959
4.76002e-05
0.000116891
4.21165e-05
0.000359416
6.24076e-05
0.000184154
5.98051e-05
0.000150541
0.000200866
7.0782e-05
0.000197911
6.74364e-06
3.50794e-05
0.00013238
0.000232956
0.000133346
6.74364e-06
0.000405114
0.000199913
0.000119782
7.88567e-05
5.68552e-05
0.000179257
3.91496e-05
5.55355e-05
8.2674e-05
0.000136626
0.000121925
0.000210282
4.4244e-05
2.16455e-05
7.07074e-05
1.10737e-05
0.000145536
0.000142068
0.000118679
6.74364e-06
9.1413e-06
1.92096e-05
0.000158307
0.000111462
6.74364e-06
0.000147553
0.000101607
6.54513e-05
6.74364e-06
5.02403e-05
2.60457e-05
2.8519e-05
8.58536e-05
0.000190028
0.000113859
0.000111371
0.000389678
0.000189324
0.00025039
6.48036e-05
2.46149e-05
0.000211828
6.74364e-06
2.82744e-05
0.00011508
0.000164856
6.74364e-06
6.74364e-06
4.54141e-05
0.00011694
0.000211568
3.1383e-05
0.000139453
3.63525e-05
8.05051e-05
0.000381015
6.19859e-05
0.000350889
3.58782e-05
0.000106757
0.000167521
5.88489e-05
0.000131162
0.00017534
2.95294e-05
0.000104954
1.03043e-05
2.45759e-05
8.95013e-05
6.88693e-05
0.000106323
0.000150799
0.000214379
0.000201136
0.000235845
0.000109186
0.00017701
3.49075e-05
4.53724e-05
8.20136e-05
0.000138512
9.43308e-05
0.000187072
7.00728e-05
5.09027e-05
5.80128e-05
0.000367531
0.000308784
3.87673e-05
0.000191382
6.06135e-05
0.00016267
6.74364e-06
0.000176294
0.000121949
6.74364e-06
0.000283647
2.00459e-05
3.69401e-05
0.000244865
0.000156155
0.000167808
4.34867e-05
0.000335338
0.000169588
3.15636e-05
7.65013e-05
0.000107795
0.000305383
9.41027e-05
0.000105699
6.74364e-06
7.09856e-05
0.000262214
9.64627e-05
0.000119366
0.000164626
0.000121058
0.000194904
1.92836e-05
5.14343e-05
0.000169845
9.01152e-05
0.000288411
9.57215e-05
0.000156574
8.87896e-05
0.000111597
0.000212366
8.94795e-05
6.74364e-06
0.000164454
7.33972e-05
0.000161894
5.15909e-05
9.5764e-05
1.07987e-05
2.81909e-05
6.74364e-06
0.000123751
0.000111264
6.74364e-06
0.000209925
0.000111004
0.000256209
6.74364e-06
0.000138964
0.00011385
0.000168024
8.65335e-05
9.53475e-05
2.64926e-05
8.82577e-06
0.000197625
0.000116783
5.77085e-05
4.79674e-05
4.11851e-05
0.000260157
5.80095e-05
0.00013598
0.000101065
6.74364e-06
0.00018992
6.88189e-05
0.000135369
0.00021257
0.000152401
6.80354e-05
6.79451e-05
5.99205e-05
5.33171e-05
6.74364e-06
0.000146755
0.000147479
0.000273503
0.00017818
0.000151662
4.43161e-05
0.000132166
4.78737e-05
0.000151189
0.000116295
0.000255806
9.39775e-05
8.00475e-05
1.46949e-05
9.50653e-05
0.000151704
4.1896e-05
0.000304945
0.00020389
0.000216179
0.000117783
0.000115627
0.000121309
7.13568e-05
0.000105277
0.000438433
0.000142576
0.000206166
8.04315e-05
5.18688e-05
6.40397e-05
9.18965e-05
4.24124e-05
1.60811e-05
4.56188e-05
0.000172892
0.000122042
5.16075e-05
9.629e-05
0.000210582
8.09005e-05
0.000159076
0.00013133
9.87381e-05
8.62977e-05
0.00028905
2.38826e-05
6.67631e-05
6.07339e-05
0.00010508
0.00018092
3.26094e-05
0.000130502
1.52314e-05
0.000142218
0.000188482
6.70415e-05
0.000142416
8.35075e-05
0.000327528
0.00011096
9.52757e-05
7.85633e-06
0.000149396
3.06056e-05
0.000218117
0.000215463
9.17155e-05
0.000176851
1.89969e-05
0.000154006
1.64765e-05
8.90345e-05
3.57622e-05
7.11849e-05
0.000181173
0.000355246
6.74364e-06
6.83727e-05
6.80508e-05
0.000210621
6.74364e-06
0.000274819
9.75797e-05
1.58285e-05
0.000222545
0.000232586
5.54992e-05
0.000492671
2.2495e-05
6.57506e-05
3.92124e-05
0.000250799
0.000150304
0.000107042
8.48038e-05
4.9611e-05
3.6162e-05
0.0001204
0.000229748
0.000164316
9.5234e-05
8.9406e-05
8.7351e-05
8.41268e-06
5.33951e-05
4.34791e-05
0.000165392
0.000154394
6.74364e-06
2.20275e-05
4.96947e-05
0.000153821
2.06024e-05
0.000228703
0.000135413
0.000207269
3.20589e-05
0.000144665
7.67832e-05
6.74364e-06
1.77524e-05
4.95083e-05
3.82282e-05
0.000134385
0.000164326
9.62313e-05
0.00016058
2.58768e-05
8.67489e-05
2.31557e-05
0.000182446
0.000302886
0.000110811
0.000155953
3.25503e-05
0.000107379
2.40248e-05
1.00047e-05
0.00010408
0.000120114
7.62702e-05
7.7004e-05
6.80337e-05
7.15298e-05
0.000557679
1.06277e-05
0.000179064
5.08648e-05
0.000273071
0.000115721
0.000243801
0.000476824
6.74364e-06
0.000154355
0.000183677
1.29105e-05
9.35872e-05
0.000203512
7.29237e-05
3.44321e-05
5.71787e-05
0.00015869
0.000179557
6.79167e-05
2.70094e-05
0.000141537
0.000226351
0.000103893
4.61499e-05
0.000103784
0.000159612
7.57816e-06
0.000199736
0.000187191
8.57216e-06
5.29013e-05
0.000149079
0.000167323
0.000211733
0.000321684
9.13532e-05
0.00025442
6.433e-05
0.000137699
2.15088e-05
0.000153569
0.000106171
3.66021e-05
0.000400921
8.76479e-05
0.000254485
0.000190078
0.000107954
3.72991e-05
0.000156706
0.000209767
0.00021139
9.11888e-05
0.000756793
0.000190152
0.000316344
0.000389095
0.000143881
8.19533e-05
0.0001918
0.000181291
0.000314493
0.000204906
0.000107585
3.52256e-05
0.000249957
0.00013979
8.99004e-05
3.84998e-05
0.000190485
0.00016787
0.000135175
1.87382e-05
0.000149193
8.07887e-06
6.49289e-05
5.63058e-05
0.000162711
5.4261e-05
0.000337064
0.000147817
0.000139813
0.000118956
5.53376e-05
0.000327678
0.000215487
6.95446e-05
0.000351182
0.00012655
0.000129756
8.90676e-05
0.000160107
0.00022156
5.12362e-05
0.000172865
6.88828e-05
7.31977e-05
2.90979e-05
0.000144213
0.000148113
8.79004e-05
0.000160259
0.000389132
4.46356e-05
3.90039e-05
0.000167259
0.000401391
7.5114e-05
0.00011296
0.000150911
1.00817e-05
0.000195816
8.55886e-05
2.83737e-05
6.74364e-06
0.000132686
8.58066e-05
0.000202304
0.000160932
6.71032e-05
0.000151671
0.000117338
9.39565e-05
2.37375e-05
6.84397e-05
5.56674e-05
7.54282e-05
0.000172796
6.91577e-05
0.000155548
0.000253658
8.96381e-05
2.13553e-05
0.00012467
7.00726e-05
1.22467e-05
2.34945e-05
0.000119715
0.00037458
8.20164e-05
0.000197938
3.18218e-05
0.000359063
4.35341e-05
9.76695e-05
4.8767e-05
4.30083e-05
9.2709e-05
4.74673e-05
0.000151071
0.000108488
6.74364e-06
0.00025916
4.78667e-05
0.000182582
0.000117386
4.19475e-05
0.000179125
0.000106234
0.00032874
0.000261651
0.000165695
0.000318892
0.000338185
8.40509e-05
7.6931e-05
0.000150775
3.79507e-05
4.25514e-05
8.85951e-05
5.61131e-05
0.000177997
0.000112687
5.50407e-05
3.28945e-05
7.79503e-05
0.000170927
3.50598e-05
0.000137551
5.26223e-05
8.35759e-05
0.000202169
0.000154854
1.51923e-05
8.97598e-05
4.40302e-05
0.000138519
0.000239277
7.31289e-05
0.000113941
2.46498e-05
0.000152842
2.07989e-05
0.000130908
9.73174e-05
4.94638e-05
8.96153e-05
4.10906e-05
8.41268e-06
1.93327e-05
1.07212e-05
1.43075e-05
2.9525e-05
3.82288e-05
0.000106718
0.000102018
8.38992e-05
0.000148436
7.56537e-05
6.74364e-06
0.000101496
0.000444649
4.80277e-05
0.00011948
0.000264236
0.000126276
0.000114409
0.000154469
0.000103871
0.000186464
0.000149303
0.000106289
0.000122853
0.000254014
0.000133765
4.37005e-05
0.000116131
9.58273e-05
0.000189073
0.000162922
0.000451136
8.88864e-05
3.47039e-05
8.31958e-05
7.47351e-05
6.74364e-06
4.96825e-05
0.000148324
0.000151528
0.000196038
5.90246e-05
0.000297765
3.26221e-05
4.41636e-05
9.81351e-05
5.11215e-05
7.18835e-05
0.000193047
5.43854e-05
1.2164e-05
0.000106023
0.000168043
2.90746e-05
3.30823e-05
3.85961e-05
5.36466e-05
0.00011504
5.80063e-05
0.000122414
8.1049e-05
6.51377e-05
8.4253e-05
0.000237608
4.39968e-05
3.69003e-05
9.94382e-05
0.000209318
0.000122197
0.000223451
9.46222e-05
0.000170865
0.000145247
0.000129473
9.63215e-05
4.46372e-05
6.41151e-05
0.000115542
1.91568e-05
9.19429e-05
0.000101655
0.000124834
3.62075e-05
4.88267e-05
8.57028e-05
0.000497288
3.96059e-05
0.000292805
0.000363693
7.10698e-05
7.42878e-05
9.44261e-05
0.00022262
0.000121198
3.13361e-05
0.000126995
0.000145013
0.000184156
0.000119323
0.000160753
0.000232277
6.74364e-06
0.000146615
7.28268e-05
3.25748e-05
6.4432e-05
0.000100938
7.72702e-05
0.000145659
0.000105808
5.86682e-05
3.29548e-05
0.000112631
1.13979e-05
0.000139939
9.83342e-05
8.57431e-05
6.74364e-06
6.74364e-06
0.000284192
0.000324716
9.2087e-05
0.000297215
9.45544e-05
4.46649e-05
0.000250337
0.000123427
6.06975e-05
1.31128e-05
6.74364e-06
0.000245117
8.22041e-05
3.81502e-05
2.40113e-05
0.000303361
0.000225098
0.000105535
8.27169e-05
0.000210727
9.08912e-05
9.23886e-06
6.1193e-05
0.0001534
7.18228e-05
4.62773e-05
0.000273717
6.74364e-06
6.74364e-06
2.89507e-05
0.000118833
6.74364e-06
0.000228299
5.10303e-05
6.74364e-06
0.000215248
0.000243553
9.96147e-05
0.000182744
0.000173721
0.000242196
0.000189081
0.000171264
8.81409e-05
0.000120039
0.000222063
0.000271933
0.00010646
0.000172516
1.71041e-05
0.000306236
0.000140468
0.000261181
8.15068e-05
8.30148e-05
0.000135982
4.59299e-05
0.000127066
0.000106976
0.000185554
0.000283809
2.78895e-05
0.000249006
0.000133394
0.000117783
0.000157676
0.000141638
0.000198945
0.000148116
0.000293036
4.81727e-05
7.09698e-05
6.40529e-05
0.000300539
0.000103902
0.000125498
4.19391e-05
4.50675e-05
4.6619e-05
0.000142583
0.000157602
0.000319499
0.000239887
2.37498e-05
7.85948e-05
0.000112087
0.00025143
7.60302e-05
4.18211e-05
5.36878e-05
8.13333e-05
7.2861e-05
7.73493e-05
8.42124e-05
4.0103e-05
9.56649e-05
0.000202724
0.000203382
2.43787e-05
6.74364e-06
0.000265222
6.59727e-05
0.000110547
0.00020981
0.000207525
4.10513e-05
0.000211566
6.74364e-06
6.74364e-06
0.000239385
9.61921e-05
0.000361265
0.000255359
9.98016e-05
6.67836e-05
4.03715e-05
9.46998e-05
0.00017964
0.000188976
0.000125694
0.000232618
0.00022199
4.60731e-05
9.25883e-05
0.000137237
6.47432e-05
3.47508e-05
5.75391e-05
7.56707e-05
0.000196049
0.000134702
9.0948e-05
0.000103564
0.000312168
8.6893e-05
1.09079e-05
0.000108386
0.000215753
0.00043122
2.02392e-05
8.81198e-05
8.31226e-05
8.18209e-05
0.000154239
2.73838e-05
6.31745e-05
0.000186383
0.000177017
0.000262054
6.48698e-05
0.000314662
3.95177e-05
6.01228e-05
4.11137e-05
6.74364e-06
8.93089e-05
6.74364e-06
1.05522e-05
0.000344725
0.000149183
9.17851e-05
4.86801e-05
4.84103e-05
0.000199616
0.000352493
0.000294064
3.44734e-05
0.000214212
6.98264e-05
9.71098e-05
1.63469e-05
0.000160433
0.000254722
0.000247027
3.53686e-05
6.74364e-06
0.000189416
0.000205398
0.000299683
0.00030954
6.06774e-05
3.72751e-05
0.000160975
1.95998e-05
0.000140854
0.000218435
0.000151546
0.000149189
4.42779e-05
0.000297395
7.70899e-05
0.000252589
0.000113561
0.000365769
2.99435e-05
0.000168335
8.0137e-06
0.000113634
0.000108423
7.03439e-05
0.000182315
7.29478e-05
4.07013e-05
1.18442e-05
0.000163521
7.29589e-05
2.22741e-05
5.8594e-05
0.000108479
8.57203e-05
4.21054e-05
0.000138399
0.000166937
7.23097e-05
6.49623e-05
0.000279754
0.000134024
0.000108965
5.98877e-05
5.81161e-05
2.69787e-05
8.86025e-05
0.000111405
0.000150552
4.9833e-05
5.15564e-05
0.000183975
5.56935e-05
0.000233131
0.000141403
6.35998e-05
0.000386302
0.000165754
0.000181182
0.000103679
0.000186296
0.000210717
0.00011197
0.000442724
6.45524e-05
0.000238011
0.00013085
0.000140466
9.21979e-06
0.000130914
0.000398381
0.000246307
0.000102479
2.93513e-05
1.78154e-05
3.62211e-05
0.000183771
0.00010052
0.000137208
2.83121e-05
6.65493e-05
9.69085e-05
8.6808e-05
3.56492e-05
0.000257297
7.46527e-05
0.000166408
3.5108e-05
0.00011685
9.49513e-05
6.74364e-06
0.00014345
0.000130611
0.000248149
0.000114313
6.74364e-06
0.000248836
6.74364e-06
3.21736e-05
8.42846e-05
9.68709e-05
7.54086e-05
0.000122784
0.000107038
5.95901e-05
7.85633e-06
4.39751e-05
0.000362824
0.000166201
5.28116e-05
3.511e-05
7.93229e-05
0.000187349
3.73528e-05
8.96903e-06
6.37112e-05
3.86066e-05
6.0793e-05
0.000340031
4.98917e-05
8.7059e-05
0.000329765
3.91915e-05
0.000193256
3.39432e-05
0.000130567
0.000203833
2.40966e-05
1.22997e-05
0.000207125
6.74364e-06
9.31497e-05
3.79567e-05
6.74364e-06
0.000459603
2.50658e-05
8.0137e-06
6.91771e-05
6.14114e-05
6.37792e-05
0.000139933
9.70475e-05
8.39135e-05
3.64378e-05
0.00013888
0.000126568
0.000105136
0.000149445
6.73825e-05
0.000111155
0.000275905
0.000152038
0.000165524
4.73021e-05
2.84984e-05
9.84432e-05
0.000109631
3.49665e-05
0.00035
0.000169843
7.18066e-05
8.06868e-05
6.74364e-06
6.58029e-05
0.000132968
0.00010888
0.000119691
2.42943e-05
0.000172232
0.000537241
0.00038149
6.74364e-06
0.000226047
0.000132112
0.00012297
0.000180234
0.000169204
6.93533e-05
5.74371e-05
6.52922e-05
0.000388083
0.000127944
3.99485e-05
0.000165
0.000188632
0.000288771
6.46232e-05
0.000199578
0.000170204
6.16836e-05
1.49797e-05
0.000111736
2.22553e-05
7.90073e-05
5.21711e-05
0.000271717
5.835e-05
9.1371e-05
0.000174373
6.34912e-05
6.74364e-06
0.000113398
0.000111308
6.95392e-05
0.00016169
0.000339074
2.00318e-05
0.00014226
1.86143e-05
4.46029e-05
0.000198362
1.92369e-05
6.74364e-06
0.000127449
0.000117336
0.000165149
0.000127428
0.000118366
0.000206548
0.000130547
0.000144081
0.000115365
0.000121131
6.74364e-06
0.000186131
0.000339108
0.000131509
0.000192939
9.7604e-05
7.05355e-05
0.000214344
0.000170609
0.000100818
0.000336638
0.000101528
0.000217016
0.000229639
6.9741e-05
0.000377405
0.000107142
0.00012124
8.13346e-05
0.000169675
3.07408e-05
5.0049e-05
2.71665e-05
0.000212668
9.81776e-05
0.000139207
0.000164276
0.000219331
0.000114094
8.38359e-05
0.000365632
3.72163e-05
0.000135208
9.40119e-05
0.000241162
0.000209716
0.000187859
2.88716e-05
4.75323e-05
0.00023428
5.39501e-05
8.41268e-06
0.000237164
0.00036554
1.8728e-05
4.38214e-05
4.83268e-05
0.000112804
6.5987e-05
0.00016913
0.000184856
5.93652e-05
0.00019328
9.3404e-05
0.000102931
7.75571e-05
9.04741e-05
0.000227626
0.000174846
5.80637e-05
7.77888e-05
3.76897e-05
0.000118506
0.000151326
8.65621e-05
0.000159408
4.37637e-05
4.30535e-05
6.86619e-05
0.000162717
0.000303493
0.000306128
0.000205706
0.000185033
2.97365e-05
0.00010369
4.12215e-05
0.00023372
6.57953e-05
9.49498e-05
0.000255777
0.000162864
1.15539e-05
0.000216637
0.000180046
0.000101077
0.000142105
6.63578e-05
0.00029553
0.000191968
5.20913e-05
6.74364e-06
2.97366e-05
0.000264308
2.63597e-05
0.000145108
6.18422e-05
0.000112239
0.000133931
0.000392264
0.000118289
0.000126348
7.99205e-05
3.58863e-05
6.74364e-06
0.000240466
6.85465e-05
3.2616e-05
0.000183724
0.000233317
0.00014552
0.00010665
0.000207304
2.81647e-05
0.000142483
0.000241845
9.67684e-05
0.000644037
3.15408e-05
0.00010268
8.26277e-05
0.000152149
9.5239e-05
4.84768e-05
6.60959e-05
0.000156556
4.32904e-05
0.000266902
0.000119148
0.000287542
0.000145146
7.21596e-05
0.000138834
0.000337097
0.000102909
0.000127216
0.000105463
0.000139164
3.49102e-05
0.000130513
0.000250624
0.000963004
8.66001e-05
6.74364e-06
0.00010624
0.000101783
0.000260893
0.000647728
3.36696e-05
6.21893e-05
0.000122891
9.77214e-05
6.07749e-05
5.7138e-05
0.000177731
4.35228e-05
0.000150124
0.000103224
3.64113e-05
4.77252e-05
0.000190981
9.58025e-05
0.000189841
0.000179436
0.000193108
0.000126292
0.000227854
6.74364e-06
0.000546815
6.74364e-06
4.16627e-05
0.000196191
8.7715e-05
0.000172663
0.000151553
0.000140703
7.14459e-05
0.00011431
0.000161399
7.14806e-05
5.44393e-05
4.77529e-05
6.36911e-05
0.00016196
0.00016987
6.74364e-06
6.74364e-06
0.00014302
7.27717e-05
0.000114714
0.000108446
0.000251027
6.74364e-06
6.74364e-06
0.000162173
0.000127358
0.00021658
0.000132898
0.000110415
7.61023e-05
0.000222425
8.94189e-05
8.18605e-05
0.000114448
0.000139637
8.56742e-05
0.000102026
0.000523194
5.73549e-05
0.000214084
0.000166534
3.57274e-05
6.53784e-05
0.000272108
0.000124682
5.70742e-05
0.000116015
0.000137246
7.69521e-05
9.12997e-05
0.000160389
0.000130546
7.56776e-05
8.55022e-05
0.000193682
2.93549e-05
0.000153339
7.57816e-06
7.69738e-06
1.58076e-05
7.07294e-05
0.000117466
0.000219479
0.000196136
0.000188401
0.0002873
1.54367e-05
6.74364e-06
4.286e-05
0.000222076
0.000230334
0.000154486
4.68738e-05
0.000128127
0.000214481
8.51634e-05
5.35942e-05
0.000101528
0.000180874
0.000102734
0.000220503
0.000249091
4.66023e-05
6.74364e-06
0.000299339
0.000131092
0.000188139
8.30485e-05
4.971e-05
0.000170186
7.61524e-05
0.000106824
0.00015524
0.000145051
0.000212925
0.000122156
3.28724e-05
0.000162737
0.000216125
6.42899e-05
9.70405e-05
5.44313e-05
7.50176e-05
0.000142363
8.05639e-05
0.000216394
0.000121199
1.06612e-05
0.000194902
0.000126531
0.00029503
6.74364e-06
0.000154449
5.86265e-05
0.000181775
9.37832e-05
0.000156745
2.43028e-05
0.000131298
0.00015272
0.000144083
0.000198851
0.000121575
7.06248e-05
2.03747e-05
3.86497e-05
7.86285e-05
2.60436e-05
0.000242959
0.000203248
0.000115931
6.33123e-05
0.000109612
0.000143127
3.68499e-05
0.000144113
0.000304687
3.50425e-05
0.000191416
4.67079e-05
0.000148946
9.96086e-05
2.86801e-05
0.000103848
2.27227e-05
4.8455e-05
5.52061e-05
8.98185e-05
0.00012362
7.36299e-05
9.65956e-05
8.51444e-05
0.000308496
4.92361e-05
9.98913e-05
0.000163118
0.000205053
0.000248436
1.91689e-05
0.000163632
6.74364e-06
0.000134316
0.000195617
8.2165e-05
4.59694e-05
0.000149567
0.000161674
0.000153453
0.00018249
0.000322759
0.000165863
4.35166e-05
9.54173e-05
0.000226213
6.74364e-06
0.000337464
3.63896e-05
0.000240645
7.1448e-05
0.000247298
6.53142e-05
7.69591e-05
0.000247523
3.49104e-05
0.000112419
8.44948e-05
0.000354437
9.13473e-05
2.21315e-05
0.000108929
6.74364e-06
6.74364e-06
0.00014713
4.09209e-05
0.000139566
3.81849e-05
3.91137e-05
0.000250084
4.49055e-05
0.000351346
0.000584178
0.000140086
2.83937e-05
5.73385e-05
8.96903e-06
0.00018994
0.00016799
0.000181405
0.000144735
0.000202985
0.000106678
4.61591e-05
0.000152444
0.000233318
7.79241e-05
0.000104236
0.000149625
6.87143e-05
0.000259957
0.00038481
9.12102e-05
0.00016689
6.17643e-05
0.000126857
0.000211518
0.000144116
0.000235491
0.000136791
2.84852e-05
0.000122836
6.92249e-05
4.47296e-05
0.000183141
9.14241e-05
8.74614e-05
7.10327e-05
0.000117159
5.76855e-05
0.000148306
7.86432e-05
0.000250744
1.40306e-05
0.000141522
7.75404e-05
1.77153e-05
9.94815e-05
6.74364e-06
0.000145048
0.000102706
0.000121477
6.74364e-06
8.94392e-05
0.000138465
0.000165085
0.000220783
5.05053e-05
0.000181943
2.12866e-05
5.74076e-05
0.000160132
6.79351e-05
3.96586e-05
4.2556e-05
6.74364e-06
4.93625e-05
4.32982e-05
7.25181e-05
0.000154494
5.94733e-05
0.000208698
6.39091e-05
0.000165847
0.000117437
9.41383e-05
0.00033609
0.000113643
4.93308e-05
6.74364e-06
0.000209646
0.000164376
0.00022006
6.71249e-05
0.000238174
0.000352814
3.8188e-05
0.000108037
0.000157838
0.000240034
8.87855e-05
5.52446e-05
0.00011961
0.000101504
0.000117276
0.000181651
0.000114105
3.80412e-05
0.000202137
2.0543e-05
9.9103e-05
7.58464e-05
3.68272e-05
5.20507e-05
0.00031684
8.84225e-05
4.24994e-05
0.000187256
0.000239474
6.12123e-05
0.000167107
4.37951e-05
1.91399e-05
0.000169876
0.000224459
0.000120703
0.000357741
6.03495e-05
9.17646e-05
7.85633e-06
1.75251e-05
7.30143e-05
9.61392e-05
0.000361307
2.17201e-05
0.000156267
0.000137625
0.000282123
0.000137326
0.000123383
8.91825e-05
3.50732e-05
0.000202372
0.000142166
5.53041e-05
0.000105297
6.62247e-05
7.36893e-05
4.41729e-05
0.000153711
6.45727e-05
9.21756e-05
5.28449e-05
0.000384051
9.48505e-05
0.000113085
0.000107082
5.72195e-05
0.000117714
0.000141169
6.42267e-05
7.62655e-05
2.07856e-05
0.000105249
5.72012e-05
2.63469e-05
0.000116378
0.000102759
7.15369e-05
3.50732e-05
6.67196e-05
2.29469e-05
4.28083e-05
5.66878e-05
0.000124415
0.000425991
0.000129431
7.00334e-05
9.74231e-05
2.8283e-05
1.9262e-05
0.000189671
0.000180057
3.77269e-05
0.00012045
7.30455e-05
0.000127546
0.000213316
4.63286e-05
0.000163792
0.000160841
7.37512e-05
3.20399e-05
7.64615e-05
6.94103e-05
0.000142242
0.000384284
7.25991e-05
1.23791e-05
1.62479e-05
4.77877e-05
4.128e-05
0.000121184
0.000222357
2.0766e-05
8.01255e-05
0.000305268
0.000178325
4.01404e-05
0.000120084
6.04882e-05
6.61541e-05
0.000154473
4.25445e-05
5.43577e-05
0.000230468
7.59997e-05
0.000248258
9.72374e-05
0.000366149
0.000141925
9.32246e-05
7.00925e-05
0.000220844
0.000219162
5.04701e-05
3.34491e-05
0.000113313
0.000330006
8.06098e-05
6.74364e-06
9.54345e-05
0.000213
4.77563e-05
0.000149828
0.000330836
0.000263506
4.72067e-05
6.74364e-06
9.70893e-05
3.27479e-05
0.000142314
0.00012929
0.000237195
4.88163e-05
4.93267e-05
0.000163872
7.82812e-05
0.000252449
0.000243028
0.000142804
4.39871e-05
0.000152146
3.06831e-05
0.000124133
0.000202501
0.000194129
5.64069e-05
0.000132017
0.000103812
0.000177304
6.74364e-06
6.74364e-06
0.000224666
7.09823e-05
7.56552e-05
6.74364e-06
2.97518e-05
3.24343e-05
0.000243484
1.32476e-05
6.74364e-06
6.53594e-05
3.25758e-05
0.000250609
0.000131454
0.000416901
5.44681e-05
0.000107024
9.2236e-05
0.00014588
0.000130118
5.32829e-05
0.000199285
0.000262068
0.000123026
0.000184102
0.000108485
9.73929e-06
0.000169917
7.69611e-05
0.000141404
0.000171662
4.69489e-05
0.00022147
0.000215858
7.0376e-05
7.84192e-05
2.03435e-05
9.56687e-05
6.74364e-06
0.000101439
0.000243109
0.000285314
0.000103135
4.62999e-05
8.41268e-06
0.000111921
9.51154e-05
0.000245252
6.96112e-05
9.65809e-05
0.000173398
2.36037e-05
6.74364e-06
0.000189688
0.000197663
0.000307552
5.8392e-05
0.000131691
9.17533e-05
0.000244577
2.19639e-05
0.000156289
0.000322917
2.29184e-05
0.000241136
2.04737e-05
0.000146355
0.000238662
5.34374e-05
7.83759e-05
0.000128722
0.00019172
0.00018925
0.000100967
6.90584e-05
0.000122484
9.55819e-05
9.9188e-05
8.92015e-05
0.000136194
0.000326286
0.000334459
0.000119479
1.44802e-05
2.37293e-05
0.000140499
0.000129734
0.000173269
0.000137228
9.95277e-05
6.7358e-05
0.000338748
0.000133027
0.000222657
6.74364e-06
0.000230791
7.09929e-05
0.000210756
7.57226e-05
0.00012442
0.000121488
0.000131807
0.000143326
2.2638e-05
0.000164519
0.000115744
0.00019173
0.00018685
0.000101099
0.000118161
2.50054e-05
3.8769e-05
0.000226006
7.12526e-05
0.000105906
0.000196334
4.96595e-05
0.000181034
9.66183e-05
0.000236338
0.000125417
0.000239138
4.13441e-05
0.000110696
0.000118759
0.000142693
0.00025247
0.000189343
0.000141311
2.71598e-05
0.000176919
7.80335e-05
7.89877e-05
3.83093e-05
0.000341692
3.76623e-05
0.000141439
9.80333e-05
0.000117062
8.78843e-05
5.4433e-05
9.15707e-05
6.74364e-06
6.66287e-05
9.18822e-05
0.000199357
0.000153311
0.000123098
0.000217553
3.10266e-05
9.48452e-06
0.000203038
2.98667e-05
5.20135e-05
0.000118005
0.000230056
0.000167382
0.000131193
9.81575e-05
6.51611e-05
0.000157536
9.17551e-05
0.00019987
4.78886e-05
0.000173746
0.000229189
6.74364e-06
0.00010335
6.6264e-05
6.36862e-05
0.000122719
3.66491e-05
6.23754e-05
0.000196721
6.63298e-05
4.05624e-05
3.92399e-05
9.62371e-05
0.000208746
5.49058e-05
0.000160363
2.56205e-05
4.65514e-05
0.000156069
1.85819e-05
0.000308116
6.33436e-05
0.000204853
0.000103416
0.000116747
2.37512e-05
0.000158256
0.000188833
3.71536e-05
0.000137258
0.000187527
3.5839e-05
3.67118e-05
4.06338e-05
0.000674955
0.00021361
0.00015483
0.000389053
2.27483e-05
9.54814e-05
3.07194e-05
0.000102363
0.000155572
8.98084e-05
0.000185765
8.96455e-05
0.000140172
0.000189928
2.60297e-05
0.000110592
0.000309359
8.65497e-05
0.000166224
0.000191379
3.34408e-05
2.15156e-05
0.000231589
3.56832e-05
0.000521744
9.74042e-05
5.28425e-05
0.000256983
0.000172177
2.32094e-05
6.74364e-06
3.13011e-05
8.83079e-05
0.000168573
9.40966e-06
0.000140483
4.52831e-05
4.18665e-05
7.57169e-05
5.99641e-05
7.93199e-05
0.00013129
0.000153786
6.38985e-05
0.000159477
0.000199335
4.00847e-05
5.46392e-05
9.56499e-05
0.000107931
0.000306871
8.78089e-05
6.74364e-06
4.61345e-05
0.00021895
5.0247e-05
0.000151622
5.22921e-05
0.000137351
2.87546e-05
6.74364e-06
7.99904e-05
7.52391e-05
0.000247347
3.10611e-05
0.000146544
3.57423e-05
0.000135424
2.92054e-05
0.00023078
0.000201741
0.000128638
0.000166633
3.64129e-05
0.000106903
4.64867e-05
9.11005e-05
0.000140314
7.50844e-05
9.46475e-05
0.000316211
7.95154e-05
0.000159605
5.92971e-05
0.000120524
0.000109978
0.000106579
0.000196311
9.0549e-05
8.65265e-05
8.49466e-05
3.23483e-05
0.000329319
0.000112618
3.84974e-05
6.74364e-06
0.000152246
0.000167496
4.036e-05
7.5869e-05
0.000288496
0.000128499
3.4783e-05
0.000169227
3.31295e-05
6.74364e-06
0.00034104
0.000196532
1.65727e-05
0.000172182
1.6642e-05
6.75778e-05
6.74364e-06
7.0806e-05
4.74347e-05
0.000151275
8.72384e-05
3.2449e-05
7.03604e-05
0.00025153
3.40213e-05
0.000183215
0.000118108
2.58331e-05
0.00045361
0.000120082
6.52229e-05
0.000242927
0.000134695
0.00051155
9.66187e-05
0.000124282
8.25517e-05
0.000199171
6.45094e-05
6.00427e-05
6.0809e-05
7.93788e-05
8.58898e-05
6.33123e-05
6.87721e-05
0.000185228
0.000117911
2.42277e-05
6.58792e-05
3.09266e-05
0.000105571
4.31937e-05
0.000220374
0.000143588
0.000157512
7.82942e-05
0.000157422
4.1688e-05
0.000104916
0.000127742
0.000168047
0.000242741
0.00018886
4.62513e-05
0.000169317
8.87144e-05
8.60095e-05
0.000194794
8.69669e-05
6.70361e-05
0.000672965
9.33107e-05
1.96199e-05
0.000166198
6.74083e-05
0.000187271
5.94719e-05
0.000293014
0.00039236
8.96903e-06
4.95955e-05
0.000185226
0.000199828
0.000137535
6.35216e-05
3.81197e-05
9.20136e-05
0.000122815
0.000113354
7.58335e-05
0.000115636
0.000161734
0.000118104
0.000220311
0.000206628
4.95761e-05
6.9509e-05
0.00026601
0.000104069
0.000199603
9.78722e-05
0.000143546
0.000185145
9.52425e-05
7.98045e-05
4.65727e-05
0.000157572
9.71879e-05
4.57943e-05
0.00013315
2.09195e-05
2.71601e-05
0.000235658
0.000152731
0.000163925
3.94523e-05
0.0001249
3.07629e-05
0.000106739
0.000469004
5.86872e-05
0.000230892
0.000325433
0.000347706
0.000155311
0.000157549
4.96733e-05
0.00018978
8.09878e-05
0.000190949
0.00028165
0.000260759
0.000161823
3.58164e-05
0.000215364
6.74364e-06
2.83358e-05
0.000185939
6.17457e-05
7.79514e-05
0.000194851
4.74118e-05
0.000116428
0.000321092
0.000235965
0.00016603
0.000130996
3.76193e-05
0.000149747
0.000229553
0.000159815
0.00014521
1.82641e-05
5.57253e-05
9.06493e-05
9.37761e-05
0.000103036
0.000108207
0.00012202
0.000101438
6.93635e-05
0.000145039
2.22565e-05
7.56723e-05
4.04404e-05
1.85806e-05
0.000258386
7.62439e-05
0.00023362
2.72982e-05
4.90565e-05
0.000136597
0.000210005
0.000104444
0.000260676
0.000103626
0.000114599
6.74364e-06
0.000112432
8.88714e-05
7.25217e-05
0.000230516
6.29483e-05
0.000232042
5.7355e-05
0.000110451
0.000131951
6.38633e-05
9.55773e-05
0.000174408
0.000311596
6.00034e-05
0.000173088
9.48837e-05
6.74364e-06
0.000159992
4.60589e-05
5.34301e-05
6.07513e-05
0.000176322
0.000323651
0.000114409
0.000125164
0.000202434
0.00028156
7.29319e-05
0.000142612
4.96144e-05
0.000169766
0.000106542
6.70343e-05
0.000298892
0.000152201
3.29548e-05
0.00013311
6.39455e-05
4.65782e-05
0.000108845
9.82709e-05
0.000415855
9.27768e-05
0.000224388
3.73599e-05
0.000269697
0.000116666
4.40636e-05
5.35935e-05
0.000148687
0.000170707
4.6076e-05
1.9646e-05
4.04486e-05
0.000127392
9.67864e-05
3.73201e-05
0.000119275
7.41992e-05
0.000115694
0.000117295
0.000150039
9.68318e-06
0.000225032
0.000205915
0.00013591
0.000187977
0.000161673
6.74364e-06
0.000144113
0.000187265
0.000176475
0.000332545
6.74364e-06
0.000120674
6.68948e-05
0.000159388
0.000211773
8.59637e-05
1.65567e-05
4.69828e-05
5.58771e-05
0.000151859
0.000260476
2.42774e-05
4.86458e-05
6.65689e-05
0.000414994
6.74364e-06
9.43811e-05
5.2178e-05
6.74364e-06
3.0335e-05
6.82158e-05
0.000112309
3.39184e-05
0.000182618
0.000156538
0.000152061
2.38629e-05
0.000123315
7.85045e-05
0.000138516
9.09704e-05
0.000187661
8.47382e-05
0.000157082
2.00344e-05
4.18221e-05
0.00030061
0.000113681
1.56713e-05
0.000107624
0.000239211
0.000107572
0.000126098
0.000287539
4.33353e-05
0.00013141
6.4401e-05
9.11261e-05
0.000289657
0.000445808
8.82137e-05
5.91336e-05
5.52293e-05
0.000329204
6.44589e-05
2.56879e-05
0.000105942
4.17571e-05
2.64433e-05
0.000217438
8.54089e-05
0.000199995
4.7137e-05
0.000135605
0.000151067
6.90287e-05
4.81233e-05
6.74364e-06
0.000122981
0.000115684
1.88301e-05
6.74364e-06
0.000137719
0.000163272
0.000147732
1.59065e-05
3.17252e-05
8.44028e-05
9.5862e-05
0.000113111
0.000225438
0.000212517
4.4138e-05
2.1138e-05
0.000116675
8.76519e-05
0.000127042
0.000118499
0.00013277
9.46978e-05
0.000129079
7.18974e-05
0.000311727
0.000272228
0.000117808
0.000218028
0.000121657
0.000115371
7.14174e-05
0.000147866
4.07875e-05
0.000133605
0.000151565
6.74364e-06
0.000120609
0.000411873
0.000134118
4.66942e-05
1.89252e-05
3.81472e-05
0.000332232
0.000189263
7.97811e-05
8.41268e-06
0.000294178
0.00012127
0.000149026
7.69146e-05
6.80418e-05
0.000136411
7.88753e-05
0.000120619
0.000288341
6.17498e-05
2.67213e-05
0.000115566
8.61162e-05
5.97311e-05
3.02263e-05
6.91511e-05
3.14427e-05
8.98506e-05
6.42108e-05
0.000216619
8.6964e-06
6.07155e-05
0.000441113
0.000166903
8.38538e-05
0.000143387
0.000317217
0.00012366
5.40007e-05
0.000251125
0.000145941
0.000206227
5.15381e-05
7.76867e-05
4.02473e-05
6.74364e-06
0.000153072
4.35708e-05
0.000140279
0.000144129
6.92211e-05
2.29763e-05
0.000151939
0.000114579
0.00016714
0.000441882
7.11205e-05
4.7431e-05
0.000193019
0.000227876
7.10445e-05
8.99393e-05
0.000287087
0.000352246
0.000125365
7.0724e-05
9.952e-05
6.51502e-05
0.000148953
0.000168871
6.69575e-05
4.01167e-05
6.2062e-05
0.000509688
0.000159831
6.74364e-06
7.22852e-05
0.000176133
1.98454e-05
5.0274e-05
0.000252565
0.000205762
6.74364e-06
0.000190939
0.000119213
0.000167459
0.00023126
7.80104e-05
0.000114398
0.00011493
0.000179074
8.62214e-05
1.69078e-05
9.53267e-05
0.000164606
0.000110678
0.000125097
0.000143591
0.000391115
0.000218943
5.84531e-05
0.000114906
0.000104313
6.74364e-06
0.000173886
0.000165345
0.000107329
0.000136832
3.57986e-05
2.79431e-05
0.000146019
0.000140794
5.73674e-05
0.000113039
5.48774e-05
0.000121605
2.34597e-05
7.82932e-05
0.000113549
0.000290219
0.000112615
9.50824e-05
1.38998e-05
0.00010138
8.51629e-05
2.4536e-05
6.13183e-05
0.000203801
0.000108377
7.33673e-05
0.000144696
0.000303768
0.000275793
0.000318253
4.69941e-05
6.66661e-05
0.000359172
4.08912e-05
0.00013389
0.000284668
8.75974e-05
0.000106747
0.000147014
4.83245e-05
0.000139314
6.15113e-05
0.000337848
0.000228432
0.000131348
6.74364e-06
8.66225e-05
1.13951e-05
0.000290118
0.000242155
0.000230106
7.94703e-05
6.35238e-05
0.000209549
0.000102768
8.12025e-05
6.41849e-05
8.13567e-05
6.42953e-05
4.9328e-05
0.000107125
0.000442531
9.12888e-05
7.77734e-05
0.000362365
0.000213652
0.000221275
7.32157e-05
0.00011258
0.000554362
2.48276e-05
4.08464e-05
0.000243584
5.07524e-05
0.000117307
6.70986e-05
8.39924e-05
0.000309218
0.000113168
0.000140248
7.62828e-05
0.000130483
0.000280018
0.000160286
0.000126777
0.000220452
6.74364e-06
0.000125975
5.76979e-05
0.000212488
0.000329687
5.57433e-05
0.000208173
0.000308109
4.48382e-05
4.40958e-05
0.000101309
8.38474e-05
1.86537e-05
0.000146923
5.28909e-05
2.06338e-05
0.00010517
0.000285787
0.000103342
9.83457e-05
8.80778e-05
0.000276038
9.31122e-05
0.000193837
0.000224917
0.000130465
0.000193459
0.000283715
5.05235e-05
0.000109692
6.41933e-05
7.69378e-05
0.000105632
0.000185129
0.000398663
6.74364e-06
0.000116838
6.1694e-05
4.32067e-05
9.87849e-05
7.2422e-05
0.000169563
0.0001506
8.65506e-05
0.000127468
3.53824e-05
0.000206993
7.10962e-05
6.34672e-05
0.000210913
0.00042743
3.8581e-05
6.74364e-06
3.1327e-05
8.95723e-05
0.000183266
0.000105736
5.20555e-05
7.47294e-05
7.45191e-05
5.55353e-05
0.000146259
3.84018e-05
3.85472e-05
0.000121077
0.0002916
0.000129898
0.000290372
5.2836e-05
0.000111693
0.000121042
8.7002e-05
8.99016e-05
4.66174e-05
6.56376e-05
6.74364e-06
6.92464e-05
0.000116818
0.000188921
6.99883e-05
7.39863e-05
0.000111652
5.25531e-05
0.000241973
0.000124365
0.000146072
0.000142337
0.000122226
0.000196066
9.57428e-05
8.61382e-05
5.51212e-05
3.80789e-05
0.000102767
0.000108319
0.00031568
0.000178789
0.000108983
1.89254e-05
3.96127e-05
0.000153533
6.03372e-05
9.22046e-05
6.74364e-06
0.000132493
0.000137211
6.58762e-05
0.000109055
5.31889e-05
7.63467e-05
0.000133057
3.18458e-05
4.0658e-05
0.000343093
6.75084e-05
0.000147822
0.000176237
0.000184151
0.000246372
2.4738e-05
3.17968e-05
9.24439e-05
3.79195e-05
4.3657e-05
6.74364e-06
0.000169585
0.000132523
5.48791e-05
6.08823e-05
3.41008e-05
0.000114725
4.23523e-05
0.000244385
0.000183458
9.06419e-05
0.000197851
5.05639e-05
0.000112817
7.32383e-05
0.00011585
2.53245e-05
2.9036e-05
0.000199986
0.000231498
5.35483e-05
3.60382e-05
0.000452675
0.000389299
6.74364e-06
0.000138295
7.84466e-05
0.000262042
8.93849e-05
2.84626e-05
8.47427e-05
5.27144e-05
0.000239737
0.000182957
0.000136794
2.57217e-05
0.000114374
6.24689e-05
2.39585e-05
0.000220532
4.48692e-05
6.01782e-05
3.07186e-05
0.000293428
0.000334321
9.98898e-05
2.59038e-05
6.63781e-05
6.42318e-05
7.1802e-05
0.000118976
0.000111092
5.95701e-05
0.000329404
0.00021967
5.07289e-05
0.000161128
0.000247854
0.000190422
0.000290238
7.80899e-05
5.91979e-05
0.000194215
2.57174e-05
0.000107291
4.51184e-05
7.77936e-05
6.96346e-05
6.6485e-05
0.000390465
6.86536e-05
0.000182753
6.72954e-05
1.93295e-05
1.00706e-05
6.15231e-05
0.00013023
0.000110834
0.000246182
5.5411e-05
7.03177e-05
4.81104e-05
0.000178366
0.000140719
9.44005e-05
0.000216551
0.000560736
0.000100868
4.92129e-05
7.29208e-05
0.000243942
0.000125193
0.000195066
0.000138838
2.30956e-05
4.99681e-05
9.51838e-05
9.3375e-05
2.04107e-05
0.000271952
4.27219e-05
0.000133221
1.29337e-05
0.000131145
3.53288e-05
0.000100539
0.000173162
9.25217e-05
6.74364e-06
0.000279095
3.75293e-05
9.31574e-05
6.02481e-05
0.000283665
0.000129994
8.09563e-05
0.000271265
8.08964e-05
3.24676e-05
7.45318e-05
0.000106485
4.41445e-05
6.64013e-05
6.74364e-06
8.07887e-06
0.00022088
1.48682e-05
9.88354e-05
1.39387e-05
0.000507959
0.000294586
5.83773e-05
0.000263191
2.69204e-05
3.60392e-05
0.000297809
1.14591e-05
0.000124929
9.54894e-05
5.62993e-05
8.2829e-05
6.50768e-05
1.6625e-05
6.88561e-05
0.000157594
0.000116002
0.000275953
2.50611e-05
2.16124e-05
0.000113978
0.000148289
0.000153369
0.000310835
2.64114e-05
0.000177966
0.000242741
8.36769e-05
0.000130881
8.29004e-05
4.6907e-05
0.000121999
0.000170745
0.000203349
6.78702e-05
0.000299699
6.74364e-06
0.000600169
4.49529e-05
4.71816e-05
0.000194379
6.74364e-06
3.825e-05
0.000113236
0.000470836
1.25263e-05
4.9313e-05
0.000112468
0.000217989
0.000130302
0.000165297
0.000497777
8.10578e-05
0.000247885
1.71041e-05
7.60278e-05
0.000134787
5.15591e-05
0.00015464
7.70615e-05
9.46484e-05
9.09948e-05
0.000100283
0.000132772
0.000157496
6.37221e-05
9.21925e-05
5.63506e-05
7.90414e-05
0.000112017
0.000235864
0.000287225
0.000132455
0.000119635
2.66092e-05
0.000254596
4.6888e-05
0.000190778
8.75901e-05
0.000131895
9.52767e-05
3.88446e-05
0.000273481
6.74364e-06
0.000175827
9.2784e-05
6.33973e-05
0.000274141
0.0001294
0.00016735
0.000302182
2.0081e-05
2.09349e-05
0.000210457
3.10959e-05
0.000165367
0.000294285
8.14581e-05
0.000176719
2.53204e-05
0.000131879
6.00905e-05
0.000211837
6.74364e-06
0.000310224
5.39262e-05
7.50577e-05
5.29029e-05
9.80327e-05
7.55513e-05
1.64332e-05
6.54659e-05
0.000263775
8.15005e-05
6.25622e-05
0.000244251
5.15051e-05
3.82142e-05
2.94953e-05
0.000165172
0.000152398
0.000114945
0.00048779
0.000189703
5.49903e-05
7.2716e-05
0.00031852
0.000237942
3.2281e-05
7.26677e-05
0.000269332
0.000129466
7.92412e-05
0.000103243
7.01973e-05
6.74364e-06
0.000141368
0.000270777
0.000135999
0.000172291
5.63792e-05
9.82105e-06
3.87717e-05
7.0247e-05
5.8106e-05
0.000103747
0.000176446
0.000330638
6.4179e-05
0.000441383
0.000122783
0.000161237
6.74364e-06
3.83599e-05
3.55888e-05
0.000114668
5.02007e-05
1.71093e-05
7.24144e-05
6.20277e-05
0.000100606
6.23031e-05
9.38468e-05
0.000210941
0.000166387
0.000117965
0.000133672
7.93663e-05
0.000170442
0.000191433
0.000125267
3.81777e-05
0.000173974
6.74364e-06
5.94981e-05
4.4994e-05
3.12464e-05
0.000161335
0.000149546
4.5155e-05
0.000216171
5.7796e-05
0.000230732
0.00011583
0.000122759
0.000203491
8.47353e-05
0.00010851
0.000128797
0.000266434
8.01516e-05
6.9832e-05
0.000101136
6.74364e-06
4.10671e-05
8.24896e-05
3.57398e-05
0.000205896
0.000245964
0.000104448
0.000193168
0.000265541
0.000107287
0.000216069
0.000153584
4.15487e-05
6.8622e-05
0.000201124
0.000265503
0.00024653
6.74364e-06
0.000150887
0.000218291
0.000235827
2.48316e-05
3.24305e-05
0.000112101
8.49237e-05
0.000145985
5.15299e-05
0.000220283
5.53703e-05
0.00012959
6.17828e-05
9.4829e-05
0.000154983
3.69485e-05
0.000414739
1.98232e-05
8.0544e-05
3.06632e-05
4.29382e-05
2.61524e-05
5.03244e-05
6.38292e-05
5.05938e-05
0.000150719
4.19379e-05
1.68553e-05
8.40935e-06
4.66684e-05
0.000129432
0.000167927
2.85785e-05
0.000241297
5.34827e-05
6.32195e-05
8.92352e-05
3.11934e-05
0.000121713
0.000166078
4.55061e-05
0.000113856
9.85628e-05
9.43917e-05
6.27847e-05
8.07887e-06
0.000107068
3.81526e-05
1.08108e-05
5.82513e-05
0.000115397
8.63398e-05
0.000120786
0.000267197
9.66405e-05
0.000106192
0.000269011
3.67046e-05
5.53337e-05
0.000222348
5.36995e-05
0.000149421
0.000156566
0.000198085
1.29884e-05
0.000487267
0.000111823
2.63519e-05
0.000226047
0.000202183
6.74364e-06
0.000129967
4.4266e-05
0.000121135
5.03957e-05
5.90767e-05
3.75149e-05
0.000262618
0.000199451
9.80629e-05
2.8502e-05
0.000128641
0.000175355
0.000199349
7.457e-05
0.000249812
1.42758e-05
0.000140395
0.000279201
0.000225918
8.75907e-05
0.000101673
0.000287314
0.000104402
0.000279567
3.19977e-05
0.000131925
0.000243822
6.74364e-06
0.000135612
0.000152901
0.000121198
0.000132028
0.000201858
9.3105e-05
5.506e-05
0.000207601
0.000151578
0.000117286
0.000184907
0.00016964
0.000128601
0.000365461
0.00022108
0.000172213
4.82665e-05
0.000123104
0.000277159
0.000169592
6.473e-05
0.000155578
2.84618e-05
0.000122018
8.51512e-05
0.000452292
1.45035e-05
6.74364e-06
9.4917e-05
0.00015557
0.000166894
0.000154905
0.000107168
2.63553e-05
2.28016e-05
0.000119241
5.28304e-05
6.74364e-06
8.15803e-05
1.56553e-05
6.74364e-06
0.000249167
5.0732e-05
0.000321162
8.89908e-05
0.000464456
7.19316e-05
5.71705e-05
0.000144139
3.62892e-05
9.62935e-05
6.51314e-05
9.72504e-05
8.48703e-05
6.74364e-06
6.88041e-05
8.51744e-05
8.02385e-05
0.000149742
0.000166143
0.000170303
0.000108525
6.8612e-05
6.74364e-06
0.00024433
0.000144974
0.000322327
2.69535e-05
0.00022697
0.000112773
0.000131506
0.000282497
0.000171916
9.79769e-05
7.39965e-05
0.000112606
0.000271753
5.12673e-05
8.59912e-05
5.05489e-05
0.000125968
7.63293e-05
0.000127257
8.13639e-05
5.86105e-05
0.000208708
7.45032e-05
4.17403e-05
4.23329e-05
0.000141857
0.000133653
3.55674e-05
0.00010517
2.0175e-05
0.000215544
9.50128e-05
3.24603e-05
3.1892e-05
0.000142165
0.0002164
6.03119e-05
0.000393516
0.000103858
0.000121293
0.000110021
2.91529e-05
0.000271581
0.000198578
5.37315e-05
6.74364e-06
8.73224e-05
0.000493166
7.21249e-05
9.02587e-05
0.000277922
0.000136364
6.05271e-05
3.28481e-05
1.89299e-05
0.000449722
8.59504e-05
7.56453e-05
5.41073e-05
0.000194253
7.20123e-05
8.06173e-05
0.000214409
0.000208898
3.66574e-05
8.39839e-05
0.000125737
0.000175717
2.93269e-05
5.35483e-05
0.000250444
0.000124924
0.000284818
2.19005e-05
0.00012842
0.000111326
5.85894e-05
1.05709e-05
0.000206458
5.96722e-05
4.57508e-05
0.000109255
0.000125267
8.21876e-05
9.95898e-05
0.000160222
4.1733e-05
0.000119059
0.000105038
0.000146212
9.37366e-05
0.000139236
4.5398e-05
7.26394e-05
3.87551e-05
6.11131e-05
5.95527e-05
6.58313e-05
0.000135944
2.19351e-05
0.000106294
0.000177449
5.4442e-05
0.000124961
6.74364e-06
8.89843e-05
9.0174e-05
1.17571e-05
2.89823e-05
0.000104853
0.000114792
0.00028205
0.000103755
6.53797e-05
0.000121131
6.86154e-05
0.000433868
0.000371317
8.23878e-05
0.000147123
0.000135533
0.000106548
2.67047e-05
0.000102315
0.000149267
4.44421e-05
0.000111805
0.000111384
7.98376e-05
0.000259938
0.000151973
0.000180463
6.79621e-05
7.24305e-05
0.000152731
1.56713e-05
9.36171e-05
0.000135002
4.63649e-05
2.85794e-05
5.29001e-05
0.000100952
6.60108e-05
0.000100383
0.000141069
7.86985e-05
2.26541e-05
0.000207346
8.9754e-05
0.000322602
6.74364e-06
0.000187629
0.000116511
0.000106842
7.41658e-05
0.000203323
4.18205e-05
6.42741e-05
0.000121441
2.34347e-05
7.12948e-05
8.98317e-05
0.000316562
5.65344e-05
0.000103581
5.39303e-05
3.67366e-05
0.000174476
0.000169926
0.000455196
0.000176954
0.000175721
3.50096e-05
2.97871e-05
1.00817e-05
1.84837e-05
0.000174245
0.000125518
9.23499e-06
0.000124373
1.00422e-05
0.000189953
4.35722e-05
9.6829e-05
0.000133501
0.000399194
0.000286224
0.000229914
4.77476e-05
5.0143e-05
0.000116219
0.000115419
0.000155741
3.31955e-05
0.000245145
3.20946e-05
0.000161113
1.44213e-05
6.94981e-05
0.000101281
0.000113983
0.00034672
8.96903e-06
6.44556e-05
0.000289091
0.00040117
0.000223227
0.000390935
7.4266e-05
0.000379984
0.000216839
7.85633e-06
0.000274078
0.000156533
6.74364e-06
0.00019899
9.17753e-05
6.74299e-05
8.7863e-05
8.75181e-05
5.87734e-05
0.000325537
2.36235e-05
2.6456e-05
2.56961e-05
2.87137e-05
0.00012639
0.000139245
8.62166e-05
0.000162133
0.000119547
0.00013158
9.21049e-05
5.52944e-05
1.63117e-05
0.000290135
7.17469e-05
4.33074e-05
0.000210535
0.000576017
0.000138963
0.000266322
0.000208406
0.000331553
6.17792e-05
2.87393e-05
9.76181e-05
0.000327448
6.53258e-05
0.000344233
0.000116959
0.000189793
3.76764e-05
0.000454162
0.000208834
5.59825e-05
0.000292937
0.000134532
0.000151853
0.000106003
0.000133213
0.000116758
9.40433e-05
0.000162268
0.000159256
6.74364e-06
0.000254812
1.80045e-05
0.000165481
0.000180672
6.74364e-06
0.000107694
0.000239652
7.26966e-05
0.000102617
0.00014373
0.00019368
7.45556e-05
0.000121895
0.000338875
0.000153851
0.000204472
0.000246314
6.89045e-05
0.000126692
0.000229502
0.000185856
0.000124476
6.74364e-06
0.000107363
0.000266858
3.86642e-05
0.000137959
0.000223409
0.00012533
6.96396e-05
3.81969e-05
5.36315e-05
0.000445972
0.000186863
0.000494511
0.000102513
8.79085e-05
1.56483e-05
0.000102946
0.000119526
0.000117233
6.74364e-06
0.000124299
0.000344514
9.43875e-05
0.000178257
3.0711e-05
6.74364e-06
2.95077e-05
0.000202917
0.000252126
9.50608e-05
6.85537e-05
8.39082e-05
0.000131394
4.29092e-05
6.74364e-06
0.000165597
0.000121608
0.00022053
2.80016e-05
9.99394e-05
0.000161445
0.000284228
0.000146445
4.38935e-05
0.000191896
0.00013149
0.000285199
4.79033e-05
6.48885e-05
6.07664e-05
0.000144189
0.000126188
8.01971e-05
9.3895e-05
0.000155026
4.77946e-05
6.74364e-06
1.33144e-05
0.000168287
0.000180118
0.000342661
8.86118e-05
0.000172181
0.000105008
8.03157e-05
0.000117652
0.000142105
5.67037e-05
0.000194318
0.000155518
2.02999e-05
0.000192056
8.88801e-05
0.000301467
9.09529e-05
4.53196e-05
4.65438e-05
0.000494951
6.74364e-06
0.000105745
5.89871e-05
0.000165494
0.000107109
0.000141224
0.00017814
0.000102359
0.000134914
0.000110335
5.17824e-05
0.000131966
9.26377e-05
6.76029e-05
1.46075e-05
9.51379e-05
4.59552e-05
0.000174961
2.66321e-05
4.05437e-05
7.55893e-05
9.36301e-05
7.6556e-05
0.000225414
7.47801e-05
9.23883e-05
0.000208547
4.92335e-05
0.000107325
4.31415e-05
2.30869e-05
0.000112298
5.98408e-05
6.58242e-05
3.03956e-05
1.14323e-05
0.000258921
1.93005e-05
0.00015745
3.8539e-05
0.000152412
6.74364e-06
8.12604e-05
0.000216917
0.000320779
6.74364e-06
1.05522e-05
6.18652e-05
7.25264e-05
6.74364e-06
9.57331e-05
0.000123939
6.10427e-05
1.41719e-05
3.48445e-05
8.17427e-05
9.49887e-05
0.000138882
5.25172e-05
1.83701e-05
6.27637e-05
0.000124287
0.000188912
2.14095e-05
6.28027e-05
0.000112971
0.000110039
4.00373e-05
6.25462e-05
0.000376577
1.90083e-05
8.16973e-05
0.000173484
0.000235806
0.000217369
8.54828e-05
0.000273457
1.39387e-05
7.6006e-05
0.000131424
6.69818e-05
8.40711e-05
0.000339721
0.00012835
0.000161322
7.70248e-05
0.000226513
0.000114133
0.00010383
0.000103494
4.23628e-05
0.000123261
6.74364e-06
6.23683e-05
5.31248e-05
0.000150496
1.06183e-05
9.05557e-05
2.0066e-05
0.000185461
0.000122298
0.000160925
9.76025e-05
8.05801e-05
0.000102239
0.000138869
0.000109949
0.000147094
3.9674e-05
3.79542e-05
0.000236964
6.02353e-05
8.41391e-05
8.94353e-05
0.000107342
0.000333862
0.000162116
0.000161505
0.000107567
0.000102708
6.74364e-06
0.000177351
7.66067e-05
0.000193833
0.000155587
0.000137478
9.60637e-05
0.000184338
5.35692e-05
0.000318512
0.000273408
2.13035e-05
3.5148e-05
0.000174972
4.77907e-05
0.000167496
9.24035e-05
6.51669e-05
5.48055e-05
8.71229e-05
0.000127052
0.000182367
3.55448e-05
4.38034e-05
0.000183912
4.73035e-05
9.14903e-05
6.74364e-06
4.38947e-05
6.31799e-05
0.000202694
0.000141379
0.00011272
0.000224473
2.25915e-05
0.000169837
6.74364e-06
0.000146088
0.000242678
0.000283059
9.70075e-05
3.80512e-05
8.92947e-06
0.000107303
0.000236117
0.000103328
9.32925e-05
0.000373156
2.83903e-05
0.00012271
6.74364e-06
0.000190462
9.22337e-05
7.88249e-05
7.47296e-05
7.68539e-05
0.000294531
3.96958e-05
0.000162645
0.000116989
8.25141e-05
0.000114331
0.000232358
6.74364e-06
0.000109115
0.00014513
0.000182859
0.000273551
3.77473e-05
0.000200228
0.000119443
0.000164048
4.80301e-05
6.59072e-05
9.98202e-05
9.46585e-05
0.000169055
5.00238e-05
0.000117694
0.000127799
0.000106951
0.000536677
0.000207299
8.29729e-05
0.000333593
8.96903e-06
0.00019922
3.95864e-05
9.34203e-05
5.3845e-05
1.94066e-05
0.000106745
0.000217251
1.55083e-05
9.01084e-05
8.68486e-05
0.000126318
0.000194672
9.77177e-05
9.63035e-05
0.000278678
0.000207968
0.000290441
0.000147983
9.6685e-05
0.000111491
1.62676e-05
0.000295467
3.99035e-05
3.3747e-05
0.000150084
6.86289e-05
0.00035026
0.000112269
0.000125466
0.000160966
5.49696e-05
0.000359325
2.14691e-05
0.000398164
8.83315e-05
5.36102e-05
3.84151e-05
0.000156359
1.13362e-05
0.000168059
0.000155059
4.49614e-05
0.000166298
0.000164766
9.29197e-05
8.13342e-05
6.74364e-06
9.09923e-05
7.59534e-05
0.000132124
0.000123702
4.91008e-05
6.88147e-05
7.67829e-05
6.74364e-06
0.000140342
4.81626e-05
0.000290668
0.000183635
0.000196296
8.39547e-05
8.46107e-05
7.31296e-05
3.5138e-05
0.000123322
0.000144662
0.000265385
0.000140365
2.07153e-05
9.81808e-05
6.74364e-06
0.000116358
0.000266799
5.81994e-05
5.34305e-05
0.000435014
9.52558e-05
0.000333123
0.00012236
0.000155517
8.91885e-05
0.00015524
0.000232435
0.000239263
6.74364e-06
6.74364e-06
7.91706e-05
2.41686e-05
0.000334046
2.88471e-05
0.00010566
0.000146114
4.38662e-05
4.79699e-05
6.74364e-06
0.00011368
0.000193578
0.000275947
0.000314631
7.68929e-05
0.000108967
6.74364e-06
0.000166464
0.000136104
4.42829e-05
0.000144571
0.000112511
0.00017214
0.000104379
4.50923e-05
0.000108239
2.92548e-05
6.09629e-05
0.000114266
5.38193e-05
0.000152445
0.00012694
4.30535e-05
0.000155369
0.000103137
7.28587e-05
9.25474e-05
0.000117029
5.15562e-05
0.000106415
0.000168684
6.74364e-06
2.9838e-05
0.000136006
8.95551e-05
6.22235e-05
0.000102369
1.09769e-05
0.000105087
4.10934e-05
2.58003e-05
0.000126146
0.000148941
6.74364e-06
8.0504e-05
3.73198e-05
0.000207958
0.000101611
0.000122349
4.35438e-05
0.000199993
0.000206872
0.000393792
0.000111686
4.21536e-05
0.000315181
0.000132245
7.79738e-05
0.000160051
0.000109318
0.000175167
0.00010215
0.000163008
7.49744e-05
8.14199e-05
8.04217e-05
8.63089e-05
0.000313434
2.74095e-05
0.000485648
2.44173e-05
0.000188259
8.80505e-05
0.000125525
4.92397e-05
4.45081e-05
5.63752e-05
9.29572e-05
0.000102811
3.34948e-05
0.000118307
0.000203376
0.000127583
3.03114e-05
8.96903e-06
0.000259498
0.000154268
3.5713e-05
0.000150742
3.87881e-05
0.000272678
0.000140182
1.51339e-05
9.282e-05
0.000192083
0.000207482
0.000108553
4.99677e-05
1.38428e-05
0.000104899
0.000220725
0.00021749
0.000178897
0.000431376
0.000138109
0.000125005
0.000117475
0.000268006
0.000137812
0.000197717
0.000143295
9.62214e-05
0.000217981
9.61606e-05
7.01396e-05
0.00010312
7.97667e-05
4.3001e-05
0.000140323
0.000163834
7.31332e-05
7.07446e-05
0.000158673
0.000273189
0.000105486
0.000226598
5.61222e-05
6.63486e-05
1.96167e-05
0.000470441
6.38038e-05
0.000147607
0.000190796
0.000128722
0.000172684
6.98376e-05
6.74364e-06
0.000108394
0.000180024
0.000178944
0.000106011
9.82453e-05
8.29919e-06
2.49531e-05
0.00021792
4.24521e-05
0.000365285
0.000105463
5.0108e-05
0.000101099
0.000155198
0.000163816
4.607e-05
0.000153718
0.000188366
9.17836e-05
0.000159595
4.24414e-05
0.000137482
0.000102208
0.000106734
0.000217246
7.83686e-05
8.78746e-05
0.000172959
0.000162529
0.000240539
6.63597e-05
4.67581e-05
0.000199916
4.43517e-05
0.000228061
0.000528831
0.000105115
0.000112747
7.3661e-05
0.000171089
0.000166314
6.47172e-05
6.45978e-05
6.74364e-06
8.34882e-05
1.53185e-05
0.00015766
0.000222829
0.000116786
9.44844e-05
5.32557e-05
1.10827e-05
0.000148208
0.000110342
0.000155938
4.96228e-05
0.000300282
0.000140475
0.000157316
3.76995e-05
6.74364e-06
0.000189069
0.000217007
0.000112359
0.00017657
6.74364e-06
3.18763e-05
0.000164576
0.000133726
0.000106063
4.56613e-05
0.000204854
0.000388353
0.00022487
0.000167565
0.000106112
0.000180002
2.04801e-05
9.5132e-05
0.000150537
0.000178482
0.000115917
0.000154237
9.42242e-05
9.53959e-06
6.58825e-05
4.95677e-05
7.98617e-05
4.5217e-05
0.000154416
0.000171979
0.000136249
0.000273988
0.000137786
0.00028054
5.32636e-05
2.95878e-05
0.000363119
0.000166348
3.53153e-05
0.000140112
7.15752e-05
8.7024e-05
0.000173814
6.74364e-06
6.06079e-05
0.000146528
0.000162092
0.000120972
0.000198862
0.000150652
0.000147805
0.000139975
0.000178529
0.000120036
6.84614e-05
0.000163188
1.13986e-05
0.000232348
0.000111629
0.000163691
0.000249007
0.000129617
0.000114208
0.000204784
0.000256851
9.28963e-05
0.000167184
3.33923e-05
8.60629e-05
0.000110515
7.20105e-05
0.000230059
0.00031113
7.653e-05
3.59784e-05
0.00021272
0.00012708
0.000177728
5.84355e-05
7.31538e-05
0.000187791
3.28413e-05
0.000106367
0.000176968
0.00041464
1.91499e-05
6.22587e-05
0.000190522
0.000141592
0.000167732
5.31157e-05
6.22189e-05
6.14962e-05
6.14866e-05
0.000211533
9.53508e-05
0.000216931
7.75855e-05
0.000113491
0.000106294
7.05796e-05
7.50296e-05
0.000211006
6.71762e-05
0.000167494
0.00038033
6.74364e-06
0.000169722
0.000121558
0.000101335
0.000179489
0.000140874
2.23977e-05
0.000257579
0.000214609
0.000227153
0.000179205
0.000144847
0.000180398
9.69164e-05
9.34884e-05
4.38387e-05
0.000236689
0.0001211
0.000152887
7.77002e-05
5.98193e-05
1.97404e-05
0.000202163
8.29547e-05
0.000118274
7.87109e-05
0.000117084
0.000271801
7.04637e-05
0.000134337
7.06916e-05
0.000119085
6.74364e-06
0.000216257
0.000153053
0.000135291
0.000215394
4.91384e-05
0.000122786
7.63343e-05
0.00017659
6.74364e-06
0.000210256
0.000107277
0.000280023
0.000105013
7.43314e-05
3.86668e-05
0.000113556
0.000178295
0.000502644
0.000302172
6.07618e-05
0.000167259
0.000133398
0.00019487
5.62788e-05
6.32387e-05
6.74364e-06
2.68317e-05
0.000229814
0.000565654
0.000286671
0.000259066
9.23499e-06
0.000168405
0.000120174
1.05525e-05
6.58127e-05
2.70342e-05
0.000187051
0.000158696
0.000114032
3.65385e-05
0.000104813
4.95251e-05
0.000162082
7.82802e-05
6.74364e-06
0.000164108
0.000142914
8.35067e-05
0.000189246
0.00016454
7.04298e-05
4.29189e-05
2.4967e-05
6.74364e-06
9.83901e-05
0.000150933
4.71763e-05
0.000125861
0.000106109
0.000210761
9.1954e-05
2.08247e-05
0.000272942
0.000284274
7.41152e-05
0.000117372
0.000213819
0.000241821
0.000158163
0.000263749
5.65429e-05
1.41031e-05
4.1949e-05
1.29105e-05
5.75907e-05
0.000161254
0.000193202
0.000390616
0.000211771
0.000267718
0.000288719
0.000412767
8.1352e-05
3.13927e-05
8.84215e-05
0.00014641
9.20981e-05
8.50591e-05
2.30267e-05
9.20291e-05
0.000107971
7.77498e-05
5.29466e-05
0.000439013
0.000198745
9.15118e-05
0.00031198
5.73825e-05
6.74364e-06
5.92483e-05
0.000243741
0.000244775
8.31224e-05
0.00022016
0.00010377
0.000127115
0.00020289
2.0089e-05
2.11796e-05
7.07243e-05
4.41127e-05
0.000116368
0.000432005
0.000100216
7.5495e-05
0.000143079
0.000185664
7.99073e-05
9.40763e-05
8.4639e-05
6.74364e-06
0.000119576
0.000114372
4.19232e-05
5.12197e-05
0.000154559
0.000113686
6.74364e-06
9.48067e-05
7.87548e-05
8.07887e-06
0.000167585
7.95438e-05
0.000201886
0.000166713
2.21679e-05
0.000126842
6.74364e-06
9.55109e-05
9.48732e-05
2.66024e-05
8.28745e-05
0.000423656
0.000242355
0.000140191
7.65645e-05
7.71055e-05
0.000250661
0.000131227
6.71331e-05
6.6492e-05
0.000183637
0.000114057
0.000135168
0.000108175
6.82024e-05
9.09174e-05
3.20144e-05
0.000191935
0.000335236
7.93756e-05
0.000206739
0.000104045
3.28225e-05
3.67445e-05
9.56255e-05
4.40017e-05
9.51884e-05
0.000272752
0.000160557
5.93571e-05
6.74364e-06
8.39948e-05
0.000179867
0.000107016
6.48389e-05
1.72064e-05
0.000147512
9.80795e-05
8.45223e-05
0.000157142
0.000135277
0.00025595
0.00026378
6.24698e-05
0.000173421
0.000188672
4.95172e-05
0.000131298
8.85755e-05
0.000119859
0.000111602
0.000123722
4.75966e-05
9.51988e-05
0.000306852
8.76286e-05
0.000225329
6.74364e-06
0.000181672
4.63655e-05
0.000122578
4.57643e-05
0.00018718
0.000119814
7.59997e-05
5.07465e-05
0.000213019
0.000196879
4.75061e-05
4.95806e-05
0.000100335
4.2842e-05
4.28658e-05
6.33302e-05
0.000362104
2.64552e-05
0.00037557
6.74364e-06
0.000109946
3.71074e-05
0.000108513
0.000250158
2.79113e-05
0.000161289
3.43804e-05
8.43768e-05
0.000181585
6.74364e-06
0.000117808
0.00010705
0.00021003
0.000209618
0.000109372
1.87578e-05
5.52591e-05
0.000108636
0.000350762
0.000127184
0.000282447
9.70812e-05
5.41859e-05
7.96736e-05
0.000140626
9.18068e-05
5.97296e-05
4.38572e-05
0.000178415
0.000145791
0.000104897
0.000209602
0.000285015
0.000205376
0.000144868
6.74364e-06
6.74364e-06
2.8031e-05
0.000136364
0.000172268
0.00011299
3.50088e-05
4.95805e-05
7.43604e-05
2.92642e-05
0.000284591
7.89373e-05
2.4902e-05
0.000212836
0.000114552
5.77884e-05
0.000476763
5.77458e-05
0.000131763
7.50063e-05
0.000260689
0.000129109
6.18318e-05
0.000150847
0.000190933
1.38388e-05
4.0745e-05
9.12477e-05
0.00010066
8.75099e-05
4.4256e-05
0.000243884
0.000121505
0.000144667
6.74364e-06
3.36066e-05
7.45594e-05
0.000543586
0.000131625
6.27492e-05
0.000160314
9.58096e-05
6.42868e-05
0.000211922
9.41252e-05
0.000121251
0.000287307
5.85552e-05
7.72316e-05
0.000107827
0.000188133
5.07793e-05
0.000125649
5.30811e-05
0.000224324
4.17322e-05
9.96063e-05
6.11417e-05
3.81093e-05
0.000143461
0.000127548
9.48935e-05
0.000182845
0.000186756
0.000156153
0.000174587
8.59544e-05
7.56655e-05
6.29198e-05
9.20757e-05
9.79974e-05
0.000117816
5.98651e-05
3.39124e-05
9.26944e-05
0.000329563
0.000137173
0.000171382
0.000383196
0.000303333
2.0587e-05
3.41669e-05
0.000142915
8.19074e-05
2.97534e-05
0.000103208
3.11651e-05
0.000135057
8.84495e-05
0.00014205
0.000166302
5.03078e-05
8.91944e-05
6.50983e-05
9.56258e-05
0.000252632
0.000191444
0.000179298
8.38812e-05
0.000299488
2.04108e-05
6.06789e-05
0.000189164
0.000299468
0.000179571
7.41334e-05
9.93753e-05
0.000209161
9.13407e-05
0.00011034
0.000269382
5.38442e-05
4.16639e-05
6.86893e-05
0.000126579
1.74951e-05
0.000201818
0.000192562
2.34396e-05
0.000154005
0.000199853
0.000222683
9.33972e-05
4.37832e-05
6.80333e-05
6.94882e-05
0.000173573
0.000138158
0.000113982
0.000254686
3.46946e-05
0.000154783
0.000695176
6.74364e-06
4.28369e-05
0.000105892
0.000181396
0.000107321
0.000437889
8.80544e-05
0.000184727
0.000409493
0.000125728
0.00016965
0.000106642
0.000115894
0.000141863
0.000383409
6.40336e-05
0.000210536
2.75818e-05
0.000151147
0.000258702
0.000214597
2.19625e-05
9.05079e-05
0.000110548
7.83595e-05
0.000181473
6.74364e-06
0.00046832
0.000230464
0.000194594
8.23909e-05
0.000132546
0.000275235
3.45764e-05
0.000291123
5.84317e-05
7.46295e-05
8.36059e-05
0.000244185
3.89105e-05
0.000148531
0.000332832
0.000150291
8.15391e-05
2.17243e-05
0.000126779
6.20113e-05
0.000151252
0.000105667
8.13409e-05
5.7769e-05
0.000183783
0.000300354
0.000110185
8.37346e-05
1.99051e-05
0.0001174
0.000175566
0.000106971
4.46628e-05
0.000187713
0.000218847
0.000141695
0.00017375
0.000288765
4.49772e-05
3.97891e-05
2.24837e-05
0.000149493
0.000249942
2.28266e-05
5.71511e-05
0.000151927
0.0001522
0.000189201
9.04938e-05
0.000368614
0.000237067
9.66251e-05
0.000191569
6.74364e-06
6.74364e-06
0.000267048
3.72657e-05
0.000140066
2.37742e-05
0.000141607
0.000125036
0.000134348
0.000139707
9.78714e-05
0.000171174
1.75066e-05
0.000104194
5.65472e-05
4.05939e-05
7.83415e-05
0.000207931
8.00338e-05
9.78133e-05
0.000287657
0.000197658
0.000164849
0.00038394
6.3574e-05
9.46911e-05
0.00013567
3.56854e-05
0.000124116
3.55608e-05
0.00034347
0.000213526
0.000388141
7.55004e-05
0.000340109
6.91173e-05
0.000142141
4.68414e-05
4.08517e-05
1.34583e-05
0.000126775
0.000167774
0.000101163
6.74364e-06
0.000179942
6.31346e-05
0.000121733
0.00015001
0.000132415
7.18683e-05
0.000358412
6.43535e-05
0.000352762
8.85546e-05
6.74364e-06
0.000180512
0.000140522
0.000222247
0.000144171
3.26819e-05
8.84787e-05
0.000106618
0.000122443
6.27443e-05
0.000278983
0.000265383
0.000136183
0.000140193
9.6494e-05
5.4754e-05
6.74364e-06
0.000193709
0.000209687
9.73442e-05
5.42632e-05
8.94018e-05
0.000116003
0.000240482
0.000444661
0.000236328
8.01989e-05
0.000184964
1.34198e-05
7.394e-05
2.62956e-05
0.000113077
8.87689e-05
0.000256124
0.000164848
0.000124137
0.000110446
9.68804e-05
9.6998e-05
0.000253069
3.63057e-05
4.61293e-05
9.37656e-05
6.58508e-05
0.000266606
0.000261775
0.000167993
4.34096e-05
0.000167029
0.00014771
1.67013e-05
4.83925e-05
5.76479e-05
5.60013e-05
0.00023078
8.41268e-06
0.000240782
0.00015602
0.000282261
0.000251823
5.61206e-05
1.54441e-05
0.000144367
0.000150085
6.74364e-06
1.97694e-05
6.74364e-06
4.7684e-05
0.000146599
0.00033231
4.55782e-05
0.000288289
6.74364e-06
0.000102159
8.14281e-05
0.000141018
0.000122234
0.000135975
5.16399e-05
0.000129046
0.000144145
0.000298855
0.000387586
0.000131557
0.000139414
0.000165999
0.000200961
0.000169236
0.000112755
5.73932e-05
0.000144927
3.23433e-05
0.000120535
0.000173236
4.50856e-05
0.0002728
4.88811e-05
0.000199281
4.19776e-05
9.5053e-05
8.29099e-05
9.79183e-05
0.000162899
7.20646e-05
3.05831e-05
1.40985e-05
0.000169357
3.86787e-05
0.000156576
0.000108331
0.00010237
6.74364e-06
1.57501e-05
4.92085e-05
0.00052666
6.74364e-06
0.000109377
4.25931e-05
0.000116107
0.00014958
0.000144399
6.74364e-06
0.000120126
7.97381e-05
4.65811e-05
9.68571e-05
8.79126e-05
0.000164181
8.88869e-05
0.00018107
3.19567e-05
4.99545e-05
0.000186947
0.000129584
5.19439e-05
4.98597e-05
0.000245794
0.000350559
2.5873e-05
0.000101479
0.000211585
9.46688e-05
7.80717e-05
0.000566819
7.80247e-05
6.74364e-06
4.43201e-05
0.000115518
9.73929e-06
0.000185486
9.31488e-05
3.80716e-05
0.000281965
9.09812e-05
2.26913e-05
0.000120522
0.000181444
9.40606e-05
0.000176965
0.000144777
0.000126114
0.000149028
0.000104896
3.41227e-05
0.000196573
0.00014617
8.33013e-05
0.000389563
0.000176081
0.000208652
0.000185129
1.80343e-05
4.16457e-05
0.000101433
0.000149308
6.90125e-05
0.000113564
7.01143e-05
0.000235155
6.74364e-06
0.000142189
0.000159483
0.000138192
0.000188867
0.000170217
7.14764e-05
0.000319554
0.000109057
0.000116559
8.41268e-06
0.000199383
0.000172398
0.000147186
0.000137086
8.43703e-05
0.00028159
0.000103397
5.05053e-05
5.17198e-05
0.000220371
5.608e-05
0.000313896
0.000175128
8.11834e-05
6.29221e-05
0.000703328
0.000126416
9.46979e-05
0.000302352
0.000331423
0.00011053
0.000452734
0.000104798
5.54066e-05
6.6892e-05
0.000234473
0.00040697
7.83082e-05
0.000293577
0.000141557
0.000114096
0.000169186
0.000141011
0.000144423
0.000199143
0.000163073
9.31891e-05
6.74364e-06
7.87604e-05
3.03557e-05
5.62508e-05
0.000113794
0.000145951
0.000100986
3.92636e-05
9.72863e-05
0.000206167
0.000193705
2.79669e-05
0.000212921
9.0792e-05
0.000109591
0.00037188
0.000159055
0.000114022
0.000175269
5.86864e-05
6.17635e-05
4.31583e-05
0.000135389
0.000343449
8.38697e-05
0.000156552
7.96999e-05
6.18505e-05
8.98906e-05
0.000179987
0.000105821
0.000132393
0.000123506
0.000164525
0.000295391
6.74364e-06
2.67569e-05
2.58604e-05
9.21382e-05
8.65367e-05
1.89745e-05
6.0234e-05
0.000122869
4.21461e-05
0.000174501
5.12041e-05
0.000245258
0.000192672
3.6555e-05
0.000146834
0.000250888
8.31705e-05
8.96903e-06
0.000133697
0.000166419
0.000255333
6.9611e-05
4.39631e-05
1.5705e-05
0.000284559
7.12896e-05
3.00739e-05
0.000114183
4.20691e-05
0.000139516
5.50076e-05
0.00010812
2.05702e-05
0.00013979
9.74792e-06
7.40166e-05
6.35925e-05
0.000169392
0.000197778
0.00010841
0.00033999
6.4872e-05
0.000166712
0.000104538
0.000122985
0.000217978
0.00013163
2.6494e-05
4.53323e-05
0.00019245
3.17968e-05
6.07972e-05
3.48327e-05
1.03043e-05
1.9755e-05
5.86655e-05
0.000212466
0.00014305
5.1534e-05
2.26243e-05
0.000120583
0.000103813
0.000197194
2.29188e-05
0.000355749
0.000197041
0.000118998
6.68419e-05
0.000178538
0.000411229
8.27183e-05
2.87114e-05
0.00011665
0.00016238
0.000126774
5.5501e-05
0.000152516
0.000119487
0.000323399
6.74364e-06
7.03512e-05
9.22456e-05
0.000174321
0.000304803
0.000155144
0.000112954
0.000151338
0.000154947
5.89779e-05
0.000241509
9.92644e-05
0.00015899
9.0802e-05
0.000225313
4.37996e-05
8.96903e-06
3.93314e-05
0.00015896
7.32816e-05
4.77622e-05
0.000174242
4.8203e-05
0.000174571
0.000156875
6.74364e-06
0.000132681
0.000199778
0.000554791
0.000157719
6.74364e-06
0.000116095
2.37946e-05
0.000467566
3.46652e-05
0.000169682
0.000252531
6.74364e-06
0.000243655
2.85571e-05
0.000102038
0.000110756
6.97573e-05
0.000160846
0.000225583
5.38449e-05
9.7202e-05
0.00028946
4.56707e-05
0.000178441
5.99347e-05
0.000156122
7.38703e-05
0.000325177
2.4823e-05
0.000464812
6.74364e-06
0.00013493
4.06523e-05
0.000122233
7.09896e-05
9.46966e-05
0.000116704
0.000178104
0.000260735
0.000201301
2.72505e-05
0.000391168
0.000205939
7.56326e-05
0.000134346
7.68999e-05
7.18593e-05
0.000129405
0.000149005
0.000141613
0.000115605
0.000131386
0.000312538
0.000543503
2.55087e-05
8.17508e-05
0.000274253
6.77021e-05
0.000168302
5.12801e-05
0.000178847
0.000100959
4.42314e-05
0.000113591
9.11274e-05
1.11068e-05
6.94133e-05
6.74364e-06
2.62879e-05
6.45966e-05
4.13708e-05
6.74364e-06
0.000138413
0.000271872
3.94254e-05
1.82114e-05
0.000225876
7.83088e-05
7.68861e-05
9.70438e-05
0.00013273
4.14449e-05
0.000242601
9.8114e-05
9.98426e-05
5.33049e-05
1.31292e-05
0.000147326
8.37545e-05
0.00012843
3.71658e-05
6.74364e-06
4.18967e-05
0.000172626
6.74364e-06
2.33251e-05
0.000244374
4.75571e-05
0.000272548
0.000377757
7.90387e-05
0.000362421
0.000267944
0.000158196
0.000100174
0.000211736
4.97765e-05
0.00010356
0.000119406
6.74364e-06
0.000195093
0.000202112
7.92412e-05
7.0626e-05
0.000232719
3.57113e-05
1.00817e-05
0.000378739
0.000154624
7.0461e-05
1.66373e-05
0.000163163
0.000218676
0.000144928
7.26945e-05
0.000159172
5.73431e-05
2.91745e-05
5.20349e-05
0.000315734
6.15722e-05
2.63592e-05
6.39542e-05
0.000203922
5.38199e-05
5.89625e-05
0.000141531
0.0001644
0.000523102
9.01136e-05
0.000146224
0.000146122
3.9334e-05
6.07124e-05
1.38388e-05
0.000126165
0.000503484
0.00016855
9.88305e-05
0.000139827
0.000273547
0.000132919
0.000190174
5.0746e-05
6.00912e-05
1.52735e-05
6.74364e-06
0.000221529
0.000130834
0.000129641
0.000107441
9.28084e-05
3.29091e-05
0.000298668
0.000125589
6.74364e-06
8.05001e-05
6.3308e-05
6.99591e-05
4.77838e-05
9.41207e-05
0.00020292
0.000155383
0.000173102
0.000376923
6.39766e-05
3.31919e-05
3.44588e-05
0.00014184
5.94028e-05
6.74364e-06
0.000120894
1.93226e-05
6.33483e-05
0.000115012
6.74364e-06
4.75755e-05
1.46949e-05
0.000107154
5.15305e-05
0.00021985
6.74364e-06
0.000192855
8.66208e-05
0.000123096
5.64932e-05
4.957e-05
0.000141718
0.000106218
0.000110904
6.74364e-06
0.000166267
4.48399e-05
0.000175085
3.43847e-05
9.75469e-05
0.000121286
5.08674e-05
0.000156185
9.53654e-05
0.000107623
7.58186e-05
8.92013e-05
0.00034209
0.000221535
0.00032995
0.000124777
0.000180159
5.09573e-05
0.00015699
0.000361273
0.000158308
3.98736e-05
0.000180421
8.73044e-05
6.46763e-05
0.000146488
0.000169024
5.89937e-05
0.000228993
0.000273479
8.94314e-05
0.000231907
0.000158637
0.000126735
0.000176188
6.74364e-06
8.93968e-05
3.62339e-05
4.03193e-05
4.96661e-05
6.8492e-05
5.5534e-05
6.74364e-06
0.000144675
0.000105495
4.62928e-05
0.000111293
0.000138648
7.42446e-05
0.000374242
0.000137685
7.7869e-05
0.000103767
3.62459e-05
6.07842e-05
4.10513e-05
0.000154419
0.000113104
0.000231826
0.000229685
8.18936e-05
0.000107503
0.000171689
6.74364e-06
0.000147205
6.45578e-05
3.09164e-05
0.000430016
2.60087e-05
0.000241727
0.000175894
0.000117155
0.000120318
0.000246346
8.18095e-05
8.33756e-05
0.000129568
0.000113607
8.39992e-05
0.000490747
0.000697089
9.28806e-05
9.98873e-05
0.000363105
0.000204737
9.37402e-05
8.51142e-05
3.98229e-05
0.000237107
0.000235484
5.83354e-05
3.32172e-05
5.58371e-05
0.000200571
6.74364e-06
8.88923e-05
0.000116754
0.000103502
0.000120972
0.000168073
3.18574e-05
0.000129562
5.64499e-05
0.000165073
0.000171242
0.000145547
6.74364e-06
0.000228267
3.51069e-05
0.000268631
4.25557e-05
0.000273637
0.0002376
2.86137e-05
5.70373e-05
8.33577e-05
0.000109646
0.000139147
4.45046e-05
0.00021763
0.000153897
6.0071e-05
4.04507e-05
6.80359e-05
6.74364e-06
5.49097e-05
0.00019741
2.65742e-05
6.31766e-05
3.74012e-05
8.58137e-05
3.48133e-05
0.000164731
7.05958e-05
0.000112309
0.000206978
8.81845e-05
0.000316745
4.74696e-05
0.000142803
3.62769e-05
0.00017915
0.000259526
0.000243383
7.11164e-05
0.000177433
0.000325764
0.00011563
9.21958e-05
0.000209914
0.000118743
3.38879e-05
8.44508e-05
0.000177009
0.000192271
9.06025e-05
0.000248105
0.000160805
9.76101e-05
6.74364e-06
0.000116756
0.000137651
8.66792e-05
9.04352e-05
0.000388139
0.000191161
0.000172892
0.000107188
0.000170491
0.000120452
0.000175245
3.24485e-05
0.000225514
5.78738e-05
5.83303e-05
0.000191336
9.35095e-05
5.48784e-05
6.74364e-06
0.000178961
1.00817e-05
7.00694e-05
0.00015858
0.000239872
7.60802e-05
0.000141713
5.86156e-05
5.7716e-05
6.74364e-06
0.000105283
4.83353e-05
3.14597e-05
9.54043e-05
0.000188095
6.74364e-06
7.39463e-05
0.00037535
0.000284495
6.28939e-05
0.000130631
9.65393e-05
9.48357e-05
0.000205602
6.73166e-05
0.000123424
0.00015874
8.93069e-05
0.00012739
3.51119e-05
6.74364e-06
0.000479838
0.000189736
0.000127363
6.74364e-06
0.000150337
0.00019411
2.73358e-05
0.000100927
0.000293272
0.000122586
0.000186928
0.000126423
0.00019752
3.90691e-05
0.00041349
8.00929e-05
0.000173972
4.69941e-05
0.000117979
3.67364e-05
0.00017686
0.000220911
2.32019e-05
0.000366273
8.41268e-06
0.000115366
2.60796e-05
0.000250036
0.000268807
0.000130568
3.24041e-05
0.000214297
7.87089e-05
0.000338259
0.00011319
0.000100169
7.40903e-05
0.000139222
7.89458e-05
4.21236e-05
0.00010739
8.84974e-05
0.000107557
6.74364e-06
0.000105591
0.000145304
5.8787e-05
8.35599e-05
1.88528e-05
8.01462e-05
0.000260023
0.00017214
0.00020016
0.000164826
6.74364e-06
3.92856e-05
0.00010053
0.000157164
7.69738e-06
6.87755e-05
9.23962e-05
0.00019342
0.000186502
0.000158837
0.000166795
1.94162e-05
0.000150032
1.0857e-05
3.89591e-05
0.000357049
0.000162457
3.64113e-05
0.00019674
0.000209469
0.000294308
0.000164778
9.26929e-05
0.000223504
0.00018749
0.000256998
7.63668e-05
6.74364e-06
4.3536e-05
6.37541e-05
0.000216739
9.67532e-05
6.10033e-05
2.63339e-05
0.000124699
9.62339e-05
7.63144e-05
0.000151571
9.7956e-05
0.000181868
0.000220729
7.97231e-05
4.37375e-05
6.74364e-06
0.000176227
7.81746e-05
4.42975e-05
1.91938e-05
3.65011e-05
0.000107474
6.74364e-06
0.000352087
0.000129583
0.00010617
0.000105893
6.37274e-05
0.000155833
0.000225698
0.000288654
6.74364e-06
0.000266681
0.000105335
0.000166105
0.000210243
6.74364e-06
4.16446e-05
9.92619e-05
0.000159955
0.000127563
4.43211e-05
0.000279501
1.96812e-05
9.25652e-05
0.000157421
6.74364e-06
5.71614e-05
0.000174834
0.000139752
7.10853e-05
0.000197226
5.81235e-05
6.939e-05
0.000304436
0.000204329
9.35557e-05
8.82234e-05
9.06243e-05
4.93963e-05
6.39225e-05
9.14562e-05
0.000232503
0.000112492
8.32008e-05
8.06739e-05
0.000285912
3.61424e-05
8.25957e-05
0.00014401
3.19236e-05
0.000213198
3.73647e-05
0.000280557
1.72407e-05
4.01028e-05
0.000196953
7.63455e-05
0.000180696
2.26041e-05
3.92451e-05
0.000133875
0.00016787
4.9016e-05
0.000202944
9.47576e-05
3.12229e-05
1.39639e-05
9.64867e-05
3.62864e-05
8.70466e-05
0.000116839
4.0764e-05
3.28218e-05
4.18605e-05
0.000306971
0.000105434
6.74364e-06
9.8289e-05
0.000113653
2.0066e-05
2.4434e-05
3.71043e-05
0.000157303
0.000128884
5.26231e-05
0.000218904
0.000213961
5.0119e-05
0.000130778
2.16884e-05
1.95812e-05
0.00031498
5.55903e-05
9.22571e-05
0.000167222
0.000290477
0.000100641
8.20136e-05
0.000144664
5.69435e-05
6.39227e-05
0.000395045
9.80832e-05
8.1983e-05
8.72909e-05
9.69669e-05
0.000314038
0.000184388
0.000144009
0.000311914
0.000274516
9.37336e-05
0.000133329
0.000164687
0.000204299
3.79823e-05
6.74364e-06
0.00017953
7.7345e-05
0.00030947
0.000119043
7.99425e-05
3.57967e-05
2.2222e-05
0.00015696
9.70332e-05
0.000100307
9.17877e-05
0.000293904
0.000135703
6.56686e-05
7.85633e-06
0.000204954
0.000279495
9.33778e-05
8.18064e-05
6.74364e-06
0.000176893
0.000191146
0.000153031
0.000126476
0.000148698
6.88904e-05
0.000164859
0.000139321
0.000256553
0.000232675
6.74364e-06
6.76616e-05
6.42639e-05
9.57827e-05
0.000159811
5.78416e-05
0.000124159
7.76405e-05
1.43681e-05
0.000179931
5.33699e-05
0.000191876
0.000155354
8.07887e-06
0.000124166
0.000388953
0.000133305
9.95254e-05
1.26217e-05
6.74364e-06
0.000178542
0.000228632
3.82397e-05
0.000138016
0.00020629
0.000104677
0.000272738
0.00016511
0.000184279
0.000113213
5.51267e-05
0.000143035
6.26074e-05
2.45439e-05
0.000135548
0.000119156
0.000128466
5.89708e-05
0.000197593
0.000213795
8.31732e-05
1.92369e-05
0.000104557
1.00661e-05
3.7425e-05
6.3372e-05
6.08405e-05
9.37019e-05
3.37882e-05
0.000142831
4.12948e-05
5.52824e-05
6.52927e-05
2.36714e-05
0.000259641
5.31605e-05
0.000155303
0.000218588
8.07887e-06
0.000133797
0.000118078
5.20255e-05
8.81801e-05
0.000195128
8.64734e-05
0.000204169
3.02555e-05
4.55753e-05
0.000121304
3.98451e-05
0.000264972
1.29006e-05
0.000197353
0.000277866
0.000137437
8.84287e-05
0.000138659
1.81619e-05
0.000147951
6.74364e-06
3.71536e-05
0.000141748
5.34801e-05
3.39696e-05
9.63025e-05
8.29324e-05
4.18672e-05
3.49219e-05
8.80316e-05
3.06241e-05
0.00035225
0.000185369
7.06959e-05
0.000237926
0.000183631
7.1248e-05
4.69716e-05
6.28147e-05
7.95098e-05
0.000182614
0.000298171
6.05969e-05
0.000203148
0.000291153
4.52767e-05
0.000149092
0.000201478
6.87351e-05
0.000101292
0.000107403
0.000307807
6.62131e-05
0.000118657
2.4738e-05
2.71648e-05
0.000215637
2.24186e-05
9.22949e-05
0.000113239
0.000150429
5.51124e-05
4.90599e-05
0.000302301
0.000133489
1.94974e-05
8.24288e-05
0.000370584
6.18751e-05
0.000119628
0.000168314
0.000260928
7.52925e-05
0.00020034
0.000163192
0.000231167
3.2231e-05
0.000135339
0.000185618
0.000197499
0.000103683
9.97941e-05
6.24693e-05
4.96587e-05
7.18007e-05
5.93187e-05
4.91685e-05
0.000195095
7.29109e-05
7.20918e-05
1.83703e-05
0.000148365
0.000232635
7.05565e-05
6.74364e-06
0.000273198
9.05606e-05
7.32096e-05
1.45447e-05
0.000154843
0.000121949
0.000129551
2.95128e-05
0.000189263
5.19943e-05
0.000109734
7.66051e-05
7.60713e-05
1.99775e-05
1.72558e-05
0.000192564
7.54379e-05
0.000156684
3.63935e-05
0.000169882
0.000127418
6.74364e-06
9.51808e-05
3.29989e-05
0.000140697
1.91283e-05
9.68318e-06
4.81025e-05
4.33074e-05
0.000216855
4.44861e-05
5.01184e-05
0.00011482
0.000224168
0.00013116
0.000176161
0.000149595
6.11219e-05
0.000131203
6.99607e-05
0.000253467
0.00034368
0.000206623
2.32674e-05
6.10152e-05
3.37563e-05
0.000171422
4.80132e-05
0.000133834
0.000120433
7.80551e-05
9.22357e-05
7.16738e-05
9.98417e-05
4.395e-05
7.72206e-05
0.00031377
0.000155448
6.74364e-06
7.11378e-05
6.74364e-06
0.000224023
0.000195079
7.71776e-05
0.00018689
0.000325444
0.000196277
8.3514e-05
0.000155453
0.000109057
7.55691e-05
0.000204666
0.000234696
5.78175e-05
0.000248732
7.39612e-05
0.000206753
5.60851e-05
2.19145e-05
0.000100782
4.69954e-05
0.00011161
3.06593e-05
1.89991e-05
6.94812e-05
3.91406e-05
6.74364e-06
7.89358e-05
6.74364e-06
2.33681e-05
0.000123629
0.000227924
3.25804e-05
2.68728e-05
0.000207474
0.000510211
0.000294951
7.24504e-05
0.000103513
0.000108158
2.33797e-05
2.28501e-05
0.00011592
0.000228604
8.94681e-05
0.000244635
0.000132661
0.000122224
6.09069e-05
0.000384996
7.3531e-05
0.000246786
5.11907e-05
0.000333191
0.000110117
0.000200983
2.94611e-05
0.000230876
0.000229186
0.000196139
0.000110533
7.2331e-05
6.00928e-05
0.000306104
0.00018151
6.23404e-05
7.81749e-05
0.000386583
1.69491e-05
0.000111872
7.83477e-05
9.45927e-05
0.000277125
5.44743e-05
0.000191299
0.000249389
0.000346816
0.00012845
0.000169888
2.35547e-05
7.07361e-05
0.000143321
3.30964e-05
0.000135441
0.000168027
0.000376128
1.41622e-05
0.000112872
0.000103823
0.000108121
0.000222855
0.000269196
0.000154527
0.000206235
4.40733e-05
7.48231e-05
0.000433694
0.000112368
6.08271e-05
0.000101733
0.000144698
0.000189891
3.83022e-05
1.84131e-05
4.49688e-05
0.000224557
0.000381983
0.000354897
4.7921e-05
0.00017413
4.69368e-05
5.53945e-05
0.000110186
0.000197958
0.000343064
2.79924e-05
0.000113942
8.24837e-05
5.4138e-05
4.3552e-05
9.95769e-05
8.0106e-05
8.07887e-06
4.25481e-05
0.000139228
0.000143188
0.000286225
8.96903e-06
3.25649e-05
6.74364e-06
0.000128181
6.74364e-06
0.000196365
0.000682112
6.74364e-06
4.91166e-05
9.85825e-05
7.43225e-05
4.35975e-05
0.000118819
9.68753e-06
0.000115975
0.000169163
0.000159649
0.000165062
0.000160958
9.62355e-05
2.91763e-05
0.000232723
0.000105575
2.75363e-05
0.000120569
4.67152e-05
0.000217075
0.000105369
7.58502e-05
0.000240524
4.87889e-05
0.000122123
0.000124647
0.000173111
6.74364e-06
5.58475e-05
3.49114e-05
0.000123598
0.000111961
5.52203e-05
6.91052e-05
0.000124534
0.00016502
7.42927e-05
4.78723e-05
3.20399e-05
5.65028e-05
0.000135075
6.74364e-06
0.00020962
0.000162806
0.000263704
9.17435e-06
0.000248432
9.50343e-05
0.000221908
6.74364e-06
7.56321e-05
1.9235e-05
0.000176958
9.65552e-05
0.000205563
0.000305388
0.000299838
0.000262174
0.000234621
4.11137e-05
2.134e-05
9.06597e-05
0.000153156
3.69143e-05
0.000337035
6.74364e-06
4.24478e-05
9.41411e-06
9.1675e-05
0.000181959
0.00016938
0.000109606
8.65237e-05
0.000309394
3.69392e-05
0.000118752
2.39652e-05
7.66103e-05
0.000281912
5.6804e-05
0.000303127
5.21803e-05
6.77213e-05
2.93236e-05
6.73604e-05
6.74364e-06
0.000487279
9.10886e-05
5.87593e-05
2.57642e-05
0.000107195
0.000424197
6.74364e-06
0.000219187
0.000232695
6.5883e-05
6.74364e-06
8.13567e-05
9.41027e-05
7.50397e-05
1.32616e-05
0.000288089
0.000474735
0.000128328
8.73872e-05
0.000242783
9.56691e-05
7.42865e-05
4.47563e-05
3.2198e-05
0.000158463
0.000137283
0.000187658
0.000214935
6.97916e-05
4.27499e-05
0.000114565
0.000160134
0.000179988
0.000186874
4.45176e-05
0.000227727
7.06383e-05
3.84838e-05
0.000280699
6.74364e-06
0.000280996
0.000209259
0.000110289
0.000102062
0.00012385
0.000295245
0.000160153
3.49672e-05
0.000264822
0.000139548
0.000272826
0.00017948
0.000182525
3.45241e-05
0.000191735
5.00272e-05
6.61681e-05
0.000123122
8.48574e-05
0.000153962
0.000233732
1.31316e-05
0.000110868
0.000244484
0.000282857
0.0004433
0.000104682
1.38117e-05
6.74444e-05
6.74364e-06
2.32743e-05
0.000154687
8.74538e-05
0.000173085
0.000212376
0.00014976
0.000127239
0.000267354
5.05719e-05
1.44479e-05
6.74364e-06
9.32752e-05
6.74364e-06
0.000194144
6.56302e-05
8.75151e-05
0.000120033
0.000145081
6.16513e-05
0.000116093
0.000152496
6.76189e-05
5.6824e-05
0.000111457
0.000147896
0.00038216
6.36291e-05
5.24492e-05
8.66197e-05
9.1681e-05
0.000109471
0.000134479
5.2049e-05
9.93263e-05
1.21958e-05
1.61994e-05
0.000179527
9.0433e-05
6.53406e-05
6.74364e-06
7.62739e-05
0.000106855
8.47976e-05
6.13664e-05
8.99712e-05
3.03562e-05
8.1516e-05
2.07989e-05
0.00011371
5.35265e-05
1.91283e-05
4.64345e-05
0.000235637
0.000183093
7.91524e-05
2.0175e-05
0.00015635
7.2309e-05
9.51917e-05
8.68561e-05
0.000129093
0.000162685
0.000167192
0.000415676
0.0001472
3.6498e-05
0.000227392
0.000159673
3.20809e-05
0.000181215
0.000154838
0.000205767
0.000317215
0.000222983
0.000151609
0.0001316
0.000295461
0.000128253
0.000203284
3.33928e-05
0.000147169
0.000255211
6.93233e-05
0.00020013
0.0001535
0.000186133
3.52741e-05
6.17976e-05
0.000126164
0.000148773
1.00817e-05
4.95251e-05
8.26604e-05
0.000241758
9.36679e-05
0.000135021
0.000163768
4.84113e-05
0.000196536
0.000275205
1.24067e-05
0.000172645
8.21143e-05
0.000247236
4.85239e-05
0.000387688
0.000132211
9.96316e-05
3.35419e-05
9.16247e-05
0.000193656
3.32402e-05
0.000150449
4.26948e-05
9.23556e-05
8.94618e-05
0.000215944
7.36252e-05
4.71238e-05
1.97238e-05
9.43483e-05
0.000176075
9.39429e-05
0.000152213
0.000167842
2.33912e-05
2.25228e-05
0.000244064
5.05328e-05
0.000150788
6.74364e-06
3.67364e-05
8.68004e-05
0.000120197
9.62734e-05
0.000145376
0.000261747
3.49593e-05
4.54957e-05
0.000120681
0.000166859
0.000147997
0.000145244
1.19232e-05
0.000102639
4.61151e-05
0.000205286
8.98489e-05
0.000211333
0.000207777
5.68731e-05
3.13913e-05
0.000240527
0.000206086
0.000320957
9.51346e-05
0.000153654
0.000114339
0.000218573
3.06784e-05
7.07093e-05
0.000217985
6.70694e-05
8.23563e-05
0.000298155
9.60476e-05
0.000474433
0.000161875
0.000192868
1.63111e-05
0.000146315
0.000118034
0.000136428
0.000102195
1.67801e-05
8.57462e-05
0.000378387
6.74364e-06
8.65908e-05
0.000175521
0.000173102
8.96903e-06
7.94161e-05
3.73272e-05
0.000135694
8.37502e-05
0.000148016
8.14171e-05
1.51348e-05
0.000127267
0.00017664
0.000124205
0.000185263
6.97659e-05
0.000116772
0.000235156
6.74364e-06
6.74364e-06
0.000145957
0.00013798
3.67399e-05
1.2434e-05
9.10854e-05
0.000115651
0.000149905
0.000129682
0.00026855
0.000181894
0.00014938
8.96903e-06
6.35717e-05
9.25956e-05
0.000227071
7.20962e-05
5.95809e-05
6.25552e-05
0.000256747
6.97515e-05
0.000240912
5.4834e-05
0.00016921
2.3052e-05
8.78429e-05
0.000316214
8.01491e-05
6.41218e-05
7.94689e-05
0.00021882
0.000257548
9.6737e-05
0.000114988
0.000231594
7.70989e-05
0.000141284
0.000146619
9.46909e-05
9.26887e-05
0.000100163
0.000131583
4.14394e-05
0.000188732
0.000389568
0.000110814
0.000187701
0.000328191
0.000137822
3.2142e-05
0.000179738
0.000107271
3.23469e-05
0.000171973
5.01007e-05
0.000235446
6.88425e-05
0.000181943
0.000228052
5.00165e-05
0.000129447
5.343e-05
5.25194e-05
0.000141643
9.1216e-05
9.98695e-05
0.000192833
8.11859e-05
5.21495e-05
3.44063e-05
0.000205426
4.40636e-05
0.000172288
0.000118426
0.000123138
0.000290505
0.000177817
0.000125501
0.000101934
2.61299e-05
0.000230699
0.000126556
0.000112965
3.75165e-05
0.00024513
6.83144e-05
6.74364e-06
0.000115874
0.000108905
4.29295e-05
0.000124882
3.49593e-05
0.000268517
7.45685e-05
9.63018e-05
3.6582e-05
0.000131581
4.17318e-05
8.10771e-05
9.44568e-05
0.000233678
0.000102649
0.000110295
8.52855e-05
7.04191e-05
0.000278762
0.00016766
0.000169575
1.88157e-05
7.17556e-05
2.43522e-05
0.0001657
7.93804e-05
0.000122011
5.04796e-05
0.000168491
0.000290777
4.90241e-05
3.18129e-05
0.000157629
9.01751e-05
0.000178839
4.6619e-05
0.000175388
0.000192061
4.52393e-05
9.06207e-05
8.41268e-06
0.000109229
0.000206271
0.0001288
7.30324e-05
0.000213007
0.000173295
0.000100754
0.000138648
2.63979e-05
8.02204e-05
9.36996e-05
0.00011287
3.8401e-05
0.000123833
0.000177421
0.000481249
9.76974e-05
0.000195756
7.1771e-05
4.08424e-05
0.000199857
0.000114611
0.000191468
0.000194448
0.000134087
0.000155276
5.74904e-05
0.000305863
0.000156893
8.597e-05
7.37253e-05
5.5988e-05
0.000352625
0.000157537
0.000444124
0.000226227
0.000199823
0.000261488
6.74364e-06
2.94285e-05
6.53674e-05
3.90093e-05
3.26848e-05
0.000186535
6.743e-05
1.43467e-05
0.000107698
0.0001624
6.16117e-05
0.000324112
0.000121388
0.000103076
7.97646e-05
3.03934e-05
0.000176775
0.000187253
3.55448e-05
0.000104068
0.000317752
0.000128566
0.000190778
7.27102e-05
4.83237e-05
2.25679e-05
6.75334e-05
8.96176e-05
0.000335689
0.000223349
4.6172e-05
0.000258187
4.36688e-05
4.29928e-05
0.000105826
0.00016272
6.77669e-05
0.000161472
0.00020855
0.000140783
9.54993e-05
0.000247691
2.53268e-05
9.02119e-05
3.50791e-05
1.61451e-05
0.00010846
6.74364e-06
0.000251412
9.39607e-05
0.000216407
9.83408e-05
0.000240428
0.000202213
0.00017277
9.19005e-05
0.000275947
0.000249035
0.000109842
4.38236e-05
7.75568e-05
4.28233e-05
3.06074e-05
3.45674e-05
1.60718e-05
6.999e-05
7.73211e-05
7.52791e-05
0.000124736
7.97935e-05
0.000189462
0.000278049
2.48587e-05
0.000400082
1.00817e-05
0.000262548
0.000101319
0.000117205
0.000101017
0.00026184
7.09864e-05
0.000303227
0.000235654
0.000111745
0.000138773
3.51532e-05
9.79687e-05
0.000332976
8.91687e-05
0.000278925
4.24894e-05
2.98594e-05
5.59181e-05
9.70357e-05
9.04253e-05
0.000165917
7.42362e-05
5.29364e-05
8.04657e-05
0.000103808
4.29334e-05
3.35894e-05
0.000117425
0.000218337
0.00022651
0.000140208
7.75764e-05
0.000275451
8.49406e-05
0.0002759
2.65093e-05
0.000160132
8.03965e-05
0.000261288
0.000131335
0.000109156
3.61367e-05
0.00013062
7.26505e-05
0.000135892
4.87202e-05
0.000107491
0.000163462
2.78808e-05
6.74364e-06
0.000108584
1.65624e-05
6.78951e-05
0.00021944
0.000185879
0.000225154
0.000193056
7.59645e-05
0.000217598
0.000194243
0.00016487
0.000283258
0.000103793
0.000130601
0.00011873
0.000229866
0.00016874
0.000188254
2.2528e-05
1.36471e-05
0.000153165
0.000106068
5.59648e-05
0.000145003
0.000129233
2.55924e-05
3.5473e-05
0.000117127
6.18378e-05
0.000194128
4.36003e-05
2.53649e-05
0.000205227
0.000161677
5.7558e-05
6.74364e-06
0.000332611
8.10993e-05
2.46907e-05
6.77495e-05
0.000278949
1.94162e-05
3.58875e-05
7.13658e-05
0.000191177
0.00015208
0.000617005
6.95512e-05
4.59332e-05
1.9343e-05
8.60896e-05
7.26283e-05
0.000167442
8.2943e-05
1.67079e-05
0.000157024
0.00021521
8.47571e-05
7.5906e-05
0.000242652
5.76983e-05
0.000135463
0.000168406
8.10894e-05
0.00011005
3.30359e-05
0.000139162
0.000112747
2.84297e-05
0.000230764
0.000236006
0.000146734
0.000134575
7.45845e-05
8.82216e-05
2.81763e-05
0.000136691
0.000205006
0.000129966
0.000173759
9.05139e-05
9.42894e-05
0.000173162
9.43523e-05
7.78797e-05
6.74364e-06
0.000164155
0.000311955
6.19109e-05
0.000101384
0.000243531
0.000406841
4.63249e-05
6.74364e-06
0.000116339
1.34102e-05
0.000119576
0.000398943
6.33728e-05
0.000170271
0.000241775
0.000135888
0.000160841
0.000143103
0.000212849
0.000111922
0.000196161
0.000238261
7.43047e-05
0.000149428
0.000291649
0.000136366
0.000193777
3.83563e-05
0.000193095
6.11057e-05
0.000207925
4.32723e-05
0.000243877
0.000103963
0.000241778
0.000173429
0.000145777
3.20694e-05
0.000174555
5.6714e-05
6.20341e-05
0.000104758
0.000134832
0.000129522
0.000161427
0.000195425
0.000157246
6.74364e-06
0.000162036
9.37761e-05
0.000301177
2.67336e-05
0.000387547
0.000120579
5.32165e-05
6.98574e-05
0.00011846
0.000196109
3.60781e-05
6.78012e-05
0.000296169
0.000302691
3.51532e-05
0.000530799
4.13082e-05
0.000345667
9.89745e-05
6.74364e-06
0.000144062
8.64874e-06
0.000195175
4.67141e-05
5.50292e-05
0.00019218
2.58073e-05
0.000482216
0.000302853
0.000305582
9.42041e-05
9.64289e-05
0.000101975
0.000178767
9.3413e-05
0.000225006
0.000142173
0.000231476
0.000103153
6.74364e-06
8.1259e-05
6.87141e-05
0.000178412
7.96028e-05
0.00010766
3.24309e-05
7.6514e-05
7.52904e-05
0.000173036
0.000131733
4.81989e-05
0.000283671
8.40819e-05
2.42569e-05
3.20785e-05
5.59439e-05
3.36216e-05
0.00011087
0.000117037
3.00599e-05
0.000106511
8.79768e-06
3.71328e-05
0.000184001
0.000109965
8.5978e-05
6.95612e-05
3.84379e-05
0.000123938
6.74364e-06
3.29131e-05
0.000113417
0.000205898
6.06514e-05
0.000218107
0.000135598
6.73227e-05
7.631e-05
0.000179848
0.000181544
0.000326314
4.30387e-05
4.36217e-05
0.000128802
0.000101546
6.74364e-06
1.17953e-05
0.000137632
5.93128e-05
0.000107418
0.00010222
0.000151519
0.000264225
0.000136663
0.000126917
0.000165463
3.8072e-05
0.000147147
0.000100326
0.000167022
0.000101449
2.24287e-05
5.77374e-05
0.000119995
3.5655e-05
0.000115755
8.89596e-05
4.13596e-05
0.000132861
5.7416e-05
9.74803e-05
0.000455753
7.9488e-05
0.000114677
0.000138133
0.000101131
4.58163e-05
0.000131922
6.33253e-05
0.00021024
5.23409e-05
0.000121181
0.000135258
0.000206401
6.74364e-06
0.000108048
0.000107764
0.000294325
0.00028399
0.000122449
0.000118981
0.000278319
0.000103061
2.99855e-05
0.000232237
0.000232669
0.000253825
7.85633e-06
0.000148136
0.000114726
4.4102e-05
6.74527e-05
0.000103829
0.00028589
6.74364e-06
8.61106e-05
7.07709e-05
0.00022308
5.97321e-05
3.62867e-05
0.000235413
8.0088e-05
2.30001e-05
0.000211471
0.000170866
7.49046e-05
5.42337e-05
9.85948e-05
7.72284e-05
0.000130051
0.000117672
5.81726e-05
0.000124316
0.000163417
4.86264e-05
0.00010039
0.000124652
0.0002135
5.07828e-05
7.32926e-05
0.000116839
7.75355e-05
0.000346087
9.87709e-05
8.38301e-05
6.0391e-05
0.000271472
0.000145138
6.41443e-05
3.55495e-05
1.99914e-05
9.66288e-05
0.000154291
6.74364e-06
9.14348e-05
0.000176834
0.000189487
0.000388618
2.08503e-05
0.000118172
0.000362334
6.74364e-06
0.000131575
0.00028214
0.00012975
0.000127239
0.00025281
0.000141848
2.20382e-05
3.29098e-05
0.000112888
0.000102529
0.000201487
5.28186e-05
0.000127524
0.000148007
0.000177921
0.000261353
6.56788e-05
6.74364e-06
0.00018356
0.000305892
0.00013771
4.92424e-05
5.36782e-05
6.59068e-05
0.000160608
5.96517e-05
0.00012886
5.28424e-05
4.79913e-05
0.000168603
6.74364e-06
0.000194494
6.36095e-05
2.87623e-05
0.000523703
5.63288e-05
6.74364e-06
0.000144134
8.72791e-05
0.0003486
6.74364e-06
0.000134776
0.000223718
0.000370473
7.42797e-05
4.12584e-05
6.19423e-05
0.000150105
1.94804e-05
9.38846e-05
2.13797e-05
9.2292e-05
8.98191e-05
9.56122e-05
6.42934e-05
0.000363782
5.0278e-05
0.000104104
7.36065e-05
0.00014163
8.19174e-05
0.000109997
0.000193273
1.51021e-05
0.000384498
0.00014962
2.34957e-05
9.17671e-05
0.000122157
0.000319032
5.02777e-05
6.1337e-05
3.20803e-05
0.000312602
3.88996e-05
6.64972e-05
0.000186202
4.77321e-05
0.000510903
9.70118e-05
6.74364e-06
9.49017e-05
7.44878e-05
0.000344497
8.11917e-05
0.000163696
1.26853e-05
0.000242866
6.01998e-05
0.000274363
0.000161912
0.000286007
2.28035e-05
9.63865e-05
0.000134495
7.19432e-05
0.00017318
6.74364e-06
0.000146135
7.28035e-05
9.00833e-05
0.000147864
0.000187962
0.000151318
0.000315224
5.91483e-05
1.64611e-05
1.61556e-05
7.53518e-05
0.000146973
0.000109695
0.000114013
5.70603e-05
1.85139e-05
0.000229579
0.00042197
0.000166057
3.87147e-05
0.000111053
2.51944e-05
0.000205779
0.000184554
0.00023888
0.000246326
0.000179894
0.000139558
0.000116087
0.000299759
8.91398e-05
4.0948e-05
0.000168786
8.52386e-05
5.32962e-05
0.000176004
0.000170765
0.000119472
0.000234373
0.000183155
0.000174304
0.000104402
0.00033028
4.25351e-05
6.74364e-06
4.36066e-05
2.04737e-05
9.72442e-05
0.000213299
7.13797e-05
0.0003115
0.000155953
0.000116151
