0.99
3.72505e-05
0.00055705
7.60772e-05
0.000320957
0.000120643
0.000256751
0.000262875
2.80079e-05
0.000155353
2.80079e-05
2.80079e-05
0.000162168
5.57357e-05
0.000317315
0.000173336
6.29934e-05
0.000478552
0.000271965
0.000362316
6.99501e-05
0.000472992
0.000663946
0.000218519
0.000265672
0.000724714
0.000183509
0.000251399
8.87346e-05
3.98837e-05
4.78859e-05
4.76137e-05
0.000354057
0.000263029
0.000102503
2.80079e-05
0.000182668
0.000479404
0.000177837
0.000518418
4.18718e-05
2.80079e-05
2.80079e-05
2.80079e-05
0.000446691
0.000163189
4.41824e-05
2.80079e-05
2.80079e-05
0.000973906
0.000294848
0.000223336
6.94609e-05
0.000478491
9.2798e-05
0.000216436
0.000157228
0.000247604
0.00014646
9.10106e-05
5.45065e-05
8.40573e-05
0.000721149
4.06358e-05
7.74498e-05
0.000147336
0.000425515
0.000107151
0.000313312
0.000175172
7.82952e-05
3.26292e-05
0.000834545
0.00024906
0.000158629
0.000656196
2.80079e-05
6.13952e-05
2.80079e-05
2.80079e-05
0.000208321
0.000592788
0.000108477
5.57357e-05
2.80079e-05
4.02095e-05
0.000225173
0.000166382
0.000283217
0.000168981
0.000159794
0.000197343
3.49167e-05
0.000129067
6.58004e-05
0.000115205
0.000114268
2.80079e-05
0.000310641
2.80079e-05
9.20541e-05
0.00016102
0.000475047
0.000393118
3.49398e-05
0.000341043
2.80079e-05
0.000111829
0.00012018
0.000277091
0.000199864
5.68379e-05
8.61095e-05
0.000196421
0.000115899
0.000410275
0.000238156
2.80079e-05
0.000106243
2.80079e-05
0.000120873
0.000309772
0.000338123
2.80079e-05
4.49489e-05
0.000274689
7.52989e-05
0.000244587
9.58194e-05
0.000242691
0.000166572
0.00027469
2.80079e-05
0.000401152
0.000168254
0.000335074
2.80079e-05
0.000245396
0.000120543
0.000389847
8.1516e-05
7.66367e-05
0.000114173
0.000462693
0.00075903
0.000487027
0.000386538
0.00036754
0.000130205
5.66112e-05
0.00045363
0.000354474
3.49398e-05
8.22848e-05
0.00016074
0.000258231
0.000460422
2.80079e-05
0.000104299
0.000166965
2.80079e-05
0.000202061
8.60486e-05
0.000304542
9.04594e-05
0.000291485
0.000264891
0.000525834
6.3297e-05
3.49398e-05
8.32155e-05
0.000101155
0.000123383
2.80079e-05
0.000204511
0.000114718
0.000552627
9.51246e-05
0.000138963
0.00126901
7.6237e-05
6.7126e-05
0.000995715
0.000121706
4.23985e-05
2.80079e-05
7.9202e-05
0.000160392
0.000881567
0.000241507
0.000305388
0.000101929
3.72505e-05
0.00024711
2.80079e-05
0.000176658
5.12657e-05
2.80079e-05
0.000448594
0.000304003
9.07509e-05
0.00026439
8.34201e-05
2.80079e-05
0.000897872
2.80079e-05
0.000706506
4.68478e-05
0.000133487
0.000188977
4.63337e-05
0.000229486
0.000132141
0.000187701
0.000373739
0.00024459
0.000100394
0.000284289
0.000148376
0.000162699
3.72505e-05
7.31302e-05
6.63734e-05
6.13408e-05
2.80079e-05
0.000374198
0.000802798
0.000132066
0.000256321
0.000613581
0.000192048
0.00014067
6.46343e-05
0.000146561
0.00053285
0.000340517
0.000216355
0.000155278
0.000136171
0.000138262
0.000389533
0.000311362
0.000107158
2.80079e-05
0.000521877
0.000121088
2.80079e-05
0.000284953
9.01112e-05
0.000100027
2.80079e-05
0.000319764
0.00049712
0.00022102
5.57357e-05
4.92996e-05
9.6682e-05
0.000495704
0.000417639
0.000138906
9.13839e-05
0.000175881
0.000112839
6.9955e-05
0.000124723
7.91057e-05
2.80079e-05
8.70085e-05
0.00016056
0.000633711
0.000121309
0.000583272
0.000108259
0.000276111
2.80079e-05
0.000263148
8.24861e-05
0.0001331
4.14267e-05
0.000130583
0.000447882
7.90194e-05
0.000350836
2.80079e-05
0.000155594
0.000345659
0.000715199
6.07073e-05
4.71234e-05
0.000205788
9.57318e-05
0.000206967
4.0579e-05
0.000114722
0.000320724
0.000123403
0.000193413
0.000101794
8.17408e-05
0.00020778
0.000144499
0.000120556
0.000171843
2.80079e-05
0.000145745
0.000308744
0.000635443
0.000440889
0.000137708
0.00021681
0.000494276
0.000421103
4.91389e-05
0.000192205
2.80079e-05
4.18718e-05
0.00030388
0.000166219
0.000486163
0.000115494
5.12372e-05
2.80079e-05
0.000800149
6.13408e-05
3.49167e-05
0.000400187
0.000323907
0.000634985
0.000426764
4.18718e-05
2.80079e-05
0.000356086
0.000131805
6.21348e-05
0.000679599
0.000394912
6.00136e-05
0.000152835
0.000157737
9.05665e-05
6.68541e-05
4.18718e-05
0.000124231
0.000376192
0.000201195
0.000230178
0.000140002
0.00118368
0.000182728
0.000912028
0.000126376
0.000489089
0.000461327
0.000691389
0.000205452
4.07819e-05
2.80079e-05
5.27824e-05
0.00012717
0.000235238
0.000212285
7.56975e-05
0.000390692
0.000142868
3.35534e-05
7.51544e-05
0.000284374
2.80079e-05
0.000135144
0.00019614
5.89727e-05
2.80079e-05
0.000435228
2.80079e-05
5.11144e-05
0.000364409
2.80079e-05
0.000565085
0.00033601
0.000312894
2.80079e-05
0.000262558
2.80079e-05
0.00012561
8.34562e-05
0.000196697
0.000233423
3.99324e-05
0.000110332
8.48368e-05
6.26278e-05
0.000339755
0.000120699
0.00045412
0.000437574
0.00034012
3.35534e-05
4.40903e-05
0.000312414
4.64006e-05
0.000104602
5.57813e-05
0.000394602
0.000233749
2.80079e-05
5.94747e-05
0.00055169
6.26793e-05
6.54891e-05
0.000149907
0.000512206
0.000111909
0.000118367
5.57357e-05
0.00020336
8.41645e-05
8.01151e-05
2.80079e-05
0.000310315
3.49398e-05
9.83549e-05
0.000442742
7.31245e-05
6.01023e-05
5.61863e-05
0.00134434
2.80079e-05
0.000489614
4.34529e-05
2.80079e-05
2.80079e-05
0.000229489
0.000543155
0.000108281
2.80079e-05
0.000242415
0.000487497
0.000424469
0.000173678
0.000128004
0.000350623
0.000323052
2.80079e-05
0.000260559
3.72505e-05
7.22698e-05
0.000117799
2.80079e-05
7.68788e-05
0.000209947
0.000133452
7.41284e-05
0.000357695
0.000382896
2.80079e-05
4.64419e-05
0.000102632
0.00135884
5.41675e-05
0.00042557
0.00029929
0.000163354
2.80079e-05
7.9733e-05
2.80079e-05
2.80079e-05
0.000234777
0.000110058
0.000716221
0.000215812
0.00140637
0.000338637
0.000586797
0.000546738
2.80079e-05
0.000599231
0.000401206
7.30127e-05
0.000219055
0.000234238
0.000526145
0.000195603
0.000110088
2.80079e-05
0.000341115
0.000234745
6.86164e-05
0.000102295
5.26063e-05
2.80079e-05
7.22122e-05
0.000122525
4.60135e-05
0.00011694
2.80079e-05
6.23871e-05
4.18718e-05
3.72505e-05
0.000178615
2.80079e-05
0.00040016
8.14144e-05
8.31107e-05
2.80079e-05
0.000375527
0.00011284
0.000318283
0.000110564
2.80079e-05
2.80079e-05
4.18718e-05
0.000624618
2.80079e-05
0.000212737
0.000137071
0.000161868
0.000164669
8.25497e-05
0.00116273
0.000482666
6.94152e-05
0.000473533
0.000285459
2.80079e-05
0.000173448
0.000199467
0.000847796
7.39365e-05
7.40439e-05
0.000142037
4.29579e-05
3.49398e-05
0.00010406
4.18718e-05
0.000151357
0.000220813
8.87544e-05
0.000360664
8.61692e-05
5.55122e-05
0.000228003
8.58152e-05
0.000412894
0.000269098
0.000102749
0.00022233
8.15596e-05
8.05801e-05
0.00035545
2.80079e-05
4.18718e-05
5.93691e-05
9.48587e-05
2.80079e-05
7.93583e-05
0.000578467
0.000337696
0.000165007
0.000134156
2.80079e-05
0.000716095
2.80079e-05
0.000104909
5.57357e-05
0.000224034
0.000162154
0.000113855
0.0001066
0.000241974
3.26292e-05
0.000143871
3.72505e-05
0.000207236
0.000123206
0.000704428
0.000558654
9.89887e-05
0.000128115
0.000130942
5.79016e-05
6.00665e-05
0.000434089
0.000186735
0.000218801
0.000104032
0.000175513
8.71983e-05
4.36364e-05
0.000277176
0.000123954
2.80079e-05
9.03706e-05
6.80625e-05
0.000318862
3.72505e-05
9.75812e-05
4.03005e-05
0.000106237
0.000210371
0.000360574
0.000457172
8.19922e-05
0.000221858
0.000287142
0.000111481
7.06976e-05
0.00010066
8.86624e-05
2.80079e-05
7.00552e-05
0.000295872
3.35534e-05
5.09431e-05
8.00293e-05
4.41824e-05
0.00015556
4.18718e-05
0.000440064
6.30666e-05
4.18718e-05
9.99081e-05
0.00046649
0.000520104
2.80079e-05
9.02507e-05
0.000120382
0.000166387
0.000470129
0.000448207
7.04275e-05
7.47207e-05
0.000551511
6.88207e-05
0.000528343
0.000191153
0.000512228
8.2506e-05
2.80079e-05
8.98396e-05
0.000104184
2.80079e-05
0.00022691
0.000153449
2.80079e-05
0.000328048
0.000215606
4.68478e-05
4.14143e-05
5.26443e-05
0.000479254
0.000124913
2.80079e-05
0.000290944
5.20062e-05
2.80079e-05
8.40573e-05
0.00017665
0.000158244
0.000163465
2.80079e-05
0.000402646
0.000266559
0.000290705
2.80079e-05
0.000304401
0.000110726
0.000318974
7.61208e-05
0.000390704
0.00012103
3.72505e-05
0.00031116
0.000121522
0.000125457
2.80079e-05
2.80079e-05
0.000377972
0.000201529
0.000191437
0.000182566
0.000497564
7.49335e-05
0.00046884
6.30754e-05
0.000141642
0.000425058
0.00018188
8.73243e-05
2.80079e-05
0.000127316
9.78121e-05
0.000374928
0.000176974
2.80079e-05
0.000258626
0.000213987
2.80079e-05
2.80079e-05
0.000135756
8.46186e-05
0.000234141
2.80079e-05
0.000447399
2.80079e-05
0.000460616
0.00094695
0.000113402
0.000188302
0.000508579
0.000299183
2.80079e-05
0.00035575
0.000155622
5.94754e-05
0.000237679
2.80079e-05
5.60748e-05
0.000252749
8.27132e-05
0.00015813
0.000179046
6.39541e-05
0.000153477
0.000254132
6.34905e-05
0.000312799
7.86606e-05
0.000160721
0.000408187
2.80079e-05
0.000344814
0.000565767
0.000198051
0.000403344
5.68249e-05
0.000493526
0.000189421
4.38599e-05
0.000362399
9.46405e-05
9.16541e-05
0.000209339
0.000213995
0.000345282
0.000194522
0.000319899
0.000134977
0.000199909
6.05174e-05
3.72505e-05
0.000145935
5.40668e-05
2.80079e-05
0.000176377
0.00020384
0.000210088
0.000314689
0.00044317
0.000179647
4.18256e-05
0.000616066
0.000149102
0.000155606
0.000199042
0.000103991
6.93227e-05
0.000175774
0.000142696
0.000285281
7.26947e-05
0.000353477
0.000419422
7.20912e-05
0.000529923
0.000184795
0.00028069
4.74026e-05
0.000143801
4.18718e-05
7.21884e-05
0.000652436
4.17781e-05
0.000225918
6.91465e-05
0.000249967
0.000225358
0.00027868
0.000459818
0.000215374
0.000596767
2.80079e-05
0.000124426
0.000313354
0.00011021
0.000476532
0.000150496
0.000156222
0.00013417
0.000122606
4.18718e-05
5.96924e-05
6.99501e-05
5.66112e-05
0.000307296
0.000122722
0.000297503
0.000207249
0.000317893
0.000210358
0.000499086
0.000485669
0.000340708
0.000108153
3.49398e-05
0.000653119
6.07355e-05
5.05719e-05
0.000109804
0.000141438
5.86155e-05
0.000103389
7.3676e-05
5.6424e-05
4.18256e-05
0.0001913
0.000123106
0.000130618
4.14982e-05
2.80079e-05
7.28773e-05
0.000313246
0.000915422
8.45855e-05
0.000268447
0.000268746
5.50049e-05
0.000167607
0.000450824
0.000649667
0.000187797
0.000138839
0.0002953
0.000313264
0.000232223
0.00107313
0.000131175
8.08197e-05
4.18256e-05
2.80079e-05
4.87806e-05
0.000297257
2.80079e-05
0.000209305
0.000230284
0.000127475
2.80079e-05
0.000256127
2.80079e-05
0.000111609
2.80079e-05
5.31859e-05
0.0002424
0.000325102
2.80079e-05
0.000135581
6.67452e-05
0.000538931
0.000437283
0.000150447
0.00013945
3.72505e-05
9.18754e-05
2.80079e-05
8.29807e-05
0.00069649
2.80079e-05
0.000185833
0.00056749
5.90499e-05
9.11067e-05
0.000260565
0.000245883
2.80079e-05
0.000111181
2.80079e-05
8.48038e-05
0.000319967
2.80079e-05
2.80079e-05
0.000123128
4.13275e-05
9.32999e-05
0.000117353
9.76532e-05
0.000107963
5.8405e-05
0.000132729
0.00037817
0.000400559
0.000137743
0.000145349
0.000201451
2.80079e-05
0.00022324
2.80079e-05
2.80079e-05
0.00023514
0.000146769
0.000159927
5.57357e-05
3.49398e-05
2.80079e-05
8.65163e-05
0.000105155
0.000122912
4.18718e-05
8.41721e-05
2.80079e-05
5.57357e-05
0.000104214
0.00015245
7.09871e-05
0.000173974
0.000525843
0.000558701
6.38963e-05
0.000175558
0.000295972
0.000695534
7.18611e-05
0.000107866
2.80079e-05
0.000747109
2.80079e-05
0.000168277
0.000173963
9.54125e-05
0.000207674
0.000144107
0.000220195
2.80079e-05
0.000134835
0.000370101
0.000327524
5.53616e-05
4.88037e-05
0.000219468
6.33403e-05
0.000400461
5.40323e-05
0.000550278
0.000252765
0.000179352
0.000275257
0.000272424
2.80079e-05
0.000159605
0.000293713
0.000272919
2.80079e-05
0.000212894
0.000126006
0.000238023
0.000533448
6.75883e-05
6.03966e-05
0.000286099
2.80079e-05
4.18718e-05
0.000335625
4.28884e-05
0.000281261
8.06679e-05
0.000387504
6.73682e-05
4.3121e-05
0.000292813
0.000149935
0.000451634
0.00039846
7.24995e-05
0.00029509
2.80079e-05
2.80079e-05
0.00025396
0.00011735
2.80079e-05
0.000476427
7.49928e-05
0.000562534
0.000156492
0.000610548
4.06529e-05
0.000122067
6.81103e-05
2.80079e-05
0.000103056
0.0002851
4.18718e-05
0.000181032
0.000274356
0.0003992
0.000937547
0.000291056
5.65212e-05
5.23047e-05
0.000493557
3.49398e-05
0.000108418
0.000260961
2.80079e-05
0.000293076
2.80079e-05
0.000771135
0.000932622
0.000192474
0.00049062
2.80079e-05
2.80079e-05
2.80079e-05
0.000122303
0.000174271
0.000347525
0.000251044
0.000156765
0.000843615
9.95904e-05
8.77641e-05
4.16077e-05
0.000153063
3.65509e-05
0.000350684
0.000373571
0.000390212
2.80079e-05
2.80079e-05
0.000189127
2.80079e-05
9.88173e-05
7.79712e-05
0.000170195
0.000327267
0.000140747
0.000448067
0.000139012
2.80079e-05
5.57357e-05
0.000100701
0.00016784
0.00028107
0.00044679
0.000142316
0.000144578
0.000115055
2.80079e-05
3.72505e-05
8.91657e-05
2.80079e-05
0.000299299
2.80079e-05
0.000229121
0.00017478
0.00025126
4.64828e-05
2.80079e-05
0.0012435
2.80079e-05
5.76188e-05
0.000340164
3.53835e-05
5.26443e-05
8.66972e-05
0.00100161
0.000259845
6.36e-05
0.000320539
0.000297288
2.80079e-05
0.000204678
4.72292e-05
5.52493e-05
0.000595424
0.000274113
0.000615043
0.000408639
9.37604e-05
2.80079e-05
0.000258773
5.12526e-05
2.80079e-05
4.80181e-05
6.80059e-05
7.53045e-05
2.80079e-05
3.72505e-05
2.80079e-05
0.000437432
8.8176e-05
0.000417845
2.80079e-05
0.000125905
0.000158527
2.80079e-05
3.49398e-05
0.000144424
7.87916e-05
3.49398e-05
0.00016059
0.0001063
2.80079e-05
2.80079e-05
7.21823e-05
2.80079e-05
7.86578e-05
0.000115341
4.14267e-05
0.000383634
9.99733e-05
8.37757e-05
0.000143094
0.000205221
0.000162896
0.000304499
0.000221037
2.80079e-05
3.72505e-05
0.000317038
0.000240956
0.000151161
0.000152739
4.72325e-05
0.000348333
0.000755069
9.30464e-05
6.2564e-05
0.000345954
2.80079e-05
0.000166214
0.00020201
0.00035439
5.00338e-05
0.00014304
2.80079e-05
0.000775252
0.000155801
2.80079e-05
6.01264e-05
0.000323127
0.000627159
0.000186405
0.000130114
0.00027095
9.71887e-05
0.000233553
0.000134823
0.000532277
0.000122056
0.000157563
0.000219726
2.80079e-05
0.000144993
2.80079e-05
0.000185078
0.000363293
0.000181254
0.000443884
0.000294262
9.28107e-05
0.000466481
0.000222113
0.000196479
0.000602865
2.80079e-05
3.72505e-05
8.76765e-05
0.000222779
0.000278297
0.000309988
0.000304021
0.000181585
0.000108131
0.000158009
0.000253625
0.000325434
2.80079e-05
0.000276219
0.000206833
9.6541e-05
8.00766e-05
2.80079e-05
9.93802e-05
0.000103738
0.000145531
0.000396465
2.80079e-05
0.000157737
0.000125038
0.000142418
8.54193e-05
6.79533e-05
0.000116089
0.000123085
0.000107814
5.97955e-05
0.000209191
8.53795e-05
2.80079e-05
2.80079e-05
9.42429e-05
7.19413e-05
0.000241561
2.80079e-05
0.000492024
0.000492383
5.83665e-05
0.000489974
0.000169548
6.94152e-05
7.64743e-05
0.000160598
0.000105303
0.000248709
2.80079e-05
5.11144e-05
2.80079e-05
0.000538808
3.49214e-05
0.000265672
2.80079e-05
0.000390381
4.18718e-05
6.93268e-05
0.000135691
0.000100292
0.000246243
7.72344e-05
0.00047078
0.000302396
0.000300237
9.09089e-05
0.000151643
4.18718e-05
0.000312795
4.98898e-05
0.000707398
0.000176161
0.00044574
4.77744e-05
0.000207249
2.80079e-05
0.000309862
3.75616e-05
0.000306157
0.00024773
0.000275727
0.000428654
2.80079e-05
0.00135091
5.14794e-05
0.000274302
7.29503e-05
0.00012519
0.00055944
0.000147733
0.000274029
0.000165355
5.06869e-05
2.80079e-05
0.000271007
0.000401466
4.91293e-05
0.000267384
0.000261487
8.39792e-05
0.000117214
0.000424637
2.80079e-05
2.80079e-05
0.000107004
2.80079e-05
0.000170441
0.000168921
0.000330425
0.000365494
5.92392e-05
2.80079e-05
0.000668104
0.000260851
2.80079e-05
0.000206492
4.49085e-05
2.80079e-05
8.23859e-05
0.00021797
0.000183885
0.000611432
0.000230574
0.000165758
0.000279311
4.3305e-05
0.000148381
5.7456e-05
7.82544e-05
0.000251665
5.44458e-05
0.000145989
7.66459e-05
3.63123e-05
4.17861e-05
0.00017833
5.65525e-05
0.000723846
4.43379e-05
0.000187278
0.000218982
0.000168657
0.00014691
0.000128678
0.000147273
0.000222453
7.95036e-05
2.80079e-05
0.000108875
8.01889e-05
0.00021877
0.000108475
0.000222954
7.76165e-05
0.000576905
5.32752e-05
0.000252424
2.80079e-05
0.00026191
0.000128321
0.000152925
0.000261181
7.84969e-05
0.000118874
3.49398e-05
4.69855e-05
0.000397996
4.04854e-05
7.79712e-05
0.000337444
0.000184765
0.000161145
0.000401788
8.01461e-05
2.80079e-05
0.000147587
0.000133805
2.80079e-05
0.000133831
7.71649e-05
0.000127968
2.80079e-05
0.000249406
2.80079e-05
0.000102593
0.000265159
2.80079e-05
0.000115574
0.000105468
2.80079e-05
0.000122654
4.49256e-05
0.00026443
0.000388171
0.000138305
0.000248727
0.000174264
8.9123e-05
8.869e-05
0.000417453
4.91718e-05
2.80079e-05
0.000145989
0.000219362
3.72505e-05
0.000124296
0.000219665
0.000182559
0.000149441
4.56279e-05
9.71725e-05
0.000107147
0.000225475
8.73383e-05
0.000128193
3.47128e-05
0.000136243
0.000389723
0.00016052
0.000258006
5.38168e-05
0.000492636
0.000212697
0.00101988
0.000197125
0.000220969
0.000544666
0.000283582
0.000123961
6.84487e-05
0.000289792
0.000700702
0.000870037
0.000332128
8.92542e-05
5.09782e-05
0.00015097
7.21054e-05
0.000108399
0.000278849
0.000221551
0.00024374
0.000166376
6.49437e-05
4.89401e-05
0.000188046
8.59041e-05
0.000132297
5.01017e-05
0.00064307
2.80079e-05
0.000218915
0.000173854
2.80079e-05
0.000121459
0.000149906
0.000333338
2.80079e-05
9.25815e-05
2.80079e-05
0.000326046
0.00110819
0.00112376
7.28773e-05
0.000535413
5.69849e-05
5.57357e-05
6.01976e-05
6.40525e-05
9.59711e-05
0.000715583
0.000165996
0.000231605
0.0001912
7.58475e-05
8.09536e-05
0.000345523
0.00039834
0.000103939
0.000191317
9.40667e-05
0.000237298
2.80079e-05
2.80079e-05
0.000363796
2.80079e-05
0.000221789
0.000170227
0.000164003
2.80079e-05
2.80079e-05
2.80079e-05
0.000704457
0.000134368
8.1195e-05
4.96451e-05
4.18718e-05
0.000266479
6.77367e-05
9.97328e-05
5.23718e-05
7.891e-05
0.000309611
0.000375374
0.000403279
0.000164991
4.33353e-05
2.80079e-05
0.000695594
0.000391537
4.98008e-05
7.81879e-05
9.56675e-05
0.000587585
0.0003687
5.75137e-05
0.000973119
7.13786e-05
0.000123931
2.80079e-05
0.000357177
0.000331988
0.000248995
0.000168681
0.000556017
0.000178615
0.00044959
9.17866e-05
0.000136798
5.81438e-05
0.000248925
0.000121194
0.00015521
2.80079e-05
5.95881e-05
0.000231436
2.80079e-05
0.000142763
0.000265226
0.000200339
0.000404229
0.00058328
2.80079e-05
0.000124503
0.000476936
2.80079e-05
0.000470434
0.000113161
0.000304615
0.000152594
8.05387e-05
3.72505e-05
0.000201939
0.00077692
4.18024e-05
2.80079e-05
7.50411e-05
8.19373e-05
0.000464635
7.88422e-05
0.000284948
2.80079e-05
0.00033776
5.48712e-05
0.000262516
0.000275138
2.80079e-05
0.000225575
0.000261812
6.1435e-05
0.00142717
2.80079e-05
0.000128102
4.80139e-05
9.94976e-05
0.000199063
2.80079e-05
4.03005e-05
0.000381166
0.000556122
0.000102362
2.80079e-05
0.000105166
0.00018314
6.00842e-05
9.00412e-05
0.000569102
0.000115108
0.000331589
0.000182878
0.000237325
4.18718e-05
5.75486e-05
5.21657e-05
0.000145635
5.52493e-05
0.000174561
8.82555e-05
0.000247102
7.69191e-05
6.8506e-05
4.9155e-05
2.80079e-05
0.000299735
7.40407e-05
7.2467e-05
0.000362393
0.000263939
0.000332244
0.000123053
0.000238789
0.000266877
3.72274e-05
7.58802e-05
0.000451808
5.84019e-05
4.18718e-05
2.80079e-05
0.000611663
5.33582e-05
0.00011327
2.80079e-05
0.00017695
2.80079e-05
0.000137825
0.000111552
9.89887e-05
0.000306216
0.00011737
0.000226352
4.18027e-05
0.000250969
4.46966e-05
0.000304448
0.000281703
0.000493729
0.000375382
0.000463072
0.000184417
0.000451321
0.000343642
0.00081093
0.000113684
0.000151145
9.64679e-05
0.000333412
0.000252783
0.000726488
0.000185291
0.000283434
0.000188872
4.23985e-05
5.60748e-05
0.000190202
0.000496806
0.000133936
0.000243668
0.000355823
0.000107316
2.80079e-05
0.000471294
6.98759e-05
0.000104495
0.000125766
6.40525e-05
0.000243184
0.000591011
4.18256e-05
5.73408e-05
0.000173185
0.000181377
4.04163e-05
0.0013589
4.90874e-05
0.000441627
0.000114183
2.80079e-05
0.000591785
2.80079e-05
0.000117818
0.000201904
0.000219391
2.80079e-05
4.86037e-05
9.86859e-05
0.000421683
0.000118068
2.80079e-05
0.00036625
2.80079e-05
8.88427e-05
2.80079e-05
0.000498424
0.000364381
2.80079e-05
0.000383625
2.80079e-05
2.80079e-05
6.00738e-05
0.000121346
0.000124493
2.80079e-05
2.80079e-05
0.000119532
8.635e-05
5.57357e-05
9.60346e-05
7.44544e-05
0.000105643
0.000239752
8.57514e-05
0.000113656
3.72505e-05
9.47074e-05
0.000276624
0.000222103
9.76181e-05
0.000166222
0.000163843
0.000451559
0.000167765
3.49398e-05
0.000171447
0.000389305
8.04281e-05
0.000121758
4.95171e-05
0.000169851
0.000114752
2.80079e-05
6.00738e-05
7.54951e-05
0.000622894
2.80079e-05
0.000643081
0.000271795
0.000222652
0.000125739
6.49946e-05
0.000415194
4.88037e-05
0.000178972
3.72505e-05
0.000131231
5.57357e-05
0.000223414
0.000462283
3.61993e-05
0.000145237
2.80079e-05
6.98759e-05
6.14021e-05
0.000601105
4.3383e-05
0.00087518
0.00012448
0.000144435
0.000108754
8.77077e-05
9.14356e-05
0.000182595
5.86051e-05
9.67141e-05
6.30362e-05
9.50897e-05
6.27759e-05
0.000338697
0.00134402
0.000181598
0.00010456
0.00084866
0.000210152
0.000208231
0.000430065
0.000362687
9.65257e-05
0.0002872
0.000115308
3.79019e-05
0.000133673
0.000125323
2.80079e-05
0.000226017
2.80079e-05
8.2923e-05
8.18156e-05
2.80079e-05
0.00068624
0.000616968
9.98512e-05
7.54958e-05
0.00050235
0.000387834
0.00018798
0.000100353
2.80079e-05
0.000284984
0.000206903
7.59388e-05
0.000180387
0.000623616
0.000267775
5.57357e-05
6.16708e-05
9.33523e-05
0.000644118
6.81103e-05
0.000114069
0.000223474
2.80079e-05
0.000136916
0.000131104
6.10167e-05
0.00014135
0.000252038
9.24625e-05
6.26689e-05
2.80079e-05
0.000196376
0.000518029
0.000131998
2.80079e-05
0.000135351
0.000187765
0.000177883
2.80079e-05
7.91057e-05
5.1093e-05
3.61158e-05
0.000212311
0.00016496
0.000463532
3.49398e-05
0.000154584
2.80079e-05
0.000228583
0.000409797
0.000171102
0.000282879
2.80079e-05
0.000669639
4.40732e-05
0.000733589
0.000605128
9.56673e-05
0.000141753
9.95782e-05
0.000381007
4.17781e-05
0.000192167
0.000753861
0.000402007
0.00012957
0.000126975
0.000725199
4.88037e-05
2.80079e-05
2.80079e-05
0.000225801
0.000336069
5.35989e-05
0.000197383
0.000414908
0.000358892
0.000336886
0.00020835
2.80079e-05
2.80079e-05
4.18718e-05
0.000492094
8.28401e-05
0.000237768
0.000134246
0.000155338
3.72505e-05
0.000138199
0.000196243
0.000197093
0.000157494
0.000503967
2.80079e-05
0.000226733
0.000128748
6.40824e-05
2.80079e-05
0.000287564
2.80079e-05
0.000294829
0.000313264
0.000285777
0.000446444
0.000126141
0.000166912
0.000192118
0.000399753
0.000113602
0.000923064
4.18718e-05
0.000326508
0.000291133
0.000398792
4.40262e-05
0.00020512
0.000352093
0.000245973
0.000320201
2.80079e-05
0.000886019
2.80079e-05
0.000127398
9.38342e-05
0.000246175
8.13877e-05
4.88037e-05
2.80079e-05
0.000320402
9.05543e-05
9.08047e-05
2.80079e-05
0.000196707
8.90329e-05
2.80079e-05
9.03726e-05
0.000376891
7.00222e-05
3.89009e-05
0.00010664
0.000334266
0.000302794
0.000222769
0.000280461
0.000161202
0.000410058
5.05719e-05
4.18718e-05
0.00130336
0.00030288
0.000286114
2.80079e-05
0.000203572
0.000100517
2.80079e-05
0.000119873
4.74173e-05
3.72505e-05
0.000121647
0.000554196
0.000411333
0.000138801
3.81691e-05
0.000106937
0.000117526
0.000459575
2.80079e-05
9.9191e-05
0.000152489
0.000158306
0.000192943
2.80079e-05
2.80079e-05
0.000166935
0.000254598
2.80079e-05
7.28323e-05
5.57357e-05
4.91826e-05
4.48191e-05
2.80079e-05
0.000195441
0.000329623
3.72505e-05
0.000728112
0.000449784
8.47505e-05
8.23463e-05
0.000142731
0.000103906
0.000156194
9.40137e-05
6.71652e-05
0.000101294
8.18091e-05
0.000173156
9.88173e-05
0.000320721
0.000278309
0.000227508
0.000140753
0.000149737
0.000145923
0.000267227
0.00012386
0.0002313
0.000264935
4.17973e-05
6.21348e-05
9.2798e-05
2.80079e-05
0.000119013
0.000152594
7.48341e-05
9.95651e-05
0.000109513
2.80079e-05
0.000152055
0.000596365
0.000114394
6.63274e-05
2.80079e-05
5.57357e-05
9.68301e-05
0.000397945
0.000260144
6.78222e-05
0.000190014
2.80079e-05
0.000596891
0.000131274
0.000256263
0.000261984
0.00039738
4.18718e-05
0.000307181
0.000256291
0.000147499
0.000123169
2.80079e-05
0.000126873
0.000309355
5.4831e-05
0.000222932
0.000259198
9.20543e-05
2.80079e-05
0.000383031
0.000113045
0.000275659
0.000383625
2.80079e-05
0.000560025
0.000192042
2.80079e-05
0.000111062
0.000399936
2.80079e-05
9.20541e-05
0.00152809
0.000211528
0.000167434
2.80079e-05
0.000122053
2.80079e-05
0.000139782
0.000145421
3.49398e-05
6.77719e-05
0.000504012
0.000101771
0.000121204
0.000100034
4.64098e-05
0.000899782
0.000154457
0.000704262
7.84763e-05
0.000208541
0.000156964
2.80079e-05
5.57847e-05
0.000100928
9.63261e-05
0.000201872
0.000129987
0.000165135
2.80079e-05
0.000252448
0.000135542
0.00012272
2.80079e-05
0.000210339
2.80079e-05
0.000312927
0.000142155
0.00041963
2.80079e-05
0.000148094
9.37604e-05
0.00121261
0.000173924
0.000130929
0.000279891
0.000139837
0.000553466
0.000327551
0.00013841
0.000266434
0.000149051
0.000123754
0.000169464
0.000362077
9.05665e-05
7.85713e-05
9.71048e-05
0.00067482
0.000277433
4.11714e-05
0.00013142
0.00018422
5.56792e-05
2.80079e-05
7.38673e-05
0.000411451
0.00048651
0.00025466
0.000410051
2.80079e-05
0.000109933
0.000476189
0.000620131
0.000224629
2.80079e-05
7.82572e-05
2.80079e-05
2.80079e-05
0.000176752
2.80079e-05
0.000345109
0.000760378
0.00103598
4.85403e-05
0.000148939
0.000164484
4.18718e-05
2.80079e-05
0.000435325
4.18718e-05
2.80079e-05
0.000117581
8.21038e-05
0.000323623
2.80079e-05
0.000181451
0.000219722
3.1969e-05
0.000164424
0.000209395
0.000168306
0.00011916
2.80079e-05
0.000356022
0.000527181
0.000276422
0.000159207
0.000382477
0.000514334
0.000444129
0.000337413
0.000121685
9.40059e-05
0.000809664
0.000213582
6.76938e-05
0.000285509
0.000420222
0.000141214
0.000117387
0.000190979
0.000239225
0.000154251
0.000474299
0.000491807
0.000106443
2.80079e-05
0.000239188
0.000134346
2.80079e-05
9.37762e-05
9.4502e-05
0.000116233
5.34019e-05
0.00020132
8.12862e-05
0.000141887
8.35349e-05
7.91854e-05
0.000251643
0.00116298
0.000176905
3.90703e-05
0.00012304
2.80079e-05
2.80079e-05
0.000414156
2.80079e-05
0.000157335
0.000104591
0.000225163
9.93874e-05
0.000817771
0.000318052
0.000170648
6.88791e-05
0.000276595
6.38688e-05
2.80079e-05
6.28839e-05
2.80079e-05
0.000463295
0.000306177
0.000152444
0.00042859
0.000132774
0.000378201
0.000455044
0.000102669
0.000107542
0.000781586
0.000103523
0.000229809
0.000206129
6.94609e-05
0.000107705
9.73371e-05
0.000138233
0.000350292
5.29875e-05
0.0001546
0.000145665
0.000167556
6.82852e-05
2.80079e-05
2.80079e-05
9.15786e-05
2.80079e-05
0.000135655
0.000218828
5.5597e-05
0.000105854
5.78302e-05
0.000303869
3.49398e-05
0.000584316
6.48371e-05
0.000179051
0.000233339
0.000767434
2.80079e-05
8.42278e-05
0.000304119
4.58499e-05
0.000203549
0.00019494
0.000505634
0.00013627
4.64098e-05
9.62853e-05
5.57357e-05
5.57357e-05
0.000239382
0.000155497
7.16413e-05
0.000269553
2.80079e-05
2.80079e-05
0.00104681
0.00016109
0.000191984
0.000657108
0.000495772
3.9538e-05
0.000252075
9.12658e-05
0.000247866
0.000171082
0.000258512
7.86326e-05
2.80079e-05
4.144e-05
0.000510638
2.80079e-05
4.91452e-05
0.000278802
5.27405e-05
0.000386548
7.52977e-05
2.80079e-05
0.000477162
0.000141814
5.42913e-05
0.000137498
0.000168523
0.000836699
2.80079e-05
0.000262628
0.0012941
2.80079e-05
8.83908e-05
3.59874e-05
5.28623e-05
0.000148215
0.00031171
0.000203444
2.80079e-05
4.9005e-05
0.000130412
0.000265127
0.000142647
0.000266259
3.49398e-05
0.00053285
0.000257761
0.000226045
7.52977e-05
2.80079e-05
0.000280023
3.49398e-05
2.80079e-05
3.64457e-05
0.00110677
0.000166219
5.26076e-05
0.000367283
8.92544e-05
9.27423e-05
0.000512604
0.000149156
0.000281574
0.0001177
0.000271418
0.000372274
0.000362962
0.000365986
6.45151e-05
0.000195228
0.000257297
0.000416763
9.34979e-05
0.000165455
4.07033e-05
0.000379436
0.000237644
0.000173495
2.80079e-05
0.000637257
0.000278745
2.80079e-05
6.54891e-05
0.000565192
0.000144336
5.0246e-05
0.000104036
7.44863e-05
7.58544e-05
0.000186298
5.14194e-05
7.25434e-05
0.000724744
5.38545e-05
0.000422745
3.72505e-05
4.03005e-05
0.000156721
2.80079e-05
0.000703416
0.000275339
8.99024e-05
0.000119365
0.00105251
0.000542924
2.80079e-05
5.57357e-05
0.000165419
0.000220843
0.000377458
0.000291591
9.1267e-05
2.80079e-05
6.59798e-05
2.80079e-05
0.000217214
0.000802439
2.80079e-05
2.80079e-05
0.000149653
0.000945944
0.000356318
9.28472e-05
0.000535113
6.72047e-05
5.57357e-05
0.000115308
0.000278297
8.8176e-05
0.000785533
0.000253398
4.86828e-05
0.00033468
0.000129419
5.57602e-05
9.70897e-05
0.000158009
8.77537e-05
5.83268e-05
2.80079e-05
2.80079e-05
2.80079e-05
2.80079e-05
0.000316051
2.80079e-05
2.80079e-05
7.25096e-05
0.000268473
8.60982e-05
2.80079e-05
0.000110088
2.80079e-05
0.000156867
0.000388001
0.000412036
0.000119717
0.000113352
0.000103468
0.000140805
6.14641e-05
0.000232952
0.000618409
0.000151508
0.00037542
0.000250128
0.0005333
0.000250291
2.80079e-05
2.80079e-05
2.80079e-05
0.000483589
5.76379e-05
5.90499e-05
0.000153474
2.80079e-05
0.00017436
7.04387e-05
0.000238744
2.80079e-05
0.000215122
7.05356e-05
0.000382588
0.000761406
0.000207501
7.84719e-05
4.842e-05
0.000165328
0.000221216
6.87242e-05
0.000226666
8.87908e-05
0.000240532
0.000149092
2.80079e-05
0.00014198
0.000184383
0.000130611
0.000187952
7.66069e-05
8.76242e-05
4.03005e-05
0.000217064
0.000222284
0.000240967
2.80079e-05
0.000211337
0.000165337
2.80079e-05
0.000262836
2.80079e-05
0.000375996
0.000450799
0.000169443
0.00013971
0.000295062
0.000304789
0.000454168
0.000176156
4.33353e-05
0.000110403
4.64469e-05
2.80079e-05
9.74067e-05
0.00111758
0.00026183
0.000529694
0.000329623
3.72505e-05
2.80079e-05
0.00031512
0.00021111
0.000138644
0.000369138
6.95533e-05
2.80079e-05
0.000103965
0.000114268
0.000144818
7.76775e-05
4.44288e-05
0.000101454
5.82465e-05
4.18718e-05
5.9082e-05
0.000420588
7.56216e-05
0.00015572
0.000138559
2.80079e-05
0.000112253
0.000404304
0.000139963
4.39651e-05
0.0008172
0.000100164
0.000115016
6.83865e-05
0.000322463
0.000153741
6.94122e-05
0.000138383
0.00035954
9.93071e-05
0.000273817
8.61072e-05
0.000152788
0.000169928
0.000127527
0.000212461
0.000290594
4.78859e-05
0.00012219
2.80079e-05
0.000170397
0.000298907
2.80079e-05
5.89695e-05
3.792e-05
0.000415803
5.62624e-05
2.80079e-05
0.000351549
0.000160292
4.18718e-05
8.5511e-05
6.44735e-05
8.35662e-05
0.000425713
4.9005e-05
6.13267e-05
0.000329804
0.000356929
0.000163756
8.04655e-05
0.000740455
0.000519128
0.000175358
0.000473808
4.98846e-05
4.53031e-05
2.80079e-05
0.00011834
5.92667e-05
7.09417e-05
2.80079e-05
2.80079e-05
8.22241e-05
0.000661667
7.76522e-05
0.000332941
2.80079e-05
0.000316147
0.00010194
4.28884e-05
4.75109e-05
0.000143224
0.000450826
4.66278e-05
2.80079e-05
7.27853e-05
0.00018192
5.12372e-05
0.000113853
0.000744936
0.00102482
4.49489e-05
4.64469e-05
0.000320282
5.72794e-05
0.000194919
0.00014499
0.000306657
2.80079e-05
5.3703e-05
2.80079e-05
2.80079e-05
6.55278e-05
5.64263e-05
2.80079e-05
4.64469e-05
0.000129566
7.57978e-05
0.000262407
0.000698944
2.80079e-05
0.00025295
2.80079e-05
9.18445e-05
4.58745e-05
9.56976e-05
0.000346807
5.57357e-05
0.00027684
5.88025e-05
0.00013073
0.000161591
0.000217291
0.000208298
0.000303004
4.07819e-05
2.80079e-05
0.000315891
0.000348458
3.49398e-05
5.44999e-05
9.29213e-05
2.80079e-05
0.000166317
0.000240671
2.80079e-05
0.000257554
9.85877e-05
0.000119453
0.000233634
0.000399002
0.000107764
0.000130549
0.000183415
0.000554261
2.80079e-05
7.00627e-05
0.000546179
7.02385e-05
0.000360458
0.000184065
0.000588425
0.000201937
0.000391845
0.00023857
5.93378e-05
0.000353325
0.00011916
0.000226274
0.00024741
0.000191914
4.18718e-05
0.000276671
0.000358335
8.99322e-05
8.33717e-05
0.000236003
0.00014872
0.000235329
0.000107876
3.49398e-05
4.18718e-05
0.000213644
3.72505e-05
0.000164093
0.000236737
0.000236529
0.000111481
0.000228434
0.000335865
2.80079e-05
3.72505e-05
0.000208104
0.000201223
5.61403e-05
0.000388062
0.000105848
0.000159427
7.40903e-05
0.000165514
8.74636e-05
4.64931e-05
5.89366e-05
5.25794e-05
2.80079e-05
7.47945e-05
0.000390847
7.92745e-05
0.000101195
7.95997e-05
0.000113569
0.000594944
2.80079e-05
5.57357e-05
0.000194992
0.000133998
9.36271e-05
2.80079e-05
0.000117749
9.51649e-05
2.80079e-05
0.000339103
0.000225507
8.01679e-05
4.73481e-05
0.000807963
6.85066e-05
0.00012304
0.000207455
0.000587709
0.000190871
2.80079e-05
2.80079e-05
6.39334e-05
0.000137825
0.000446587
0.000925674
2.80079e-05
0.000610325
6.60594e-05
2.80079e-05
0.000954267
0.000176103
2.80079e-05
0.000189414
2.80079e-05
4.18718e-05
0.000200925
2.80079e-05
0.000141885
0.000228122
2.80079e-05
6.20589e-05
2.80079e-05
0.000219043
0.000340343
4.79566e-05
4.18718e-05
0.000740628
0.000170488
0.000280989
0.000549746
0.000209626
0.000276647
0.000229961
8.7319e-05
5.5883e-05
0.000248702
0.000133757
0.000193312
0.000377837
0.000294066
0.000171628
2.80079e-05
0.000221651
6.06746e-05
0.000358013
6.27923e-05
2.80079e-05
0.000442083
0.00024391
0.00014223
0.000319485
4.07113e-05
4.64046e-05
0.000298031
0.000118049
3.72505e-05
3.59874e-05
0.000283368
0.000114933
0.00048667
0.00036332
4.77974e-05
4.18718e-05
2.80079e-05
0.00011396
0.000312712
0.000133001
2.80079e-05
8.6499e-05
0.000201056
2.80079e-05
4.31465e-05
0.000312735
5.96783e-05
0.000177558
0.00017746
7.58464e-05
0.00010867
0.000240185
0.000284853
0.000261054
0.000364727
0.000117269
0.000137258
0.00020693
0.000140777
2.80079e-05
0.0002313
0.000247599
4.18024e-05
5.45065e-05
4.53031e-05
8.77866e-05
0.000157444
0.000189395
0.000481315
4.33675e-05
0.000461139
8.2934e-05
3.49398e-05
5.7977e-05
0.000278302
0.000730589
0.000994409
0.000369382
9.42814e-05
2.80079e-05
3.72505e-05
0.000445576
0.000107565
9.5938e-05
0.000444538
2.80079e-05
2.80079e-05
0.000130042
0.00010987
0.000565573
9.78981e-05
0.000101174
6.09577e-05
0.000162068
2.80079e-05
0.000404329
0.000268135
0.000116465
0.000203389
0.000145636
0.000277008
0.000156479
3.72505e-05
4.18718e-05
6.5579e-05
7.95965e-05
0.00047779
0.000331848
8.36073e-05
0.000225857
0.000365114
0.000118971
0.000282266
6.40821e-05
0.000147673
0.000206033
0.000110695
0.000313779
0.000241497
6.70121e-05
0.000258632
0.000197416
0.000121737
6.44395e-05
0.000118547
0.000145347
0.000142225
0.000135059
2.80079e-05
0.000194865
9.53936e-05
0.000169888
0.000157891
2.80079e-05
0.00043165
0.000286285
0.000204107
2.80079e-05
0.000123922
0.000162406
0.000121662
5.2094e-05
4.63549e-05
0.00131523
0.000198895
7.88619e-05
0.000248794
5.9108e-05
0.000108539
6.97983e-05
7.80753e-05
2.80079e-05
0.000117555
0.000313266
5.92367e-05
0.000413919
8.21583e-05
0.00061635
0.000201095
0.000285027
4.18718e-05
0.00023445
0.000418822
2.80079e-05
0.000152413
2.80079e-05
0.00052605
0.000224514
0.000321728
2.80079e-05
5.13269e-05
8.05619e-05
0.00019908
0.000196056
0.000129924
0.000115254
2.80079e-05
2.80079e-05
0.000146656
0.00071859
0.000100422
0.000260491
8.72688e-05
2.80079e-05
0.000102169
0.000116955
4.26151e-05
2.80079e-05
3.72505e-05
0.000308751
9.19958e-05
0.000308983
0.000156066
0.000236656
2.80079e-05
7.22439e-05
2.80079e-05
4.53679e-05
0.000106007
0.00019122
0.000183936
9.16789e-05
4.97712e-05
0.000197553
0.000187213
0.000443732
0.000350236
5.51123e-05
0.000206466
5.83513e-05
0.000458146
0.000101707
0.000519473
2.80079e-05
0.000334145
2.80079e-05
0.000187425
0.000161324
0.0004529
0.000100265
0.000132543
0.000160733
0.000147163
0.000419002
0.000100781
0.000219986
0.000643981
0.000178507
0.000505487
0.000286883
8.64093e-05
0.000157308
0.00058751
0.00037538
0.00049759
5.48218e-05
0.000749671
8.45046e-05
0.000106325
0.0002185
6.35693e-05
0.000266066
7.29503e-05
3.72505e-05
0.000135455
0.000121866
0.000107402
0.000250399
9.42177e-05
0.000135484
0.000277865
0.000442729
9.03356e-05
0.000201849
0.000128001
0.000130586
0.000154826
0.000325514
2.80079e-05
6.07679e-05
7.58802e-05
5.43791e-05
3.72505e-05
2.80079e-05
3.49398e-05
7.15192e-05
7.99576e-05
0.000316817
0.000253557
0.000319148
5.44333e-05
8.20761e-05
0.000192139
0.000537578
0.000211786
0.000163528
2.80079e-05
0.000240788
0.000132965
0.000307027
0.000217459
0.000150631
0.000180622
0.000410656
0.000145495
6.26689e-05
0.000339663
0.000131535
5.57357e-05
2.80079e-05
2.80079e-05
0.000216521
0.000277628
0.000588669
0.00010339
0.000181291
0.000221627
0.000125799
2.80079e-05
2.80079e-05
0.000301037
0.000191731
4.46168e-05
0.000199508
0.00016711
4.12116e-05
0.000235837
2.80079e-05
8.55751e-05
0.000581772
0.000164626
0.000119349
0.000425468
0.00059416
0.000319039
0.000214609
0.000104042
0.000172713
6.22194e-05
0.00018097
0.000176373
0.000155117
0.00014324
5.9082e-05
0.000252473
5.46974e-05
0.000193319
0.000142303
0.000220612
3.49398e-05
0.000127726
0.000402361
0.000500745
2.80079e-05
4.89401e-05
2.80079e-05
0.000122904
0.000189011
0.00017486
4.18718e-05
0.000112758
0.000730209
3.49398e-05
0.000102716
0.000167661
0.000234322
0.000145495
0.000223042
3.72505e-05
0.000376957
0.000176207
2.80079e-05
4.42164e-05
0.000303739
8.01558e-05
6.41658e-05
4.74173e-05
6.17645e-05
3.72159e-05
0.000811875
4.87344e-05
0.000232505
2.80079e-05
3.49398e-05
4.31465e-05
0.000187734
2.80079e-05
0.000141235
0.000544585
0.000244131
0.00012371
0.000766684
7.9594e-05
5.22377e-05
4.80366e-05
0.000111527
0.000129114
0.000135398
0.000230302
0.000145531
0.000387891
0.000116085
0.000137468
2.80079e-05
0.000133808
2.80079e-05
2.80079e-05
0.000106691
2.80079e-05
5.26063e-05
4.99382e-05
0.000492866
2.80079e-05
0.000227084
2.80079e-05
8.18698e-05
0.000196298
0.000126939
0.000567413
0.000396976
0.00123687
4.41824e-05
0.000113579
0.000109905
4.17521e-05
0.000175272
2.80079e-05
0.000126851
0.000226509
4.66318e-05
0.000107749
3.72505e-05
0.000168336
0.000303305
9.52717e-05
2.80079e-05
2.80079e-05
6.70015e-05
9.51151e-05
0.000104149
0.00025877
0.000351377
9.19167e-05
2.80079e-05
4.18718e-05
0.000104831
0.00103648
0.000227222
4.18718e-05
2.80079e-05
0.000125042
3.72505e-05
0.000103973
0.000178028
0.000994624
2.80079e-05
2.80079e-05
6.75883e-05
0.000179387
7.38301e-05
0.000821752
0.000415905
0.000442817
0.000125893
0.000154951
0.000262844
0.000121519
0.000168123
0.000424988
5.64097e-05
0.000662618
0.00019999
4.03005e-05
0.000182447
0.000359842
0.000429549
6.37698e-05
9.38924e-05
0.000112589
2.80079e-05
0.000121712
2.80079e-05
4.87344e-05
3.72505e-05
6.30427e-05
0.00027239
0.000360918
0.00024745
0.000161949
0.000560143
0.000323469
2.80079e-05
4.93813e-05
9.65976e-05
6.3356e-05
2.80079e-05
2.80079e-05
2.80079e-05
0.000193782
0.000209726
0.000209892
8.07193e-05
0.000362236
4.02095e-05
9.56976e-05
6.72364e-05
0.000216229
0.000120259
0.000287839
0.00052402
0.00013819
0.000179747
2.80079e-05
2.80079e-05
0.000410691
0.000157623
0.000168373
8.25649e-05
0.00011545
0.00044349
6.00726e-05
0.000261778
0.000129059
0.00017269
0.000126512
5.68862e-05
0.000434775
6.14984e-05
2.80079e-05
0.000401763
9.31305e-05
0.000171982
0.000135057
0.000432
0.000419433
0.000593485
5.08418e-05
0.000173976
5.67054e-05
0.00107856
0.000281014
0.000113358
2.80079e-05
2.80079e-05
0.000359992
2.80079e-05
0.000303786
0.000161211
0.000217431
5.58605e-05
2.80079e-05
0.000210032
0.000417997
9.21124e-05
0.000168483
0.000206107
2.80079e-05
2.80079e-05
4.18718e-05
0.000220597
0.00012953
0.000171116
4.18718e-05
0.000106462
4.91389e-05
0.000301799
0.000155448
0.000217049
0.000178418
3.47128e-05
0.000391873
0.000154824
2.80079e-05
4.18718e-05
2.80079e-05
7.56714e-05
2.80079e-05
0.000155336
0.000856647
0.000372443
0.000112605
0.000124417
0.000157224
0.000244625
0.000389504
0.000201141
4.51981e-05
0.0002271
5.58605e-05
4.18718e-05
8.16987e-05
0.000147885
0.000615444
0.000359549
0.00014801
2.80079e-05
0.000116207
0.000358351
0.00085571
9.2798e-05
0.000139663
0.000164683
0.000258686
0.000592789
4.73592e-05
0.00107452
0.000165046
0.000273426
4.18718e-05
6.76019e-05
2.80079e-05
3.49398e-05
0.000222225
0.000381544
6.14298e-05
4.55885e-05
4.18718e-05
6.72301e-05
0.000185425
0.000118982
0.000243518
2.80079e-05
2.80079e-05
2.80079e-05
0.000632029
0.000365201
0.000276606
0.000739456
0.000526786
0.000161915
0.000105698
0.000163354
6.86859e-05
2.80079e-05
5.8088e-05
0.0003802
0.000688512
0.000302745
7.91313e-05
0.000196931
0.000494077
0.000266613
0.000177736
0.000127521
0.000264106
0.000285867
0.000257973
0.000665236
0.000318831
6.33701e-05
0.000106863
6.18126e-05
3.72505e-05
5.06869e-05
7.61552e-05
2.80079e-05
0.000104957
0.000175235
0.000633116
0.00021643
3.72505e-05
9.52047e-05
0.00020981
0.000402615
0.000120018
0.000555025
0.000117008
0.00018519
0.000354335
8.14242e-05
0.000190513
0.000870743
0.000641972
0.000218299
7.43872e-05
4.48191e-05
0.000102849
0.000373641
0.000443318
0.000362658
0.000584813
0.000223974
0.00101213
0.000150018
5.48712e-05
2.80079e-05
0.000278647
0.000132913
0.000197482
0.000329026
0.000312394
0.000125308
0.000175748
8.39432e-05
0.000190438
3.49398e-05
0.000120698
7.85406e-05
8.4335e-05
0.000166413
2.80079e-05
6.41183e-05
0.000233565
0.000504447
0.000152594
0.000493893
3.72043e-05
0.000492373
2.80079e-05
0.000141766
9.52772e-05
4.17099e-05
0.000202894
0.000214474
0.000243919
0.000361453
4.24796e-05
4.38279e-05
0.000124373
0.000558827
0.000343272
8.54193e-05
0.000212801
0.000143715
6.71892e-05
0.000223542
0.000492892
4.82595e-05
0.000528353
0.000228173
2.80079e-05
7.7008e-05
0.000217718
0.000296702
0.000277739
0.000129041
0.000328234
5.57669e-05
0.000229597
2.80079e-05
0.000189303
0.000180822
6.00665e-05
3.72505e-05
4.90846e-05
2.80079e-05
2.80079e-05
0.000483345
0.000179603
5.34062e-05
2.80079e-05
0.000256954
2.80079e-05
0.000174796
2.80079e-05
0.000127627
0.000598992
2.80079e-05
0.000154041
8.99018e-05
0.000131508
0.000404719
0.000144571
2.80079e-05
0.000252708
0.000254629
0.000138839
8.89903e-05
0.000224674
2.80079e-05
2.80079e-05
2.80079e-05
0.00057516
9.74835e-05
0.000136535
0.000463623
0.000162342
0.000598998
4.18718e-05
0.000296366
0.000108911
8.42354e-05
8.35363e-05
9.33648e-05
0.000357519
0.000121283
0.000285499
2.80079e-05
0.00013952
4.18718e-05
0.000590696
0.000113835
0.000101122
0.000464699
0.000562347
0.000294651
6.52587e-05
0.00011597
0.000131746
0.000147844
0.000637903
2.80079e-05
7.27502e-05
0.000437785
0.000329322
7.21499e-05
0.000234739
0.000268271
0.000960379
0.000166317
2.80079e-05
5.57357e-05
0.000125176
0.000534386
0.000226339
0.000257899
2.80079e-05
4.02583e-05
3.49398e-05
2.80079e-05
0.00115296
0.00033066
0.000260121
0.000718348
0.000332044
0.000354628
2.80079e-05
0.000193749
8.63051e-05
0.00139042
3.62985e-05
2.80079e-05
0.000250435
8.95345e-05
0.000181835
0.000264554
0.000404881
2.80079e-05
0.000196533
0.000108105
0.000126145
2.80079e-05
0.000285049
0.000127003
0.000261944
0.000246599
0.000236859
7.6237e-05
0.000354807
0.000322493
0.000403455
5.22653e-05
0.000133629
0.00052679
0.000215056
0.000245897
0.000297758
0.000111269
0.000157702
0.000523029
0.000152781
0.000205392
2.80079e-05
0.000117281
7.83418e-05
5.57357e-05
0.000420597
6.88495e-05
0.000247899
7.16528e-05
0.000430221
4.89428e-05
0.00042653
0.000231786
0.000177185
0.000144514
0.000104832
0.00094345
2.80079e-05
7.69646e-05
0.00017085
6.51556e-05
6.62512e-05
0.000243451
2.80079e-05
7.60678e-05
2.80079e-05
0.000186564
2.80079e-05
8.65618e-05
0.00029449
0.000124831
0.000579192
0.000167616
0.000116073
2.80079e-05
4.66318e-05
7.80054e-05
2.80079e-05
7.82572e-05
7.59143e-05
5.6424e-05
9.64724e-05
0.000139142
2.80079e-05
0.000248359
0.000217997
7.9899e-05
2.80079e-05
0.00016244
4.53679e-05
0.000421381
0.000240967
0.000189605
0.000314153
6.9036e-05
6.81332e-05
9.10742e-05
0.000194387
2.80079e-05
5.99636e-05
0.000314748
2.80079e-05
0.000402932
2.80079e-05
7.61281e-05
0.000401553
0.000215657
0.000787485
2.80079e-05
0.000331215
5.40486e-05
9.49572e-05
3.92592e-05
0.000169158
2.80079e-05
0.000183175
0.000220433
0.000132628
0.000565661
9.4232e-05
0.00036659
2.80079e-05
0.000153502
0.000169851
0.000205031
0.000272228
0.000113294
0.00028058
0.000338169
7.08258e-05
0.000255269
2.80079e-05
2.80079e-05
9.40604e-05
3.8943e-05
0.000895804
0.000165947
2.80079e-05
0.00030921
0.000353993
0.000216419
0.000377529
2.80079e-05
4.06891e-05
0.000258329
2.80079e-05
9.88875e-05
2.80079e-05
2.80079e-05
0.000117773
0.000122782
0.000124723
0.000306965
0.00013203
0.000188105
0.000222979
2.80079e-05
0.000191364
2.80079e-05
0.000437697
2.80079e-05
0.000338109
0.000709409
0.000105292
0.000455759
7.53714e-05
0.000102588
2.80079e-05
7.97555e-05
5.697e-05
0.000178826
2.80079e-05
0.000392052
5.57357e-05
4.39663e-05
9.54618e-05
5.57357e-05
0.000103487
0.000251853
2.80079e-05
0.000272266
7.95087e-05
0.00023027
7.12059e-05
0.000179672
2.80079e-05
0.000207236
0.000103618
0.000103415
0.000322089
0.000938022
3.26292e-05
0.000126141
0.000116553
2.80079e-05
0.000396134
0.000135008
0.000266287
0.000508329
0.000512269
5.72794e-05
0.00067453
7.56441e-05
0.000194197
0.000305078
8.31136e-05
0.000108703
0.000241868
0.000177278
0.000144554
0.000170816
2.80079e-05
0.000124613
8.1073e-05
0.000260642
0.000472675
2.80079e-05
2.80079e-05
0.000253472
0.000254037
2.80079e-05
0.000209162
0.000236409
9.91578e-05
2.80079e-05
0.000174465
0.000318349
0.000655094
0.000129601
2.80079e-05
0.000302335
0.000210795
0.00038065
0.000165228
0.000153891
0.000160363
0.000152969
0.000188179
0.000681386
0.00011484
2.80079e-05
0.000124332
0.000132561
2.80079e-05
0.000703325
7.49928e-05
0.000213436
3.8943e-05
9.44122e-05
0.000202985
0.00059718
0.00012547
0.000433739
2.80079e-05
0.000598387
7.00745e-05
2.80079e-05
0.000553212
0.000155126
2.80079e-05
0.000389471
6.59934e-05
0.000395368
0.000259068
0.000223215
2.80079e-05
3.9538e-05
2.80079e-05
0.0001888
0.000144364
0.000146291
0.000418493
2.80079e-05
8.73221e-05
0.000650477
0.000179175
0.000157465
0.000173327
0.000158607
3.49398e-05
0.000147358
2.80079e-05
4.10554e-05
4.18718e-05
5.1045e-05
0.000248159
7.68573e-05
0.000956258
0.000141898
0.000139782
0.000644381
0.000324241
9.70315e-05
2.80079e-05
9.81819e-05
0.000151612
0.000302282
0.000111604
0.000233041
2.80079e-05
0.00014425
9.91746e-05
7.16679e-05
0.000231867
0.000101788
0.000510396
0.000141724
0.000298306
0.000225962
2.80079e-05
2.80079e-05
9.88773e-05
0.000321105
0.000320684
0.000207109
8.62941e-05
6.80059e-05
6.39888e-05
0.00015682
0.000164432
2.80079e-05
0.000441309
0.000387005
0.000454669
0.000129044
0.000132861
0.000443738
2.80079e-05
5.35191e-05
4.43037e-05
0.000273685
2.80079e-05
0.000132833
0.000292161
0.000209081
0.000246044
0.000153453
0.000325272
2.80079e-05
8.01153e-05
0.000486074
0.000127778
0.000118539
2.80079e-05
0.000108321
0.00013295
8.73243e-05
2.80079e-05
9.71659e-05
2.80079e-05
0.000165767
0.000113086
7.31098e-05
2.80079e-05
7.61688e-05
5.12402e-05
0.000314671
0.000428814
0.000194661
4.18718e-05
0.000657492
8.24731e-05
4.26696e-05
0.000191233
5.4934e-05
4.0349e-05
0.000133753
5.65229e-05
4.49212e-05
0.000130864
2.80079e-05
0.000152893
9.92381e-05
0.000222533
0.000386841
5.16609e-05
2.80079e-05
0.000141716
0.000234158
0.000123325
0.00016961
2.80079e-05
0.000387562
4.78683e-05
0.000182838
0.000103016
0.000829575
0.000228771
4.17861e-05
0.000498168
3.72505e-05
0.000457023
0.000199888
0.000151184
2.80079e-05
8.05979e-05
7.57185e-05
0.000322995
0.000234531
9.89442e-05
8.55884e-05
2.80079e-05
0.000138281
0.000494345
5.35191e-05
0.000319943
0.000989549
8.82307e-05
0.000621131
0.00047033
0.000115295
0.00033508
0.000152527
2.80079e-05
0.0001251
2.80079e-05
0.000484884
0.00018223
0.000125169
0.000125074
2.80079e-05
0.000141529
2.80079e-05
0.000333333
9.89026e-05
0.000178429
2.80079e-05
0.000156119
0.000534505
0.000187006
3.72505e-05
2.80079e-05
2.80079e-05
8.5515e-05
0.000420588
2.80079e-05
0.000187668
0.000154842
2.80079e-05
0.000418974
0.000276142
7.45446e-05
4.68347e-05
0.000226173
0.000295718
4.74943e-05
0.000118252
7.72592e-05
0.000274821
4.48335e-05
6.17696e-05
0.000257615
2.80079e-05
0.000172271
0.000103076
9.11149e-05
0.000291023
4.64098e-05
3.72505e-05
0.000220186
6.58648e-05
0.000545786
0.000397827
0.000203374
2.80079e-05
0.000153333
6.99594e-05
5.4934e-05
0.000285153
0.000217103
7.97649e-05
5.12657e-05
0.000141131
0.000608192
7.1682e-05
2.80079e-05
0.000444076
0.000185696
2.80079e-05
0.000146826
4.80366e-05
2.80079e-05
9.38085e-05
0.000250852
0.000119677
2.80079e-05
0.000521838
0.000163361
0.000338436
2.80079e-05
0.00013043
2.80079e-05
0.00033585
0.00029462
4.52916e-05
0.00012681
0.000359655
0.000399509
0.000138281
0.000311311
4.2552e-05
2.80079e-05
0.000150361
0.000117491
0.000553576
2.80079e-05
0.000260591
0.000529296
0.000252553
0.0002087
2.80079e-05
0.000128999
0.000124299
0.000260135
0.0010731
0.000331108
0.00014317
0.00012511
0.000257469
0.000193572
2.80079e-05
0.00116405
0.000545329
0.000308171
3.72505e-05
5.87718e-05
0.000576205
0.000796191
2.80079e-05
8.65698e-05
7.11002e-05
0.00014736
0.000197167
0.000458091
0.000332779
0.000139457
0.000284481
4.69855e-05
0.000213419
4.90846e-05
0.000182138
0.000104278
0.000123425
0.000151241
0.000509044
4.49256e-05
0.000194921
0.000131157
6.67713e-05
7.82572e-05
3.26292e-05
8.44332e-05
0.000250132
2.80079e-05
0.000331395
9.00918e-05
7.95087e-05
2.80079e-05
0.000102315
2.80079e-05
0.000138576
0.000398294
6.14559e-05
0.000327993
9.94598e-05
0.00010323
0.000132257
0.000818939
7.62538e-05
6.16896e-05
0.000210547
2.80079e-05
0.000122182
2.80079e-05
0.000943779
5.08418e-05
0.000214825
0.000257327
4.18718e-05
3.26292e-05
0.000282445
2.80079e-05
2.80079e-05
0.000114454
6.90911e-05
0.000222818
0.00018465
0.000682177
2.80079e-05
0.000204297
2.80079e-05
0.000456687
2.80079e-05
9.73371e-05
5.83321e-05
0.00016133
8.69988e-05
0.000105416
0.000327755
0.000247351
5.52493e-05
0.000424466
0.00013266
2.80079e-05
2.80079e-05
6.83097e-05
0.000100524
8.53779e-05
0.00111417
2.80079e-05
0.00027242
4.87346e-05
2.80079e-05
0.000412283
5.57357e-05
5.81011e-05
6.96344e-05
5.10219e-05
0.000305894
0.000160411
2.80079e-05
0.000122841
2.80079e-05
6.74927e-05
6.95533e-05
0.000753084
3.72505e-05
4.14982e-05
0.000160828
2.80079e-05
8.39895e-05
0.000109299
9.04778e-05
0.000222212
0.00011704
2.80079e-05
0.000189169
0.000202798
0.00019325
0.000790754
0.000254268
7.26947e-05
0.000471765
0.000261531
0.000260358
0.000503197
2.80079e-05
3.72505e-05
0.000247858
7.37603e-05
0.00051784
0.000113865
2.80079e-05
0.00019985
0.000264544
0.00011816
0.000281036
0.000108851
4.77359e-05
0.000348948
0.000262715
2.80079e-05
2.80079e-05
5.11144e-05
4.18256e-05
0.000232489
8.79519e-05
0.000890248
3.72505e-05
0.000421397
9.48365e-05
7.91e-05
2.80079e-05
0.000326068
0.000102086
9.3084e-05
2.80079e-05
3.49398e-05
0.000164679
0.00139034
6.5003e-05
0.000210373
7.54131e-05
0.000194454
0.000108851
2.80079e-05
3.91327e-05
0.000237421
8.14816e-05
0.000292287
0.000146544
0.000251486
0.000205392
0.000172532
0.000722058
2.80079e-05
0.000460963
0.000305781
2.80079e-05
2.80079e-05
9.12658e-05
0.000194799
0.000118511
0.000152445
0.000111846
0.000248346
2.80079e-05
6.39541e-05
0.000256656
0.000470474
9.73178e-05
2.80079e-05
2.80079e-05
2.80079e-05
0.000124966
3.49167e-05
0.000134708
0.000120724
0.000201543
0.00013247
2.80079e-05
7.05135e-05
0.000134049
0.000198101
0.000159921
0.000111518
0.000469129
0.00012304
0.000275876
8.47347e-05
2.80079e-05
0.000262389
0.000576461
0.000288785
3.9538e-05
5.14709e-05
0.000231445
0.000256316
2.80079e-05
6.33403e-05
0.000562745
5.64437e-05
0.000111727
0.000366694
4.18256e-05
2.80079e-05
9.25012e-05
6.69007e-05
0.000117335
7.70007e-05
0.00049823
2.80079e-05
8.86705e-05
0.000640423
0.000530485
0.000156933
0.000137934
2.80079e-05
5.81438e-05
0.000224368
9.16401e-05
4.19973e-05
0.000133803
0.00022689
0.000118131
0.000402357
6.4828e-05
0.000369145
0.000609324
7.3463e-05
0.000127836
0.000273517
0.000130479
0.000620865
0.000147985
0.000308325
0.000160813
5.04918e-05
2.80079e-05
6.15922e-05
0.000253177
0.000229102
2.80079e-05
0.000205219
0.000171225
0.000132322
3.72505e-05
0.000484962
0.000165322
0.000104122
2.80079e-05
2.80079e-05
0.000152128
8.43882e-05
2.80079e-05
0.000322521
0.000100776
0.000229312
0.000336256
0.000124176
2.80079e-05
0.000431614
0.000362968
4.18718e-05
0.000220405
0.000361099
0.000394946
0.000221573
0.000220606
0.00046499
0.00141074
0.00012484
0.000488241
3.72505e-05
8.54632e-05
0.000196033
0.000168679
7.21785e-05
0.000299705
0.000319633
5.8481e-05
4.88037e-05
0.000203659
2.80079e-05
0.000246023
0.000104168
0.000149551
0.000311314
0.000112616
0.000239099
2.80079e-05
7.73107e-05
8.68191e-05
0.000696605
5.86312e-05
2.80079e-05
3.26292e-05
0.000131482
0.000295473
0.000225849
0.000426983
0.00113506
3.72505e-05
0.000577613
0.000116843
0.00014141
0.000229179
0.000142712
2.80079e-05
8.90572e-05
3.49398e-05
2.80079e-05
2.80079e-05
0.000112397
2.80079e-05
0.00011732
4.53031e-05
0.000148752
0.000186507
7.48049e-05
0.000310056
0.000309014
8.74077e-05
7.78332e-05
0.000177436
2.80079e-05
0.000416978
0.000271313
0.000396545
0.000213581
4.41824e-05
0.00151329
0.000174861
0.000454134
2.80079e-05
0.000126512
0.000286714
2.80079e-05
4.18718e-05
2.80079e-05
0.000193263
0.000451611
0.000673692
0.000111741
2.80079e-05
4.43379e-05
2.80079e-05
8.33632e-05
0.000103652
0.000124912
2.80079e-05
8.36968e-05
0.000316578
3.82643e-05
7.68078e-05
2.80079e-05
4.90874e-05
0.000184352
5.9782e-05
0.000340973
8.65011e-05
0.000164475
0.000126553
0.000149782
0.000188254
2.80079e-05
0.000126585
6.37329e-05
0.000274599
0.000605395
5.06579e-05
0.000221541
0.000987814
0.000385981
0.000190871
0.000294013
5.02376e-05
5.93643e-05
0.000536299
0.000380985
9.72852e-05
0.000186487
0.000339521
0.000124209
0.000288073
0.000151572
8.66766e-05
0.00118723
0.000310126
0.000131655
0.000274606
7.84595e-05
0.000301538
0.000131393
0.000432616
2.80079e-05
6.59934e-05
0.000124723
0.000164229
0.000416066
0.000447292
0.000240956
9.91578e-05
0.000181839
4.01697e-05
0.000134668
0.000416456
4.69101e-05
0.000271713
0.000284466
0.000161403
0.000208183
0.000207704
0.000444828
9.37996e-05
4.18718e-05
2.80079e-05
0.000329681
5.48821e-05
0.000152129
0.000129202
0.000100212
0.00119757
2.80079e-05
2.80079e-05
0.000259582
0.000372629
0.000288299
0.000275643
0.000101009
0.000417204
2.80079e-05
0.000305411
3.26292e-05
0.000163874
8.0249e-05
0.000241784
3.73599e-05
0.000310079
3.69779e-05
2.80079e-05
0.000256422
0.000574957
6.24597e-05
0.000142476
0.00094846
7.92342e-05
0.000245453
5.28623e-05
0.000300275
0.000248989
3.9004e-05
2.80079e-05
4.21226e-05
0.000315922
3.72505e-05
0.000800926
0.000548883
0.000184548
0.0005477
0.000161273
4.34529e-05
0.000247782
0.000144047
0.000139644
3.72505e-05
0.000299608
7.64042e-05
9.71082e-05
0.000107848
0.00018472
0.000117589
0.000397574
0.000346964
0.000189513
5.68332e-05
3.35534e-05
2.80079e-05
0.000532525
0.000216696
0.000202452
6.02807e-05
0.00022748
0.000235199
0.000206533
0.000142865
2.80079e-05
0.000649311
0.000541886
5.22376e-05
2.80079e-05
3.72505e-05
6.4658e-05
0.000511553
4.17955e-05
0.000381886
5.10669e-05
2.80079e-05
2.80079e-05
2.80079e-05
0.000198571
3.72505e-05
4.18718e-05
8.25649e-05
0.000243416
2.80079e-05
3.72505e-05
7.29562e-05
0.00072572
2.80079e-05
0.000163034
0.000483698
2.80079e-05
0.000116934
0.000319803
0.000276671
0.000370458
6.37362e-05
0.000219779
0.000123762
0.000470467
7.59274e-05
0.000203848
0.000250192
0.000125232
5.30979e-05
0.000193307
2.80079e-05
0.000199534
0.00010164
0.000228273
0.000144965
0.000156644
2.80079e-05
3.9004e-05
0.000166317
0.000312238
8.64002e-05
2.80079e-05
4.58499e-05
0.000172884
2.80079e-05
2.80079e-05
0.000184021
0.000194469
0.000122794
0.000183823
0.000802743
5.84019e-05
4.14659e-05
5.26076e-05
0.000353362
0.000110838
0.000145352
0.000177671
2.80079e-05
0.00021993
5.57357e-05
0.000687255
0.000289743
0.000221284
0.000164047
0.000620166
2.80079e-05
0.000708123
0.00021846
9.87889e-05
2.80079e-05
5.2094e-05
0.000372794
0.000128578
0.000654303
0.000180553
0.000136888
0.000216056
0.000160228
5.99636e-05
7.2682e-05
0.000272594
7.9244e-05
0.000476678
2.80079e-05
0.00047806
0.000177497
4.18718e-05
2.80079e-05
9.13211e-05
4.20191e-05
9.84246e-05
0.000307289
0.000195673
5.57894e-05
0.000135671
0.000849574
7.11002e-05
4.31897e-05
0.000261553
0.00056127
6.95996e-05
8.59146e-05
0.000567659
0.000122344
0.000445474
0.000350287
0.00140146
2.80079e-05
0.000236165
0.000269516
2.80079e-05
0.000269827
6.61344e-05
8.93535e-05
2.80079e-05
5.12657e-05
0.000362613
0.000104431
9.74321e-05
0.00034181
0.000750088
0.000229857
0.000282851
0.000560179
0.000648457
0.0001287
0.000349258
0.000978628
2.80079e-05
7.28773e-05
0.000150018
2.80079e-05
9.73566e-05
0.000421983
2.80079e-05
6.18498e-05
0.000193663
3.72505e-05
0.000308247
0.000286924
0.000113906
0.000137431
0.00013727
4.18718e-05
2.80079e-05
0.000679118
3.35534e-05
0.000360113
9.50048e-05
2.80079e-05
2.80079e-05
0.000164679
2.80079e-05
0.000176333
3.72505e-05
0.000245326
0.000427839
0.000485259
0.000138911
0.000307161
0.000263837
8.71138e-05
6.47628e-05
0.000333306
0.00068983
4.27719e-05
0.000106194
0.000120393
2.80079e-05
0.000418851
9.13211e-05
4.98784e-05
7.05402e-05
0.000526944
0.000372632
2.80079e-05
0.000693681
0.000371991
0.000181601
2.80079e-05
4.46489e-05
0.000564205
6.86972e-05
8.65698e-05
6.65685e-05
0.000469821
2.80079e-05
0.000103228
4.18718e-05
2.80079e-05
0.000138027
0.000293481
8.1431e-05
0.000179556
2.80079e-05
6.48858e-05
3.72505e-05
0.000366889
6.48858e-05
7.91221e-05
0.000281104
0.000519162
0.000103507
0.000396309
0.000304119
6.44358e-05
0.000196029
0.00023412
0.000188512
0.000100305
0.00016729
0.000238677
6.73006e-05
6.47321e-05
0.000697842
2.80079e-05
4.41824e-05
0.000143396
0.000234901
0.000219485
8.30125e-05
0.000440583
0.000103913
0.000117503
0.00022569
6.48858e-05
6.85668e-05
0.000125604
0.000151719
0.00050777
0.000328067
0.000251387
0.000277272
0.000125382
2.80079e-05
0.000318825
8.63051e-05
0.000139766
0.000475236
0.000756162
0.000193424
0.00101434
0.000169116
9.66414e-05
2.80079e-05
6.38688e-05
7.41358e-05
7.0051e-05
2.80079e-05
0.000457707
4.14982e-05
0.000653232
2.80079e-05
0.000337787
2.80079e-05
0.000219803
0.000396498
0.000198728
0.000237633
0.000141888
5.38655e-05
0.000553735
0.000118269
7.95745e-05
0.000292974
0.000485368
0.000220392
0.00069018
0.000122226
2.80079e-05
7.63288e-05
0.000116003
0.00032994
9.79077e-05
2.80079e-05
0.00274733
0.000644512
4.647e-05
0.000143656
4.53205e-05
8.98246e-05
0.000467042
6.81577e-05
2.80079e-05
0.000179942
7.08258e-05
0.000320814
2.80079e-05
2.80079e-05
2.80079e-05
0.000520132
0.00127888
0.00029526
2.80079e-05
0.000656994
0.000357453
2.80079e-05
5.11247e-05
0.000200679
0.00022905
0.000151836
0.000455956
0.0008301
6.95996e-05
0.000154875
9.23429e-05
9.1267e-05
0.000225444
2.80079e-05
2.80079e-05
0.000102833
0.000604963
2.80079e-05
5.58605e-05
9.41758e-05
0.00038003
0.000201149
0.000428247
7.62077e-05
0.000228272
0.000351213
0.000274832
4.84076e-05
4.03005e-05
0.000316731
4.47393e-05
0.000437302
2.80079e-05
0.000226173
0.000520347
0.000609299
5.29838e-05
0.000109893
0.000325099
0.000220075
0.000203353
0.000231927
2.80079e-05
0.000240635
0.000298517
0.000220534
0.000357355
0.0008627
0.000376982
0.000176377
0.000338621
8.23925e-05
0.000172424
0.000118685
8.39392e-05
3.99918e-05
0.000200531
0.000182411
0.000427811
0.00029959
0.000379644
0.000205067
6.58386e-05
2.80079e-05
0.00034194
0.000408472
0.000242722
9.26989e-05
0.000158759
0.000131267
0.000274614
0.000126381
0.000290559
0.000139035
0.000137773
0.000121115
0.000381156
0.000312977
0.000143302
0.000127767
0.000122162
0.000291623
0.000228274
0.000158849
0.000127089
0.000118269
0.000222074
2.80079e-05
0.000637538
5.06579e-05
7.04387e-05
2.80079e-05
0.000448728
0.000285834
0.00013398
0.000378135
0.000136585
0.000344302
6.3431e-05
0.000132674
0.000166802
0.000345061
3.35534e-05
6.71505e-05
0.000165168
0.000381249
0.000222835
2.80079e-05
0.000126638
0.000345548
0.000131675
0.00033845
0.000286551
0.000824005
9.22533e-05
4.94825e-05
0.000331279
4.73997e-05
0.000384052
0.00015269
0.000143604
7.95105e-05
2.80079e-05
2.80079e-05
0.000137015
0.000329918
2.80079e-05
0.000110527
0.000221201
0.000210246
0.000679593
5.90138e-05
0.000389087
0.000191772
3.35534e-05
0.000182124
0.000479629
0.000173918
0.000394055
0.000489469
0.000543343
2.80079e-05
0.000478478
2.80079e-05
2.80079e-05
0.000718419
2.80079e-05
