0.99
0.000186027
0.000181507
0.000132717
1.71488e-05
9.56162e-05
0.000293637
6.23707e-05
0.000106147
0.000245851
0.000101578
0.000195094
4.69005e-05
0.000160161
5.85912e-05
5.44432e-05
0.000197573
2.24436e-05
3.76121e-05
0.000389029
0.000116883
0.000117617
1.96911e-05
1.71488e-05
0.000224262
0.000216517
5.19023e-05
2.98817e-05
8.47456e-05
0.000226527
5.39311e-05
6.96403e-05
0.000979001
2.28079e-05
0.000104345
0.000116356
0.000181578
6.95622e-05
0.000147502
0.000295526
2.74393e-05
0.000178318
0.000268256
0.000305269
0.000359161
9.11292e-05
0.000317242
2.27937e-05
0.000231233
6.25123e-05
6.29872e-05
0.000716979
0.000315247
5.18253e-05
0.000227768
8.57434e-05
0.000249916
6.13605e-05
8.22124e-05
0.000422959
0.000120331
3.67095e-05
0.000220619
0.000185069
2.82387e-05
0.000212038
0.00021677
9.42491e-05
0.000170861
0.000112276
0.000171934
0.000187414
1.71488e-05
5.4855e-05
4.61289e-05
1.71488e-05
0.000350603
1.71488e-05
0.00029989
5.98588e-05
0.000156173
0.000314372
1.71488e-05
0.000394184
0.000728155
2.56374e-05
0.000111435
0.00044017
5.13621e-05
0.000116082
0.000125252
1.71488e-05
7.05569e-05
0.000127984
0.000226201
0.000133992
0.000285059
5.03801e-05
0.000234058
4.88797e-05
1.71488e-05
0.00016109
4.99516e-05
9.26106e-05
0.000168233
0.000627667
0.000147765
3.4126e-05
0.000595096
0.000208748
0.000142667
8.45678e-05
0.000112452
0.000254903
2.28079e-05
0.000242459
1.71488e-05
6.37257e-05
0.000137529
8.49282e-05
6.58515e-05
5.70456e-05
8.47758e-05
0.000144646
8.63638e-05
5.28024e-05
5.81923e-05
9.06307e-05
0.000307899
1.71488e-05
9.81308e-05
0.000138183
0.000182474
8.36415e-05
0.000235255
0.000121377
7.33693e-05
0.000347687
7.38302e-05
8.40247e-05
0.000172828
1.71488e-05
9.17694e-05
0.000103793
6.24852e-05
0.000387451
0.000134738
0.000212065
0.00013736
0.000101387
0.000302853
9.43086e-05
0.000437264
3.74158e-05
0.000533451
0.000373221
0.000217458
6.2764e-05
5.81923e-05
5.98265e-05
1.71488e-05
1.71488e-05
0.000241184
0.000176974
0.000120873
0.000192375
2.71894e-05
0.000271999
0.00041788
4.00597e-05
4.25298e-05
0.000129606
0.00108687
3.12965e-05
0.000281562
0.000109358
0.000185658
0.000119576
0.000203315
6.63072e-05
0.000115667
5.46802e-05
0.000304105
0.000105786
0.000584335
0.000189713
0.000106514
9.50971e-05
1.71488e-05
0.000927815
0.000160695
0.000127457
1.71488e-05
0.000235557
0.000129455
4.33514e-05
0.000126874
2.61892e-05
7.04944e-05
0.000217342
0.000178691
0.000131152
2.62028e-05
3.67095e-05
0.000182173
0.000296065
1.71488e-05
0.000118948
0.000265257
0.00010257
1.92709e-05
9.46228e-05
0.000108048
9.0575e-05
9.76007e-05
0.000307162
0.000278441
0.000294382
0.000116386
0.000175798
0.000131208
0.000348498
6.06431e-05
8.63913e-05
0.000110566
0.000345658
0.000127804
1.71488e-05
1.71488e-05
0.000135746
4.20496e-05
1.71488e-05
0.000187965
4.68773e-05
0.000476457
4.46281e-05
0.000224077
0.000758018
6.15477e-05
5.44201e-05
0.000276717
0.00024241
3.71038e-05
0.000521606
2.05442e-05
0.000117119
4.13044e-05
0.0001425
0.000261704
8.46054e-05
0.00012483
2.05442e-05
5.66006e-05
1.71488e-05
0.000489372
0.000554364
1.71488e-05
0.000216823
0.00014588
0.000361218
0.000336815
9.42108e-05
0.000129645
1.71488e-05
1.71488e-05
0.000174282
2.51956e-05
0.000184452
2.66623e-05
6.8769e-05
0.000173843
0.000116276
0.000191388
1.71488e-05
0.000111435
0.000167578
1.71488e-05
0.000121778
0.000157601
0.000273648
0.000537723
2.56374e-05
0.000222685
4.6016e-05
0.000158139
0.000204221
0.000139713
6.73416e-05
0.000291571
0.000338713
0.000194794
3.27459e-05
0.000173666
0.000140244
7.71304e-05
0.000275229
4.45124e-05
0.000105227
1.71488e-05
4.05631e-05
0.000189285
0.000130974
0.000158256
8.9025e-05
0.000314887
0.000260125
5.18036e-05
1.71488e-05
0.000208087
0.000165898
1.71488e-05
0.000129735
1.71488e-05
4.09369e-05
0.000130956
4.14447e-05
0.000124059
3.75215e-05
3.12965e-05
5.76408e-05
2.27309e-05
6.87908e-05
0.000149027
7.10583e-05
2.5777e-05
5.52909e-05
7.92607e-05
0.00019323
0.000158664
0.000122746
0.000137739
1.71488e-05
5.79178e-05
1.71488e-05
2.56374e-05
0.000442516
0.000247915
5.65538e-05
1.71488e-05
3.57053e-05
0.000360705
0.000144054
8.18514e-05
0.000219952
0.000335096
0.000201447
0.000318606
0.000312875
7.71301e-05
0.000427226
0.000575584
0.000295813
5.13033e-05
0.000241955
0.000177697
0.000350067
7.06614e-05
0.000250768
5.24765e-05
0.000182596
0.000158698
1.71488e-05
6.43182e-05
0.000256607
1.71488e-05
0.000245901
0.000405917
6.59312e-05
2.66917e-05
7.2496e-05
0.000152731
0.000365692
1.71488e-05
0.000218309
7.07394e-05
0.000126226
0.000211521
0.000161108
4.47625e-05
4.55692e-05
4.46675e-05
0.000175202
9.59258e-05
0.000185976
7.96347e-05
4.49916e-05
0.000367126
0.000211189
3.84622e-05
1.71488e-05
0.000486534
0.000228877
0.000175595
0.000123442
1.71488e-05
0.000185301
0.000218385
7.50487e-05
0.000237312
3.55514e-05
1.71488e-05
0.000209951
2.9638e-05
0.000323658
9.74572e-05
1.71488e-05
0.000281794
7.63083e-05
0.000192867
6.72418e-05
4.47156e-05
0.000236976
1.71488e-05
0.000192132
1.71488e-05
1.71488e-05
0.000106449
0.00017493
0.000273207
3.08014e-05
0.00017006
0.000223019
0.000602676
0.000245512
0.000112452
2.29527e-05
0.000155372
0.000137351
0.000246084
0.000143054
1.71488e-05
0.000243284
1.71488e-05
3.92079e-05
0.000138904
3.532e-05
0.000131107
0.000121363
0.000421566
0.000440954
0.000274182
0.000109429
3.25124e-05
1.71488e-05
0.000501218
0.00019884
0.000356948
0.000601348
6.67259e-05
3.37971e-05
0.000116548
0.000114824
0.000354438
0.000138266
9.78889e-05
8.77395e-05
0.000548095
0.000448384
0.000104821
5.80991e-05
0.00014112
0.00011492
0.000214718
0.000375676
0.000214956
4.13268e-05
3.06008e-05
0.000199903
4.30562e-05
3.58222e-05
0.000430034
1.71488e-05
0.000118589
5.51019e-05
0.000415224
0.000531051
9.6785e-05
0.000209453
0.000176113
0.000258698
9.02735e-05
0.000453376
0.000476408
0.000113749
6.13645e-05
0.000318828
9.88567e-05
6.26138e-05
7.66875e-05
0.000128242
0.000272028
9.57268e-05
0.000156513
5.00031e-05
5.2817e-05
0.000122927
5.6818e-05
0.000183832
0.000359869
4.15248e-05
1.71488e-05
0.000193324
0.000240605
0.000427898
6.07428e-05
7.25499e-05
9.7934e-05
1.71488e-05
5.9649e-05
0.000261102
5.90299e-05
0.000170742
0.000244528
0.000438601
0.000231505
0.00012964
0.00023567
0.000200439
0.000130725
0.00015388
1.71488e-05
4.94211e-05
0.00020398
0.000344563
7.73997e-05
0.000125295
1.71488e-05
0.000250311
0.000105421
0.000399844
0.000130552
8.36829e-05
1.71488e-05
1.71488e-05
7.13486e-05
1.71488e-05
0.000183897
0.00021248
4.6022e-05
0.000255955
6.76113e-05
0.000226869
1.71488e-05
0.000132503
0.000517282
0.000310083
0.000336524
0.000710786
1.71488e-05
0.000122841
0.00024997
3.6429e-05
0.000162366
0.000325511
0.000140689
0.000174113
8.95386e-05
2.69491e-05
1.71488e-05
0.000121468
6.99564e-05
7.56423e-05
2.05442e-05
0.000220042
0.000189527
6.77075e-05
0.000371362
0.000169462
5.54559e-05
0.000155689
1.71488e-05
9.99143e-05
0.000133199
0.000324186
2.28079e-05
0.000101597
4.55356e-05
0.000437492
0.000161329
0.000123229
7.30928e-05
0.000569873
9.28648e-05
3.31561e-05
2.49592e-05
9.93319e-05
1.71488e-05
0.000128854
1.71488e-05
3.99335e-05
8.91663e-05
0.000156672
1.71488e-05
0.00102722
0.000321213
0.000308774
0.000150965
4.743e-05
0.000147335
2.62373e-05
0.000135121
6.10889e-05
0.000524163
1.71488e-05
0.000494778
7.97168e-05
6.85894e-05
0.000277625
7.37296e-05
6.10558e-05
4.19602e-05
3.48894e-05
0.000107506
0.000121844
0.000142496
6.40505e-05
0.000333089
3.22164e-05
0.000142863
4.13044e-05
0.000201743
5.98345e-05
2.97101e-05
0.000243984
0.000114198
4.82777e-05
5.98984e-05
0.000180525
0.00011501
0.000114789
9.87565e-05
7.53744e-05
0.000341971
2.60798e-05
3.55633e-05
0.000275481
0.000228314
0.000281623
0.000104484
0.000189273
0.000226758
2.20934e-05
3.63052e-05
0.000258284
0.00016418
1.71488e-05
0.000383759
1.71488e-05
0.000396309
9.26005e-05
0.000134439
0.000245404
1.71488e-05
2.81928e-05
4.54728e-05
0.000653114
0.00022014
0.000822014
0.000104298
6.57376e-05
5.54591e-05
2.73182e-05
0.000497477
0.000232122
0.000149201
0.00020222
0.000346188
0.000126819
0.000173696
0.000142999
0.000105526
8.70134e-05
0.000116222
0.000570406
0.000571874
0.000462754
0.000395423
0.0001973
0.000130426
0.000215496
1.71488e-05
0.000378879
0.000134807
0.000134568
0.000239703
0.000330883
1.71488e-05
1.71488e-05
4.67545e-05
0.0014343
0.000290176
3.80757e-05
0.000274105
4.29731e-05
8.25792e-05
0.000170092
0.000243062
0.000374103
8.84068e-05
9.83118e-05
0.000285249
0.000203491
0.00031525
0.000495826
0.000119266
0.00015965
0.000301301
0.000117736
5.50207e-05
2.394e-05
1.71488e-05
0.000179329
1.71488e-05
0.00037964
0.000343812
7.84154e-05
5.05791e-05
0.000113379
0.000276984
8.75969e-05
0.000252202
0.000155757
0.000346931
0.000308139
9.60587e-05
0.000438778
0.000124158
0.00027306
5.14129e-05
0.00011461
0.000273386
0.000105488
0.0003461
2.51956e-05
7.19861e-05
0.000424313
0.000133047
0.000168367
0.000533946
0.000130084
3.10122e-05
1.71488e-05
0.000285289
0.000176488
7.08848e-05
8.89695e-05
1.71488e-05
0.00016149
0.00035346
0.000144795
2.39057e-05
2.56374e-05
0.000143908
4.24719e-05
0.000525218
0.000478749
0.000282082
0.000253065
2.56091e-05
0.000499771
0.000117298
0.000416564
0.000127788
1.71488e-05
6.40796e-05
1.71488e-05
1.71488e-05
0.000196215
0.000110924
9.67929e-05
0.000179933
0.00038569
8.82106e-05
7.70781e-05
0.000217886
5.1498e-05
0.000224228
0.000399771
7.6978e-05
0.000277699
0.000216357
0.0010267
7.284e-05
4.92787e-05
0.000649722
9.58168e-05
0.000133757
9.02384e-05
0.000254201
6.68087e-05
0.000102866
5.97148e-05
4.95401e-05
1.71488e-05
0.000419291
0.000228747
1.71488e-05
5.55462e-05
0.000199408
1.71488e-05
0.000211665
0.000465197
9.96863e-05
9.37034e-05
7.49992e-05
0.000202655
0.000218007
0.000134035
1.71488e-05
0.000100688
0.000338745
0.000243442
2.13931e-05
0.000243905
1.71488e-05
0.000151085
0.000197511
0.000104409
8.22404e-05
4.87987e-05
3.12965e-05
0.000167007
0.000303564
0.000143467
0.000129562
0.00013568
7.77304e-05
3.50669e-05
0.000197227
0.00011669
1.71488e-05
0.00022274
3.84205e-05
0.000347346
0.000235144
0.000139319
8.00672e-05
2.28079e-05
0.000748079
7.94021e-05
7.6929e-05
0.000473135
0.000120148
8.94982e-05
0.000439466
4.46223e-05
0.000356987
3.98848e-05
5.69439e-05
8.17688e-05
4.95548e-05
8.8608e-05
0.000158973
0.000421318
6.14996e-05
0.000178272
0.000114634
0.000150114
4.9057e-05
0.000325611
0.000175381
1.71488e-05
6.34067e-05
0.000217342
8.60831e-05
0.000118799
5.98218e-05
0.000132676
0.00020808
0.000300655
4.6638e-05
6.4761e-05
2.56374e-05
0.000430124
1.71488e-05
0.000232197
0.000170785
0.00033456
0.000463796
0.000186718
4.53604e-05
7.67512e-05
0.000357677
0.000183788
0.000218509
0.0001338
7.65919e-05
0.000401804
3.22601e-05
4.06266e-05
0.000133515
0.000253744
7.05703e-05
0.000617809
0.000156081
4.87611e-05
1.71488e-05
7.65052e-05
0.000624112
2.23126e-05
0.000152416
0.000125361
2.28079e-05
4.50164e-05
0.000570355
4.30801e-05
0.000104049
0.000200796
0.00035579
0.000147334
0.000114129
0.00019413
0.000823611
0.000229289
9.34819e-05
7.89669e-05
0.000384855
0.000537531
3.43658e-05
0.000415705
0.000418522
0.0001458
1.71488e-05
4.19529e-05
0.000400168
1.71488e-05
7.00099e-05
0.000365474
3.1297e-05
3.65611e-05
3.76993e-05
0.000131523
0.000570962
0.000275501
0.000317944
0.000126235
0.000146247
0.000146627
9.16606e-05
0.000520964
7.96049e-05
0.000245156
0.000154696
0.000111281
0.000675752
5.51091e-05
8.8326e-05
0.000160364
5.5024e-05
0.000419318
0.000143184
0.000133805
5.3614e-05
4.27856e-05
0.000127623
5.57617e-05
2.05442e-05
0.000661288
0.00034397
0.000143862
0.000248549
0.000183176
3.35598e-05
0.000208528
3.85345e-05
0.000113916
0.000122532
0.000108106
0.000249408
0.000132284
5.55862e-05
1.99783e-05
0.000173162
6.15545e-05
0.000314946
1.71488e-05
0.000205157
1.71488e-05
3.57782e-05
0.000298789
0.000249929
1.71488e-05
4.481e-05
7.81459e-05
0.000149602
0.000127903
0.000706067
0.00037934
0.000108362
4.38607e-05
4.80482e-05
0.000107792
0.000324298
0.000142391
0.000247108
0.000250228
0.000175652
3.41258e-05
0.000301289
0.000170243
2.28079e-05
8.86545e-05
0.000280599
0.000118367
5.06154e-05
2.49592e-05
5.04278e-05
0.000108356
0.000113144
2.28079e-05
1.71488e-05
0.00019589
8.4481e-05
0.000497524
3.94792e-05
0.000109791
0.000112499
0.000113179
0.000353809
8.79526e-05
8.06547e-05
0.000406345
0.000193355
0.000155482
7.94289e-05
8.9068e-05
0.000613621
8.61581e-05
1.71488e-05
0.00022022
0.000148904
7.63788e-05
0.000166782
0.000129181
0.000205175
0.00010672
5.71946e-05
0.000171752
0.000465964
1.71488e-05
1.71488e-05
0.000158252
3.78312e-05
1.71488e-05
8.89198e-05
1.71488e-05
0.000116123
0.00034513
0.000206862
0.000101241
9.86013e-05
1.71488e-05
4.67629e-05
4.46971e-05
2.16647e-05
2.56374e-05
0.000338102
0.000118547
0.000213031
0.000216358
7.00221e-05
5.44209e-05
1.71488e-05
4.25028e-05
0.000323343
8.13891e-05
2.05442e-05
0.000224421
0.000396078
0.000114101
7.31527e-05
0.000337163
0.000167428
0.000118847
0.000164072
3.4126e-05
0.000488093
6.26302e-05
9.50078e-05
1.71488e-05
0.00014792
2.27309e-05
1.71488e-05
1.71488e-05
1.71488e-05
0.000141875
0.000198042
0.000218782
0.00011884
8.74527e-05
8.6602e-05
1.71488e-05
5.82943e-05
0.000301828
5.91608e-05
0.000128035
2.84669e-05
0.00110827
0.000236914
5.69824e-05
0.00011478
0.000139559
0.00030227
3.67658e-05
0.000180213
2.28079e-05
0.000187065
0.000221611
5.62048e-05
1.71488e-05
0.000202115
0.00014714
1.71488e-05
8.73028e-05
0.000163456
1.71488e-05
4.95189e-05
0.000274051
6.63705e-05
3.90712e-05
2.13931e-05
5.59623e-05
4.77582e-05
9.50381e-05
0.000114508
0.000155763
1.71488e-05
6.10212e-05
0.000106585
1.71488e-05
0.000224448
4.09451e-05
0.000115521
1.71488e-05
0.000104081
0.000106137
0.000359482
0.000328826
9.68978e-05
0.000150247
1.71488e-05
0.000117953
0.000126117
0.000352902
1.71488e-05
0.000163386
8.69551e-05
0.000373278
1.71488e-05
0.000163428
0.000258679
0.000196312
0.000357429
5.89719e-05
0.000266772
1.71488e-05
8.44913e-05
7.75231e-05
0.000135407
0.000169841
0.000790052
0.000127786
5.67072e-05
0.000201012
2.52534e-05
2.28079e-05
7.72301e-05
9.86118e-05
0.000151642
0.000472689
0.000157383
0.000500462
0.000222092
6.97329e-05
0.000154593
1.71488e-05
0.00020881
6.06685e-05
7.08818e-05
0.00024095
0.000177154
5.89719e-05
0.000180266
0.000206103
8.29345e-05
4.29641e-05
5.42862e-05
1.71488e-05
0.000236656
0.000203116
2.24436e-05
8.91844e-05
5.53699e-05
0.00020753
0.000165423
1.71488e-05
0.000222828
7.11802e-05
0.000331349
3.55458e-05
0.000187235
2.05442e-05
6.76393e-05
0.000119814
0.000154662
0.000453167
4.80724e-05
0.000347338
6.83777e-05
3.13044e-05
1.71488e-05
0.000131883
0.00015702
0.000145653
1.71488e-05
9.79907e-05
9.51804e-05
0.000290008
0.000472398
2.41698e-05
0.000391149
5.17618e-05
0.000290393
0.000555347
1.71488e-05
9.90774e-05
0.000225441
0.000227309
0.000227944
0.00116473
0.000292088
0.000114983
5.17725e-05
0.000114255
0.000153045
0.000155915
0.000205856
0.000515377
8.60657e-05
0.000465602
0.000114798
5.5553e-05
1.71488e-05
0.000194614
0.000162257
0.000153845
5.72046e-05
0.000400398
1.71488e-05
0.000156739
8.65633e-05
1.71488e-05
0.000133012
6.31121e-05
0.000225108
0.000432502
7.02074e-05
0.000321971
0.000269255
0.000165123
1.71488e-05
1.71488e-05
8.40245e-05
1.71488e-05
8.79332e-05
0.000208688
6.77386e-05
0.000174656
0.000292755
0.000131323
3.9727e-05
0.000157755
0.00027867
6.23993e-05
9.73604e-05
0.000191369
0.000129178
0.00020085
0.000160251
1.71488e-05
0.000104912
0.000279706
0.000118945
0.000176775
9.40815e-05
8.74317e-05
0.000178044
5.12815e-05
7.1282e-05
9.54813e-05
0.000170141
1.71488e-05
2.31308e-05
4.02114e-05
6.38633e-05
5.05997e-05
0.000364335
9.03027e-05
0.00028227
0.000275968
0.000522166
0.000156508
0.000479665
7.26452e-05
3.61308e-05
8.44913e-05
0.000201322
0.000294705
9.37511e-05
5.61681e-05
4.15127e-05
0.000674636
9.01184e-05
0.000142011
0.000281099
0.000119861
0.000239247
6.32296e-05
5.34782e-05
1.71488e-05
0.000127679
4.33234e-05
0.000149059
0.000138206
0.000369053
9.50037e-05
9.27086e-05
8.79664e-05
7.74752e-05
0.000385436
7.50306e-05
2.7144e-05
2.56374e-05
1.71488e-05
0.000372719
6.68209e-05
4.16563e-05
4.13268e-05
8.92629e-05
0.000103952
0.000340198
5.8248e-05
0.000192848
0.000152345
0.000146933
8.53367e-05
0.000437353
7.13486e-05
4.67669e-05
0.000139411
0.000182735
2.86579e-05
0.000103022
0.000277665
4.07436e-05
4.22104e-05
0.000141198
0.000175507
0.00104182
0.000242782
0.000203486
2.79656e-05
2.28079e-05
0.00015707
1.71488e-05
1.71488e-05
0.000334305
0.000147671
0.000248333
0.000259173
0.000376691
0.000427585
0.000183184
0.000162378
0.000168025
6.91583e-05
0.000266542
7.03795e-05
0.000312864
0.000234999
0.000109394
0.000288242
8.95776e-05
0.000186784
0.000110778
0.000236084
1.71488e-05
0.000378916
0.000196666
8.44262e-05
0.000441403
0.00013167
0.000503156
0.000384217
0.000420305
1.71488e-05
6.92392e-05
4.04713e-05
6.8524e-05
0.000117651
4.30562e-05
0.000187036
0.000145196
6.47196e-05
2.56374e-05
0.00058099
6.35826e-05
0.000246578
9.0482e-05
1.71488e-05
0.000150767
0.000234306
5.41935e-05
5.90515e-05
1.71488e-05
9.82958e-05
3.25148e-05
0.000214053
0.000137467
7.50669e-05
0.000302669
0.000604676
0.000130642
0.00015229
1.71488e-05
0.000422768
9.01108e-05
0.000208013
4.134e-05
5.66416e-05
0.000376039
0.00017882
0.000179078
0.000264467
0.000158699
6.59347e-05
0.000174711
0.000430289
0.000135748
0.000194379
3.86508e-05
3.29625e-05
0.000332965
7.65269e-05
3.56276e-05
0.000192892
0.000190446
0.000120935
0.000712385
0.000100363
1.71488e-05
0.000264154
0.000194543
3.77595e-05
9.40481e-05
0.000212158
0.000210806
7.53424e-05
0.000107691
0.00024933
0.000204068
0.000347444
0.000100119
0.000250265
2.64457e-05
0.00030323
3.2007e-05
7.97986e-05
2.6216e-05
1.71488e-05
1.71488e-05
0.000140043
1.71488e-05
0.00011374
1.71488e-05
0.000243625
7.35916e-05
4.10315e-05
0.000262232
0.000184777
6.30186e-05
0.000149492
6.89181e-05
4.82274e-05
0.000116007
0.00013095
6.27158e-05
0.000207291
0.000244667
1.71488e-05
0.000277268
0.000153062
0.00013501
5.63966e-05
8.66255e-05
0.00021362
1.71488e-05
5.77488e-05
0.000194142
0.000213841
0.000178113
0.000166221
0.000175472
0.000353101
1.71488e-05
0.000155034
1.71488e-05
1.71488e-05
0.000153976
0.000153666
0.00010603
8.74375e-05
6.20717e-05
0.000108553
9.73748e-05
3.68963e-05
0.00106858
3.33008e-05
2.75993e-05
9.04277e-05
0.000228056
1.71488e-05
1.71488e-05
2.28079e-05
1.71488e-05
0.000141986
0.000271326
0.000242301
3.31669e-05
4.8251e-05
6.59624e-05
0.000103481
2.28079e-05
1.71488e-05
0.000274971
8.53293e-05
0.00016941
5.34466e-05
0.000328177
1.71488e-05
0.000232331
1.71488e-05
0.000282722
1.71488e-05
0.00051322
1.71488e-05
1.71488e-05
0.000200768
1.71488e-05
6.86698e-05
7.31759e-05
0.00040529
3.2195e-05
3.99597e-05
2.36439e-05
0.000323288
0.000144397
0.000116271
8.4481e-05
0.000116092
7.59913e-05
0.00020979
0.00025043
0.000215833
2.7038e-05
8.68252e-05
0.000375502
0.00010871
3.48449e-05
0.000548995
8.95679e-05
8.05506e-05
0.000109767
7.90669e-05
0.000251096
0.000138624
0.000153444
2.66917e-05
9.81885e-05
3.2263e-05
5.43678e-05
0.00023702
0.000105526
0.000113379
0.000524582
9.04814e-05
0.000170396
0.000321969
5.5455e-05
0.000215544
0.000126728
2.61301e-05
9.08361e-05
0.000143138
0.000255297
0.000179501
0.000240291
6.97839e-05
9.31052e-05
0.000138909
0.000224007
0.000271152
0.000128892
7.97882e-05
0.000145485
1.71488e-05
3.68136e-05
2.70039e-05
5.06129e-05
1.71488e-05
4.45763e-05
5.19796e-05
6.18573e-05
0.000579476
0.00106205
4.28487e-05
0.000376444
6.84188e-05
0.000193404
7.65648e-05
7.58348e-05
1.92709e-05
6.83301e-05
1.71488e-05
0.000225265
0.00027769
0.000236702
5.10746e-05
1.71488e-05
3.34657e-05
6.91426e-05
0.000453458
1.71488e-05
7.42355e-05
6.97997e-05
0.00031682
0.000185131
0.000248099
6.88388e-05
0.000101829
1.71488e-05
0.000142026
1.71488e-05
0.000673645
0.000163088
9.66225e-05
5.85632e-05
6.39909e-05
0.000171077
0.000421377
5.97024e-05
0.000113723
0.000791427
0.00010659
4.5259e-05
0.000142596
0.000315306
2.56374e-05
0.000209651
3.00166e-05
9.96922e-05
6.10012e-05
4.77886e-05
0.000339705
0.000375314
7.83778e-05
6.76338e-05
8.58111e-05
0.000180727
0.000262342
4.88873e-05
0.000253319
0.000135446
0.000251514
4.48319e-05
0.000138059
0.000257573
0.000174989
8.79159e-05
1.99783e-05
0.000113124
9.46984e-05
3.15325e-05
0.000116052
0.000635723
0.000150392
2.56374e-05
0.000243666
0.000111257
0.000175212
1.71488e-05
5.76273e-05
8.72855e-05
0.000204587
0.000283301
1.71488e-05
0.000132067
0.000387359
0.000176719
0.000381468
0.000129236
0.000128159
1.71488e-05
9.61135e-05
0.000250251
7.07612e-05
0.000145104
5.45291e-05
0.000139325
0.000746361
0.000106829
0.000282919
4.38406e-05
0.000241126
0.000320973
7.46643e-05
0.000148665
0.000406111
2.98393e-05
0.000101366
0.000193862
0.000834028
1.71488e-05
0.00015583
0.000403194
2.56374e-05
5.41828e-05
0.000416777
0.000461636
0.000295372
0.000223022
9.92418e-05
0.000164506
0.000100011
2.28079e-05
5.64482e-05
0.00011269
0.000308287
0.000216411
1.71488e-05
3.2373e-05
0.000107408
0.000644462
6.72902e-05
1.71488e-05
0.000442
0.000192532
9.85403e-05
0.000135698
0.000102152
5.88034e-05
0.000219562
0.000326516
1.71488e-05
0.000174545
0.000401704
0.00022285
1.71488e-05
1.71488e-05
0.000108176
0.000139866
0.000439527
0.000190961
0.000163044
7.65684e-05
0.00019965
0.000258851
0.00024876
3.55221e-05
0.000422658
4.59587e-05
6.54734e-05
0.000245352
0.000411633
1.71488e-05
0.00025213
1.71488e-05
0.000305391
0.000276592
0.000108255
0.000255434
0.000723155
0.000109751
3.90577e-05
5.23865e-05
6.32296e-05
0.000151263
0.00035187
0.000541187
0.000114526
1.71488e-05
0.000306666
0.000216929
0.000205904
0.000162103
0.000122325
0.000115267
1.71488e-05
0.000157984
0.000300154
0.000250021
2.74766e-05
4.25246e-05
0.000161917
0.000559853
0.000100627
0.000109233
6.81077e-05
0.000171062
1.71488e-05
7.672e-05
0.000131995
1.71488e-05
0.000547047
0.000411429
6.16469e-05
0.000410854
0.000407804
0.000216054
0.000170028
0.000263576
5.63966e-05
0.000174848
4.26397e-05
1.71488e-05
0.000332833
0.000139877
2.77956e-05
0.000118414
0.000388639
9.97746e-05
0.00040826
0.000112027
1.71488e-05
9.97854e-05
0.0003591
0.000316637
0.000105081
0.000319363
0.000147161
3.86019e-05
2.96761e-05
1.71488e-05
0.000198557
0.000278633
0.000270042
0.000139832
0.000184369
1.71488e-05
0.000200213
5.13697e-05
0.000249213
9.93818e-05
0.000184323
0.000119089
0.00014123
2.56374e-05
0.00025326
0.000110676
1.71488e-05
1.71488e-05
9.77132e-05
4.25219e-05
0.000254819
0.000274042
0.000103498
0.000116331
0.000135322
2.27796e-05
7.81076e-05
1.71488e-05
1.71488e-05
0.000113844
4.32465e-05
0.000121998
4.53322e-05
0.000292487
0.000165888
0.000440135
0.000211061
0.000103672
0.000322151
0.00015416
5.81553e-05
0.00023452
0.000526461
7.69673e-05
1.71488e-05
0.000150268
0.000219196
3.10604e-05
0.000193256
7.83134e-05
3.4126e-05
0.000171206
0.000134918
0.000127993
0.000100137
6.50437e-05
0.000138683
0.000213156
0.000147896
0.000724297
0.000361492
3.82314e-05
0.000353269
0.000201497
0.000106202
3.57053e-05
0.00078685
4.20872e-05
1.71488e-05
0.000107113
0.000141142
0.000290077
0.000132388
0.000179374
0.000164766
0.000172873
0.000753791
0.000518385
1.71488e-05
0.000273548
4.61376e-05
4.11858e-05
0.00033741
0.00010726
3.20059e-05
1.71488e-05
9.43136e-05
0.000109407
6.19595e-05
0.000381957
0.000144771
0.00037121
0.000269233
0.000100692
1.71488e-05
7.90109e-05
6.40287e-05
1.71488e-05
0.000122797
0.000327972
0.000132863
0.00025033
0.000119407
6.87887e-05
0.000132836
0.000151975
0.000396843
0.000184328
1.71488e-05
2.27937e-05
0.000124491
4.95794e-05
2.28079e-05
0.00066054
3.83048e-05
1.71488e-05
0.000108552
0.000187091
0.000194463
9.7795e-05
0.000103227
6.52759e-05
5.18244e-05
0.00024263
0.000131578
0.00011466
6.13351e-05
0.000157317
0.000169557
1.71488e-05
9.6649e-05
0.000218877
0.000709732
0.000159045
0.000273616
7.91301e-05
2.28079e-05
0.000181365
0.000332893
0.000161649
4.97961e-05
0.000272567
0.000251604
0.000183014
0.000228276
0.000235666
4.49863e-05
6.83686e-05
0.00024598
1.71488e-05
0.000255682
0.000616141
0.000243008
0.000693427
4.1662e-05
0.000158156
5.02713e-05
0.000278214
8.52068e-05
1.71488e-05
0.000133828
0.000210115
0.000149279
4.00699e-05
0.00011417
0.000102
1.71488e-05
1.71488e-05
0.000117325
0.000481938
4.75803e-05
0.000126152
6.29289e-05
0.000211152
0.000247642
0.000185764
0.000162499
0.000146434
0.000299807
0.000138206
2.56374e-05
0.000255077
4.8244e-05
0.000226884
2.56374e-05
0.00029316
0.000107096
5.13697e-05
0.00019913
1.71488e-05
4.76806e-05
0.000131159
4.60031e-05
0.000371993
0.000172252
0.000413229
0.000112937
0.000265931
3.53348e-05
0.000486341
1.71488e-05
0.000580793
1.71488e-05
0.000178522
0.000269128
0.000558056
0.000275533
2.94844e-05
0.000283451
9.24669e-05
8.81879e-05
0.000272049
9.72868e-05
0.000163604
8.62733e-05
0.000165716
0.000292471
0.000145931
0.000290377
6.94665e-05
0.000396427
0.000118456
0.000130591
1.71488e-05
0.000146449
1.71488e-05
5.67072e-05
1.71488e-05
0.00019797
0.000118464
5.23163e-05
0.000110076
0.000373878
8.55038e-05
2.28079e-05
9.15766e-05
4.1399e-05
8.28418e-05
0.000139739
0.000108632
0.000216496
5.55563e-05
1.71488e-05
9.4348e-05
0.000822592
0.000116254
0.000438702
0.000190639
0.000324725
6.86832e-05
0.00015169
1.71488e-05
8.68582e-05
0.000553915
0.000258739
7.11502e-05
2.28079e-05
1.71488e-05
0.000183955
0.000325469
2.56374e-05
2.28079e-05
7.91225e-05
0.000296044
0.000299295
0.000189646
0.00040865
2.15233e-05
0.000163207
2.63802e-05
0.00010283
4.27924e-05
4.19597e-05
0.000129798
0.00024047
2.28079e-05
0.000124335
9.64283e-05
0.000170749
8.42484e-05
3.32618e-05
0.00014549
0.000160104
0.000139261
1.71488e-05
8.68557e-05
0.000253548
3.11838e-05
7.36589e-05
0.000335272
0.000460708
0.000327148
4.48245e-05
5.6345e-05
9.97713e-05
8.91379e-05
0.000206948
0.000118376
5.89862e-05
5.44273e-05
0.000364685
0.000152589
0.000203082
6.45118e-05
8.03688e-05
6.61358e-05
1.71488e-05
0.000235058
5.36442e-05
6.99419e-05
0.000207266
0.000117937
5.85335e-05
1.71488e-05
7.64568e-05
1.71488e-05
0.000285066
0.000195392
2.05442e-05
0.000256227
6.52164e-05
5.67014e-05
0.00010884
0.000344548
0.000182717
0.000182041
1.71488e-05
0.000197567
0.000124261
4.36982e-05
0.000141274
6.1164e-05
1.71488e-05
0.000707171
0.000288903
9.20594e-05
0.000204881
0.000145685
0.000425071
0.000226851
7.47346e-05
1.71488e-05
0.000165789
0.000123535
9.34498e-05
1.71488e-05
0.000317043
0.000211148
1.71488e-05
4.59315e-05
0.000333842
0.000465677
0.000109495
0.000119352
9.48739e-05
0.000154251
0.000252347
0.000127659
0.000143585
5.67028e-05
5.58857e-05
0.000131707
0.000172499
0.000281628
0.00016728
0.000506449
0.000291765
0.000233379
0.000113313
7.12455e-05
2.97565e-05
0.000275344
0.000664792
0.00017034
1.71488e-05
0.000294875
5.10696e-05
7.99488e-05
6.53052e-05
0.000140839
0.000144904
1.71488e-05
2.68267e-05
0.00019477
0.000152546
1.71488e-05
4.93064e-05
6.68459e-05
9.00376e-05
0.000211762
0.000176596
4.83975e-05
1.71488e-05
7.74729e-05
0.000102458
0.000177265
0.000154357
0.000141728
0.00027126
0.000130133
6.55256e-05
9.6458e-05
1.71488e-05
0.000398019
9.28123e-05
0.000345587
2.13931e-05
0.000154287
5.0753e-05
0.000451308
1.71488e-05
0.000108952
3.56781e-05
1.71488e-05
1.71488e-05
0.000134871
7.09326e-05
0.000178539
0.000162377
0.000130336
1.71488e-05
0.000192318
0.000529354
0.000125952
0.000259025
2.28079e-05
0.000170104
0.000188496
1.71488e-05
1.71488e-05
9.71096e-05
7.46092e-05
0.000442239
6.43034e-05
0.000290851
8.07228e-05
0.000296484
1.71488e-05
0.000417184
0.000163346
9.92443e-05
0.000110949
0.000225468
0.000128988
0.000465664
0.000156306
0.000397909
0.000309946
0.000255363
2.94478e-05
0.000118026
8.43281e-05
2.28079e-05
0.000127226
3.77885e-05
0.000245787
0.00049827
1.71488e-05
0.000679912
0.000303223
0.0001982
0.000160484
0.000292763
0.000216989
5.02171e-05
4.70299e-05
0.000420394
2.55643e-05
0.000202098
0.000297876
0.000374997
0.000263577
0.000238562
9.06307e-05
2.58941e-05
0.000262738
0.000208775
0.00018292
0.000320319
9.67132e-05
2.94844e-05
9.71143e-05
5.57454e-05
0.000151096
8.37414e-05
0.000157944
0.000162044
4.76931e-05
7.0178e-05
0.000157378
7.95441e-05
1.71488e-05
1.71488e-05
4.15951e-05
0.000287886
7.01849e-05
0.000142679
0.000177204
1.71488e-05
6.0351e-05
0.000800163
0.000381078
0.000214454
1.71488e-05
0.00013089
0.000282999
0.000149728
8.07852e-05
1.71488e-05
9.83417e-05
0.000494546
0.000461471
0.000251095
0.000239106
0.00143147
9.3408e-05
0.000222504
9.07068e-05
0.000193511
0.000165258
6.7929e-05
4.0031e-05
0.000317715
0.000212687
7.4731e-05
2.34489e-05
7.77036e-05
0.000169278
0.000104977
7.8827e-05
0.00029525
1.71488e-05
3.5827e-05
0.000545655
4.50597e-05
0.000127031
0.000304228
0.000813692
7.50295e-05
0.000380478
1.71488e-05
0.000389504
0.000251736
0.000649983
0.000120035
3.8917e-05
0.000250321
0.000202612
0.000132475
0.000328247
0.000106605
2.3494e-05
8.96821e-05
2.84533e-05
8.34797e-05
0.000124991
0.000700875
5.0571e-05
3.64453e-05
0.000187923
0.000122476
4.20561e-05
7.88157e-05
6.54932e-05
3.75871e-05
1.71488e-05
0.000109061
0.000144062
0.000279958
0.00025744
0.000213473
8.55907e-05
5.8468e-05
3.4126e-05
0.000215801
0.000165185
0.00013225
9.14333e-05
8.88854e-05
4.98096e-05
1.71488e-05
0.000103963
5.67609e-05
6.02849e-05
1.71488e-05
0.000275035
0.000208797
0.000284242
0.000159112
5.51908e-05
0.000394952
0.000252356
8.2069e-05
5.60326e-05
9.58974e-05
1.71488e-05
0.000120332
0.000285747
0.000308034
0.000573017
0.000276403
0.000455321
0.000139019
0.000102026
4.00523e-05
6.60328e-05
0.000168486
0.000119654
0.000762255
0.000111571
0.000105209
1.71488e-05
0.000266662
0.000132388
0.000140768
0.000238046
0.000209015
9.38459e-05
0.000223415
0.000116082
0.000108632
0.000329789
0.000246212
3.30021e-05
0.000397981
0.000359104
9.23531e-05
1.71488e-05
0.000117877
8.91057e-05
2.28079e-05
0.000274231
0.000170779
2.56374e-05
0.000166943
3.4126e-05
7.99043e-05
0.00011621
0.000428291
1.71488e-05
0.000127419
0.000236133
4.5427e-05
8.37077e-05
6.51935e-05
5.50339e-05
0.000386191
1.71488e-05
0.000257922
0.00013592
0.000211817
6.36754e-05
0.000231978
0.000163595
0.000305602
0.000138491
0.00074416
0.000297822
0.000946198
0.000377363
0.000149173
0.000151013
6.12374e-05
0.000211805
8.13326e-05
2.05442e-05
0.000161063
6.48569e-05
5.53292e-05
1.71488e-05
1.71488e-05
0.000228533
0.000196625
0.000194805
0.000177602
0.000128222
1.71488e-05
0.000490468
0.000125138
8.35655e-05
0.000203642
0.000128115
0.000371305
0.000108245
0.000266575
3.22451e-05
0.000303469
2.51621e-05
0.000181933
6.23969e-05
0.000233897
8.02827e-05
5.23975e-05
0.000184034
0.000137036
0.000305989
7.65101e-05
5.50878e-05
5.31668e-05
0.000251639
0.000214599
0.000196476
0.000126438
5.24108e-05
0.000723285
4.07562e-05
0.000153105
0.000148007
0.000135689
3.17219e-05
6.30539e-05
0.00014827
1.71488e-05
0.000764001
0.000100398
0.000669479
0.00012114
3.58397e-05
6.44302e-05
9.66759e-05
0.000106381
8.47141e-05
0.000408086
0.000152169
0.000345729
3.1991e-05
7.07305e-05
2.60671e-05
8.9591e-05
0.000145678
0.000171423
1.71488e-05
7.04337e-05
0.000228121
3.4906e-05
0.00014175
1.71488e-05
4.04167e-05
9.46032e-05
0.000269193
1.71488e-05
2.80114e-05
0.000459923
0.00019359
0.000142058
0.00020222
5.93217e-05
0.000432429
0.000183442
4.23771e-05
5.19866e-05
3.337e-05
0.000122349
0.000238475
9.06404e-05
0.00115911
1.71488e-05
2.56374e-05
1.71488e-05
0.000253697
0.000104291
0.000348691
0.000111739
0.00010845
0.000293764
5.7402e-05
0.000115822
0.000379218
1.71488e-05
8.34015e-05
0.000182641
0.000336679
0.000149266
1.71488e-05
0.000227609
0.000112841
0.000168543
0.000111089
4.59078e-05
0.000188526
9.29141e-05
0.000136929
0.000219754
2.05442e-05
0.000128614
0.000180219
5.86359e-05
0.000318512
0.000112313
0.000337507
9.25323e-05
2.39284e-05
0.000250515
0.000117337
7.92027e-05
0.000198123
0.000622308
9.09192e-05
0.000110361
0.000134563
0.000131963
0.000129307
0.000141339
0.000155786
7.14995e-05
0.000266216
0.000270409
0.00021071
0.000189647
0.000299447
6.64062e-05
1.71488e-05
0.00013295
5.53659e-05
6.3174e-05
4.14897e-05
1.71488e-05
0.000813237
6.8216e-05
0.000206066
0.000193259
5.97776e-05
0.000272844
0.000181923
1.71488e-05
0.000285785
3.48783e-05
0.00012318
6.90448e-05
1.71488e-05
0.000239175
0.000154931
0.000162239
0.000189394
0.000327728
0.000207997
0.000216336
0.000135164
2.97494e-05
0.000179835
0.000232954
0.000330617
1.71488e-05
0.000195162
0.000398731
0.000351309
2.84173e-05
0.000175973
7.70488e-05
4.32839e-05
9.42279e-05
0.000340758
3.58397e-05
6.00414e-05
0.000358156
0.000123845
0.000186961
3.4126e-05
0.000268731
0.000145184
7.56194e-05
0.00014869
9.22954e-05
0.000110818
0.000185961
0.000245168
0.000221899
2.13931e-05
9.15021e-05
0.000144286
3.59249e-05
0.000301765
0.000210053
1.71488e-05
0.000143072
0.000141883
0.000198766
0.000176892
6.59495e-05
0.000693685
0.000430852
0.000457322
3.76661e-05
0.000658809
0.00069794
0.000566607
0.000194994
0.000309511
0.000290273
6.99293e-05
0.000704218
0.000289051
0.000545599
3.97285e-05
1.71488e-05
0.000270014
0.000110674
5.66771e-05
4.34877e-05
2.28079e-05
0.000126083
0.000321669
0.000297317
0.000549379
0.000244688
6.78563e-05
5.78089e-05
1.71488e-05
2.60633e-05
1.71488e-05
0.000354569
0.000161942
0.000145564
0.000122113
0.000396539
0.000237748
0.000132593
1.71488e-05
9.0917e-05
0.00043283
0.000188704
9.11646e-05
3.39691e-05
0.000347895
0.000456015
4.69159e-05
0.000106779
0.000208451
4.07836e-05
5.56862e-05
6.59098e-05
0.000167286
3.06075e-05
0.000198638
5.32001e-05
6.72859e-05
0.000408729
0.000369626
0.000177082
0.000248767
4.07326e-05
0.000137398
0.000416914
9.65699e-05
0.000117293
6.78611e-05
4.92444e-05
0.000275003
5.29892e-05
0.000219768
3.13573e-05
8.00305e-05
0.000183626
0.000207612
0.000219599
9.18242e-05
0.000116092
0.000307383
0.00026373
0.000136137
0.000113235
0.000106654
2.46754e-05
0.000123306
8.51967e-05
0.000198605
2.28079e-05
3.407e-05
3.9214e-05
0.000653764
0.000127935
1.71488e-05
0.000408617
0.000547665
0.000143033
0.000109019
7.42478e-05
0.000217614
0.000120846
3.4297e-05
0.000356297
0.000222268
1.71488e-05
0.000284049
3.77681e-05
0.00014052
8.70418e-05
0.000190274
7.94293e-05
0.000185475
0.000311098
0.00013367
3.98088e-05
0.000387497
0.000150316
0.000347336
1.71488e-05
0.000268311
0.000134366
1.71488e-05
0.000435484
1.71488e-05
0.000365246
0.000165199
0.000137909
9.60587e-05
0.000391944
0.00034685
2.28079e-05
0.000354904
0.000506122
5.87359e-05
0.000302708
0.00066586
0.000563404
0.00025528
0.000230067
0.000144431
0.000468959
9.15237e-05
0.000120115
1.71488e-05
9.78016e-05
0.000226739
1.71488e-05
0.000108492
5.82786e-05
0.000350192
0.00055552
0.000115467
5.36719e-05
0.000124243
3.38689e-05
0.00021829
0.000198307
0.000151897
0.000470443
0.000182233
5.06411e-05
0.000107377
0.000100486
0.000225673
1.71488e-05
0.000257535
6.02609e-05
4.85435e-05
0.000100234
3.97851e-05
2.90852e-05
0.000107408
3.4126e-05
5.69313e-05
3.27782e-05
5.16048e-05
0.000291733
0.000537869
1.71488e-05
5.02096e-05
0.000182365
0.0011261
0.000136881
4.26147e-05
1.71488e-05
0.000169724
6.09044e-05
0.000191869
4.40388e-05
0.000165212
0.00021742
8.14438e-05
2.28079e-05
4.80482e-05
0.000640361
0.000139042
8.01396e-05
0.000260682
1.71488e-05
4.62252e-05
2.05442e-05
1.71488e-05
6.07214e-05
0.000256803
0.000185364
2.56091e-05
7.98665e-05
0.00033546
0.000135896
0.000210777
4.57274e-05
6.86973e-05
4.46226e-05
0.00034184
0.000171751
0.000306817
4.54941e-05
8.66363e-05
0.000158469
0.000129784
5.11789e-05
7.16208e-05
0.000514265
0.000128387
8.55412e-05
0.00026189
8.60312e-05
0.000217839
0.000270176
0.000111005
0.00013959
0.000222231
0.000733201
3.59962e-05
0.000112406
0.000178275
9.02816e-05
0.000174706
6.09477e-05
0.00014324
0.000624291
0.000501235
2.05442e-05
1.71488e-05
0.000136854
0.000107586
1.71488e-05
7.86892e-05
0.000132064
0.000272378
8.275e-05
0.000162537
0.000239903
0.000515635
0.000280349
2.28079e-05
0.000122532
6.52164e-05
0.000130367
1.71488e-05
0.000247296
0.000209328
7.87089e-05
3.29388e-05
3.72698e-05
0.000105548
7.98143e-05
0.000148048
1.71488e-05
0.000108264
0.000204898
3.72472e-05
0.000208201
5.02536e-05
3.4126e-05
0.000193593
1.71488e-05
0.000246586
0.000119922
0.000130476
0.000104089
7.16723e-05
8.38756e-05
0.000234128
5.85171e-05
0.000327125
0.000196429
0.000437081
0.000353575
0.000120449
7.01898e-05
0.000114909
0.000304737
0.000281827
0.000326218
0.000242043
6.499e-05
0.000101682
2.36681e-05
0.000150595
0.000290491
2.74462e-05
0.000149244
7.88801e-05
0.000461677
0.000183185
2.81924e-05
0.000223258
5.5276e-05
0.000443135
1.71488e-05
4.10112e-05
8.06445e-05
0.000208153
0.000149501
0.0001249
0.000120009
0.00037412
7.49367e-05
0.000297442
8.4259e-05
0.000225372
1.71488e-05
0.000129049
0.000169472
1.71488e-05
0.000352365
0.000564856
0.000186084
0.000346505
0.000155231
0.00018986
0.000142464
5.02655e-05
0.000144171
1.71488e-05
6.70351e-05
1.71488e-05
0.000204103
0.000129864
0.000171884
7.87357e-05
0.000554075
0.000539155
0.000353298
3.98195e-05
0.000383803
0.000195251
0.000180959
6.43524e-05
0.000264379
0.000188408
0.000262693
3.60183e-05
0.000150172
0.000182272
4.31162e-05
5.37207e-05
0.000328961
3.5439e-05
0.000396146
5.08288e-05
7.38732e-05
0.000855963
0.000125964
0.000169525
5.31687e-05
0.00041422
8.38884e-05
1.71488e-05
0.000162141
0.000106311
0.000250895
2.3494e-05
4.16553e-05
0.000101917
5.28781e-05
4.40907e-05
3.94325e-05
0.000358153
0.00011543
0.000265928
1.71488e-05
8.52754e-05
9.73963e-05
2.13931e-05
1.71488e-05
9.92662e-05
5.47476e-05
9.65339e-05
0.000138176
5.16696e-05
2.13931e-05
0.000409605
0.000340321
0.000367025
0.000113481
3.56062e-05
9.63852e-05
0.000450035
8.09493e-05
5.67835e-05
0.000128186
0.000275539
0.000114672
0.000107177
0.000320992
7.94697e-05
0.000114852
5.65838e-05
0.000118021
8.77658e-05
0.000219656
9.86889e-05
0.000220877
0.000300506
1.71488e-05
5.44467e-05
0.000159206
6.12169e-05
5.60687e-05
2.75527e-05
0.000173196
0.000110335
1.71488e-05
8.93349e-05
0.000173752
0.000155037
6.59073e-05
0.000397614
0.000153888
0.000112508
0.000121771
8.4914e-05
1.71488e-05
0.000162504
0.00014017
0.000192501
0.000137823
0.000161153
0.000169024
0.000252427
0.00019269
9.34571e-05
8.26004e-05
9.15308e-05
4.62964e-05
1.99783e-05
1.71488e-05
7.26022e-05
8.39171e-05
0.000145573
0.000264484
1.71488e-05
0.00104733
5.0839e-05
0.000123361
0.000728823
8.07517e-05
0.000250758
5.98419e-05
0.000480499
1.71488e-05
2.45866e-05
1.71488e-05
9.04317e-05
1.71488e-05
0.000214847
0.000182435
0.000260173
1.71488e-05
0.000240842
0.000132458
3.27474e-05
0.000114225
0.000210557
0.00033696
0.000208266
1.71488e-05
0.00051397
1.71488e-05
7.72957e-05
0.000103863
3.17443e-05
4.08133e-05
3.60838e-05
3.14518e-05
0.000663395
0.000284576
0.000144694
0.000189142
0.000304939
0.000185623
7.14216e-05
0.000250227
0.000152733
0.000115733
5.90285e-05
0.000117283
0.000235245
8.84089e-05
5.00453e-05
0.00023857
8.29899e-05
0.000202975
0.000340588
9.98341e-05
0.000103631
0.000106366
6.30539e-05
0.000107449
3.8243e-05
0.000123262
1.71488e-05
0.000227464
3.10168e-05
5.14971e-05
3.61982e-05
0.000117454
0.000105017
0.000260496
0.000234011
0.000144065
0.000185904
1.71488e-05
0.000196692
0.000193846
1.71488e-05
5.17086e-05
3.97851e-05
0.000318334
0.000218693
0.000211377
0.000390494
0.000780067
0.000238245
0.000185769
0.0001126
2.70255e-05
4.16365e-05
0.000263491
3.08518e-05
0.000156835
0.000154838
0.000611975
1.71488e-05
0.000217366
0.000303195
4.19396e-05
8.19689e-05
6.7017e-05
4.78252e-05
2.94136e-05
0.000107221
0.000172664
0.000363845
4.29731e-05
8.6925e-05
0.000249334
0.000180365
1.71488e-05
1.71488e-05
3.55712e-05
0.000134542
1.71488e-05
3.67095e-05
0.000311616
0.000106427
5.14538e-05
5.91023e-05
0.000184619
0.000384657
0.000244171
0.000376764
1.71488e-05
1.71488e-05
1.71488e-05
8.44712e-05
7.48743e-05
0.000136948
0.000316121
0.000192014
0.000272239
0.000337338
0.000250163
3.02109e-05
0.000737268
7.92954e-05
9.21208e-05
0.000474709
0.000117516
0.000303683
0.00020048
0.000142979
0.000196457
6.06387e-05
0.00011815
7.213e-05
4.19262e-05
1.71488e-05
0.000446634
0.000525744
0.000124257
0.000282081
0.000415295
0.000128861
8.35866e-05
5.92748e-05
0.000248648
0.00012867
0.000504554
0.000139095
0.000116805
0.000159146
6.1929e-05
9.01645e-05
0.000143792
1.71488e-05
0.000389726
0.000123186
2.28079e-05
1.71488e-05
0.00020548
1.71488e-05
0.000188356
0.000275499
9.66272e-05
2.05442e-05
4.34547e-05
7.40984e-05
0.000168626
2.43075e-05
0.000191835
1.71488e-05
4.59888e-05
9.00509e-05
3.9803e-05
7.16629e-05
2.13931e-05
0.000309485
0.000378499
5.33709e-05
8.26956e-05
0.000239207
8.73035e-05
0.000494456
0.000512524
0.000161893
0.000126779
0.00031379
5.57617e-05
0.000151848
0.000104188
4.59315e-05
0.000376449
1.71488e-05
0.000106259
0.000196847
0.000183896
0.00029723
1.71488e-05
3.64171e-05
0.000522547
0.000100371
7.90977e-05
3.94296e-05
1.71488e-05
8.94378e-05
8.69968e-05
0.000190118
1.71488e-05
0.00026642
7.36419e-05
2.2225e-05
3.62696e-05
6.72067e-05
8.54848e-05
0.000103284
3.97851e-05
5.69562e-05
7.61337e-05
0.000229716
5.5023e-05
2.68552e-05
0.000342219
0.000107757
3.73168e-05
6.79084e-05
4.96906e-05
2.47225e-05
6.38187e-05
7.80925e-05
5.68102e-05
0.000487461
9.12032e-05
0.00010917
0.000166617
0.000102437
1.71488e-05
0.000179755
0.000107196
0.000229024
0.000156609
7.45446e-05
0.000275191
2.49592e-05
0.000304051
0.000116787
0.000769279
7.89334e-05
0.000132782
0.000130716
0.000297347
0.000246641
0.000230785
0.000148224
0.000876539
0.00020068
0.000123186
0.000141992
0.000156938
0.000228783
9.87918e-05
1.71488e-05
4.97864e-05
1.71488e-05
7.73982e-05
0.000319402
7.82347e-05
0.000106034
0.000110827
1.71488e-05
0.000535542
0.000135072
1.71488e-05
0.000221578
7.18512e-05
0.000190633
1.71488e-05
0.000327474
1.71488e-05
6.76362e-05
0.000109866
0.000199674
2.24436e-05
0.000114012
0.000158717
3.3903e-05
0.000391002
8.36656e-05
9.83898e-05
0.000547251
0.000147881
9.22099e-05
8.32985e-05
1.71488e-05
0.000175927
5.95742e-05
0.000151405
0.000284794
0.000264451
3.87564e-05
0.000313578
0.000141187
2.50298e-05
9.71925e-05
0.000420243
0.000289554
0.000690559
0.000182659
0.000209406
3.35514e-05
6.54087e-05
0.000454051
3.4782e-05
3.4126e-05
0.000209179
0.000120115
0.000162083
0.000157848
0.000184131
1.71488e-05
0.000253643
0.000429846
6.12026e-05
0.000137383
0.000191204
0.000290356
0.000102413
0.000141189
0.000272727
0.000136577
8.01518e-05
0.000104539
1.71488e-05
3.18191e-05
9.72857e-05
0.000128696
9.18763e-05
0.000145508
1.71488e-05
1.71488e-05
0.00022989
0.000286834
0.000229698
1.71488e-05
0.000236151
1.71488e-05
0.00015387
9.30048e-05
3.4126e-05
0.000192077
7.76222e-05
9.86118e-05
9.48825e-05
5.7326e-05
3.53348e-05
0.00030858
0.000163234
1.71488e-05
0.000161162
0.000107807
1.71488e-05
0.000165015
7.09216e-05
0.000107774
0.000163667
4.53205e-05
0.000499027
0.000103202
8.65159e-05
1.71488e-05
1.71488e-05
0.000122673
0.000393547
5.86264e-05
4.25028e-05
9.82747e-05
0.000125583
6.14152e-05
5.37285e-05
9.05489e-05
5.69531e-05
0.000172627
1.71488e-05
4.87629e-05
2.49558e-05
0.000195764
0.000394501
4.46713e-05
4.77534e-05
4.18002e-05
0.000365413
0.000146532
1.71488e-05
0.000182011
0.000503104
0.000225731
0.000241405
0.000122111
1.71488e-05
0.000207227
0.000194967
1.71488e-05
0.000132068
4.16057e-05
3.4906e-05
0.000290894
0.000167209
0.000150621
0.000125127
1.71488e-05
0.000239574
7.97112e-05
0.000126463
7.32505e-05
0.000103188
8.6607e-05
0.000216102
0.000321186
0.000122957
1.71488e-05
8.3963e-05
0.00037202
5.75749e-05
9.35534e-05
0.000192207
2.28079e-05
0.000101056
0.000523608
0.000456281
0.000148861
0.000318786
0.000117865
0.000276955
0.000131782
0.000431432
0.000252351
6.76535e-05
0.000428696
3.72979e-05
0.000200242
1.71488e-05
4.63678e-05
0.000108647
0.000131767
3.90577e-05
0.000204829
0.000162708
0.000172529
2.6164e-05
0.000335962
9.8014e-05
0.000327025
1.71488e-05
0.000157252
6.58515e-05
4.86659e-05
7.28933e-05
0.000265463
0.000252886
0.000450644
1.71488e-05
1.71488e-05
0.000116027
0.000141435
0.000581644
1.71488e-05
0.000673504
5.49398e-05
3.74963e-05
0.000119307
0.00022322
0.000130516
5.9649e-05
0.000177111
0.000286597
1.71488e-05
6.83717e-05
6.67166e-05
8.12019e-05
0.000148105
0.000149081
0.000215937
0.000217994
8.39922e-05
1.71488e-05
4.91553e-05
6.79608e-05
7.33068e-05
1.71488e-05
0.000150458
0.000199248
0.000174002
0.000134217
1.71488e-05
0.000108264
0.00035889
0.000259868
0.000122934
3.27696e-05
0.000305916
2.13789e-05
7.21088e-05
0.000118661
1.71488e-05
1.71488e-05
0.000423347
0.000172651
0.000113191
4.25515e-05
2.28079e-05
9.73767e-05
0.000162054
0.000125143
0.000164041
6.26167e-05
0.000117967
0.000266672
0.000192835
0.000161648
9.51024e-05
0.000140425
0.00018641
0.000131208
0.000124765
0.000334109
0.000112499
0.000267884
7.80632e-05
1.71488e-05
8.89532e-05
0.000420813
2.56374e-05
7.35674e-05
6.34936e-05
4.98096e-05
1.71488e-05
0.000171969
5.99186e-05
0.000280928
0.000230338
0.00010187
1.71488e-05
0.000198554
8.72216e-05
0.000207325
0.000561645
1.71488e-05
0.000210237
0.000206746
0.000158058
0.000204773
0.000126391
0.000103482
0.00032281
4.01933e-05
0.000153194
0.000239565
0.000141011
8.16526e-05
0.0002107
4.09316e-05
4.63816e-05
0.000559807
0.000362649
0.000211806
3.35241e-05
0.000264683
0.000442864
3.31686e-05
0.000336478
0.000292897
0.00020868
1.71488e-05
0.000149131
2.56374e-05
0.000208397
0.000225537
8.64701e-05
3.85572e-05
0.000464735
0.000194534
0.000214247
0.000235075
2.75622e-05
1.71488e-05
0.000207554
0.000225407
0.00010881
4.69051e-05
2.79656e-05
0.000117936
2.84104e-05
0.000190027
0.000127456
0.00020714
0.000165682
0.000297127
0.000200375
0.000128838
0.000321245
0.000230323
0.000184766
1.71488e-05
0.000286942
0.000215232
8.79037e-05
0.000132113
0.000209025
0.000249701
0.000127384
0.000243989
0.000915811
0.000126284
0.000133469
1.71488e-05
0.000201275
5.07105e-05
0.000193752
1.71488e-05
1.71488e-05
0.000764327
6.70363e-05
9.45962e-05
0.000109502
0.000296358
5.67671e-05
0.000354324
3.47467e-05
8.13948e-05
0.000126128
0.000174815
5.17086e-05
0.000236977
0.000527197
0.000311593
0.000322117
0.000336284
0.00045615
0.000314114
0.000515998
0.000118416
0.000720258
3.72698e-05
1.71488e-05
7.47403e-05
9.53005e-05
0.000123763
8.3299e-05
2.05442e-05
0.000107206
0.000168407
0.000159692
4.16965e-05
0.000344467
5.5049e-05
0.000326891
0.000624182
0.000103281
0.000290345
7.1859e-05
0.000464314
0.000152815
0.000139729
0.000378403
5.27887e-05
5.36719e-05
7.65181e-05
8.75069e-05
0.000360153
0.000307651
0.000646294
7.91301e-05
0.0003158
5.58179e-05
7.56716e-05
1.71488e-05
0.000144531
0.000341433
9.79035e-05
0.000314747
4.52188e-05
0.00010001
0.000199875
0.000173823
0.0001287
0.000390856
0.000125223
0.000420121
9.13514e-05
0.000311195
3.50642e-05
0.000189951
8.36249e-05
0.000167921
3.72336e-05
0.000186037
7.22732e-05
0.000822604
3.26688e-05
7.97324e-05
0.000259942
0.000196288
0.000131095
2.76012e-05
3.9245e-05
0.000174858
4.70903e-05
0.000444986
0.000207863
0.00025183
8.87971e-05
5.96983e-05
7.626e-05
0.00029249
1.71488e-05
3.17443e-05
5.18222e-05
0.000188746
9.32064e-05
9.43611e-05
0.000132323
3.66145e-05
1.71488e-05
0.00019729
0.000194592
2.5706e-05
0.000220996
0.000127309
0.000145364
0.000304883
1.71488e-05
0.000302094
0.000628089
0.000124602
0.000123578
1.71488e-05
0.000549468
9.61544e-05
2.84387e-05
9.64725e-05
0.000112115
7.8829e-05
4.45663e-05
0.000552064
2.39789e-05
0.000182372
0.000240516
0.000147795
0.000171796
9.22167e-05
5.25292e-05
0.000240463
0.000210971
8.0995e-05
0.000273648
0.000270601
0.000246683
0.000205843
0.000100866
0.000161848
8.52991e-05
4.59252e-05
4.72947e-05
0.000333527
5.55197e-05
0.00104955
0.000137135
1.71488e-05
9.78827e-05
0.000157802
0.00053094
9.1226e-05
0.000119078
7.82718e-05
9.70724e-05
1.71488e-05
0.000273737
0.000197985
7.01073e-05
0.000238159
8.56895e-05
5.04434e-05
1.71488e-05
0.000104751
0.000108369
9.39851e-05
1.71488e-05
0.00016404
2.58071e-05
0.000138727
0.000532017
9.94741e-05
1.71488e-05
4.40981e-05
0.00010884
7.1672e-05
0.000243018
0.000404589
1.71488e-05
0.00012135
0.00021467
0.000120176
0.000153008
5.63966e-05
0.000271963
1.71488e-05
0.000166754
6.40997e-05
0.000216226
0.000823466
0.000104417
1.99783e-05
6.51542e-05
6.15231e-05
0.000116087
0.00010452
0.000234971
0.000205737
0.00033576
0.000467882
5.99708e-05
3.55153e-05
0.000165894
0.0003932
1.71488e-05
0.00017449
1.71488e-05
0.00013971
8.48701e-05
1.71488e-05
8.11508e-05
0.000120052
0.000208953
0.000518181
0.000200496
3.6085e-05
0.000103722
0.000219511
1.71488e-05
4.90342e-05
0.000260899
5.44432e-05
0.00010861
0.00064056
3.64923e-05
0.000358543
5.53456e-05
0.000214824
6.00785e-05
0.000271025
0.00025138
1.71488e-05
0.000109
5.22165e-05
8.70385e-05
0.000264813
1.71488e-05
6.6922e-05
2.56374e-05
0.000240598
0.00024705
0.000237163
0.000455783
0.00041074
0.000496624
2.42085e-05
0.000110193
6.89819e-05
0.000149267
9.61469e-05
8.58888e-05
0.000393227
0.000269638
1.71488e-05
0.000109855
0.000202016
0.00023181
0.000118348
0.000272545
4.63189e-05
0.000254525
0.000138984
5.88915e-05
3.22995e-05
0.000224089
0.000306725
0.000268793
0.000264076
4.50424e-05
6.11712e-05
0.000130826
0.000246728
5.07815e-05
0.00043366
0.000112371
0.000348816
2.61566e-05
0.000170324
0.000129459
0.000216272
6.03702e-05
6.43834e-05
0.000188469
0.000124797
9.39263e-05
0.00021083
0.000192127
0.000248022
0.000399948
0.000702114
0.00013505
0.000171668
0.000212264
2.56374e-05
0.000151372
2.54086e-05
0.000146087
0.00052659
0.000717167
6.02849e-05
2.56091e-05
0.000399732
6.65815e-05
0.000157024
0.000369629
0.000125469
4.25515e-05
0.000375448
7.77612e-05
2.05442e-05
8.16421e-05
5.73344e-05
7.14995e-05
0.000642672
0.000385595
6.85371e-05
0.000341363
0.000207301
0.000111004
2.81159e-05
0.000228253
0.000179921
0.000190014
0.000225636
0.000255088
3.04977e-05
0.000105447
2.81797e-05
1.71488e-05
0.000130097
0.000154291
6.21742e-05
0.000158545
0.00043572
1.71488e-05
0.000141446
2.28079e-05
0.0001013
0.00021886
7.09413e-05
7.54329e-05
0.000329185
0.000461489
0.000134376
7.52043e-05
0.000137709
4.19396e-05
0.000291377
6.95782e-05
1.71488e-05
7.35874e-05
0.000109744
0.000300479
0.000234452
0.000194769
0.000219902
0.000206377
0.000223106
1.71488e-05
1.71488e-05
0.000136198
0.00019233
0.000140509
6.14607e-05
0.000275627
5.90299e-05
0.000276333
0.000265675
0.000185348
8.87725e-05
1.71488e-05
4.40252e-05
9.28919e-05
0.000188718
0.000176752
0.000266581
0.00028925
8.29201e-05
7.68899e-05
0.00014298
3.11836e-05
9.69969e-05
0.000192362
0.000287648
1.71488e-05
0.00019969
2.24436e-05
7.71653e-05
0.000114294
0.000279127
0.000185217
9.79405e-05
0.000128742
0.000184994
0.000623158
6.51542e-05
0.000215097
1.71488e-05
0.000137525
0.000162352
1.71488e-05
8.35501e-05
8.10585e-05
1.71488e-05
0.000200811
0.00013024
0.000278946
0.00020493
1.71488e-05
0.000477409
5.41828e-05
0.000156757
0.00032453
0.000246785
7.31008e-05
0.000120976
0.000144647
4.16148e-05
1.71488e-05
7.65042e-05
6.50437e-05
7.11802e-05
0.000322212
0.000270563
0.00017032
0.000127416
0.000237827
0.000108609
0.000206986
0.000245585
0.000345016
1.71488e-05
0.000205134
2.97757e-05
7.79796e-05
1.71488e-05
0.00014369
0.000170627
2.05442e-05
4.83975e-05
0.000282619
0.000183866
0.000224514
0.000182915
0.000252536
0.000262935
0.000125549
0.00026698
8.75025e-05
0.000568385
0.000206745
6.93401e-05
0.000176999
0.000178024
4.63686e-05
5.23975e-05
4.28394e-05
1.71488e-05
0.000101348
0.000107598
5.58016e-05
0.000301622
0.000283922
1.71488e-05
2.76039e-05
0.000158781
0.000251379
0.000213207
4.13061e-05
0.000292114
0.000107951
0.000184628
0.000343152
9.6836e-05
0.00028749
0.00017894
0.000122327
0.000158916
0.000233583
0.000486857
2.50055e-05
2.4534e-05
0.000318816
0.000217983
0.000125917
0.000370491
9.49856e-05
4.97048e-05
0.000179374
0.000105835
0.000171317
8.0124e-05
0.00027681
5.51779e-05
6.78296e-05
0.000593054
0.000154556
0.00032379
0.000236426
1.71488e-05
5.39311e-05
8.51319e-05
3.51752e-05
0.000334538
0.000165947
0.00024265
4.55313e-05
9.20011e-05
3.89107e-05
0.000170012
0.000324707
5.84113e-05
2.94844e-05
0.000157517
1.71488e-05
0.000326405
0.000112946
7.74479e-05
2.36074e-05
0.00102457
0.000207798
2.05442e-05
0.000322403
0.000267078
0.000151693
7.20022e-05
0.000200646
9.02033e-05
1.71488e-05
0.000165057
0.000171661
8.04767e-05
3.12682e-05
5.01331e-05
0.000114499
0.000234018
0.000493797
0.000210536
0.000120066
0.000243108
5.94979e-05
0.000142182
9.05061e-05
6.47853e-05
0.00027589
4.29641e-05
6.25997e-05
3.01648e-05
4.30703e-05
1.71488e-05
1.71488e-05
1.71488e-05
0.000102608
0.000166887
4.85255e-05
0.00011678
1.71488e-05
0.00027931
1.71488e-05
1.71488e-05
0.000264551
0.000195962
0.000199331
0.00133745
0.000355474
3.74026e-05
6.97391e-05
9.78478e-05
0.000159718
0.000137036
0.000227634
6.34509e-05
8.32764e-05
0.000191429
0.000623489
9.96915e-05
0.000162284
1.71488e-05
0.000200659
1.71488e-05
0.0003994
0.000142286
1.71488e-05
0.000109951
0.000225998
1.71488e-05
2.70628e-05
0.000245763
0.000217944
4.30067e-05
0.00019983
0.000142028
4.34607e-05
1.71488e-05
8.74765e-05
1.71488e-05
0.000105038
0.000323679
9.22569e-05
0.000247954
0.000448368
1.71488e-05
0.00028415
0.000100679
0.000551911
0.000154481
0.000393478
0.000686069
6.78818e-05
8.94675e-05
0.000270067
0.000290544
0.000354963
6.91017e-05
0.000610741
2.84104e-05
0.000245202
6.39392e-05
1.71488e-05
0.000101775
1.71488e-05
3.26656e-05
1.71488e-05
0.000177936
0.000149199
1.71488e-05
0.000213952
4.02077e-05
0.000136991
0.000139908
7.401e-05
0.000297364
0.000120756
0.000139638
0.000418065
0.000477776
0.000247994
7.74288e-05
0.000302155
0.000253082
0.00025659
4.5987e-05
0.000210964
0.000704604
2.51702e-05
0.000210692
0.00037958
0.000201884
9.00237e-05
3.1996e-05
0.000108086
0.000114546
3.44958e-05
4.7578e-05
0.000111231
2.36439e-05
0.000221688
9.30617e-05
5.33641e-05
0.000102583
7.04641e-05
0.000212996
0.000112555
0.000111005
1.71488e-05
0.000137166
2.07746e-05
0.000110295
0.000155369
1.71488e-05
0.000244936
0.00043801
9.31451e-05
0.000358266
0.000325675
3.32338e-05
2.84104e-05
0.000241734
9.71559e-05
0.000124441
0.000158081
5.0078e-05
0.000369229
0.000512466
0.000132393
0.000284935
7.18951e-05
1.71488e-05
0.000352747
1.71488e-05
4.06033e-05
0.000242366
0.000141204
0.000108215
0.000359557
1.71488e-05
2.86712e-05
3.18556e-05
0.000107158
2.56374e-05
0.000230303
0.000187324
0.00012178
0.00029839
9.86118e-05
0.000162396
4.18131e-05
2.35867e-05
0.000116967
6.8261e-05
1.71488e-05
6.45242e-05
9.27304e-05
0.000362398
0.000460399
0.000200094
0.000134545
0.000145498
1.71488e-05
0.00028509
0.000196126
3.86805e-05
0.00020722
1.71488e-05
0.000150914
0.000288809
6.30107e-05
0.000287066
0.000163151
5.462e-05
0.000224074
0.000170379
7.10744e-05
4.4952e-05
8.06324e-05
4.94501e-05
0.000208273
0.000448259
5.62088e-05
4.63327e-05
8.9683e-05
0.000215631
0.000224347
8.02597e-05
8.38713e-05
0.000245046
0.000593804
1.71488e-05
0.000471222
2.05442e-05
2.82387e-05
0.00057428
0.000757449
0.000111867
0.000136427
0.000178327
6.2377e-05
0.000223847
0.000200811
0.000452724
0.000291606
0.00010853
0.000537773
8.47295e-05
4.34282e-05
0.000111487
0.000306723
0.000134766
6.00849e-05
9.41698e-05
0.000271311
3.64217e-05
3.6541e-05
0.000293489
0.000173441
1.95741e-05
1.71488e-05
0.000123393
1.71488e-05
0.000212844
2.92465e-05
1.71488e-05
7.88346e-05
0.000107285
0.000150529
0.000178999
3.05846e-05
0.000111199
0.000126779
1.71488e-05
6.55029e-05
0.00043788
5.97597e-05
0.000298549
0.000204852
0.000458355
0.000136981
5.259e-05
0.000315784
1.71488e-05
1.71488e-05
0.000144333
0.000186616
0.000127501
4.88237e-05
0.000224352
0.000113213
0.000180623
0.000102513
5.25024e-05
0.00020041
2.56374e-05
1.71488e-05
0.000130607
0.00027751
0.000139832
0.000305787
0.000210147
0.000322573
1.71488e-05
0.000151696
0.000161952
8.30835e-05
9.49942e-05
0.000202408
0.000303751
0.000182991
0.000156257
1.71488e-05
0.000186328
0.000272109
3.0052e-05
5.50643e-05
0.00014981
0.000245577
1.71488e-05
3.40604e-05
1.71488e-05
0.000172644
7.55589e-05
0.000201083
0.000355636
1.71488e-05
8.9682e-05
0.000168194
1.71488e-05
0.000192604
7.98553e-05
0.000173183
0.000197467
6.73267e-05
0.000519088
1.71488e-05
0.000178738
0.000188308
6.42052e-05
4.94392e-05
1.71488e-05
0.000261155
3.71579e-05
0.000105836
3.76672e-05
6.9368e-05
0.000178176
0.000236338
2.56374e-05
6.72218e-05
0.00020424
0.000141187
3.3903e-05
5.57798e-05
0.000183439
0.000168862
0.000227892
0.000340655
0.000427464
0.000332665
7.33609e-05
6.63382e-05
0.000142542
0.000568098
4.17516e-05
0.00034016
0.000259292
0.000301742
0.000346233
9.4572e-05
5.13548e-05
1.71488e-05
0.000182181
0.000277873
1.71488e-05
4.42607e-05
2.93271e-05
1.71488e-05
2.13931e-05
0.000188731
9.73148e-05
2.50298e-05
5.66724e-05
6.11053e-05
0.000224414
0.000226307
0.000236687
0.000101129
3.88928e-05
2.56374e-05
1.71488e-05
0.000127925
9.51453e-05
0.000109179
6.81309e-05
5.67072e-05
0.000156959
0.00034648
5.65862e-05
0.000238476
0.000222673
5.73571e-05
2.28079e-05
0.000133025
0.000187389
2.10244e-05
0.000639097
0.000278834
0.000126493
5.62883e-05
0.000351569
1.71488e-05
0.000257047
0.000335694
0.000207699
0.000104733
0.000233658
0.000118106
0.000117248
2.13931e-05
0.000219919
6.22743e-05
0.000306783
7.22261e-05
0.000306928
4.66233e-05
0.000386731
1.71488e-05
0.000215706
0.00012817
0.00086569
0.000426811
0.000332405
7.50545e-05
0.000186378
9.72017e-05
0.000360834
0.000310877
0.00102887
5.0436e-05
0.000248177
2.732e-05
0.000148846
0.000104326
0.000243174
0.00022911
0.000263701
1.71488e-05
5.61392e-05
7.59096e-05
0.000244538
1.71488e-05
0.000530163
0.000409961
0.000309932
0.00025802
0.000264606
4.99283e-05
0.000131096
0.000196415
7.94293e-05
0.000216284
0.000430579
0.000136609
1.71488e-05
1.71488e-05
1.71488e-05
0.000384328
0.000491463
5.10253e-05
0.000106271
2.56374e-05
0.000163782
8.35038e-05
0.000158894
0.000235826
0.000137218
8.29026e-05
0.000193209
3.07221e-05
1.71488e-05
3.80043e-05
0.000285717
0.000304641
0.000141561
0.000229525
7.37108e-05
0.000274094
6.47618e-05
0.000170883
0.000117484
0.000125504
8.92774e-05
1.71488e-05
0.000128938
0.000437691
0.000163717
0.000120247
0.000631065
7.78223e-05
0.000197171
7.20778e-05
0.000117212
0.000192082
0.000373882
0.000208229
4.68163e-05
8.19689e-05
2.60159e-05
8.4983e-05
5.38083e-05
9.11518e-05
0.000192366
0.000220145
1.71488e-05
0.000130607
0.000105709
1.71488e-05
0.000269435
0.000185753
6.52948e-05
0.000126634
1.71488e-05
0.00010507
0.000338706
9.00652e-05
0.000128494
0.000105008
0.000151658
0.000307671
8.97886e-05
0.000213952
0.00024456
4.5699e-05
0.000107054
5.54588e-05
0.000126324
4.04698e-05
0.000229904
0.000203684
0.000194291
0.000567003
4.03727e-05
0.000181238
5.98265e-05
0.000380708
6.09453e-05
0.000221423
0.000467298
3.79153e-05
0.000166769
5.47625e-05
7.97636e-05
0.000146677
1.71488e-05
1.71488e-05
0.000361698
1.99783e-05
1.71488e-05
2.60798e-05
0.000600536
2.49392e-05
7.99632e-05
9.48097e-05
0.000203394
7.26074e-05
0.000245864
2.13931e-05
0.000214427
7.78809e-05
1.71488e-05
0.000552238
0.000153584
0.000328298
0.000197674
0.000373302
0.000162482
0.000164694
5.76864e-05
0.000133401
8.23627e-05
1.71488e-05
2.56374e-05
0.00029249
0.000179932
0.000104095
6.79958e-05
0.000154306
0.000190089
0.000190175
9.60943e-05
1.71488e-05
6.17386e-05
2.93436e-05
6.52655e-05
0.000330641
0.000133567
4.63678e-05
0.000276761
0.000934682
0.000123461
0.000394435
7.00175e-05
0.000264212
0.000129331
9.30399e-05
5.72643e-05
1.71488e-05
0.000124509
0.000128731
0.000472634
0.000538843
6.24485e-05
0.00047558
1.71488e-05
0.000632795
0.000136559
2.56374e-05
6.7082e-05
0.00015456
9.486e-05
0.000122156
0.000167994
0.000189713
0.000339404
4.83975e-05
0.00012638
8.31461e-05
0.000217301
0.000370073
7.44761e-05
0.000201645
0.000162315
1.71488e-05
0.000189502
5.31343e-05
4.81931e-05
0.000153071
2.28079e-05
0.000333452
0.000101705
1.71488e-05
0.000161943
4.0589e-05
0.00012051
0.000240259
0.000115846
0.000299775
0.000267402
5.67027e-05
0.000172728
0.000392671
0.00011647
0.000105501
0.00030012
0.000230126
0.000470785
0.000238446
8.79895e-05
2.28079e-05
3.0848e-05
0.000274097
6.58273e-05
0.000808319
0.000112339
0.000317548
7.82365e-05
0.000170791
7.47592e-05
0.000712529
0.000108864
7.54256e-05
0.000487768
3.70401e-05
0.00022663
0.000140086
0.000108765
1.71488e-05
0.000187514
4.71899e-05
0.000654496
0.000229487
0.000665744
3.57053e-05
0.000344366
0.000398798
1.71488e-05
1.71488e-05
0.000722613
0.000120873
0.000374721
0.000113873
0.000192922
0.000229561
0.000164588
9.43255e-05
0.000155638
0.000159435
0.000142548
4.28978e-05
0.000174819
0.000170457
3.36713e-05
0.000172961
5.94947e-05
0.000171634
8.25905e-05
0.000184845
0.000189927
0.000288092
0.000553628
0.000336384
6.89196e-05
0.000276107
0.00019227
0.000498941
0.000259968
0.000219752
5.53699e-05
0.000354988
0.000269061
0.000126405
0.000645283
0.000466041
0.000199217
0.000164341
2.47676e-05
5.53334e-05
4.32839e-05
9.99524e-05
0.000232249
0.000291134
5.33613e-05
0.00020169
1.71488e-05
1.71488e-05
9.07063e-05
1.71488e-05
7.46504e-05
4.02794e-05
0.000152731
0.00043391
3.05281e-05
0.00014306
7.68497e-05
0.000565792
0.000193281
3.56282e-05
3.63247e-05
5.39635e-05
0.000153446
0.000146797
1.71488e-05
0.000365018
0.000225108
1.71488e-05
0.000129455
0.000318961
1.71488e-05
7.10753e-05
1.71488e-05
9.931e-05
8.34022e-05
0.000277099
0.000106348
0.000198346
0.000237974
5.60151e-05
0.000174822
0.000409419
1.71488e-05
5.601e-05
0.000171661
0.000325449
6.71476e-05
2.92665e-05
0.000149912
7.78616e-05
0.00027568
0.000184309
0.000341791
0.000201631
0.000355283
0.000152158
0.000131008
0.000128683
8.85842e-05
1.71488e-05
0.000352091
0.000159638
0.000771781
8.73028e-05
9.13602e-05
0.000179879
0.000422878
0.000276537
0.000143303
2.13931e-05
0.000521069
0.000351193
0.000263346
1.71488e-05
7.29866e-05
0.000235612
0.000262361
2.13931e-05
0.000327931
0.000137695
0.000191004
1.71488e-05
4.95101e-05
1.71488e-05
0.000194685
0.000130534
8.8436e-05
3.60822e-05
4.18131e-05
0.000119881
0.000546881
0.000124636
0.000417708
5.18356e-05
1.71488e-05
3.08817e-05
9.80057e-05
0.000469684
0.000121166
1.71488e-05
0.000119716
4.67455e-05
0.000368772
0.000500532
0.000443489
0.000260603
0.000129677
0.000310735
0.000200051
7.56098e-05
0.000285361
0.000186185
0.000132519
0.00024257
0.000230612
0.000119352
0.000254421
2.05442e-05
0.000336349
5.19914e-05
3.23742e-05
3.93679e-05
0.00049333
3.08528e-05
0.000117006
0.00024244
9.22655e-05
6.46376e-05
0.000151988
5.08067e-05
0.000274499
0.000317028
0.000142091
0.00032048
1.71488e-05
0.000237554
2.28079e-05
0.000370567
1.71488e-05
0.000229353
0.000376309
0.000287247
3.85279e-05
3.99421e-05
7.66969e-05
6.21441e-05
0.000182271
6.00192e-05
0.000164853
0.000247069
0.000161687
3.51077e-05
6.19725e-05
7.52045e-05
8.03101e-05
0.000238183
0.000329427
0.000153018
0.000217703
2.7029e-05
0.00013724
1.71488e-05
0.000127081
9.3071e-05
6.51441e-05
4.75019e-05
0.000157841
0.000350911
0.000123545
0.000509546
0.000204266
0.000105008
0.000387821
9.42263e-05
0.000286121
0.000350806
0.000227626
7.21628e-05
0.0002449
1.71488e-05
1.71488e-05
0.000135917
2.13931e-05
2.86152e-05
8.60076e-05
6.47717e-05
5.27331e-05
2.75526e-05
0.000287402
7.44364e-05
8.12518e-05
5.68239e-05
8.37846e-05
0.000368504
0.000297081
5.29082e-05
0.00108072
1.71488e-05
0.000247705
0.000152349
0.000316031
3.98189e-05
0.000212349
0.00011031
0.000294582
0.000764674
4.95794e-05
6.15275e-05
0.000378835
5.279e-05
4.84826e-05
0.000326769
9.6755e-05
0.000260062
0.000124487
1.71488e-05
0.000237565
1.71488e-05
0.000140723
1.71488e-05
0.000242452
0.000106986
0.000337306
0.000209556
0.000121464
4.2054e-05
3.70555e-05
0.000242487
5.31716e-05
5.64233e-05
0.000188061
7.58149e-05
0.000127535
0.00039008
1.71488e-05
2.28079e-05
0.000163044
0.00013788
1.71488e-05
9.74125e-05
0.000127955
9.76974e-05
0.000185146
7.34408e-05
1.71488e-05
0.000493668
0.000847204
0.000123149
0.000177395
0.000299821
0.000186858
6.29422e-05
3.20753e-05
5.49537e-05
0.000118044
0.000239104
8.75969e-05
0.000641375
0.000163304
0.00021182
0.00014566
1.71488e-05
9.08455e-05
5.91844e-05
1.71488e-05
0.000177955
5.25752e-05
1.71488e-05
0.000493144
1.71488e-05
0.000351211
4.68307e-05
3.9332e-05
0.000792659
0.000273074
6.5333e-05
0.000122357
9.25121e-05
0.000270929
0.000240703
4.59016e-05
0.000163362
0.000111834
4.35192e-05
0.000140435
0.000238497
0.000217242
0.000559377
0.000413543
1.71488e-05
0.000140652
6.52959e-05
4.1356e-05
0.000113671
0.000143562
1.71488e-05
0.000214285
0.000156185
0.000139302
0.000127597
0.000342377
0.00013366
9.14083e-05
0.000184445
9.58769e-05
5.13607e-05
0.000205889
0.000279161
0.000299388
9.20941e-05
0.000135128
1.71488e-05
1.71488e-05
3.0783e-05
0.00014616
5.78144e-05
0.000510472
0.000341232
3.04582e-05
0.000220901
3.96513e-05
0.000355799
0.00056282
7.32548e-05
0.000161587
2.28079e-05
9.10416e-05
9.57614e-05
0.000184672
5.00779e-05
0.000140309
4.53514e-05
7.80169e-05
0.000165777
0.000198056
0.000331095
0.000111017
7.88801e-05
0.00026405
0.000254523
6.11288e-05
0.000134205
1.71488e-05
0.000183777
0.000280028
0.000492144
6.67442e-05
0.000250506
0.000108178
6.88721e-05
7.20778e-05
2.56374e-05
0.000248475
4.875e-05
0.000303475
4.7938e-05
5.19463e-05
1.71488e-05
1.71488e-05
1.71488e-05
0.000111466
1.71488e-05
0.000174564
0.000181651
0.000436937
1.71488e-05
0.000241304
6.97522e-05
1.71488e-05
6.32183e-05
0.000323912
0.000112915
8.51758e-05
0.000120183
9.50832e-05
0.000288379
3.57618e-05
9.85438e-05
0.000183029
5.87153e-05
0.000251936
0.000261572
0.000194227
0.000451843
0.000350409
7.57405e-05
3.09876e-05
1.71488e-05
2.79992e-05
0.000114927
4.33425e-05
2.74766e-05
0.000281694
6.99704e-05
0.00034016
1.71488e-05
0.000154256
0.000619012
9.1351e-05
2.41698e-05
1.71488e-05
1.71488e-05
2.61258e-05
3.61308e-05
0.000404708
0.000146405
0.000248719
8.18998e-05
7.40376e-05
0.000233992
0.000184405
1.71488e-05
6.09729e-05
0.000273319
0.000223521
3.88254e-05
0.000232047
0.000189867
0.000104614
0.000134545
0.000151897
0.000126258
0.000128159
0.000181903
2.56374e-05
0.000125408
0.000179101
0.00011263
0.00021428
0.000370999
6.07449e-05
7.93435e-05
0.000258029
0.000158608
0.000169088
0.000149228
0.000186966
0.000116082
0.000162509
1.95741e-05
3.48783e-05
5.81554e-05
0.00022126
0.000189607
0.000240507
4.83345e-05
0.000130346
0.00065954
0.000192676
0.000162334
0.000208315
3.1698e-05
0.000345529
0.000121485
0.000105917
0.000289284
0.000167575
0.000152236
2.70522e-05
2.28079e-05
0.000100246
0.000516829
3.57875e-05
0.000217429
0.00010127
0.000127898
2.13931e-05
0.000117479
3.37233e-05
9.65776e-05
0.000350344
2.64542e-05
0.000154656
0.000210568
0.000267886
0.000227534
3.83279e-05
5.66348e-05
0.000217513
0.000148229
0.000161338
4.65636e-05
0.000477925
6.58638e-05
0.000183256
0.000147584
0.000113564
0.000330929
8.86547e-05
0.000506545
5.62374e-05
0.000175685
0.000160185
0.000109477
0.000335253
0.000173304
0.000124083
0.000121736
0.000158201
0.000574737
0.000153923
1.71488e-05
4.19958e-05
0.000176095
0.000195331
6.20648e-05
0.000344049
8.33155e-05
0.000319541
0.000182774
1.71488e-05
3.94305e-05
6.71135e-05
8.4477e-05
8.15812e-05
0.000135228
0.000253754
0.000102114
0.000165712
0.000170372
0.00035434
5.88579e-05
0.000166546
1.71488e-05
5.16285e-05
7.1505e-05
0.000200359
0.000114813
1.71488e-05
0.000200636
3.37383e-05
0.000253689
0.000330578
3.9803e-05
0.000781378
0.000176037
8.00538e-05
0.000106498
0.000352744
0.000113274
5.68148e-05
4.80932e-05
5.55462e-05
0.000111814
0.000460121
5.44393e-05
0.000236213
0.000208588
0.00066318
0.000101071
0.000191759
0.000179985
0.000191871
1.71488e-05
0.000174077
7.43745e-05
0.000285215
0.000136079
0.000128147
7.64192e-05
6.00453e-05
0.000115194
6.81523e-05
0.000116963
0.00016449
0.000148955
4.8868e-05
5.63507e-05
0.000243438
1.71488e-05
4.23771e-05
9.81652e-05
4.97189e-05
2.91451e-05
5.34513e-05
7.78705e-05
0.000394034
0.000264337
0.000409241
0.000178199
2.70334e-05
0.000166782
9.54724e-05
4.50783e-05
0.000119892
0.000218481
0.000190692
0.000116476
0.000216817
5.2331e-05
0.000388192
9.89748e-05
0.000157388
0.000167203
0.000117843
6.47199e-05
8.45345e-05
5.02259e-05
0.000104286
9.18544e-05
0.000177636
0.000262533
0.000189761
1.71488e-05
0.000279462
1.71488e-05
0.000261959
0.000229862
0.000211233
0.000283418
0.000134452
0.000221238
0.000113947
3.80145e-05
0.000457555
6.77009e-05
8.72776e-05
7.58637e-05
1.71488e-05
0.000172648
4.25298e-05
0.000351738
0.00107227
3.56456e-05
0.000109994
1.71488e-05
0.000113921
0.000191034
0.000191253
5.02713e-05
3.12199e-05
0.000314139
8.41966e-05
0.000356234
0.00014062
0.000257666
5.91561e-05
3.69159e-05
0.000352998
0.000267125
9.91327e-05
0.000122296
0.000194299
0.000180953
0.000370162
0.000342164
1.71488e-05
0.000438955
0.000507493
0.000129514
0.000173184
2.81059e-05
0.000406548
5.62692e-05
0.000489264
0.000151212
8.66643e-05
4.70799e-05
0.000380274
0.000193288
2.24436e-05
0.000326356
0.000235234
0.000273353
0.000133582
1.71488e-05
0.000269914
3.29311e-05
0.00011281
0.000406086
0.000218869
6.52844e-05
5.8036e-05
0.000166452
0.000222212
0.000128838
8.44913e-05
0.000239892
0.000252587
0.000390304
0.000356781
0.000650648
2.73182e-05
7.08707e-05
0.000171244
4.74732e-05
0.000218911
0.000423852
1.71488e-05
7.86892e-05
0.000165107
3.4126e-05
0.000180819
4.25845e-05
3.43006e-05
0.000250898
3.23198e-05
0.000148226
0.000323244
9.97365e-05
8.65367e-05
0.000366221
6.06268e-05
7.91906e-05
0.000527965
0.000206784
9.85402e-05
0.000169988
1.71488e-05
4.49542e-05
0.000327698
6.30249e-05
8.36057e-05
0.000299371
0.000130145
0.000168939
2.57587e-05
0.000209642
4.55293e-05
7.72957e-05
0.0002332
4.09316e-05
0.000321129
0.000165671
0.000132477
0.00023649
2.96824e-05
8.9554e-05
4.34607e-05
7.60235e-05
4.72533e-05
0.000182831
0.000221775
0.000226954
0.000160133
1.71488e-05
0.000135683
0.000262978
0.00011678
0.000427434
0.000137161
0.000281924
0.000254677
0.000464155
0.000119425
7.26452e-05
0.000128768
0.000382287
5.20448e-05
0.00021861
5.88815e-05
8.81497e-05
0.000396838
9.7539e-05
4.01328e-05
1.71488e-05
7.65919e-05
0.000371273
0.00020997
5.88064e-05
2.27937e-05
7.99042e-05
3.53348e-05
7.13488e-05
0.00023017
2.98393e-05
5.40606e-05
0.000128161
0.000148388
0.000330556
4.22021e-05
3.07873e-05
0.000118674
3.04863e-05
0.000124791
4.32181e-05
0.000217242
0.000394284
0.000210358
0.000195738
9.6192e-05
2.96459e-05
0.000126431
0.000105906
2.27902e-05
0.000330751
0.000234605
0.000110499
6.12374e-05
5.69023e-05
0.000305483
8.09153e-05
0.000168502
0.000109367
7.44341e-05
0.000230633
1.71488e-05
0.00024508
0.000440947
0.000700579
6.86493e-05
0.000100866
0.000522717
0.000400206
0.000165158
9.70432e-05
0.000238707
0.000310935
0.000394999
6.3017e-05
9.18201e-05
0.000173108
0.000260268
0.000222085
3.17191e-05
0.000279753
2.28079e-05
0.000194078
1.71488e-05
0.000227982
0.000344016
4.24219e-05
5.83269e-05
0.000121927
4.27998e-05
0.000173727
0.000434607
0.000108963
3.13369e-05
3.65123e-05
0.000143538
3.6271e-05
0.000350087
8.37025e-05
0.000431959
7.66191e-05
8.24724e-05
0.000123322
6.94231e-05
0.000234574
1.71488e-05
3.48615e-05
0.000431839
7.09519e-05
1.71488e-05
0.000651403
0.000116073
7.01671e-05
8.10245e-05
9.7743e-05
0.000165683
6.91122e-05
0.000289208
3.12888e-05
0.00016336
0.000145367
4.66233e-05
8.61048e-05
0.000325127
0.000179701
7.17106e-05
7.36302e-05
2.99401e-05
7.67721e-05
0.000281878
0.000558769
0.000161238
0.000137646
0.000368304
0.000347169
0.000710351
0.000140016
0.000136527
9.74473e-05
6.68119e-05
7.97084e-05
0.000600243
0.000274899
0.000349545
0.000260823
0.00014175
0.000285513
0.000487647
9.99022e-05
0.000183753
6.63031e-05
7.82283e-05
0.000155462
1.71488e-05
0.000311099
1.71488e-05
0.000188472
0.000263772
0.000382348
0.000116964
0.000351318
0.000142416
0.000144451
0.000182749
1.71488e-05
3.26971e-05
0.000208142
0.000317347
0.000144219
0.000101733
4.58726e-05
0.000246919
3.95975e-05
0.000222969
1.71488e-05
1.71488e-05
0.000113777
0.000418241
0.000515118
0.000584941
5.91555e-05
1.71488e-05
0.000150629
6.55528e-05
5.51789e-05
0.000111118
8.55502e-05
0.000247403
0.000118228
6.16846e-05
1.71488e-05
0.000149461
0.000181578
6.41926e-05
1.71488e-05
0.000125808
4.70851e-05
1.99783e-05
4.65536e-05
0.000136758
0.000265888
0.000785452
4.46491e-05
0.000122108
0.000219617
0.00011142
0.000604747
0.000170822
0.000122175
0.000370619
0.000513139
1.71488e-05
0.000126238
5.51321e-05
9.1519e-05
8.35723e-05
0.000124683
0.000127607
8.33433e-05
