0.99
0.00143541
0.00143541
0.00143541
0.00143541
0.00143541
0.00214593
0.00143541
0.00143541
0.00143541
0.00285646
0.00284935
0.00143541
0.00143541
0.00143541
0.00143541
0.00285646
0.00143541
0.00143541
0.00143541
0.00285646
0.00143541
0.00143541
0.00143541
0.00143541
0.00143541
0.00285646
0.00143541
0.00143541
0.00285646
0.00143541
0.00143541
0.00285646
0.00143541
0.00143541
0.00143541
0.00143541
0.00143541
0.00143541
0.00143541
0.00143541
0.00190909
0.00143541
0.00143541
0.00143541
0.00567725
0.00143541
0.00143541
0.00143541
0.00143541
0.00356699
0.00285646
0.00143541
0.00143541
0.00143541
0.00143541
0.00285646
0.00143541
0.00143541
0.00143541
0.00143541
0.00143541
0.00143541
0.00143541
0.00143541
0.00143541
0.00143541
0.00143541
0.00143541
0.00143541
0.00143541
0.00143541
0.00356699
0.00143541
0.00143541
0.00143541
0.00143541
0.00143541
0.00143541
0.00214593
0.00143541
0.00143541
0.00143541
0.00143541
0.00143541
0.00143541
0.00143541
0.00143541
0.00285646
0.00143541
0.00143541
0.00143541
0.00143541
0.00143541
0.00143541
0.00356699
0.00143541
0.00143541
0.00143541
0.00214593
0.00143541
0.00285646
0.00143541
0.00143541
0.00143541
0.00143541
0.00143541
0.00143541
0.00143541
0.00143541
0.00143541
0.00143541
0.00143541
0.00143541
0.00143541
0.00143541
0.00143541
0.00143541
0.00285646
0.00143541
0.00143541
0.00143541
0.00143541
0.00143541
0.00143541
0.00143541
0.00143541
0.00143541
0.00143541
0.00143541
0.00143541
0.00143541
0.00143541
0.00143541
0.00143541
0.00143541
0.00143541
0.00143541
0.00285646
0.00143541
0.00143541
0.00143541
0.00143541
0.00143541
0.00143541
0.00143541
0.00143541
0.00143541
0.00143541
0.00143541
0.00143541
0.00355988
0.00143541
0.00143541
0.00285646
0.00143541
0.00143541
0.00143541
0.00143541
0.00143541
0.00143541
0.00143541
0.00143541
0.00143541
0.00143541
0.00285646
0.00285646
0.00143541
0.00143541
0.00143541
0.00143541
0.00143541
0.00143541
0.00143541
0.00143541
0.00143541
0.00143541
0.00143541
0.00143541
0.00143541
0.00143541
0.0042633
0.00143541
0.00143541
0.00143541
0.00285646
0.00285646
0.00143541
0.00143541
0.00143541
0.00143541
0.00143541
0.00143541
0.00143541
0.00143541
0.00285646
0.00143541
0.00143541
0.00214593
0.00143541
0.00143541
0.00143541
0.00285646
0.00143541
0.00143541
0.00143541
0.00143541
0.00285646
0.00214593
0.00143541
0.00143541
0.00143541
0.00143541
0.00143541
0.00143541
0.00143541
0.00143541
0.00143541
0.00143541
0.00214593
0.00143541
0.00143541
0.00143541
0.00143541
0.00355988
0.00143541
0.00143541
0.00143541
0.00143541
0.00143541
0.00190909
0.00143541
0.00285646
0.00143541
0.00143541
0.00143541
0.00143541
0.00143541
0.00356699
0.00285646
0.00143541
0.00143541
0.00143541
0.00285646
0.00285646
0.00143541
0.00143541
0.00143541
0.00143541
0.00143541
0.00143541
0.00143541
0.00143541
0.00143541
0.00143541
0.00143541
0.00143541
0.00285646
0.00143541
0.00143541
0.00143541
0.00143541
0.00143541
0.00143541
0.00190909
0.00565959
0.00143541
0.00143541
0.00285646
0.00143541
0.00143541
0.00143541
0.00143541
0.00143541
0.00143541
0.00143541
0.00285646
0.00143541
0.00143541
0.00143541
0.00143541
0.00285646
0.00214593
0.00214593
0.00214593
0.00143541
0.00143541
0.00143541
0.00143541
0.00143541
0.00285646
0.00143541
0.00143541
0.00143541
0.00285646
0.00285646
0.00143541
0.00143541
0.0042633
0.00285646
0.00143541
0.00143541
0.00143541
0.00143541
0.00143541
0.00143541
0.00143541
0.00143541
0.0042633
0.00143541
0.00143541
0.00143541
0.00143541
0.00214593
0.00143541
0.00143541
0.00143541
0.00143541
0.00285646
0.00285646
0.00143541
0.00143541
0.00143541
0.00143541
0.00143541
0.0042633
0.00143541
0.00143541
0.00143541
0.00143541
0.00143541
0.00285646
0.00143541
0.00143541
0.00143541
0.00143541
0.00143541
0.0070384
0.00143541
0.00143541
0.00143541
0.00285646
0.00143541
0.00143541
0.00143541
0.00143541
0.00143541
0.00143541
0.00143541
0.00143541
0.00214593
0.00143541
0.00143541
0.00356699
0.00143541
0.00143541
0.00143541
0.00143541
0.00143541
0.00143541
0.00143541
0.00143541
0.00143541
0.00143541
0.00143541
0.00143541
0.00143541
0.00143541
0.00143541
0.00143541
0.00285646
0.00143541
0.00143541
0.00143541
0.00143541
0.00143541
0.00143541
0.00143541
0.00143541
0.00143541
0.00143541
0.00143541
0.00285646
0.00285646
0.00143541
0.00356699
0.00143541
0.00285646
0.00143541
0.00143541
0.00143541
0.00143541
0.00143541
0.00143541
0.00143541
0.00143541
0.00143541
0.00214593
0.00143541
0.00143541
0.00143541
0.00143541
0.00143541
0.00143541
0.00143541
0.00143541
0.00143541
0.00143541
0.00143541
0.00143541
0.00143541
0.00143541
0.00143541
0.00143541
0.00214593
0.00143541
0.00143541
0.00214593
0.00143541
0.00143541
0.00143541
0.00285646
0.00143541
0.00143541
0.00285646
0.00143541
0.00143541
0.00143541
0.00143541
0.00143541
0.00143541
0.00143541
0.00356699
0.00143541
0.00424565
0.00568435
0.00143541
0.00143541
0.00143541
0.00143541
0.00143541
0.00285646
0.00285646
0.00143541
0.00143541
0.00143541
0.00285646
0.00143541
0.00143541
0.00143541
0.00143541
0.00143541
0.00143541
0.00143541
0.00143541
0.00285646
0.00214593
0.00143541
0.00143541
0.00143541
0.00143541
0.00143541
0.00285646
0.00143541
0.00143541
0.00143541
0.00143541
0.00143541
0.00285646
0.00143541
0.00332541
0.00143541
0.00285646
0.00143541
0.00143541
0.00143541
0.00143541
0.00143541
0.00143541
0.143541
0.00143541
0.00143541
0.00143541
0.00143541
0.00143541
0.00143541
0.00143541
0.00143541
0.00143541
0.00143541
0.00143541
0.00143541
0.00143541
0.00143541
0.00143541
0.00285646
0.00143541
0.00143541
0.00214593
0.00143541
0.00143541
0.00143541
