0.99
0.000749232
0.000376499
0.000376499
0.000562865
0.000376499
0.000562865
0.000376499
0.000376499
0.000749232
0.000376499
0.00149284
0.000562865
0.00093312
0.000376499
0.000376499
0.000958054
0.000376499
0.000376499
0.000541744
0.000749232
0.000749232
0.000376499
0.00275362
0.000376499
0.000376499
0.000376499
0.000376499
0.000376499
0.000749232
0.000376499
0.00223087
0.000376499
0.00111824
0.000749232
0.000872234
0.00124621
0.000761059
0.000376499
0.000376499
0.000715851
0.000376499
0.000562865
0.000376499
0.000749232
0.000376499
0.000376499
0.000376499
0.00341174
0.00105798
0.000376499
0.000376499
0.000376499
0.000749232
0.000376499
0.000749232
0.000562865
0.000376499
0.00130276
0.000376499
0.000933735
0.000376499
0.000376499
0.00423595
0.00105984
0.000376499
0.0017631
0.00176219
0.000376499
0.000500743
0.000376499
0.000376499
0.000376499
0.00184644
0.000376499
0.000376499
0.000562865
0.00148355
0.000376499
0.000749232
0.00130461
0.000376499
0.000376499
0.000749232
0.000376499
0.000376499
0.000655117
0.000376499
0.000376499
0.000376499
0.000376499
0.000749232
0.000838698
0.000376499
0.000376499
0.00383815
0.00343348
0.000376499
0.000376499
0.000376499
0.000930949
0.000655117
0.000376499
0.000749232
0.000376499
0.00145792
0.000376499
0.000376499
0.000376499
0.000562865
0.000749232
0.000376499
0.000376499
0.00183642
0.0017333
0.00130647
0.000376499
0.000376499
0.000935599
0.000747369
0.000749232
0.000376499
0.000376499
0.00167175
0.000376499
0.000376499
0.000376499
0.000933735
0.000376499
0.00132737
0.000376499
0.000376499
0.000376499
0.000749232
0.00184341
0.000376499
0.000500743
0.000935599
0.0013009
0.000655117
0.000376499
0.000376499
0.000376499
0.000376499
0.000376499
0.000935599
0.000873477
0.000376499
0.000376499
0.000376499
0.000376499
0.000749232
0.000376499
0.000376499
0.000749232
0.000376499
0.000761059
0.000376499
0.000873477
0.000376499
0.000376499
0.000376499
0.000500743
0.00246505
0.000749232
0.000376499
0.000376499
0.000376499
0.000376499
0.000376499
0.00074799
0.000376499
0.000376499
0.000655117
0.000376499
0.00184887
0.000376499
0.000500743
0.000376499
0.000749232
0.000376499
0.000376499
0.0023805
0.00068556
0.000376499
0.000376499
0.000749232
0.000376499
0.000376499
0.000376499
0.00130461
0.000749232
0.000376499
0.000376499
0.000749232
0.000376499
0.00111824
0.00214429
0.000562865
0.000376499
0.00149097
0.000376499
0.000500743
0.000376499
0.000376499
0.00166623
0.000376499
0.000562865
0.000376499
0.000747369
0.000376499
0.000623745
0.000376499
0.000749232
0.00105428
0.000933735
0.00107027
0.000376499
0.000376499
0.000376499
0.000376499
0.000376499
0.000562865
0.000438621
0.000376499
0.000376499
0.000376499
0.00111639
0.000376499
0.000376499
0.000376499
0.000376499
0.0013978
0.000749232
0.00111824
0.000376499
0.000562244
0.000376499
0.000376499
0.000376499
0.000376499
0.000376499
0.000376499
0.000376499
0.000376499
0.000749232
0.000376499
0.000562865
0.00295044
0.000562865
0.000749232
0.000376499
0.000500743
0.000749232
0.000749232
0.00130647
0.000562865
0.000655117
0.000376499
0.00062313
0.000749232
0.000842416
0.0013009
0.00109817
0.00112197
0.000376499
0.000376499
0.000749232
0.000933735
0.000376499
0.000376499
0.00226124
0.000376499
0.000376499
0.000623745
0.000376499
0.000562865
0.000376499
0.000376499
0.000376499
0.000562865
0.000562865
0.00235646
0.000376499
0.000376499
0.000376499
0.000562865
0.000562865
0.000376499
0.000376499
0.000376499
0.000376499
0.000376499
0.000376499
0.000376499
0.000376499
0.000376499
0.000935599
0.000376499
0.000376499
0.00208916
0.00111824
0.000376499
0.000562865
0.000749232
0.000376499
0.000376499
0.000655117
0.000376499
0.000376499
0.000376499
0.000376499
0.000376499
0.00161025
0.000376499
0.000376499
0.000500743
0.000749232
0.000376499
0.000749232
0.00105798
0.000376499
0.000376499
0.000376499
0.000700782
0.00349661
0.000376499
0.000376499
0.000376499
0.000376499
0.00112197
0.000376499
0.000376499
0.000376499
0.000376499
0.0013009
0.000376499
0.000376499
0.000376499
0.000376499
0.000376499
0.000376499
0.000749232
0.00112197
0.000684631
0.000376499
0.000376499
0.000376499
0.000376499
0.00114442
0.000376499
0.00120681
0.000562865
0.00105428
0.000376499
0.000872234
0.000376499
0.000376499
0.000376499
0.000376499
0.000376499
0.000376499
0.000376499
0.000562865
0.000376499
0.000562865
0.000376499
0.000376499
0.000562865
0.000376499
0.000376499
0.00111548
0.00111548
0.00112197
0.000376499
0.000376499
0.000376499
0.00130276
0.000376499
0.000376499
0.000376499
0.000469682
0.000376499
0.000376499
0.000376499
0.000562865
0.000376499
0.000376499
0.000376499
0.000376499
0.000376499
0.0011201
0.000376499
0.000500743
0.000376499
0.000776889
0.000376499
0.000749232
0.000376499
0.000749232
0.00221421
0.00068711
0.00148173
0.000376499
0.0018526
0.000376499
0.000376499
0.00112197
0.000376499
0.000376499
0.000376499
0.000376499
0.0014854
0.000935599
0.000376499
0.000376499
0.000500743
0.000500743
0.000376499
0.000376499
0.000500743
0.000749232
0.000376499
0.000749232
0.000562244
0.000562865
0.000376499
0.000376499
0.000376499
0.000655117
0.000562865
0.000749232
0.000376499
0.000872234
0.000376499
0.000376499
0.000376499
0.000500743
0.000376499
0.000376499
0.000376499
0.000376499
0.000376499
0.000376499
0.00142143
0.00111453
0.000376499
0.000376499
0.000749232
0.000376499
0.000376499
0.000376499
0.000376499
0.000749232
0.000562865
0.00377564
0.000376499
0.000376499
0.000747369
0.000376499
0.000376499
0.00130833
0.000376499
0.000376499
0.000376499
0.000376499
0.000376499
0.00307968
0.000562865
0.00186
0.000928191
0.000376499
0.000935599
0.000376499
0.000749232
0.000376499
0.000376499
0.00111824
0.00185813
0.00108165
0.00210965
0.000376499
0.000376499
0.000933735
0.000376499
0.000376499
0.00130461
0.00201545
0.000376499
0.000376499
0.00244477
0.00166439
0.00288143
0.000500743
0.00117486
0.000623745
0.000376499
0.000376499
0.000376499
0.000376499
0.000562865
0.00139686
0.000749232
0.00102228
0.000684631
0.000376499
0.000749232
0.000376499
0.000376499
0.000623745
0.000562865
0.000376499
0.000749232
0.000562865
0.000562865
0.000749232
0.000700782
0.000376499
0.000376499
0.000376499
0.000376499
0.00292106
0.000376499
0.000376499
0.000376499
0.000376499
0.000933735
0.000376499
0.000376499
0.000376499
0.000376499
0.00199996
0.000841484
0.000376499
0.000376499
0.000376499
0.000376499
0.000376499
0.00102044
0.000376499
0.000935599
0.00142947
0.002229
0.000933735
0.00124248
0.000933735
0.00102228
0.000376499
0.000749232
0.000376499
0.00142024
0.000376499
0.000810733
0.000376499
0.000376499
0.000376499
0.000749232
0.000376499
0.000376499
0.000376499
0.000376499
0.000376499
0.000376499
0.00083963
0.000749232
0.000376499
0.00112197
0.000376499
0.000376499
0.00111824
0.000749232
0.000562865
0.000376499
0.00108904
0.000376499
0.00178372
0.000376499
0.000376499
0.000376499
0.00111824
0.000376499
0.000376499
0.000376499
0.000376499
0.000562865
0.000376499
0.000376499
0.000376499
0.000376499
0.000500743
0.000376499
0.000376499
0.00149097
0.000376499
0.00140058
0.000376499
0.000376499
0.000749232
0.000562865
0.00112197
0.000749232
0.000872234
0.00247751
0.000376499
0.000376499
0.000376499
0.000376499
0.000746446
0.00202424
0.000376499
0.000562865
0.000562865
0.00112197
0.00185629
0.00193909
0.000376499
0.000749232
0.000376499
0.000376499
0.000376499
0.000376499
0.00129905
0.000749232
0.000376499
0.000376499
0.00205007
0.000562865
0.000933735
0.000749232
0.000964797
0.000376499
0.000376499
0.000376499
0.00186663
0.000376499
0.000376499
0.000376499
0.000376499
0.000376499
0.000935599
0.000562865
0.00130276
0.000376499
0.000749232
0.000376499
0.000376499
0.000376499
0.000376499
0.000376499
0.000376499
0.000376499
0.000562865
0.000376499
0.000749232
0.000376499
0.000376499
0.00154327
0.00112197
0.00190378
0.00220447
0.00148355
0.000376499
0.000749232
0.0016555
0.0010586
0.000376499
0.000376499
0.000749232
0.00111824
0.000376499
0.000376499
0.000935599
0.000933735
0.00105984
0.000376499
0.000376499
0.00329743
0.000376499
0.000376499
0.000376499
0.000376499
0.000376499
0.000376499
0.000685253
0.000935599
0.000376499
0.000376499
0.000749232
0.000885285
0.000933735
0.00148082
0.000376499
0.0028169
0.000749232
0.000376499
0.00123448
0.000376499
0.00166806
0.000376499
0.000749232
0.000376499
0.00112197
0.000562865
0.000376499
0.000376499
0.00240376
0.000376499
0.000749232
0.000749232
0.000376499
0.000933735
0.00123448
0.000376499
0.000376499
0.00130215
0.000376499
0.00265619
0.000376499
0.00179848
0.000376499
0.000376499
0.000376499
0.00222898
0.000749232
0.000376499
0.000376499
0.000500743
0.000376499
0.000376499
0.000376499
0.00156636
0.000749232
0.00142574
0.000376499
0.0016699
0.000376499
0.00112197
0.000749232
0.000376499
0.00139593
0.000376499
0.000376499
0.00230923
0.000376499
0.000376499
0.000376499
0.000376499
0.000376499
0.000376499
0.000749232
0.000749232
0.00109817
0.000500743
0.000376499
0.000376499
0.00161285
0.00111824
0.000749232
0.000376499
0.00167087
0.000376499
0.00137046
0.000562244
0.000376499
0.000749232
0.000376499
0.000376499
0.000623745
0.000376499
0.000376499
0.000376499
0.000655117
0.000376499
0.000376499
0.000376499
0.000376499
0.000376499
0.000562865
0.00194944
0.00112197
0.000376499
0.0014947
0.000376499
0.000376499
0.000562865
0.00202788
0.000376499
0.000747369
0.000873477
0.000376499
0.000376499
0.00130833
0.00102044
0.000749232
0.000562865
0.000562865
0.000376499
0.000562865
0.000376499
0.000376499
0.000376499
0.000376499
0.000438621
0.000376499
0.000376499
0.000376499
0.000376499
0.00175939
0.000562865
0.000376499
0.000376499
0.000376499
0.000376499
0.000376499
0.000376499
0.000376499
0.000749232
0.000376499
0.000376499
0.0015562
0.000376499
0.00130647
0.000376499
0.000376499
0.00117486
0.00130647
0.000376499
0.00111824
0.000562865
0.000376499
0.000376499
0.00124497
0.000376499
0.000749232
0.000562865
0.000376499
0.000500743
0.000376499
0.000376499
0.000376499
0.000376499
0.000376499
0.000376499
0.00143928
0.000841484
0.000624367
0.000935599
0.00107027
0.00130461
0.00160411
0.000931872
0.000749232
0.000500743
0.000376499
0.000376499
0.000376499
0.000376499
0.00120681
0.000749232
0.000376499
0.000376499
0.000749232
0.000376499
0.000562865
0.000376499
0.000376499
0.000562865
0.00188463
0.00130833
0.000500743
0.000376499
0.000562865
0.000376499
0.000376499
0.000376499
0.000376499
0.000623745
0.000500743
0.000376499
0.000376499
0.000376499
0.0010416
0.000376499
0.00105984
0.000562865
0.000376499
0.00124497
0.000376499
0.000376499
0.000562865
0.00111824
0.000376499
0.000376499
0.000469682
0.000749232
0.000376499
0.00111824
0.000376499
0.000376499
0.000376499
0.000376499
0.000747369
0.00139131
0.000376499
0.000749232
0.000376499
0.000376499
0.000935599
0.000376499
0.000749232
0.000749232
0.000376499
0.000376499
0.000562865
0.000376499
0.000376499
0.000376499
0.000749232
0.000933735
0.000376499
0.000376499
0.000376499
0.000749232
0.000814715
0.000376499
0.000994007
0.000376499
0.000376499
0.000376499
0.000376499
0.000562244
0.000376499
0.00080887
0.000376499
0.000376499
0.000749232
0.000746446
0.000747369
0.000376499
0.000935599
0.000376499
0.000376499
0.000747369
0.000376499
0.00136797
0.000376499
0.000376499
0.000376499
0.000749232
0.000376499
0.000376499
0.000376499
0.000376499
0.000749232
0.000376499
0.000562865
0.000376499
0.000562865
0.000376499
0.000376499
0.000838698
0.000376499
0.000376499
0.00111824
0.000935599
0.000376499
0.000376499
0.00161149
0.000562865
0.000376499
0.000562865
0.00102785
0.000376499
0.000376499
0.000870377
0.000376499
0.000749232
0.000376499
0.000500743
0.000376499
0.000376499
0.000376499
0.000376499
0.000376499
0.00130461
0.000376499
0.000562865
0.000376499
0.000623745
0.00111453
0.000376499
0.000376499
0.000749232
0.0011201
0.000749232
0.000376499
0.000376499
0.000376499
0.000655117
0.000376499
0.000376499
0.000376499
0.00218187
0.000376499
0.000376499
0.000376499
0.000747369
0.000376499
0.000376499
0.00129843
0.000749232
0.000376499
0.000749232
0.000562865
0.000562865
0.000469682
0.000562865
0.000376499
0.00112197
0.00106841
0.000562865
0.000562865
0.000749232
0.000933735
0.000376499
0.00258319
0.000376499
0.000376499
0.000376499
0.000749232
0.000376499
0.000376499
0.000376499
0.000376499
0.000376499
0.000655117
0.000376499
0.000935599
0.000376499
0.000994007
0.000376499
0.000562865
0.000933735
0.000749232
0.00162901
0.000376499
0.000376499
0.000376499
0.000376499
0.000376499
0.000376499
0.000935599
0.000376499
0.000376499
0.000376499
0.000562865
0.000684631
0.000376499
0.00102136
0.000376499
0.000747369
0.000376499
0.000376499
0.0020594
0.000376499
0.000747369
0.000376499
0.000562865
0.000376499
0.00148724
0.000376499
0.000376499
0.000376499
0.000376499
0.00111824
0.000376499
0.000376499
0.000500743
0.000376499
0.000376499
0.00259762
0.000376499
0.000376499
0.000376499
0.00161709
0.000376499
0.000376499
0.000562865
0.000873477
0.00117912
0.000562865
0.000749232
0.000747369
0.00111824
0.000376499
0.000562865
0.000749232
0.000376499
0.000376499
0.000376499
0.000376499
0.000376499
0.00174989
0.000376499
0.000749232
0.000376499
0.000376499
0.00166806
0.000376499
0.000562865
0.000749232
0.000376499
0.000376499
0.000376499
0.000376499
0.00130274
0.000376499
0.000376499
0.000376499
0.000749232
0.000376499
0.000872234
0.000562865
0.000841484
0.00188463
0.000749232
0.000749232
0.000749232
0.000749232
0.000376499
0.00154939
0.00184522
0.00149097
0.000376499
0.000376499
0.000749232
0.000376499
0.000623745
0.000500743
0.000376499
0.000749232
0.000376499
0.00111824
0.000376499
0.000562865
0.000562865
0.000376499
0.000376499
0.00457009
0.000376499
0.000749232
0.000376499
0.000376499
0.000376499
0.000376499
0.000749232
0.00068556
0.000376499
0.000376499
0.000500743
0.000376499
0.00175065
0.000776889
0.000376499
0.000933735
0.000376499
0.000376499
0.000376499
0.000376499
0.000376499
0.000933735
0.000655117
0.000749232
0.000749232
0.000746446
0.000376499
0.000376499
0.000376499
0.000376499
0.000376499
0.000376499
0.00102785
0.000623745
0.000376499
0.000376499
0.00149097
0.000376499
0.000746446
0.000562865
0.000376499
0.000376499
0.000376499
0.000376499
0.000749232
0.000376499
0.000562865
0.000746446
0.000376499
0.000376499
0.000376499
0.0013009
0.000376499
0.000376499
0.000749232
0.000376499
0.000376499
0.000376499
0.000376499
0.000749232
0.000376499
0.000376499
0.000376499
0.000376499
0.000749232
0.000376499
0.000376499
0.00145162
0.000376499
0.000562865
0.000376499
0.000376499
0.000376499
0.000376499
0.000376499
0.000376499
0.00136365
0.00253033
0.000654185
0.000376499
0.000376499
0.00207099
0.000376499
0.000562865
0.000885285
0.000562865
0.000749232
0.000873477
0.000376499
0.000747369
0.000376499
0.000562865
0.000376499
0.000376499
0.000376499
0.000749232
0.00111824
0.000376499
0.00111639
0.000624367
0.000376499
0.000933735
0.00211447
0.00111824
0.000376499
0.000749232
0.000749232
0.000376499
0.000376499
0.000562865
0.000749232
0.000376499
0.000623745
0.000872234
0.000376499
0.00130647
0.000376499
0.000655117
0.000655117
0.000992758
0.000376499
0.000376499
0.000376499
0.000500743
0.000376499
0.000376499
0.000500743
0.000376499
0.000376499
0.000376499
0.000749232
0.000376499
0.000376499
0.000562865
0.000562865
0.000684631
0.000500743
0.00130092
0.000376499
0.000376499
0.000994007
0.000376499
0.000376499
0.000935599
0.000376499
0.000376499
0.000376499
0.000376499
0.000749232
0.00185627
0.000376499
0.000376499
0.000376499
0.000376499
0.00277325
0.000376499
0.000933735
0.000376499
0.000376499
0.000747369
0.000376499
0.000376499
0.00102506
0.000376499
0.000749232
0.000500743
0.000935599
0.000376499
0.000376499
0.000376499
0.000376499
0.000376499
0.000376499
0.000376499
0.000376499
0.00080887
0.00136674
0.000376499
0.000376499
0.0011201
0.000376499
0.000376499
0.000376499
0.000376499
0.000747369
0.000376499
0.000749232
0.000376499
0.00111824
0.000376499
0.000376499
0.000749232
0.000562865
0.000376499
0.00217559
0.000376499
0.000376499
0.000500743
0.00151801
0.000935599
0.000749232
0.000500743
0.00109426
0.00111824
0.000562865
0.000376499
0.000469682
0.000376499
0.000376499
0.000749232
0.000376499
0.00237511
0.00448712
0.000624367
0.00111824
0.000376499
0.000749232
0.000376499
0.000376499
0.000562865
0.000930949
0.000376499
0.000376499
0.000376499
0.00167175
0.000654185
0.000376499
0.000376499
0.00145162
0.000376499
0.000376499
0.0010416
0.000376499
0.000376499
0.000376499
0.000376499
0.000809497
0.00112197
0.000376499
0.000914478
0.000376499
0.000376499
0.000749232
0.000376499
0.000749232
0.000749232
0.000749232
0.000376499
0.000376499
0.000376499
0.000376499
0.000376499
0.000562865
0.000376499
0.00141433
0.000376499
0.000376499
0.000376499
0.000376499
0.000376499
0.000500743
0.000376499
0.000500743
0.000376499
0.000376499
0.000376499
0.000376499
0.000376499
0.00305591
0.000562865
0.000749232
0.00148726
0.00101953
0.00149097
0.000376499
0.000376499
0.000376499
0.000749232
0.00112197
0.000376499
0.000749232
0.000376499
0.000376499
0.000376499
0.000749232
0.000562865
0.000562865
0.000376499
0.00117053
0.000914478
0.000376499
0.000562865
0.000749232
0.000376499
0.000376499
0.000749232
0.000376499
0.000376499
0.000717239
0.000376499
0.000700782
0.000376499
0.000376499
0.000376499
0.00124497
0.000749232
0.000376499
0.000376499
0.000376499
0.000376499
0.000376499
0.000562244
0.000376499
0.000376499
0.00107352
0.000376499
0.000376499
0.000376499
0.000376499
0.000376499
0.000376499
0.000749232
0.000500743
0.000376499
0.000376499
0.000376499
0.00111453
0.000376499
0.000562865
0.000376499
0.000376499
0.000376499
0.000749232
0.000376499
0.000376499
0.000749232
0.000376499
0.0022179
0.000562865
0.000376499
0.000376499
0.000749232
0.000931872
0.000500743
0.00124001
0.000376499
0.000840555
0.000376499
0.000376499
0.000376499
0.000376499
0.000747369
0.000376499
